#
# There is insufficient memory for the Java Runtime Environment to continue.
# Native memory allocation (mmap) failed to map 100663296 bytes for G1 virtual space
# Possible reasons:
#   The system is out of physical RAM or swap space
#   The process is running with CompressedOops enabled, and the Java Heap may be blocking the growth of the native heap
# Possible solutions:
#   Reduce memory load on the system
#   Increase physical memory or swap space
#   Check if swap backing store is full
#   Decrease Java heap size (-Xmx/-Xms)
#   Decrease number of Java threads
#   Decrease Java thread stack sizes (-Xss)
#   Set larger code cache with -XX:ReservedCodeCacheSize=
#   JVM is running with Unscaled Compressed Oops mode in which the Java heap is
#     placed in the first 4GB address space. The Java Heap base address is the
#     maximum limit for the native heap growth. Please use -XX:HeapBaseMinAddress
#     to set the Java Heap base and to place the Java Heap above 4GB virtual address.
# This output file may be truncated or incomplete.
#
#  Out of Memory Error (os_windows.cpp:3825), pid=9092, tid=860
#
# JRE version:  (17.0.9) (build )
# Java VM: OpenJDK 64-Bit Server VM (17.0.9+0--11185874, mixed mode, sharing, tiered, compressed oops, compressed class ptrs, g1 gc, windows-amd64)
# No core dump will be written. Minidumps are not enabled by default on client versions of Windows
#

---------------  S U M M A R Y ------------

Command Line: org.jetbrains.kotlin.cli.jvm.K2JVMCompiler @C:\Users\Javohir\AndroidStudioProjects\IT_Center3\app\build\20240514_13673987085480746008.compiler.options

Host: Intel(R) Core(TM) i3-6100U CPU @ 2.30GHz, 4 cores, 5G,  Windows 10 , 64 bit Build 19041 (10.0.19041.3636)
Time: Tue May 14 16:13:24 2024  Windows 10 , 64 bit Build 19041 (10.0.19041.3636) elapsed time: 0.029551 seconds (0d 0h 0m 0s)

---------------  T H R E A D  ---------------

Current thread (0x00000280efccd1f0):  JavaThread "Unknown thread" [_thread_in_vm, id=860, stack(0x00000091d8d00000,0x00000091d8e00000)]

Stack: [0x00000091d8d00000,0x00000091d8e00000]
Native frames: (J=compiled Java code, j=interpreted, Vv=VM code, C=native code)
V  [jvm.dll+0x6886e9]
V  [jvm.dll+0x841e4a]
V  [jvm.dll+0x843a8e]
V  [jvm.dll+0x8440f3]
V  [jvm.dll+0x24c14f]
V  [jvm.dll+0x685499]
V  [jvm.dll+0x679c2a]
V  [jvm.dll+0x30cf9b]
V  [jvm.dll+0x314446]
V  [jvm.dll+0x36425e]
V  [jvm.dll+0x36448f]
V  [jvm.dll+0x2e2d68]
V  [jvm.dll+0x2e3cd4]
V  [jvm.dll+0x8129f1]
V  [jvm.dll+0x3720c1]
V  [jvm.dll+0x7f152c]
V  [jvm.dll+0x3f5d4f]
V  [jvm.dll+0x3f7981]
C  [jli.dll+0x528f]
C  [ucrtbase.dll+0x21bb2]
C  [KERNEL32.DLL+0x17344]
C  [ntdll.dll+0x526b1]


---------------  P R O C E S S  ---------------

Threads class SMR info:
_java_thread_list=0x00007fffea64ef18, length=0, elements={
}

Java Threads: ( => current thread )

Other Threads:
  0x00000280efd18240 GCTaskThread "GC Thread#0" [stack: 0x00000091d8e00000,0x00000091d8f00000] [id=560]
  0x00000280efd25ee0 ConcurrentGCThread "G1 Main Marker" [stack: 0x00000091d8f00000,0x00000091d9000000] [id=1688]
  0x00000280efd26900 ConcurrentGCThread "G1 Conc#0" [stack: 0x0000000000000000,0x0000000000000000] [id=2764]

[error occurred during error reporting (printing all threads), id 0xc0000005, EXCEPTION_ACCESS_VIOLATION (0xc0000005) at pc=0x00007fffe9e03937]

VM state: not at safepoint (not fully initialized)

VM Mutex/Monitor currently owned by a thread:  ([mutex/lock_event])
[0x00000280efcc93a0] Heap_lock - owner thread: 0x00000280efccd1f0

Heap address: 0x00000000a1600000, size: 1514 MB, Compressed Oops mode: 32-bit

CDS archive(s) mapped at: [0x0000000000000000-0x0000000000000000-0x0000000000000000), size 0, SharedBaseAddress: 0x0000000800000000, ArchiveRelocationMode: 1.
Narrow klass base: 0x0000000000000000, Narrow klass shift: 0, Narrow klass range: 0x0

GC Precious Log:
<Empty>

Heap:
 garbage-first heap   total 0K, used 0K [0x00000000a1600000, 0x0000000100000000)
  region size 1024K, 0 young (0K), 0 survivors (0K)
 Metaspace       used 0K, committed 0K, reserved 0K
  class space    used 0K, committed 0K, reserved 0K

Heap Regions: E=young(eden), S=young(survivor), O=old, HS=humongous(starts), HC=humongous(continues), CS=collection set, F=free, OA=open archive, CA=closed archive, TAMS=top-at-mark-start (previous, next)

Card table byte_map: [0x00000280f34b0000,0x00000280f37b0000] _byte_map_base: 0x00000280f2fa5000

Marking Bits (Prev, Next): (CMBitMap*) 0x00000280efd19870, (CMBitMap*) 0x00000280efd198b0
 Prev Bits: [0x00000280f3ab0000, 0x00000280f5258000)
 Next Bits: [0x00000280f5260000, 0x00000280f6a08000)

GC Heap History (0 events):
No events

Dll operation events (1 events):
Event: 0.021 Loaded shared library C:\Program Files\Android\Android Studio\jbr\bin\java.dll

Deoptimization events (0 events):
No events

Classes unloaded (0 events):
No events

Classes redefined (0 events):
No events

Internal exceptions (0 events):
No events

VM Operations (0 events):
No events

Events (0 events):
No events


Dynamic libraries:
0x00007ff623260000 - 0x00007ff62326a000 	C:\Program Files\Android\Android Studio\jbr\bin\java.exe
0x00007ff8564f0000 - 0x00007ff8566e8000 	C:\Windows\SYSTEM32\ntdll.dll
0x00007ff8563f0000 - 0x00007ff8564ad000 	C:\Windows\System32\KERNEL32.DLL
0x00007ff854120000 - 0x00007ff854416000 	C:\Windows\System32\KERNELBASE.dll
0x00007ff854420000 - 0x00007ff854520000 	C:\Windows\System32\ucrtbase.dll
0x00007ff84f830000 - 0x00007ff84f84b000 	C:\Program Files\Android\Android Studio\jbr\bin\VCRUNTIME140.dll
0x00007fffef0a0000 - 0x00007fffef0b7000 	C:\Program Files\Android\Android Studio\jbr\bin\jli.dll
0x00007ff855870000 - 0x00007ff855a0f000 	C:\Windows\System32\USER32.dll
0x00007ff8540a0000 - 0x00007ff8540c2000 	C:\Windows\System32\win32u.dll
0x00007ff8554b0000 - 0x00007ff8554db000 	C:\Windows\System32\GDI32.dll
0x00007ff853c40000 - 0x00007ff853d57000 	C:\Windows\System32\gdi32full.dll
0x00007ff853ba0000 - 0x00007ff853c3d000 	C:\Windows\System32\msvcp_win.dll
0x00007ff83e430000 - 0x00007ff83e6ca000 	C:\Windows\WinSxS\amd64_microsoft.windows.common-controls_6595b64144ccf1df_6.0.19041.3636_none_60b6a03d71f818d5\COMCTL32.dll
0x00007ff854c60000 - 0x00007ff854cfe000 	C:\Windows\System32\msvcrt.dll
0x00007ff854d30000 - 0x00007ff854d62000 	C:\Windows\System32\IMM32.DLL
0x00007ff84f820000 - 0x00007ff84f82c000 	C:\Program Files\Android\Android Studio\jbr\bin\vcruntime140_1.dll
0x00007ff831a80000 - 0x00007ff831b0d000 	C:\Program Files\Android\Android Studio\jbr\bin\msvcp140.dll
0x00007fffe9b10000 - 0x00007fffea793000 	C:\Program Files\Android\Android Studio\jbr\bin\server\jvm.dll
0x00007ff854ae0000 - 0x00007ff854b90000 	C:\Windows\System32\ADVAPI32.dll
0x00007ff856350000 - 0x00007ff8563f0000 	C:\Windows\System32\sechost.dll
0x00007ff8554e0000 - 0x00007ff855603000 	C:\Windows\System32\RPCRT4.dll
0x00007ff853d60000 - 0x00007ff853d87000 	C:\Windows\System32\bcrypt.dll
0x00007ff853a00000 - 0x00007ff853a4b000 	C:\Windows\SYSTEM32\POWRPROF.dll
0x00007ff836ac0000 - 0x00007ff836ac9000 	C:\Windows\SYSTEM32\WSOCK32.dll
0x00007ff854ea0000 - 0x00007ff854f0b000 	C:\Windows\System32\WS2_32.dll
0x00007ff83e6d0000 - 0x00007ff83e6f7000 	C:\Windows\SYSTEM32\WINMM.dll
0x00007ff84d110000 - 0x00007ff84d11a000 	C:\Windows\SYSTEM32\VERSION.dll
0x00007ff8539e0000 - 0x00007ff8539f2000 	C:\Windows\SYSTEM32\UMPDC.dll
0x00007ff851a30000 - 0x00007ff851a42000 	C:\Windows\SYSTEM32\kernel.appcore.dll
0x00007ff836960000 - 0x00007ff83696a000 	C:\Program Files\Android\Android Studio\jbr\bin\jimage.dll
0x00007ff8495d0000 - 0x00007ff8497b4000 	C:\Windows\SYSTEM32\DBGHELP.DLL
0x00007ff834d00000 - 0x00007ff834d34000 	C:\Windows\SYSTEM32\dbgcore.DLL
0x00007ff853e40000 - 0x00007ff853ec2000 	C:\Windows\System32\bcryptPrimitives.dll
0x00007ff830840000 - 0x00007ff830865000 	C:\Program Files\Android\Android Studio\jbr\bin\java.dll

dbghelp: loaded successfully - version: 4.0.5 - missing functions: none
symbol engine: initialized successfully - sym options: 0x614 - pdb path: .;C:\Program Files\Android\Android Studio\jbr\bin;C:\Windows\SYSTEM32;C:\Windows\WinSxS\amd64_microsoft.windows.common-controls_6595b64144ccf1df_6.0.19041.3636_none_60b6a03d71f818d5;C:\Program Files\Android\Android Studio\jbr\bin\server

VM Arguments:
java_command: org.jetbrains.kotlin.cli.jvm.K2JVMCompiler @C:\Users\Javohir\AndroidStudioProjects\IT_Center3\app\build\20240514_13673987085480746008.compiler.options
java_class_path (initial): C:\Users\Javohir\.gradle\caches\modules-2\files-2.1\org.jetbrains.kotlin\kotlin-compiler-embeddable\1.9.0\2c8c3a7402becca891f12739b3e9fd2dc2adbd7a\kotlin-compiler-embeddable-1.9.0.jar;C:\Users\Javohir\.gradle\caches\modules-2\files-2.1\org.jetbrains.kotlin\kotlin-stdlib\1.9.0\8ee15ef0c67dc83d874f412d84378d7f0eb50b63\kotlin-stdlib-1.9.0.jar;C:\Users\Javohir\.gradle\caches\modules-2\files-2.1\org.jetbrains.kotlin\kotlin-script-runtime\1.9.0\4b3102cbbb7e1b58d9d1adf89563f00069ffa7d1\kotlin-script-runtime-1.9.0.jar;C:\Users\Javohir\.gradle\caches\modules-2\files-2.1\org.jetbrains.kotlin\kotlin-reflect\1.6.10\1cbe9c92c12a94eea200d23c2bbaedaf3daf5132\kotlin-reflect-1.6.10.jar;C:\Users\Javohir\.gradle\caches\modules-2\files-2.1\org.jetbrains.kotlin\kotlin-daemon-embeddable\1.9.0\186543f5e28cf8d9a0290fecc2cf34301c40a65c\kotlin-daemon-embeddable-1.9.0.jar;C:\Users\Javohir\.gradle\caches\modules-2\files-2.1\org.jetbrains.intellij.deps\trove4j\1.0.20200330\3afb14d5f9ceb459d724e907a21145e8ff394f02\trove4j-1.0.20200330.jar;C:\Users\Javohir\.gradle\caches\modules-2\files-2.1\org.jetbrains.kotlin\kotlin-stdlib-common\1.9.0\cd65c21cfd1eec4d44ef09f9f52b6d9f8a720636\kotlin-stdlib-common-1.9.0.jar;C:\Users\Javohir\.gradle\caches\modules-2\files-2.1\org.jetbrains\annotations\13.0\919f0dfe192fb4e063e7dacadee7f8bb9a2672a9\annotations-13.0.jar
Launcher Type: SUN_STANDARD

[Global flags]
     intx CICompilerCount                          = 3                                         {product} {ergonomic}
     uint ConcGCThreads                            = 1                                         {product} {ergonomic}
     uint G1ConcRefinementThreads                  = 4                                         {product} {ergonomic}
   size_t G1HeapRegionSize                         = 1048576                                   {product} {ergonomic}
    uintx GCDrainStackTargetSize                   = 64                                        {product} {ergonomic}
   size_t InitialHeapSize                          = 100663296                                 {product} {ergonomic}
   size_t MarkStackSize                            = 4194304                                   {product} {ergonomic}
   size_t MaxHeapSize                              = 1587544064                                {product} {ergonomic}
   size_t MinHeapDeltaBytes                        = 1048576                                   {product} {ergonomic}
   size_t MinHeapSize                              = 8388608                                   {product} {ergonomic}
    uintx NonNMethodCodeHeapSize                   = 5832780                                {pd product} {ergonomic}
    uintx NonProfiledCodeHeapSize                  = 122912730                              {pd product} {ergonomic}
    uintx ProfiledCodeHeapSize                     = 122912730                              {pd product} {ergonomic}
    uintx ReservedCodeCacheSize                    = 251658240                              {pd product} {ergonomic}
     bool SegmentedCodeCache                       = true                                      {product} {ergonomic}
   size_t SoftMaxHeapSize                          = 1587544064                             {manageable} {ergonomic}
     bool UseCompressedClassPointers               = true                           {product lp64_product} {ergonomic}
     bool UseCompressedOops                        = true                           {product lp64_product} {ergonomic}
     bool UseG1GC                                  = true                                      {product} {ergonomic}
     bool UseLargePagesIndividualAllocation        = false                                  {pd product} {ergonomic}

Logging:
Log output configuration:
 #0: stdout all=warning uptime,level,tags
 #1: stderr all=off uptime,level,tags

Environment Variables:
PATH=C:\PROGRA~2\Borland\CBUILD~1\Bin;C:\PROGRA~2\Borland\CBUILD~1\Projects\Bpl;C:\Windows\system32;C:\Windows;C:\Windows\System32\Wbem;C:\Windows\System32\WindowsPowerShell\v1.0\;C:\Windows\System32\OpenSSH\;C:\Program Files\Git\cmd;C:\Users\Javohir\AppData\Local\Programs\Python\Launcher\;C:\Users\Javohir\AppData\Local\Microsoft\WindowsApps;C:\Users\Javohir\AppData\Local\Programs\Microsoft VS Code\bin
USERNAME=Javohir
OS=Windows_NT
PROCESSOR_IDENTIFIER=Intel64 Family 6 Model 78 Stepping 3, GenuineIntel
TMP=C:\Users\Javohir\AppData\Local\Temp
TEMP=C:\Users\Javohir\AppData\Local\Temp



Periodic native trim disabled

JNI global refs:
JNI global refs: 0, weak refs: 0

JNI global refs memory usage: 0, weak refs: 0

OOME stack traces (most recent first):
Classloader memory used:


---------------  S Y S T E M  ---------------

OS:
 Windows 10 , 64 bit Build 19041 (10.0.19041.3636)
OS uptime: 2 days 16:34 hours

CPU: total 4 (initial active 4) (2 cores per cpu, 2 threads per core) family 6 model 78 stepping 3 microcode 0xcc, cx8, cmov, fxsr, ht, mmx, 3dnowpref, sse, sse2, sse3, ssse3, sse4.1, sse4.2, popcnt, lzcnt, tsc, tscinvbit, avx, avx2, aes, erms, clmul, bmi1, bmi2, rtm, adx, fma, vzeroupper, clflush, clflushopt
Processor Information for all 4 processors :
  Max Mhz: 2304, Current Mhz: 2304, Mhz Limit: 2304

Memory: 4k page, system-wide physical 6049M (511M free)
TotalPageFile size 20274M (AvailPageFile size 47M)
current process WorkingSet (physical memory assigned to process): 10M, peak: 10M
current process commit charge ("private bytes"): 51M, peak: 147M

vm_info: OpenJDK 64-Bit Server VM (17.0.9+0--11185874) for windows-amd64 JRE (17.0.9+0--11185874), built on Dec  6 2023 18:57:44 by "androidbuild" with MS VC++ 16.10 / 16.11 (VS2019)

END.
