#
# There is insufficient memory for the Java Runtime Environment to continue.
# Native memory allocation (malloc) failed to allocate 1098256 bytes for Chunk::new
# Possible reasons:
#   The system is out of physical RAM or swap space
#   The process is running with CompressedOops enabled, and the Java Heap may be blocking the growth of the native heap
# Possible solutions:
#   Reduce memory load on the system
#   Increase physical memory or swap space
#   Check if swap backing store is full
#   Decrease Java heap size (-Xmx/-Xms)
#   Decrease number of Java threads
#   Decrease Java thread stack sizes (-Xss)
#   Set larger code cache with -XX:ReservedCodeCacheSize=
#   JVM is running with Unscaled Compressed Oops mode in which the Java heap is
#     placed in the first 4GB address space. The Java Heap base address is the
#     maximum limit for the native heap growth. Please use -XX:HeapBaseMinAddress
#     to set the Java Heap base and to place the Java Heap above 4GB virtual address.
# This output file may be truncated or incomplete.
#
#  Out of Memory Error (arena.cpp:191), pid=9028, tid=9820
#
# JRE version: OpenJDK Runtime Environment (17.0.9) (build 17.0.9+0--11185874)
# Java VM: OpenJDK 64-Bit Server VM (17.0.9+0--11185874, mixed mode, tiered, compressed oops, compressed class ptrs, g1 gc, windows-amd64)
# No core dump will be written. Minidumps are not enabled by default on client versions of Windows
#

---------------  S U M M A R Y ------------

Command Line: org.jetbrains.kotlin.cli.jvm.K2JVMCompiler @C:\Users\Javohir\AndroidStudioProjects\IT_Center3\app\build\20240508_3001211301067805887.compiler.options

Host: Intel(R) Core(TM) i3-6100U CPU @ 2.30GHz, 4 cores, 5G,  Windows 10 , 64 bit Build 19041 (10.0.19041.3636)
Time: Wed May  8 12:22:47 2024  Windows 10 , 64 bit Build 19041 (10.0.19041.3636) elapsed time: 27.412078 seconds (0d 0h 0m 27s)

---------------  T H R E A D  ---------------

Current thread (0x0000026e0a015b20):  JavaThread "C2 CompilerThread0" daemon [_thread_in_native, id=9820, stack(0x0000007d5f100000,0x0000007d5f200000)]


Current CompileTask:
C2:  27412 15182       4       org.jetbrains.kotlin.ir.util.IrFakeOverrideUtilsKt::collectAndFilterRealOverrides$collectRealOverrides (157 bytes)

Stack: [0x0000007d5f100000,0x0000007d5f200000]
Native frames: (J=compiled Java code, j=interpreted, Vv=VM code, C=native code)
V  [jvm.dll+0x6886e9]
V  [jvm.dll+0x841e4a]
V  [jvm.dll+0x843a8e]
V  [jvm.dll+0x8440f3]
V  [jvm.dll+0x24c14f]
V  [jvm.dll+0xac44c]
V  [jvm.dll+0xaca9c]
V  [jvm.dll+0x36c1f7]
V  [jvm.dll+0x33651a]
V  [jvm.dll+0x3359ba]
V  [jvm.dll+0x21ddb1]
V  [jvm.dll+0x21d1d1]
V  [jvm.dll+0x1a674d]
V  [jvm.dll+0x22d088]
V  [jvm.dll+0x22b1c0]
V  [jvm.dll+0x7f62f7]
V  [jvm.dll+0x7f06aa]
V  [jvm.dll+0x687565]
C  [ucrtbase.dll+0x21bb2]
C  [KERNEL32.DLL+0x17344]
C  [ntdll.dll+0x526b1]


---------------  P R O C E S S  ---------------

Threads class SMR info:
_java_thread_list=0x0000026e0b8517d0, length=13, elements={
0x0000026e6d71c200, 0x0000026e05a32710, 0x0000026e05a33fb0, 0x0000026e05a91c50,
0x0000026e05a92810, 0x0000026e0a021870, 0x0000026e0a0134a0, 0x0000026e0a015b20,
0x0000026e0a018df0, 0x0000026e0a019c00, 0x0000026e0a183060, 0x0000026e0a19aec0,
0x0000026e0aa76be0
}

Java Threads: ( => current thread )
  0x0000026e6d71c200 JavaThread "main" [_thread_in_Java, id=2712, stack(0x0000007d5e400000,0x0000007d5e500000)]
  0x0000026e05a32710 JavaThread "Reference Handler" daemon [_thread_blocked, id=2472, stack(0x0000007d5eb00000,0x0000007d5ec00000)]
  0x0000026e05a33fb0 JavaThread "Finalizer" daemon [_thread_blocked, id=6568, stack(0x0000007d5ec00000,0x0000007d5ed00000)]
  0x0000026e05a91c50 JavaThread "Signal Dispatcher" daemon [_thread_blocked, id=452, stack(0x0000007d5ed00000,0x0000007d5ee00000)]
  0x0000026e05a92810 JavaThread "Attach Listener" daemon [_thread_blocked, id=5044, stack(0x0000007d5ee00000,0x0000007d5ef00000)]
  0x0000026e0a021870 JavaThread "Service Thread" daemon [_thread_blocked, id=9896, stack(0x0000007d5ef00000,0x0000007d5f000000)]
  0x0000026e0a0134a0 JavaThread "Monitor Deflation Thread" daemon [_thread_blocked, id=1068, stack(0x0000007d5f000000,0x0000007d5f100000)]
=>0x0000026e0a015b20 JavaThread "C2 CompilerThread0" daemon [_thread_in_native, id=9820, stack(0x0000007d5f100000,0x0000007d5f200000)]
  0x0000026e0a018df0 JavaThread "C1 CompilerThread0" daemon [_thread_in_native, id=756, stack(0x0000007d5f200000,0x0000007d5f300000)]
  0x0000026e0a019c00 JavaThread "Sweeper thread" daemon [_thread_blocked, id=1704, stack(0x0000007d5f300000,0x0000007d5f400000)]
  0x0000026e0a183060 JavaThread "Notification Thread" daemon [_thread_blocked, id=8284, stack(0x0000007d5f400000,0x0000007d5f500000)]
  0x0000026e0a19aec0 JavaThread "Common-Cleaner" daemon [_thread_blocked, id=7884, stack(0x0000007d5f600000,0x0000007d5f700000)]
  0x0000026e0aa76be0 JavaThread "C2 CompilerThread1" daemon [_thread_in_native, id=7088, stack(0x0000007d5f700000,0x0000007d5f800000)]

Other Threads:
  0x0000026e05a588e0 VMThread "VM Thread" [stack: 0x0000007d5ea00000,0x0000007d5eb00000] [id=684]
  0x0000026e05a9ecc0 WatcherThread [stack: 0x0000007d5f500000,0x0000007d5f600000] [id=8796]
  0x0000026e6d768180 GCTaskThread "GC Thread#0" [stack: 0x0000007d5e500000,0x0000007d5e600000] [id=5348]
  0x0000026e0a54d070 GCTaskThread "GC Thread#1" [stack: 0x0000007d5f800000,0x0000007d5f900000] [id=8788]
  0x0000026e0a5f1460 GCTaskThread "GC Thread#2" [stack: 0x0000007d5f900000,0x0000007d5fa00000] [id=8016]
  0x0000026e0a5f1720 GCTaskThread "GC Thread#3" [stack: 0x0000007d5fa00000,0x0000007d5fb00000] [id=9316]
  0x0000026e6d775e20 ConcurrentGCThread "G1 Main Marker" [stack: 0x0000007d5e600000,0x0000007d5e700000] [id=888]
  0x0000026e6d776840 ConcurrentGCThread "G1 Conc#0" [stack: 0x0000007d5e700000,0x0000007d5e800000] [id=5988]
  0x0000026e6d7d9530 ConcurrentGCThread "G1 Refine#0" [stack: 0x0000007d5e800000,0x0000007d5e900000] [id=9356]
  0x0000026e0c905c80 ConcurrentGCThread "G1 Refine#1" [stack: 0x0000007d5fb00000,0x0000007d5fc00000] [id=5576]
  0x0000026e0b9d2510 ConcurrentGCThread "G1 Refine#2" [stack: 0x0000007d5fc00000,0x0000007d5fd00000] [id=2488]
  0x0000026e6d7d9f60 ConcurrentGCThread "G1 Service" [stack: 0x0000007d5e900000,0x0000007d5ea00000] [id=7244]

Threads with active compile tasks:
C2 CompilerThread0    27441 15182       4       org.jetbrains.kotlin.ir.util.IrFakeOverrideUtilsKt::collectAndFilterRealOverrides$collectRealOverrides (157 bytes)
C1 CompilerThread0    27441 15320       3       org.jetbrains.kotlin.ir.visitors.IrElementVisitor$DefaultImpls::visitTypeOperator (18 bytes)
C2 CompilerThread1    27441 15221       4       org.jetbrains.kotlin.backend.jvm.caches.BridgeLoweringCache::canHaveSpecialBridge (152 bytes)

VM state: not at safepoint (normal execution)

VM Mutex/Monitor currently owned by a thread: None

Heap address: 0x00000000a1600000, size: 1514 MB, Compressed Oops mode: 32-bit

CDS archive(s) not mapped
Compressed class space mapped at: 0x0000000100000000-0x0000000140000000, reserved size: 1073741824
Narrow klass base: 0x0000000000000000, Narrow klass shift: 3, Narrow klass range: 0x140000000

GC Precious Log:
 CPUs: 4 total, 4 available
 Memory: 6049M
 Large Page Support: Disabled
 NUMA Support: Disabled
 Compressed Oops: Enabled (32-bit)
 Heap Region Size: 1M
 Heap Min Capacity: 8M
 Heap Initial Capacity: 96M
 Heap Max Capacity: 1514M
 Pre-touch: Disabled
 Parallel Workers: 4
 Concurrent Workers: 1
 Concurrent Refinement Workers: 4
 Periodic GC: Disabled

Heap:
 garbage-first heap   total 294912K, used 142448K [0x00000000a1600000, 0x0000000100000000)
  region size 1024K, 61 young (62464K), 4 survivors (4096K)
 Metaspace       used 84121K, committed 84416K, reserved 1179648K
  class space    used 9300K, committed 9472K, reserved 1048576K

Heap Regions: E=young(eden), S=young(survivor), O=old, HS=humongous(starts), HC=humongous(continues), CS=collection set, F=free, OA=open archive, CA=closed archive, TAMS=top-at-mark-start (previous, next)
|   0|0x00000000a1600000, 0x00000000a1700000, 0x00000000a1700000|100%|HS|  |TAMS 0x00000000a1700000, 0x00000000a1600000| Complete 
|   1|0x00000000a1700000, 0x00000000a1800000, 0x00000000a1800000|100%|HC|  |TAMS 0x00000000a1800000, 0x00000000a1700000| Complete 
|   2|0x00000000a1800000, 0x00000000a1900000, 0x00000000a1900000|100%|HC|  |TAMS 0x00000000a1900000, 0x00000000a1800000| Complete 
|   3|0x00000000a1900000, 0x00000000a1a00000, 0x00000000a1a00000|100%|HC|  |TAMS 0x00000000a1a00000, 0x00000000a1900000| Complete 
|   4|0x00000000a1a00000, 0x00000000a1b00000, 0x00000000a1b00000|100%| O|  |TAMS 0x00000000a1b00000, 0x00000000a1a00000| Untracked 
|   5|0x00000000a1b00000, 0x00000000a1bf1200, 0x00000000a1c00000| 94%| O|  |TAMS 0x00000000a1bf1200, 0x00000000a1b00000| Untracked 
|   6|0x00000000a1c00000, 0x00000000a1d00000, 0x00000000a1d00000|100%| O|  |TAMS 0x00000000a1d00000, 0x00000000a1c00000| Untracked 
|   7|0x00000000a1d00000, 0x00000000a1e00000, 0x00000000a1e00000|100%| O|  |TAMS 0x00000000a1e00000, 0x00000000a1d00000| Untracked 
|   8|0x00000000a1e00000, 0x00000000a1f00000, 0x00000000a1f00000|100%| O|  |TAMS 0x00000000a1f00000, 0x00000000a1e00000| Untracked 
|   9|0x00000000a1f00000, 0x00000000a2000000, 0x00000000a2000000|100%| O|  |TAMS 0x00000000a2000000, 0x00000000a1f00000| Untracked 
|  10|0x00000000a2000000, 0x00000000a2100000, 0x00000000a2100000|100%| O|  |TAMS 0x00000000a2100000, 0x00000000a2000000| Untracked 
|  11|0x00000000a2100000, 0x00000000a2200000, 0x00000000a2200000|100%| O|  |TAMS 0x00000000a2200000, 0x00000000a2100000| Untracked 
|  12|0x00000000a2200000, 0x00000000a2300000, 0x00000000a2300000|100%| O|  |TAMS 0x00000000a2300000, 0x00000000a2200000| Untracked 
|  13|0x00000000a2300000, 0x00000000a2400000, 0x00000000a2400000|100%| O|  |TAMS 0x00000000a2400000, 0x00000000a2300000| Untracked 
|  14|0x00000000a2400000, 0x00000000a2500000, 0x00000000a2500000|100%| O|  |TAMS 0x00000000a2500000, 0x00000000a2400000| Untracked 
|  15|0x00000000a2500000, 0x00000000a2600000, 0x00000000a2600000|100%| O|  |TAMS 0x00000000a2500000, 0x00000000a2500000| Untracked 
|  16|0x00000000a2600000, 0x00000000a2700000, 0x00000000a2700000|100%| O|  |TAMS 0x00000000a2700000, 0x00000000a2600000| Untracked 
|  17|0x00000000a2700000, 0x00000000a2800000, 0x00000000a2800000|100%| O|  |TAMS 0x00000000a2800000, 0x00000000a2700000| Untracked 
|  18|0x00000000a2800000, 0x00000000a2800000, 0x00000000a2900000|  0%| F|  |TAMS 0x00000000a2800000, 0x00000000a2800000| Untracked 
|  19|0x00000000a2900000, 0x00000000a2a00000, 0x00000000a2a00000|100%| O|  |TAMS 0x00000000a2a00000, 0x00000000a2900000| Untracked 
|  20|0x00000000a2a00000, 0x00000000a2b00000, 0x00000000a2b00000|100%| O|  |TAMS 0x00000000a2b00000, 0x00000000a2a00000| Untracked 
|  21|0x00000000a2b00000, 0x00000000a2c00000, 0x00000000a2c00000|100%| O|  |TAMS 0x00000000a2c00000, 0x00000000a2b00000| Untracked 
|  22|0x00000000a2c00000, 0x00000000a2d00000, 0x00000000a2d00000|100%|HS|  |TAMS 0x00000000a2d00000, 0x00000000a2c00000| Complete 
|  23|0x00000000a2d00000, 0x00000000a2e00000, 0x00000000a2e00000|100%|HC|  |TAMS 0x00000000a2e00000, 0x00000000a2d00000| Complete 
|  24|0x00000000a2e00000, 0x00000000a2f00000, 0x00000000a2f00000|100%| O|  |TAMS 0x00000000a2f00000, 0x00000000a2e00000| Untracked 
|  25|0x00000000a2f00000, 0x00000000a3000000, 0x00000000a3000000|100%| O|  |TAMS 0x00000000a3000000, 0x00000000a2f00000| Untracked 
|  26|0x00000000a3000000, 0x00000000a3100000, 0x00000000a3100000|100%| O|  |TAMS 0x00000000a3100000, 0x00000000a3000000| Untracked 
|  27|0x00000000a3100000, 0x00000000a3200000, 0x00000000a3200000|100%| O|  |TAMS 0x00000000a3200000, 0x00000000a3100000| Untracked 
|  28|0x00000000a3200000, 0x00000000a3300000, 0x00000000a3300000|100%| O|  |TAMS 0x00000000a3300000, 0x00000000a3200000| Untracked 
|  29|0x00000000a3300000, 0x00000000a3400000, 0x00000000a3400000|100%| O|  |TAMS 0x00000000a3400000, 0x00000000a3300000| Untracked 
|  30|0x00000000a3400000, 0x00000000a3500000, 0x00000000a3500000|100%| O|  |TAMS 0x00000000a3500000, 0x00000000a3400000| Untracked 
|  31|0x00000000a3500000, 0x00000000a3600000, 0x00000000a3600000|100%| O|  |TAMS 0x00000000a3600000, 0x00000000a3500000| Untracked 
|  32|0x00000000a3600000, 0x00000000a3700000, 0x00000000a3700000|100%| O|  |TAMS 0x00000000a3700000, 0x00000000a3600000| Untracked 
|  33|0x00000000a3700000, 0x00000000a3800000, 0x00000000a3800000|100%| O|  |TAMS 0x00000000a3800000, 0x00000000a3700000| Untracked 
|  34|0x00000000a3800000, 0x00000000a3900000, 0x00000000a3900000|100%| O|  |TAMS 0x00000000a3900000, 0x00000000a3800000| Untracked 
|  35|0x00000000a3900000, 0x00000000a3a00000, 0x00000000a3a00000|100%| O|  |TAMS 0x00000000a3a00000, 0x00000000a3900000| Untracked 
|  36|0x00000000a3a00000, 0x00000000a3b00000, 0x00000000a3b00000|100%| O|  |TAMS 0x00000000a3b00000, 0x00000000a3a00000| Untracked 
|  37|0x00000000a3b00000, 0x00000000a3c00000, 0x00000000a3c00000|100%| O|  |TAMS 0x00000000a3c00000, 0x00000000a3b00000| Untracked 
|  38|0x00000000a3c00000, 0x00000000a3d00000, 0x00000000a3d00000|100%| O|  |TAMS 0x00000000a3d00000, 0x00000000a3c00000| Untracked 
|  39|0x00000000a3d00000, 0x00000000a3e00000, 0x00000000a3e00000|100%| O|  |TAMS 0x00000000a3e00000, 0x00000000a3d00000| Untracked 
|  40|0x00000000a3e00000, 0x00000000a3f00000, 0x00000000a3f00000|100%| O|  |TAMS 0x00000000a3f00000, 0x00000000a3e00000| Untracked 
|  41|0x00000000a3f00000, 0x00000000a4000000, 0x00000000a4000000|100%| O|  |TAMS 0x00000000a4000000, 0x00000000a3f00000| Untracked 
|  42|0x00000000a4000000, 0x00000000a4100000, 0x00000000a4100000|100%| O|  |TAMS 0x00000000a4100000, 0x00000000a4000000| Untracked 
|  43|0x00000000a4100000, 0x00000000a4200000, 0x00000000a4200000|100%| O|  |TAMS 0x00000000a4200000, 0x00000000a4100000| Untracked 
|  44|0x00000000a4200000, 0x00000000a4300000, 0x00000000a4300000|100%| O|  |TAMS 0x00000000a4300000, 0x00000000a4200000| Untracked 
|  45|0x00000000a4300000, 0x00000000a4400000, 0x00000000a4400000|100%| O|  |TAMS 0x00000000a4400000, 0x00000000a4300000| Untracked 
|  46|0x00000000a4400000, 0x00000000a4500000, 0x00000000a4500000|100%| O|  |TAMS 0x00000000a4500000, 0x00000000a4400000| Untracked 
|  47|0x00000000a4500000, 0x00000000a4600000, 0x00000000a4600000|100%| O|  |TAMS 0x00000000a4600000, 0x00000000a4500000| Untracked 
|  48|0x00000000a4600000, 0x00000000a4700000, 0x00000000a4700000|100%| O|  |TAMS 0x00000000a4700000, 0x00000000a4600000| Untracked 
|  49|0x00000000a4700000, 0x00000000a4800000, 0x00000000a4800000|100%| O|  |TAMS 0x00000000a4800000, 0x00000000a4700000| Untracked 
|  50|0x00000000a4800000, 0x00000000a4900000, 0x00000000a4900000|100%| O|  |TAMS 0x00000000a4900000, 0x00000000a4800000| Untracked 
|  51|0x00000000a4900000, 0x00000000a4a00000, 0x00000000a4a00000|100%| O|  |TAMS 0x00000000a4a00000, 0x00000000a4900000| Untracked 
|  52|0x00000000a4a00000, 0x00000000a4b00000, 0x00000000a4b00000|100%| O|  |TAMS 0x00000000a4b00000, 0x00000000a4a00000| Untracked 
|  53|0x00000000a4b00000, 0x00000000a4c00000, 0x00000000a4c00000|100%| O|  |TAMS 0x00000000a4c00000, 0x00000000a4b00000| Untracked 
|  54|0x00000000a4c00000, 0x00000000a4d00000, 0x00000000a4d00000|100%| O|  |TAMS 0x00000000a4d00000, 0x00000000a4c00000| Untracked 
|  55|0x00000000a4d00000, 0x00000000a4e00000, 0x00000000a4e00000|100%| O|  |TAMS 0x00000000a4e00000, 0x00000000a4d00000| Untracked 
|  56|0x00000000a4e00000, 0x00000000a4f00000, 0x00000000a4f00000|100%| O|  |TAMS 0x00000000a4f00000, 0x00000000a4e00000| Untracked 
|  57|0x00000000a4f00000, 0x00000000a5000000, 0x00000000a5000000|100%| O|  |TAMS 0x00000000a5000000, 0x00000000a4f00000| Untracked 
|  58|0x00000000a5000000, 0x00000000a5100000, 0x00000000a5100000|100%| O|  |TAMS 0x00000000a5100000, 0x00000000a5000000| Untracked 
|  59|0x00000000a5100000, 0x00000000a5200000, 0x00000000a5200000|100%| O|  |TAMS 0x00000000a5200000, 0x00000000a5100000| Untracked 
|  60|0x00000000a5200000, 0x00000000a5300000, 0x00000000a5300000|100%| O|  |TAMS 0x00000000a5300000, 0x00000000a5200000| Untracked 
|  61|0x00000000a5300000, 0x00000000a5400000, 0x00000000a5400000|100%| O|  |TAMS 0x00000000a5400000, 0x00000000a5300000| Untracked 
|  62|0x00000000a5400000, 0x00000000a5500000, 0x00000000a5500000|100%| O|  |TAMS 0x00000000a5500000, 0x00000000a5400000| Untracked 
|  63|0x00000000a5500000, 0x00000000a5600000, 0x00000000a5600000|100%| O|  |TAMS 0x00000000a5600000, 0x00000000a5500000| Untracked 
|  64|0x00000000a5600000, 0x00000000a5700000, 0x00000000a5700000|100%| O|  |TAMS 0x00000000a5700000, 0x00000000a5600000| Untracked 
|  65|0x00000000a5700000, 0x00000000a5800000, 0x00000000a5800000|100%| O|  |TAMS 0x00000000a5800000, 0x00000000a5700000| Untracked 
|  66|0x00000000a5800000, 0x00000000a5900000, 0x00000000a5900000|100%| O|  |TAMS 0x00000000a5900000, 0x00000000a5800000| Untracked 
|  67|0x00000000a5900000, 0x00000000a5900000, 0x00000000a5a00000|  0%| F|  |TAMS 0x00000000a5900000, 0x00000000a5900000| Untracked 
|  68|0x00000000a5a00000, 0x00000000a5b00000, 0x00000000a5b00000|100%|HS|  |TAMS 0x00000000a5b00000, 0x00000000a5a00000| Complete 
|  69|0x00000000a5b00000, 0x00000000a5c00000, 0x00000000a5c00000|100%|HC|  |TAMS 0x00000000a5c00000, 0x00000000a5b00000| Complete 
|  70|0x00000000a5c00000, 0x00000000a5d00000, 0x00000000a5d00000|100%| O|  |TAMS 0x00000000a5d00000, 0x00000000a5c00000| Untracked 
|  71|0x00000000a5d00000, 0x00000000a5e00000, 0x00000000a5e00000|100%| O|  |TAMS 0x00000000a5e00000, 0x00000000a5d00000| Untracked 
|  72|0x00000000a5e00000, 0x00000000a5f00000, 0x00000000a5f00000|100%| O|  |TAMS 0x00000000a5f00000, 0x00000000a5e00000| Untracked 
|  73|0x00000000a5f00000, 0x00000000a6000000, 0x00000000a6000000|100%| O|  |TAMS 0x00000000a6000000, 0x00000000a5f00000| Untracked 
|  74|0x00000000a6000000, 0x00000000a6100000, 0x00000000a6100000|100%| O|  |TAMS 0x00000000a60e1200, 0x00000000a6000000| Untracked 
|  75|0x00000000a6100000, 0x00000000a6200000, 0x00000000a6200000|100%| O|  |TAMS 0x00000000a6100000, 0x00000000a6100000| Untracked 
|  76|0x00000000a6200000, 0x00000000a6300000, 0x00000000a6300000|100%| O|  |TAMS 0x00000000a6200000, 0x00000000a6200000| Untracked 
|  77|0x00000000a6300000, 0x00000000a6400000, 0x00000000a6400000|100%| O|  |TAMS 0x00000000a6300000, 0x00000000a6300000| Untracked 
|  78|0x00000000a6400000, 0x00000000a6500000, 0x00000000a6500000|100%| O|  |TAMS 0x00000000a6400000, 0x00000000a6400000| Untracked 
|  79|0x00000000a6500000, 0x00000000a6600000, 0x00000000a6600000|100%| O|  |TAMS 0x00000000a6500000, 0x00000000a6500000| Untracked 
|  80|0x00000000a6600000, 0x00000000a6700000, 0x00000000a6700000|100%| O|  |TAMS 0x00000000a6600000, 0x00000000a6600000| Untracked 
|  81|0x00000000a6700000, 0x00000000a6700000, 0x00000000a6800000|  0%| F|  |TAMS 0x00000000a6700000, 0x00000000a6700000| Untracked 
|  82|0x00000000a6800000, 0x00000000a6800000, 0x00000000a6900000|  0%| F|  |TAMS 0x00000000a6800000, 0x00000000a6800000| Untracked 
|  83|0x00000000a6900000, 0x00000000a6900000, 0x00000000a6a00000|  0%| F|  |TAMS 0x00000000a6900000, 0x00000000a6900000| Untracked 
|  84|0x00000000a6a00000, 0x00000000a6a00000, 0x00000000a6b00000|  0%| F|  |TAMS 0x00000000a6a00000, 0x00000000a6a00000| Untracked 
|  85|0x00000000a6b00000, 0x00000000a6b00000, 0x00000000a6c00000|  0%| F|  |TAMS 0x00000000a6b00000, 0x00000000a6b00000| Untracked 
|  86|0x00000000a6c00000, 0x00000000a6c00000, 0x00000000a6d00000|  0%| F|  |TAMS 0x00000000a6c00000, 0x00000000a6c00000| Untracked 
|  87|0x00000000a6d00000, 0x00000000a6d00000, 0x00000000a6e00000|  0%| F|  |TAMS 0x00000000a6d00000, 0x00000000a6d00000| Untracked 
|  88|0x00000000a6e00000, 0x00000000a6e00000, 0x00000000a6f00000|  0%| F|  |TAMS 0x00000000a6e00000, 0x00000000a6e00000| Untracked 
|  89|0x00000000a6f00000, 0x00000000a6f00000, 0x00000000a7000000|  0%| F|  |TAMS 0x00000000a6f00000, 0x00000000a6f00000| Untracked 
|  90|0x00000000a7000000, 0x00000000a7000000, 0x00000000a7100000|  0%| F|  |TAMS 0x00000000a7000000, 0x00000000a7000000| Untracked 
|  91|0x00000000a7100000, 0x00000000a7100000, 0x00000000a7200000|  0%| F|  |TAMS 0x00000000a7100000, 0x00000000a7100000| Untracked 
|  92|0x00000000a7200000, 0x00000000a7200000, 0x00000000a7300000|  0%| F|  |TAMS 0x00000000a7200000, 0x00000000a7200000| Untracked 
|  93|0x00000000a7300000, 0x00000000a7300000, 0x00000000a7400000|  0%| F|  |TAMS 0x00000000a7300000, 0x00000000a7300000| Untracked 
|  94|0x00000000a7400000, 0x00000000a7400000, 0x00000000a7500000|  0%| F|  |TAMS 0x00000000a7400000, 0x00000000a7400000| Untracked 
|  95|0x00000000a7500000, 0x00000000a7500000, 0x00000000a7600000|  0%| F|  |TAMS 0x00000000a7500000, 0x00000000a7500000| Untracked 
|  96|0x00000000a7600000, 0x00000000a7600000, 0x00000000a7700000|  0%| F|  |TAMS 0x00000000a7600000, 0x00000000a7600000| Untracked 
|  97|0x00000000a7700000, 0x00000000a7700000, 0x00000000a7800000|  0%| F|  |TAMS 0x00000000a7700000, 0x00000000a7700000| Untracked 
|  98|0x00000000a7800000, 0x00000000a7800000, 0x00000000a7900000|  0%| F|  |TAMS 0x00000000a7800000, 0x00000000a7800000| Untracked 
|  99|0x00000000a7900000, 0x00000000a7900000, 0x00000000a7a00000|  0%| F|  |TAMS 0x00000000a7900000, 0x00000000a7900000| Untracked 
| 100|0x00000000a7a00000, 0x00000000a7a00000, 0x00000000a7b00000|  0%| F|  |TAMS 0x00000000a7a00000, 0x00000000a7a00000| Untracked 
| 101|0x00000000a7b00000, 0x00000000a7b2ae70, 0x00000000a7c00000| 16%| S|CS|TAMS 0x00000000a7b00000, 0x00000000a7b00000| Complete 
| 102|0x00000000a7c00000, 0x00000000a7d00000, 0x00000000a7d00000|100%| S|CS|TAMS 0x00000000a7c00000, 0x00000000a7c00000| Complete 
| 103|0x00000000a7d00000, 0x00000000a7e00000, 0x00000000a7e00000|100%| S|CS|TAMS 0x00000000a7d00000, 0x00000000a7d00000| Complete 
| 104|0x00000000a7e00000, 0x00000000a7f00000, 0x00000000a7f00000|100%| S|CS|TAMS 0x00000000a7e00000, 0x00000000a7e00000| Complete 
| 105|0x00000000a7f00000, 0x00000000a7f00000, 0x00000000a8000000|  0%| F|  |TAMS 0x00000000a7f00000, 0x00000000a7f00000| Untracked 
| 106|0x00000000a8000000, 0x00000000a8000000, 0x00000000a8100000|  0%| F|  |TAMS 0x00000000a8000000, 0x00000000a8000000| Untracked 
| 107|0x00000000a8100000, 0x00000000a8100000, 0x00000000a8200000|  0%| F|  |TAMS 0x00000000a8100000, 0x00000000a8100000| Untracked 
| 108|0x00000000a8200000, 0x00000000a8200000, 0x00000000a8300000|  0%| F|  |TAMS 0x00000000a8200000, 0x00000000a8200000| Untracked 
| 109|0x00000000a8300000, 0x00000000a8300000, 0x00000000a8400000|  0%| F|  |TAMS 0x00000000a8300000, 0x00000000a8300000| Untracked 
| 110|0x00000000a8400000, 0x00000000a8400000, 0x00000000a8500000|  0%| F|  |TAMS 0x00000000a8400000, 0x00000000a8400000| Untracked 
| 111|0x00000000a8500000, 0x00000000a8500000, 0x00000000a8600000|  0%| F|  |TAMS 0x00000000a8500000, 0x00000000a8500000| Untracked 
| 112|0x00000000a8600000, 0x00000000a8600000, 0x00000000a8700000|  0%| F|  |TAMS 0x00000000a8600000, 0x00000000a8600000| Untracked 
| 113|0x00000000a8700000, 0x00000000a8700000, 0x00000000a8800000|  0%| F|  |TAMS 0x00000000a8700000, 0x00000000a8700000| Untracked 
| 114|0x00000000a8800000, 0x00000000a8800000, 0x00000000a8900000|  0%| F|  |TAMS 0x00000000a8800000, 0x00000000a8800000| Untracked 
| 115|0x00000000a8900000, 0x00000000a8900000, 0x00000000a8a00000|  0%| F|  |TAMS 0x00000000a8900000, 0x00000000a8900000| Untracked 
| 116|0x00000000a8a00000, 0x00000000a8a00000, 0x00000000a8b00000|  0%| F|  |TAMS 0x00000000a8a00000, 0x00000000a8a00000| Untracked 
| 117|0x00000000a8b00000, 0x00000000a8b00000, 0x00000000a8c00000|  0%| F|  |TAMS 0x00000000a8b00000, 0x00000000a8b00000| Untracked 
| 118|0x00000000a8c00000, 0x00000000a8c00000, 0x00000000a8d00000|  0%| F|  |TAMS 0x00000000a8c00000, 0x00000000a8c00000| Untracked 
| 119|0x00000000a8d00000, 0x00000000a8d00000, 0x00000000a8e00000|  0%| F|  |TAMS 0x00000000a8d00000, 0x00000000a8d00000| Untracked 
| 120|0x00000000a8e00000, 0x00000000a8e00000, 0x00000000a8f00000|  0%| F|  |TAMS 0x00000000a8e00000, 0x00000000a8e00000| Untracked 
| 121|0x00000000a8f00000, 0x00000000a8f00000, 0x00000000a9000000|  0%| F|  |TAMS 0x00000000a8f00000, 0x00000000a8f00000| Untracked 
| 122|0x00000000a9000000, 0x00000000a9000000, 0x00000000a9100000|  0%| F|  |TAMS 0x00000000a9000000, 0x00000000a9000000| Untracked 
| 123|0x00000000a9100000, 0x00000000a9100000, 0x00000000a9200000|  0%| F|  |TAMS 0x00000000a9100000, 0x00000000a9100000| Untracked 
| 124|0x00000000a9200000, 0x00000000a9200000, 0x00000000a9300000|  0%| F|  |TAMS 0x00000000a9200000, 0x00000000a9200000| Untracked 
| 125|0x00000000a9300000, 0x00000000a9300000, 0x00000000a9400000|  0%| F|  |TAMS 0x00000000a9300000, 0x00000000a9300000| Untracked 
| 126|0x00000000a9400000, 0x00000000a9400000, 0x00000000a9500000|  0%| F|  |TAMS 0x00000000a9400000, 0x00000000a9400000| Untracked 
| 127|0x00000000a9500000, 0x00000000a9500000, 0x00000000a9600000|  0%| F|  |TAMS 0x00000000a9500000, 0x00000000a9500000| Untracked 
| 128|0x00000000a9600000, 0x00000000a9600000, 0x00000000a9700000|  0%| F|  |TAMS 0x00000000a9600000, 0x00000000a9600000| Untracked 
| 129|0x00000000a9700000, 0x00000000a9700000, 0x00000000a9800000|  0%| F|  |TAMS 0x00000000a9700000, 0x00000000a9700000| Untracked 
| 130|0x00000000a9800000, 0x00000000a9800000, 0x00000000a9900000|  0%| F|  |TAMS 0x00000000a9800000, 0x00000000a9800000| Untracked 
| 131|0x00000000a9900000, 0x00000000a9900000, 0x00000000a9a00000|  0%| F|  |TAMS 0x00000000a9900000, 0x00000000a9900000| Untracked 
| 132|0x00000000a9a00000, 0x00000000a9a00000, 0x00000000a9b00000|  0%| F|  |TAMS 0x00000000a9a00000, 0x00000000a9a00000| Untracked 
| 133|0x00000000a9b00000, 0x00000000a9b00000, 0x00000000a9c00000|  0%| F|  |TAMS 0x00000000a9b00000, 0x00000000a9b00000| Untracked 
| 134|0x00000000a9c00000, 0x00000000a9c00000, 0x00000000a9d00000|  0%| F|  |TAMS 0x00000000a9c00000, 0x00000000a9c00000| Untracked 
| 135|0x00000000a9d00000, 0x00000000a9d00000, 0x00000000a9e00000|  0%| F|  |TAMS 0x00000000a9d00000, 0x00000000a9d00000| Untracked 
| 136|0x00000000a9e00000, 0x00000000a9e00000, 0x00000000a9f00000|  0%| F|  |TAMS 0x00000000a9e00000, 0x00000000a9e00000| Untracked 
| 137|0x00000000a9f00000, 0x00000000a9f00000, 0x00000000aa000000|  0%| F|  |TAMS 0x00000000a9f00000, 0x00000000a9f00000| Untracked 
| 138|0x00000000aa000000, 0x00000000aa000000, 0x00000000aa100000|  0%| F|  |TAMS 0x00000000aa000000, 0x00000000aa000000| Untracked 
| 139|0x00000000aa100000, 0x00000000aa100000, 0x00000000aa200000|  0%| F|  |TAMS 0x00000000aa100000, 0x00000000aa100000| Untracked 
| 140|0x00000000aa200000, 0x00000000aa200000, 0x00000000aa300000|  0%| F|  |TAMS 0x00000000aa200000, 0x00000000aa200000| Untracked 
| 141|0x00000000aa300000, 0x00000000aa300000, 0x00000000aa400000|  0%| F|  |TAMS 0x00000000aa300000, 0x00000000aa300000| Untracked 
| 142|0x00000000aa400000, 0x00000000aa400000, 0x00000000aa500000|  0%| F|  |TAMS 0x00000000aa400000, 0x00000000aa400000| Untracked 
| 143|0x00000000aa500000, 0x00000000aa500000, 0x00000000aa600000|  0%| F|  |TAMS 0x00000000aa500000, 0x00000000aa500000| Untracked 
| 144|0x00000000aa600000, 0x00000000aa600000, 0x00000000aa700000|  0%| F|  |TAMS 0x00000000aa600000, 0x00000000aa600000| Untracked 
| 145|0x00000000aa700000, 0x00000000aa700000, 0x00000000aa800000|  0%| F|  |TAMS 0x00000000aa700000, 0x00000000aa700000| Untracked 
| 146|0x00000000aa800000, 0x00000000aa800000, 0x00000000aa900000|  0%| F|  |TAMS 0x00000000aa800000, 0x00000000aa800000| Untracked 
| 147|0x00000000aa900000, 0x00000000aa900000, 0x00000000aaa00000|  0%| F|  |TAMS 0x00000000aa900000, 0x00000000aa900000| Untracked 
| 148|0x00000000aaa00000, 0x00000000aaa00000, 0x00000000aab00000|  0%| F|  |TAMS 0x00000000aaa00000, 0x00000000aaa00000| Untracked 
| 149|0x00000000aab00000, 0x00000000aab00000, 0x00000000aac00000|  0%| F|  |TAMS 0x00000000aab00000, 0x00000000aab00000| Untracked 
| 150|0x00000000aac00000, 0x00000000aac00000, 0x00000000aad00000|  0%| F|  |TAMS 0x00000000aac00000, 0x00000000aac00000| Untracked 
| 151|0x00000000aad00000, 0x00000000aad00000, 0x00000000aae00000|  0%| F|  |TAMS 0x00000000aad00000, 0x00000000aad00000| Untracked 
| 152|0x00000000aae00000, 0x00000000aae00000, 0x00000000aaf00000|  0%| F|  |TAMS 0x00000000aae00000, 0x00000000aae00000| Untracked 
| 153|0x00000000aaf00000, 0x00000000aaf00000, 0x00000000ab000000|  0%| F|  |TAMS 0x00000000aaf00000, 0x00000000aaf00000| Untracked 
| 154|0x00000000ab000000, 0x00000000ab000000, 0x00000000ab100000|  0%| F|  |TAMS 0x00000000ab000000, 0x00000000ab000000| Untracked 
| 155|0x00000000ab100000, 0x00000000ab100000, 0x00000000ab200000|  0%| F|  |TAMS 0x00000000ab100000, 0x00000000ab100000| Untracked 
| 156|0x00000000ab200000, 0x00000000ab200000, 0x00000000ab300000|  0%| F|  |TAMS 0x00000000ab200000, 0x00000000ab200000| Untracked 
| 157|0x00000000ab300000, 0x00000000ab300000, 0x00000000ab400000|  0%| F|  |TAMS 0x00000000ab300000, 0x00000000ab300000| Untracked 
| 158|0x00000000ab400000, 0x00000000ab400000, 0x00000000ab500000|  0%| F|  |TAMS 0x00000000ab400000, 0x00000000ab400000| Untracked 
| 159|0x00000000ab500000, 0x00000000ab500000, 0x00000000ab600000|  0%| F|  |TAMS 0x00000000ab500000, 0x00000000ab500000| Untracked 
| 160|0x00000000ab600000, 0x00000000ab600000, 0x00000000ab700000|  0%| F|  |TAMS 0x00000000ab600000, 0x00000000ab600000| Untracked 
| 161|0x00000000ab700000, 0x00000000ab700000, 0x00000000ab800000|  0%| F|  |TAMS 0x00000000ab700000, 0x00000000ab700000| Untracked 
| 162|0x00000000ab800000, 0x00000000ab800000, 0x00000000ab900000|  0%| F|  |TAMS 0x00000000ab800000, 0x00000000ab800000| Untracked 
| 163|0x00000000ab900000, 0x00000000ab900000, 0x00000000aba00000|  0%| F|  |TAMS 0x00000000ab900000, 0x00000000ab900000| Untracked 
| 164|0x00000000aba00000, 0x00000000aba00000, 0x00000000abb00000|  0%| F|  |TAMS 0x00000000aba00000, 0x00000000aba00000| Untracked 
| 165|0x00000000abb00000, 0x00000000abb00000, 0x00000000abc00000|  0%| F|  |TAMS 0x00000000abb00000, 0x00000000abb00000| Untracked 
| 166|0x00000000abc00000, 0x00000000abc00000, 0x00000000abd00000|  0%| F|  |TAMS 0x00000000abc00000, 0x00000000abc00000| Untracked 
| 167|0x00000000abd00000, 0x00000000abd00000, 0x00000000abe00000|  0%| F|  |TAMS 0x00000000abd00000, 0x00000000abd00000| Untracked 
| 168|0x00000000abe00000, 0x00000000abe00000, 0x00000000abf00000|  0%| F|  |TAMS 0x00000000abe00000, 0x00000000abe00000| Untracked 
| 169|0x00000000abf00000, 0x00000000abf00000, 0x00000000ac000000|  0%| F|  |TAMS 0x00000000abf00000, 0x00000000abf00000| Untracked 
| 170|0x00000000ac000000, 0x00000000ac000000, 0x00000000ac100000|  0%| F|  |TAMS 0x00000000ac000000, 0x00000000ac000000| Untracked 
| 171|0x00000000ac100000, 0x00000000ac100000, 0x00000000ac200000|  0%| F|  |TAMS 0x00000000ac100000, 0x00000000ac100000| Untracked 
| 172|0x00000000ac200000, 0x00000000ac200000, 0x00000000ac300000|  0%| F|  |TAMS 0x00000000ac200000, 0x00000000ac200000| Untracked 
| 173|0x00000000ac300000, 0x00000000ac300000, 0x00000000ac400000|  0%| F|  |TAMS 0x00000000ac300000, 0x00000000ac300000| Untracked 
| 174|0x00000000ac400000, 0x00000000ac400000, 0x00000000ac500000|  0%| F|  |TAMS 0x00000000ac400000, 0x00000000ac400000| Untracked 
| 175|0x00000000ac500000, 0x00000000ac500000, 0x00000000ac600000|  0%| F|  |TAMS 0x00000000ac500000, 0x00000000ac500000| Untracked 
| 176|0x00000000ac600000, 0x00000000ac600000, 0x00000000ac700000|  0%| F|  |TAMS 0x00000000ac600000, 0x00000000ac600000| Untracked 
| 177|0x00000000ac700000, 0x00000000ac700000, 0x00000000ac800000|  0%| F|  |TAMS 0x00000000ac700000, 0x00000000ac700000| Untracked 
| 178|0x00000000ac800000, 0x00000000ac800000, 0x00000000ac900000|  0%| F|  |TAMS 0x00000000ac800000, 0x00000000ac800000| Untracked 
| 179|0x00000000ac900000, 0x00000000ac900000, 0x00000000aca00000|  0%| F|  |TAMS 0x00000000ac900000, 0x00000000ac900000| Untracked 
| 180|0x00000000aca00000, 0x00000000aca00000, 0x00000000acb00000|  0%| F|  |TAMS 0x00000000aca00000, 0x00000000aca00000| Untracked 
| 181|0x00000000acb00000, 0x00000000acb00000, 0x00000000acc00000|  0%| F|  |TAMS 0x00000000acb00000, 0x00000000acb00000| Untracked 
| 182|0x00000000acc00000, 0x00000000acc00000, 0x00000000acd00000|  0%| F|  |TAMS 0x00000000acc00000, 0x00000000acc00000| Untracked 
| 183|0x00000000acd00000, 0x00000000acd00000, 0x00000000ace00000|  0%| F|  |TAMS 0x00000000acd00000, 0x00000000acd00000| Untracked 
| 184|0x00000000ace00000, 0x00000000ace00000, 0x00000000acf00000|  0%| F|  |TAMS 0x00000000ace00000, 0x00000000ace00000| Untracked 
| 185|0x00000000acf00000, 0x00000000acf00000, 0x00000000ad000000|  0%| F|  |TAMS 0x00000000acf00000, 0x00000000acf00000| Untracked 
| 186|0x00000000ad000000, 0x00000000ad000000, 0x00000000ad100000|  0%| F|  |TAMS 0x00000000ad000000, 0x00000000ad000000| Untracked 
| 187|0x00000000ad100000, 0x00000000ad100000, 0x00000000ad200000|  0%| F|  |TAMS 0x00000000ad100000, 0x00000000ad100000| Untracked 
| 188|0x00000000ad200000, 0x00000000ad200000, 0x00000000ad300000|  0%| F|  |TAMS 0x00000000ad200000, 0x00000000ad200000| Untracked 
| 189|0x00000000ad300000, 0x00000000ad300000, 0x00000000ad400000|  0%| F|  |TAMS 0x00000000ad300000, 0x00000000ad300000| Untracked 
| 190|0x00000000ad400000, 0x00000000ad400000, 0x00000000ad500000|  0%| F|  |TAMS 0x00000000ad400000, 0x00000000ad400000| Untracked 
| 191|0x00000000ad500000, 0x00000000ad500000, 0x00000000ad600000|  0%| F|  |TAMS 0x00000000ad500000, 0x00000000ad500000| Untracked 
| 192|0x00000000ad600000, 0x00000000ad600000, 0x00000000ad700000|  0%| F|  |TAMS 0x00000000ad600000, 0x00000000ad600000| Untracked 
| 193|0x00000000ad700000, 0x00000000ad700000, 0x00000000ad800000|  0%| F|  |TAMS 0x00000000ad700000, 0x00000000ad700000| Untracked 
| 194|0x00000000ad800000, 0x00000000ad800000, 0x00000000ad900000|  0%| F|  |TAMS 0x00000000ad800000, 0x00000000ad800000| Untracked 
| 195|0x00000000ad900000, 0x00000000ad900000, 0x00000000ada00000|  0%| F|  |TAMS 0x00000000ad900000, 0x00000000ad900000| Untracked 
| 196|0x00000000ada00000, 0x00000000ada00000, 0x00000000adb00000|  0%| F|  |TAMS 0x00000000ada00000, 0x00000000ada00000| Untracked 
| 197|0x00000000adb00000, 0x00000000adb00000, 0x00000000adc00000|  0%| F|  |TAMS 0x00000000adb00000, 0x00000000adb00000| Untracked 
| 198|0x00000000adc00000, 0x00000000adc00000, 0x00000000add00000|  0%| F|  |TAMS 0x00000000adc00000, 0x00000000adc00000| Untracked 
| 199|0x00000000add00000, 0x00000000add00000, 0x00000000ade00000|  0%| F|  |TAMS 0x00000000add00000, 0x00000000add00000| Untracked 
| 200|0x00000000ade00000, 0x00000000ade00000, 0x00000000adf00000|  0%| F|  |TAMS 0x00000000ade00000, 0x00000000ade00000| Untracked 
| 201|0x00000000adf00000, 0x00000000adf00000, 0x00000000ae000000|  0%| F|  |TAMS 0x00000000adf00000, 0x00000000adf00000| Untracked 
| 202|0x00000000ae000000, 0x00000000ae000000, 0x00000000ae100000|  0%| F|  |TAMS 0x00000000ae000000, 0x00000000ae000000| Untracked 
| 203|0x00000000ae100000, 0x00000000ae100000, 0x00000000ae200000|  0%| F|  |TAMS 0x00000000ae100000, 0x00000000ae100000| Untracked 
| 204|0x00000000ae200000, 0x00000000ae200000, 0x00000000ae300000|  0%| F|  |TAMS 0x00000000ae200000, 0x00000000ae200000| Untracked 
| 205|0x00000000ae300000, 0x00000000ae300000, 0x00000000ae400000|  0%| F|  |TAMS 0x00000000ae300000, 0x00000000ae300000| Untracked 
| 206|0x00000000ae400000, 0x00000000ae400000, 0x00000000ae500000|  0%| F|  |TAMS 0x00000000ae400000, 0x00000000ae400000| Untracked 
| 207|0x00000000ae500000, 0x00000000ae500000, 0x00000000ae600000|  0%| F|  |TAMS 0x00000000ae500000, 0x00000000ae500000| Untracked 
| 208|0x00000000ae600000, 0x00000000ae600000, 0x00000000ae700000|  0%| F|  |TAMS 0x00000000ae600000, 0x00000000ae600000| Untracked 
| 209|0x00000000ae700000, 0x00000000ae700000, 0x00000000ae800000|  0%| F|  |TAMS 0x00000000ae700000, 0x00000000ae700000| Untracked 
| 210|0x00000000ae800000, 0x00000000ae800000, 0x00000000ae900000|  0%| F|  |TAMS 0x00000000ae800000, 0x00000000ae800000| Untracked 
| 211|0x00000000ae900000, 0x00000000ae900000, 0x00000000aea00000|  0%| F|  |TAMS 0x00000000ae900000, 0x00000000ae900000| Untracked 
| 212|0x00000000aea00000, 0x00000000aea00000, 0x00000000aeb00000|  0%| F|  |TAMS 0x00000000aea00000, 0x00000000aea00000| Untracked 
| 213|0x00000000aeb00000, 0x00000000aeb00000, 0x00000000aec00000|  0%| F|  |TAMS 0x00000000aeb00000, 0x00000000aeb00000| Untracked 
| 214|0x00000000aec00000, 0x00000000aec00000, 0x00000000aed00000|  0%| F|  |TAMS 0x00000000aec00000, 0x00000000aec00000| Untracked 
| 215|0x00000000aed00000, 0x00000000aed00000, 0x00000000aee00000|  0%| F|  |TAMS 0x00000000aed00000, 0x00000000aed00000| Untracked 
| 216|0x00000000aee00000, 0x00000000aee00000, 0x00000000aef00000|  0%| F|  |TAMS 0x00000000aee00000, 0x00000000aee00000| Untracked 
| 217|0x00000000aef00000, 0x00000000aef00000, 0x00000000af000000|  0%| F|  |TAMS 0x00000000aef00000, 0x00000000aef00000| Untracked 
| 218|0x00000000af000000, 0x00000000af000000, 0x00000000af100000|  0%| F|  |TAMS 0x00000000af000000, 0x00000000af000000| Untracked 
| 219|0x00000000af100000, 0x00000000af100000, 0x00000000af200000|  0%| F|  |TAMS 0x00000000af100000, 0x00000000af100000| Untracked 
| 220|0x00000000af200000, 0x00000000af200000, 0x00000000af300000|  0%| F|  |TAMS 0x00000000af200000, 0x00000000af200000| Untracked 
| 221|0x00000000af300000, 0x00000000af300000, 0x00000000af400000|  0%| F|  |TAMS 0x00000000af300000, 0x00000000af300000| Untracked 
| 222|0x00000000af400000, 0x00000000af400000, 0x00000000af500000|  0%| F|  |TAMS 0x00000000af400000, 0x00000000af400000| Untracked 
| 223|0x00000000af500000, 0x00000000af500000, 0x00000000af600000|  0%| F|  |TAMS 0x00000000af500000, 0x00000000af500000| Untracked 
| 224|0x00000000af600000, 0x00000000af600000, 0x00000000af700000|  0%| F|  |TAMS 0x00000000af600000, 0x00000000af600000| Untracked 
| 225|0x00000000af700000, 0x00000000af700000, 0x00000000af800000|  0%| F|  |TAMS 0x00000000af700000, 0x00000000af700000| Untracked 
| 226|0x00000000af800000, 0x00000000af800000, 0x00000000af900000|  0%| F|  |TAMS 0x00000000af800000, 0x00000000af800000| Untracked 
| 227|0x00000000af900000, 0x00000000af900000, 0x00000000afa00000|  0%| F|  |TAMS 0x00000000af900000, 0x00000000af900000| Untracked 
| 228|0x00000000afa00000, 0x00000000afa00000, 0x00000000afb00000|  0%| F|  |TAMS 0x00000000afa00000, 0x00000000afa00000| Untracked 
| 229|0x00000000afb00000, 0x00000000afc00000, 0x00000000afc00000|100%| E|  |TAMS 0x00000000afb00000, 0x00000000afb00000| Complete 
| 230|0x00000000afc00000, 0x00000000afd00000, 0x00000000afd00000|100%| E|CS|TAMS 0x00000000afc00000, 0x00000000afc00000| Complete 
| 231|0x00000000afd00000, 0x00000000afe00000, 0x00000000afe00000|100%| E|CS|TAMS 0x00000000afd00000, 0x00000000afd00000| Complete 
| 232|0x00000000afe00000, 0x00000000aff00000, 0x00000000aff00000|100%| E|CS|TAMS 0x00000000afe00000, 0x00000000afe00000| Complete 
| 233|0x00000000aff00000, 0x00000000b0000000, 0x00000000b0000000|100%| E|CS|TAMS 0x00000000aff00000, 0x00000000aff00000| Complete 
| 234|0x00000000b0000000, 0x00000000b0100000, 0x00000000b0100000|100%| E|CS|TAMS 0x00000000b0000000, 0x00000000b0000000| Complete 
| 235|0x00000000b0100000, 0x00000000b0200000, 0x00000000b0200000|100%| E|CS|TAMS 0x00000000b0100000, 0x00000000b0100000| Complete 
| 236|0x00000000b0200000, 0x00000000b0300000, 0x00000000b0300000|100%| E|CS|TAMS 0x00000000b0200000, 0x00000000b0200000| Complete 
| 237|0x00000000b0300000, 0x00000000b0400000, 0x00000000b0400000|100%| E|CS|TAMS 0x00000000b0300000, 0x00000000b0300000| Complete 
| 238|0x00000000b0400000, 0x00000000b0500000, 0x00000000b0500000|100%| E|CS|TAMS 0x00000000b0400000, 0x00000000b0400000| Complete 
| 239|0x00000000b0500000, 0x00000000b0600000, 0x00000000b0600000|100%| E|CS|TAMS 0x00000000b0500000, 0x00000000b0500000| Complete 
| 240|0x00000000b0600000, 0x00000000b0700000, 0x00000000b0700000|100%| E|CS|TAMS 0x00000000b0600000, 0x00000000b0600000| Complete 
| 241|0x00000000b0700000, 0x00000000b0800000, 0x00000000b0800000|100%| E|CS|TAMS 0x00000000b0700000, 0x00000000b0700000| Complete 
| 242|0x00000000b0800000, 0x00000000b0900000, 0x00000000b0900000|100%| E|CS|TAMS 0x00000000b0800000, 0x00000000b0800000| Complete 
| 243|0x00000000b0900000, 0x00000000b0a00000, 0x00000000b0a00000|100%| E|CS|TAMS 0x00000000b0900000, 0x00000000b0900000| Complete 
| 244|0x00000000b0a00000, 0x00000000b0b00000, 0x00000000b0b00000|100%| E|CS|TAMS 0x00000000b0a00000, 0x00000000b0a00000| Complete 
| 245|0x00000000b0b00000, 0x00000000b0c00000, 0x00000000b0c00000|100%| E|CS|TAMS 0x00000000b0b00000, 0x00000000b0b00000| Complete 
| 246|0x00000000b0c00000, 0x00000000b0d00000, 0x00000000b0d00000|100%| E|CS|TAMS 0x00000000b0c00000, 0x00000000b0c00000| Complete 
| 247|0x00000000b0d00000, 0x00000000b0e00000, 0x00000000b0e00000|100%| E|CS|TAMS 0x00000000b0d00000, 0x00000000b0d00000| Complete 
| 248|0x00000000b0e00000, 0x00000000b0f00000, 0x00000000b0f00000|100%| E|CS|TAMS 0x00000000b0e00000, 0x00000000b0e00000| Complete 
| 249|0x00000000b0f00000, 0x00000000b1000000, 0x00000000b1000000|100%| E|CS|TAMS 0x00000000b0f00000, 0x00000000b0f00000| Complete 
| 250|0x00000000b1000000, 0x00000000b1100000, 0x00000000b1100000|100%| E|CS|TAMS 0x00000000b1000000, 0x00000000b1000000| Complete 
| 251|0x00000000b1100000, 0x00000000b1200000, 0x00000000b1200000|100%| E|CS|TAMS 0x00000000b1100000, 0x00000000b1100000| Complete 
| 252|0x00000000b1200000, 0x00000000b1300000, 0x00000000b1300000|100%| E|CS|TAMS 0x00000000b1200000, 0x00000000b1200000| Complete 
| 253|0x00000000b1300000, 0x00000000b1400000, 0x00000000b1400000|100%| E|CS|TAMS 0x00000000b1300000, 0x00000000b1300000| Complete 
| 254|0x00000000b1400000, 0x00000000b1500000, 0x00000000b1500000|100%| E|CS|TAMS 0x00000000b1400000, 0x00000000b1400000| Complete 
| 255|0x00000000b1500000, 0x00000000b1600000, 0x00000000b1600000|100%| E|CS|TAMS 0x00000000b1500000, 0x00000000b1500000| Complete 
| 256|0x00000000b1600000, 0x00000000b1700000, 0x00000000b1700000|100%| E|CS|TAMS 0x00000000b1600000, 0x00000000b1600000| Complete 
| 257|0x00000000b1700000, 0x00000000b1800000, 0x00000000b1800000|100%| E|CS|TAMS 0x00000000b1700000, 0x00000000b1700000| Complete 
| 258|0x00000000b1800000, 0x00000000b1900000, 0x00000000b1900000|100%| E|CS|TAMS 0x00000000b1800000, 0x00000000b1800000| Complete 
| 259|0x00000000b1900000, 0x00000000b1a00000, 0x00000000b1a00000|100%| E|CS|TAMS 0x00000000b1900000, 0x00000000b1900000| Complete 
| 260|0x00000000b1a00000, 0x00000000b1b00000, 0x00000000b1b00000|100%| E|CS|TAMS 0x00000000b1a00000, 0x00000000b1a00000| Complete 
| 261|0x00000000b1b00000, 0x00000000b1c00000, 0x00000000b1c00000|100%| E|CS|TAMS 0x00000000b1b00000, 0x00000000b1b00000| Complete 
| 262|0x00000000b1c00000, 0x00000000b1d00000, 0x00000000b1d00000|100%| E|CS|TAMS 0x00000000b1c00000, 0x00000000b1c00000| Complete 
| 263|0x00000000b1d00000, 0x00000000b1e00000, 0x00000000b1e00000|100%| E|CS|TAMS 0x00000000b1d00000, 0x00000000b1d00000| Complete 
| 264|0x00000000b1e00000, 0x00000000b1f00000, 0x00000000b1f00000|100%| E|CS|TAMS 0x00000000b1e00000, 0x00000000b1e00000| Complete 
| 265|0x00000000b1f00000, 0x00000000b2000000, 0x00000000b2000000|100%| E|CS|TAMS 0x00000000b1f00000, 0x00000000b1f00000| Complete 
| 266|0x00000000b2000000, 0x00000000b2100000, 0x00000000b2100000|100%| E|CS|TAMS 0x00000000b2000000, 0x00000000b2000000| Complete 
| 267|0x00000000b2100000, 0x00000000b2200000, 0x00000000b2200000|100%| E|CS|TAMS 0x00000000b2100000, 0x00000000b2100000| Complete 
| 268|0x00000000b2200000, 0x00000000b2300000, 0x00000000b2300000|100%| E|CS|TAMS 0x00000000b2200000, 0x00000000b2200000| Complete 
| 269|0x00000000b2300000, 0x00000000b2400000, 0x00000000b2400000|100%| E|CS|TAMS 0x00000000b2300000, 0x00000000b2300000| Complete 
| 270|0x00000000b2400000, 0x00000000b2500000, 0x00000000b2500000|100%| E|CS|TAMS 0x00000000b2400000, 0x00000000b2400000| Complete 
| 271|0x00000000b2500000, 0x00000000b2600000, 0x00000000b2600000|100%| E|CS|TAMS 0x00000000b2500000, 0x00000000b2500000| Complete 
| 272|0x00000000b2600000, 0x00000000b2700000, 0x00000000b2700000|100%| E|CS|TAMS 0x00000000b2600000, 0x00000000b2600000| Complete 
| 273|0x00000000b2700000, 0x00000000b2800000, 0x00000000b2800000|100%| E|CS|TAMS 0x00000000b2700000, 0x00000000b2700000| Complete 
| 274|0x00000000b2800000, 0x00000000b2900000, 0x00000000b2900000|100%| E|CS|TAMS 0x00000000b2800000, 0x00000000b2800000| Complete 
| 275|0x00000000b2900000, 0x00000000b2a00000, 0x00000000b2a00000|100%| E|CS|TAMS 0x00000000b2900000, 0x00000000b2900000| Complete 
| 276|0x00000000b2a00000, 0x00000000b2b00000, 0x00000000b2b00000|100%| E|CS|TAMS 0x00000000b2a00000, 0x00000000b2a00000| Complete 
| 277|0x00000000b2b00000, 0x00000000b2c00000, 0x00000000b2c00000|100%| E|CS|TAMS 0x00000000b2b00000, 0x00000000b2b00000| Complete 
| 278|0x00000000b2c00000, 0x00000000b2d00000, 0x00000000b2d00000|100%| E|CS|TAMS 0x00000000b2c00000, 0x00000000b2c00000| Complete 
| 279|0x00000000b2d00000, 0x00000000b2e00000, 0x00000000b2e00000|100%| E|CS|TAMS 0x00000000b2d00000, 0x00000000b2d00000| Complete 
| 280|0x00000000b2e00000, 0x00000000b2f00000, 0x00000000b2f00000|100%| E|CS|TAMS 0x00000000b2e00000, 0x00000000b2e00000| Complete 
| 281|0x00000000b2f00000, 0x00000000b3000000, 0x00000000b3000000|100%| E|CS|TAMS 0x00000000b2f00000, 0x00000000b2f00000| Complete 
| 282|0x00000000b3000000, 0x00000000b3100000, 0x00000000b3100000|100%| E|CS|TAMS 0x00000000b3000000, 0x00000000b3000000| Complete 
| 283|0x00000000b3100000, 0x00000000b3200000, 0x00000000b3200000|100%| E|CS|TAMS 0x00000000b3100000, 0x00000000b3100000| Complete 
| 284|0x00000000b3200000, 0x00000000b3300000, 0x00000000b3300000|100%| E|CS|TAMS 0x00000000b3200000, 0x00000000b3200000| Complete 
| 285|0x00000000b3300000, 0x00000000b3400000, 0x00000000b3400000|100%| E|CS|TAMS 0x00000000b3300000, 0x00000000b3300000| Complete 
| 286|0x00000000b3400000, 0x00000000b3500000, 0x00000000b3500000|100%| E|CS|TAMS 0x00000000b3400000, 0x00000000b3400000| Complete 
|1513|0x00000000fff00000, 0x0000000100000000, 0x0000000100000000|100%| O|  |TAMS 0x0000000100000000, 0x00000000fff00000| Untracked 

Card table byte_map: [0x0000026e00000000,0x0000026e00300000] _byte_map_base: 0x0000026dffaf5000

Marking Bits (Prev, Next): (CMBitMap*) 0x0000026e6d7697f0, (CMBitMap*) 0x0000026e6d7697b0
 Prev Bits: [0x0000026e01db0000, 0x0000026e03558000)
 Next Bits: [0x0000026e00600000, 0x0000026e01da8000)

Polling page: 0x0000026e6b670000

Metaspace:

Usage:
  Non-class:     73.07 MB used.
      Class:      9.08 MB used.
       Both:     82.15 MB used.

Virtual space:
  Non-class space:      128.00 MB reserved,      73.19 MB ( 57%) committed,  2 nodes.
      Class space:        1.00 GB reserved,       9.25 MB ( <1%) committed,  1 nodes.
             Both:        1.12 GB reserved,      82.44 MB (  7%) committed. 

Chunk freelists:
   Non-Class:  6.56 MB
       Class:  6.78 MB
        Both:  13.34 MB

MaxMetaspaceSize: unlimited
CompressedClassSpaceSize: 1.00 GB
Initial GC threshold: 21.00 MB
Current GC threshold: 120.00 MB
CDS: off
MetaspaceReclaimPolicy: balanced
 - commit_granule_bytes: 65536.
 - commit_granule_words: 8192.
 - virtual_space_node_default_size: 8388608.
 - enlarge_chunks_in_place: 1.
 - new_chunks_are_fully_committed: 0.
 - uncommit_free_chunks: 1.
 - use_allocation_guard: 0.
 - handle_deallocations: 1.


Internal statistics:

num_allocs_failed_limit: 3.
num_arena_births: 358.
num_arena_deaths: 0.
num_vsnodes_births: 3.
num_vsnodes_deaths: 0.
num_space_committed: 1317.
num_space_uncommitted: 0.
num_chunks_returned_to_freelist: 3.
num_chunks_taken_from_freelist: 3079.
num_chunk_merges: 3.
num_chunk_splits: 2525.
num_chunks_enlarged: 2243.
num_inconsistent_stats: 0.

CodeHeap 'non-profiled nmethods': size=120000Kb used=6774Kb max_used=6774Kb free=113225Kb
 bounds [0x0000026e786d0000, 0x0000026e78d70000, 0x0000026e7fc00000]
CodeHeap 'profiled nmethods': size=120000Kb used=35317Kb max_used=35317Kb free=84682Kb
 bounds [0x0000026e70c00000, 0x0000026e72e80000, 0x0000026e78130000]
CodeHeap 'non-nmethods': size=5760Kb used=1392Kb max_used=1560Kb free=4367Kb
 bounds [0x0000026e78130000, 0x0000026e783a0000, 0x0000026e786d0000]
 total_blobs=13530 nmethods=12811 adapters=628
 compilation: enabled
              stopped_count=0, restarted_count=0
 full_count=0

Compilation events (20 events):
Event: 27.404 Thread 0x0000026e0a018df0 15288       3       org.jetbrains.kotlin.ir.declarations.lazy.IrLazyClass::getThisReceiver (19 bytes)
Event: 27.404 Thread 0x0000026e0a018df0 nmethod 15288 0x0000026e72e45010 code [0x0000026e72e451c0, 0x0000026e72e45488]
Event: 27.404 Thread 0x0000026e0a018df0 15289       3       org.jetbrains.kotlin.ir.util.IrUtilsKt::getDefaultType (29 bytes)
Event: 27.405 Thread 0x0000026e0a018df0 nmethod 15289 0x0000026e72e45590 code [0x0000026e72e458a0, 0x0000026e72e468f8]
Event: 27.405 Thread 0x0000026e0a018df0 15290       3       org.jetbrains.kotlin.backend.jvm.lower.JvmMultiFieldValueClassLowering::getReplacements (8 bytes)
Event: 27.405 Thread 0x0000026e0a018df0 nmethod 15290 0x0000026e72e46e90 code [0x0000026e72e47020, 0x0000026e72e47158]
Event: 27.405 Thread 0x0000026e0a018df0 15269       3       org.jetbrains.kotlin.ir.visitors.IrElementTransformerVoid::visitSetField (13 bytes)
Event: 27.406 Thread 0x0000026e0a018df0 nmethod 15269 0x0000026e72e47210 code [0x0000026e72e47420, 0x0000026e72e47a88]
Event: 27.406 Thread 0x0000026e0a018df0 15275       3       org.jetbrains.kotlin.ir.visitors.IrElementTransformerVoid::visitField (12 bytes)
Event: 27.407 Thread 0x0000026e0a018df0 nmethod 15275 0x0000026e72e47d10 code [0x0000026e72e47f20, 0x0000026e72e48588]
Event: 27.407 Thread 0x0000026e0a018df0 15282       3       org.jetbrains.kotlin.backend.common.BodyLoweringVisitor::visitBody (13 bytes)
Event: 27.407 Thread 0x0000026e0a018df0 nmethod 15282 0x0000026e72e48810 code [0x0000026e72e489c0, 0x0000026e72e48c28]
Event: 27.407 Thread 0x0000026e0a018df0 15283       3       org.jetbrains.kotlin.backend.common.BodyLoweringVisitor::visitBody (58 bytes)
Event: 27.409 Thread 0x0000026e0a018df0 nmethod 15283 0x0000026e72e48d10 code [0x0000026e72e490a0, 0x0000026e72e4a6d8]
Event: 27.409 Thread 0x0000026e0a018df0 15284       3       org.jetbrains.kotlin.backend.common.BodyLoweringVisitor$visitBody$1::<init> (21 bytes)
Event: 27.409 Thread 0x0000026e0a018df0 nmethod 15284 0x0000026e72e4af10 code [0x0000026e72e4b0c0, 0x0000026e72e4b398]
Event: 27.409 Thread 0x0000026e0a018df0 15280       3       org.jetbrains.kotlin.ir.visitors.IrElementTransformerVoid::visitConstructor (10 bytes)
Event: 27.409 Thread 0x0000026e0a018df0 nmethod 15280 0x0000026e72e4b490 code [0x0000026e72e4b6c0, 0x0000026e72e4be88]
Event: 27.410 Thread 0x0000026e0a018df0 15281       3       org.jetbrains.kotlin.ir.visitors.IrElementTransformerVoid::visitConstructor (12 bytes)
Event: 27.410 Thread 0x0000026e0a018df0 nmethod 15281 0x0000026e72e4c110 code [0x0000026e72e4c320, 0x0000026e72e4c988]

GC Heap History (20 events):
Event: 11.962 GC heap before
{Heap before GC invocations=23 (full 0):
 garbage-first heap   total 112640K, used 87453K [0x00000000a1600000, 0x0000000100000000)
  region size 1024K, 37 young (37888K), 1 survivors (1024K)
 Metaspace       used 63075K, committed 63296K, reserved 1114112K
  class space    used 7472K, committed 7552K, reserved 1048576K
}
Event: 11.979 GC heap after
{Heap after GC invocations=24 (full 0):
 garbage-first heap   total 141312K, used 56814K [0x00000000a1600000, 0x0000000100000000)
  region size 1024K, 5 young (5120K), 5 survivors (5120K)
 Metaspace       used 63075K, committed 63296K, reserved 1114112K
  class space    used 7472K, committed 7552K, reserved 1048576K
}
Event: 14.603 GC heap before
{Heap before GC invocations=24 (full 0):
 garbage-first heap   total 141312K, used 101870K [0x00000000a1600000, 0x0000000100000000)
  region size 1024K, 48 young (49152K), 5 survivors (5120K)
 Metaspace       used 65298K, committed 65600K, reserved 1114112K
  class space    used 7521K, committed 7680K, reserved 1048576K
}
Event: 14.628 GC heap after
{Heap after GC invocations=25 (full 0):
 garbage-first heap   total 141312K, used 65239K [0x00000000a1600000, 0x0000000100000000)
  region size 1024K, 6 young (6144K), 6 survivors (6144K)
 Metaspace       used 65298K, committed 65600K, reserved 1114112K
  class space    used 7521K, committed 7680K, reserved 1048576K
}
Event: 16.056 GC heap before
{Heap before GC invocations=25 (full 0):
 garbage-first heap   total 141312K, used 106199K [0x00000000a1600000, 0x0000000100000000)
  region size 1024K, 46 young (47104K), 6 survivors (6144K)
 Metaspace       used 66854K, committed 67136K, reserved 1114112K
  class space    used 7641K, committed 7808K, reserved 1048576K
}
Event: 16.078 GC heap after
{Heap after GC invocations=26 (full 0):
 garbage-first heap   total 141312K, used 70267K [0x00000000a1600000, 0x0000000100000000)
  region size 1024K, 6 young (6144K), 6 survivors (6144K)
 Metaspace       used 66854K, committed 67136K, reserved 1114112K
  class space    used 7641K, committed 7808K, reserved 1048576K
}
Event: 17.668 GC heap before
{Heap before GC invocations=26 (full 0):
 garbage-first heap   total 141312K, used 103035K [0x00000000a1600000, 0x0000000100000000)
  region size 1024K, 39 young (39936K), 6 survivors (6144K)
 Metaspace       used 67594K, committed 67968K, reserved 1114112K
  class space    used 7685K, committed 7872K, reserved 1048576K
}
Event: 17.684 GC heap after
{Heap after GC invocations=27 (full 0):
 garbage-first heap   total 141312K, used 73668K [0x00000000a1600000, 0x0000000100000000)
  region size 1024K, 3 young (3072K), 3 survivors (3072K)
 Metaspace       used 67594K, committed 67968K, reserved 1114112K
  class space    used 7685K, committed 7872K, reserved 1048576K
}
Event: 20.436 GC heap before
{Heap before GC invocations=28 (full 0):
 garbage-first heap   total 141312K, used 114628K [0x00000000a1600000, 0x0000000100000000)
  region size 1024K, 41 young (41984K), 3 survivors (3072K)
 Metaspace       used 68097K, committed 68416K, reserved 1114112K
  class space    used 7713K, committed 7872K, reserved 1048576K
}
Event: 20.448 GC heap after
{Heap after GC invocations=29 (full 0):
 garbage-first heap   total 141312K, used 77558K [0x00000000a1600000, 0x0000000100000000)
  region size 1024K, 5 young (5120K), 5 survivors (5120K)
 Metaspace       used 68097K, committed 68416K, reserved 1114112K
  class space    used 7713K, committed 7872K, reserved 1048576K
}
Event: 20.487 GC heap before
{Heap before GC invocations=29 (full 0):
 garbage-first heap   total 141312K, used 78582K [0x00000000a1600000, 0x0000000100000000)
  region size 1024K, 6 young (6144K), 5 survivors (5120K)
 Metaspace       used 68180K, committed 68480K, reserved 1114112K
  class space    used 7720K, committed 7872K, reserved 1048576K
}
Event: 20.499 GC heap after
{Heap after GC invocations=30 (full 0):
 garbage-first heap   total 141312K, used 77430K [0x00000000a1600000, 0x0000000100000000)
  region size 1024K, 1 young (1024K), 1 survivors (1024K)
 Metaspace       used 68180K, committed 68480K, reserved 1114112K
  class space    used 7720K, committed 7872K, reserved 1048576K
}
Event: 23.235 GC heap before
{Heap before GC invocations=30 (full 0):
 garbage-first heap   total 141312K, used 114294K [0x00000000a1600000, 0x0000000100000000)
  region size 1024K, 37 young (37888K), 1 survivors (1024K)
 Metaspace       used 71473K, committed 71808K, reserved 1114112K
  class space    used 8033K, committed 8192K, reserved 1048576K
}
Event: 23.240 GC heap after
{Heap after GC invocations=31 (full 0):
 garbage-first heap   total 141312K, used 78665K [0x00000000a1600000, 0x0000000100000000)
  region size 1024K, 2 young (2048K), 2 survivors (2048K)
 Metaspace       used 71473K, committed 71808K, reserved 1114112K
  class space    used 8033K, committed 8192K, reserved 1048576K
}
Event: 24.529 GC heap before
{Heap before GC invocations=32 (full 0):
 garbage-first heap   total 147456K, used 115529K [0x00000000a1600000, 0x0000000100000000)
  region size 1024K, 38 young (38912K), 2 survivors (2048K)
 Metaspace       used 74472K, committed 74752K, reserved 1179648K
  class space    used 8315K, committed 8448K, reserved 1048576K
}
Event: 24.544 GC heap after
{Heap after GC invocations=33 (full 0):
 garbage-first heap   total 147456K, used 83216K [0x00000000a1600000, 0x0000000100000000)
  region size 1024K, 5 young (5120K), 5 survivors (5120K)
 Metaspace       used 74472K, committed 74752K, reserved 1179648K
  class space    used 8315K, committed 8448K, reserved 1048576K
}
Event: 24.652 GC heap before
{Heap before GC invocations=33 (full 0):
 garbage-first heap   total 147456K, used 85264K [0x00000000a1600000, 0x0000000100000000)
  region size 1024K, 7 young (7168K), 5 survivors (5120K)
 Metaspace       used 74517K, committed 74816K, reserved 1179648K
  class space    used 8317K, committed 8448K, reserved 1048576K
}
Event: 24.665 GC heap after
{Heap after GC invocations=34 (full 0):
 garbage-first heap   total 147456K, used 82705K [0x00000000a1600000, 0x0000000100000000)
  region size 1024K, 1 young (1024K), 1 survivors (1024K)
 Metaspace       used 74517K, committed 74816K, reserved 1179648K
  class space    used 8317K, committed 8448K, reserved 1048576K
}
Event: 26.001 GC heap before
{Heap before GC invocations=34 (full 0):
 garbage-first heap   total 147456K, used 120593K [0x00000000a1600000, 0x0000000100000000)
  region size 1024K, 38 young (38912K), 1 survivors (1024K)
 Metaspace       used 80862K, committed 81152K, reserved 1179648K
  class space    used 8995K, committed 9152K, reserved 1048576K
}
Event: 26.012 GC heap after
{Heap after GC invocations=35 (full 0):
 garbage-first heap   total 294912K, used 85104K [0x00000000a1600000, 0x0000000100000000)
  region size 1024K, 4 young (4096K), 4 survivors (4096K)
 Metaspace       used 80862K, committed 81152K, reserved 1179648K
  class space    used 8995K, committed 9152K, reserved 1048576K
}

Dll operation events (2 events):
Event: 0.014 Loaded shared library C:\Program Files\Android\Android Studio\jbr\bin\java.dll
Event: 2.125 Loaded shared library C:\Program Files\Android\Android Studio\jbr\bin\verify.dll

Deoptimization events (20 events):
Event: 27.125 Thread 0x0000026e6d71c200 DEOPT PACKING pc=0x0000026e78d51a00 sp=0x0000007d5e4fbe10
Event: 27.125 Thread 0x0000026e6d71c200 DEOPT UNPACKING pc=0x0000026e781869a3 sp=0x0000007d5e4fbdc0 mode 2
Event: 27.133 Thread 0x0000026e6d71c200 DEOPT PACKING pc=0x0000026e72c4a7d7 sp=0x0000007d5e4fd040
Event: 27.133 Thread 0x0000026e6d71c200 DEOPT UNPACKING pc=0x0000026e78187143 sp=0x0000007d5e4fc4d0 mode 0
Event: 27.139 Thread 0x0000026e6d71c200 Uncommon trap: trap_request=0xffffff45 fr.pc=0x0000026e78d44da0 relative=0x0000000000001b00
Event: 27.139 Thread 0x0000026e6d71c200 Uncommon trap: reason=unstable_if action=reinterpret pc=0x0000026e78d44da0 method=org.jetbrains.kotlin.ir.declarations.lazy.IrLazySymbolTable.referenceClass(Lorg/jetbrains/kotlin/descriptors/ClassDescriptor;)Lorg/jetbrains/kotlin/ir/symbols/IrClassSymbol;
Event: 27.139 Thread 0x0000026e6d71c200 DEOPT PACKING pc=0x0000026e78d44da0 sp=0x0000007d5e4fc0e0
Event: 27.139 Thread 0x0000026e6d71c200 DEOPT UNPACKING pc=0x0000026e781869a3 sp=0x0000007d5e4fbff8 mode 2
Event: 27.187 Thread 0x0000026e6d71c200 Uncommon trap: trap_request=0xffffffde fr.pc=0x0000026e78a73d7c relative=0x00000000000007bc
Event: 27.187 Thread 0x0000026e6d71c200 Uncommon trap: reason=class_check action=maybe_recompile pc=0x0000026e78a73d7c method=java.lang.AbstractStringBuilder.append(Ljava/lang/CharSequence;)Ljava/lang/AbstractStringBuilder; @ 10 c2
Event: 27.187 Thread 0x0000026e6d71c200 DEOPT PACKING pc=0x0000026e78a73d7c sp=0x0000007d5e4fcb30
Event: 27.187 Thread 0x0000026e6d71c200 DEOPT UNPACKING pc=0x0000026e781869a3 sp=0x0000007d5e4fcb20 mode 2
Event: 27.187 Thread 0x0000026e6d71c200 Uncommon trap: trap_request=0xffffffde fr.pc=0x0000026e78a73d7c relative=0x00000000000007bc
Event: 27.187 Thread 0x0000026e6d71c200 Uncommon trap: reason=class_check action=maybe_recompile pc=0x0000026e78a73d7c method=java.lang.AbstractStringBuilder.append(Ljava/lang/CharSequence;)Ljava/lang/AbstractStringBuilder; @ 10 c2
Event: 27.187 Thread 0x0000026e6d71c200 DEOPT PACKING pc=0x0000026e78a73d7c sp=0x0000007d5e4fcb30
Event: 27.187 Thread 0x0000026e6d71c200 DEOPT UNPACKING pc=0x0000026e781869a3 sp=0x0000007d5e4fcb20 mode 2
Event: 27.277 Thread 0x0000026e6d71c200 Uncommon trap: trap_request=0xffffff45 fr.pc=0x0000026e78d624a8 relative=0x0000000000000088
Event: 27.277 Thread 0x0000026e6d71c200 Uncommon trap: reason=unstable_if action=reinterpret pc=0x0000026e78d624a8 method=org.jetbrains.kotlin.ir.util.IrFakeOverrideUtilsKt.isFakeOverride(Lorg/jetbrains/kotlin/ir/declarations/IrDeclaration;)Z @ 12 c2
Event: 27.277 Thread 0x0000026e6d71c200 DEOPT PACKING pc=0x0000026e78d624a8 sp=0x0000007d5e4fd190
Event: 27.277 Thread 0x0000026e6d71c200 DEOPT UNPACKING pc=0x0000026e781869a3 sp=0x0000007d5e4fd120 mode 2

Classes unloaded (0 events):
No events

Classes redefined (0 events):
No events

Internal exceptions (20 events):
Event: 9.712 Thread 0x0000026e6d71c200 Exception <a 'java/lang/NoSuchMethodError'{0x00000000a7c6c5a0}: 'java.lang.Object java.lang.invoke.Invokers$Holder.linkToTargetMethod(java.lang.Object, java.lang.Object, java.lang.Object, int, java.lang.Object)'> (0x00000000a7c6c5a0) 
thrown [s\src\hotspot\share\interpreter\linkResolver.cpp, line 771]
Event: 9.791 Thread 0x0000026e6d71c200 Exception <a 'java/lang/NoSuchMethodError'{0x00000000a821c840}: 'void java.lang.invoke.DirectMethodHandle$Holder.invokeInterface(java.lang.Object, java.lang.Object)'> (0x00000000a821c840) 
thrown [s\src\hotspot\share\interpreter\linkResolver.cpp, line 771]
Event: 9.849 Thread 0x0000026e6d71c200 Exception <a 'java/lang/IncompatibleClassChangeError'{0x00000000a81783c8}: Found class java.lang.Object, but interface was expected> (0x00000000a81783c8) 
thrown [s\src\hotspot\share\interpreter\linkResolver.cpp, line 838]
Event: 9.860 Thread 0x0000026e6d71c200 Implicit null exception at 0x0000026e78800bcc to 0x0000026e78800cc0
Event: 10.127 Thread 0x0000026e6d71c200 Implicit null exception at 0x0000026e787d9094 to 0x0000026e787d918c
Event: 10.127 Thread 0x0000026e6d71c200 Implicit null exception at 0x0000026e78734a60 to 0x0000026e78734afa
Event: 10.581 Thread 0x0000026e6d71c200 Exception <a 'java/lang/NoSuchMethodError'{0x00000000a74230d0}: 'int java.lang.invoke.DirectMethodHandle$Holder.invokeStaticInit(java.lang.Object, int)'> (0x00000000a74230d0) 
thrown [s\src\hotspot\share\interpreter\linkResolver.cpp, line 771]
Event: 11.171 Thread 0x0000026e6d71c200 Exception <a 'java/lang/NoSuchMethodError'{0x00000000a677cb88}: 'java.lang.Object java.lang.invoke.DirectMethodHandle$Holder.invokeInterface(java.lang.Object, java.lang.Object, java.lang.Object)'> (0x00000000a677cb88) 
thrown [s\src\hotspot\share\interpreter\linkResolver.cpp, line 771]
Event: 11.171 Thread 0x0000026e6d71c200 Exception <a 'java/lang/IncompatibleClassChangeError'{0x00000000a6780a48}: Found class java.lang.Object, but interface was expected> (0x00000000a6780a48) 
thrown [s\src\hotspot\share\interpreter\linkResolver.cpp, line 838]
Event: 11.386 Thread 0x0000026e6d71c200 Exception <a 'java/lang/NoSuchMethodError'{0x00000000a64f94b0}: 'java.lang.Object java.lang.invoke.DirectMethodHandle$Holder.newInvokeSpecial(java.lang.Object, java.lang.Object, java.lang.Object, java.lang.Object, java.lang.Object, java.lang.Object, java.lang.Object)'> (0x00000000a64f94b0) 
thrown [s\src\hotspot\share\interpreter\linkResolver.cpp, line 771]
Event: 11.387 Thread 0x0000026e6d71c200 Exception <a 'java/lang/NoSuchMethodError'{0x00000000a64fe068}: 'java.lang.Object java.lang.invoke.Invokers$Holder.linkToTargetMethod(java.lang.Object, java.lang.Object, java.lang.Object, java.lang.Object, java.lang.Object, java.lang.Object, java.lang.Object)'> (0x00000000a64fe068) 
thrown [s\src\hotspot\share\interpreter\linkResolver.cpp, line 771]
Event: 11.672 Thread 0x0000026e6d71c200 Implicit null exception at 0x0000026e78a50ca7 to 0x0000026e78a50e0c
Event: 14.697 Thread 0x0000026e6d71c200 Exception <a 'java/lang/NoSuchMethodError'{0x00000000a9420690}: 'java.lang.Object java.lang.invoke.DirectMethodHandle$Holder.invokeStatic(java.lang.Object, int, java.lang.Object)'> (0x00000000a9420690) 
thrown [s\src\hotspot\share\interpreter\linkResolver.cpp, line 771]
Event: 15.379 Thread 0x0000026e6d71c200 Exception <a 'java/lang/NoSuchMethodError'{0x00000000a856b970}: 'java.lang.Object java.lang.invoke.DirectMethodHandle$Holder.newInvokeSpecial(java.lang.Object, int, java.lang.Object, java.lang.Object)'> (0x00000000a856b970) 
thrown [s\src\hotspot\share\interpreter\linkResolver.cpp, line 771]
Event: 20.423 Thread 0x0000026e6d71c200 Implicit null exception at 0x0000026e78c5f6ab to 0x0000026e78c5fed0
Event: 21.442 Thread 0x0000026e6d71c200 Exception <a 'java/lang/NoSuchMethodError'{0x00000000a8376a80}: 'java.lang.Object java.lang.invoke.DirectMethodHandle$Holder.invokeStaticInit(java.lang.Object, java.lang.Object, java.lang.Object, java.lang.Object)'> (0x00000000a8376a80) 
thrown [s\src\hotspot\share\interpreter\linkResolver.cpp, line 771]
Event: 23.472 Thread 0x0000026e6d71c200 Exception <a 'java/lang/NoSuchMethodError'{0x00000000a975ebd8}: 'java.lang.Object java.lang.invoke.DirectMethodHandle$Holder.newInvokeSpecial(java.lang.Object, java.lang.Object, java.lang.Object, int, int)'> (0x00000000a975ebd8) 
thrown [s\src\hotspot\share\interpreter\linkResolver.cpp, line 771]
Event: 23.473 Thread 0x0000026e6d71c200 Exception <a 'java/lang/NoSuchMethodError'{0x00000000a9762a18}: 'java.lang.Object java.lang.invoke.DirectMethodHandle$Holder.invokeSpecial(java.lang.Object, java.lang.Object, java.lang.Object, java.lang.Object, int, int)'> (0x00000000a9762a18) 
thrown [s\src\hotspot\share\interpreter\linkResolver.cpp, line 771]
Event: 23.521 Thread 0x0000026e6d71c200 Exception <a 'java/lang/NoSuchMethodError'{0x00000000a9664458}: 'java.lang.Object java.lang.invoke.Invokers$Holder.linkToTargetMethod(java.lang.Object, java.lang.Object, int, int, java.lang.Object, java.lang.Object, java.lang.Object, java.lang.Object, java.lang.Object)'> (0x00000000a9664458) 
thrown [s\src\hotspot\share\interpreter\linkResolver.cpp, line 771]
Event: 23.865 Thread 0x0000026e6d71c200 Implicit null exception at 0x0000026e7873c216 to 0x0000026e7873c4dc

VM Operations (20 events):
Event: 26.844 Executing VM operation: ICBufferFull
Event: 26.844 Executing VM operation: ICBufferFull done
Event: 27.021 Executing VM operation: ICBufferFull
Event: 27.021 Executing VM operation: ICBufferFull done
Event: 27.073 Executing VM operation: HandshakeAllThreads
Event: 27.073 Executing VM operation: HandshakeAllThreads done
Event: 27.075 Executing VM operation: HandshakeAllThreads
Event: 27.075 Executing VM operation: HandshakeAllThreads done
Event: 27.114 Executing VM operation: ICBufferFull
Event: 27.114 Executing VM operation: ICBufferFull done
Event: 27.139 Executing VM operation: HandshakeAllThreads
Event: 27.141 Executing VM operation: HandshakeAllThreads done
Event: 27.176 Executing VM operation: ICBufferFull
Event: 27.178 Executing VM operation: ICBufferFull done
Event: 27.255 Executing VM operation: HandshakeAllThreads
Event: 27.255 Executing VM operation: HandshakeAllThreads done
Event: 27.256 Executing VM operation: HandshakeAllThreads
Event: 27.256 Executing VM operation: HandshakeAllThreads done
Event: 27.288 Executing VM operation: ICBufferFull
Event: 27.288 Executing VM operation: ICBufferFull done

Events (20 events):
Event: 25.398 Thread 0x0000026e0a019c00 flushing nmethod 0x0000026e7219c910
Event: 25.400 Thread 0x0000026e0a019c00 flushing nmethod 0x0000026e723ef590
Event: 25.401 Thread 0x0000026e0a019c00 flushing nmethod 0x0000026e7240f510
Event: 25.402 Thread 0x0000026e0a019c00 flushing nmethod 0x0000026e72532d10
Event: 25.403 Thread 0x0000026e0a019c00 flushing nmethod 0x0000026e72653c10
Event: 25.403 Thread 0x0000026e0a019c00 flushing nmethod 0x0000026e726d7e10
Event: 25.403 Thread 0x0000026e0a019c00 flushing nmethod 0x0000026e726d9310
Event: 25.403 Thread 0x0000026e0a019c00 flushing nmethod 0x0000026e72732a10
Event: 25.404 Thread 0x0000026e0a019c00 flushing nmethod 0x0000026e72769810
Event: 25.404 Thread 0x0000026e0a019c00 flushing nmethod 0x0000026e727ecb90
Event: 25.405 Thread 0x0000026e0a019c00 flushing nmethod 0x0000026e72899010
Event: 25.405 Thread 0x0000026e0a019c00 flushing nmethod 0x0000026e728dd910
Event: 25.407 Thread 0x0000026e0a019c00 flushing nmethod 0x0000026e72ad5f10
Event: 25.407 Thread 0x0000026e0a019c00 flushing nmethod 0x0000026e72af5c10
Event: 25.407 Thread 0x0000026e0a019c00 flushing nmethod 0x0000026e72b04d90
Event: 26.393 Thread 0x0000026e0aa736c0 Thread exited: 0x0000026e0aa736c0
Event: 26.576 Thread 0x0000026e0aa76be0 Thread added: 0x0000026e0aa76be0
Event: 27.148 Thread 0x0000026e0a019c00 flushing nmethod 0x0000026e71000610
Event: 27.155 Thread 0x0000026e0a019c00 flushing nmethod 0x0000026e7166a190
Event: 27.166 Thread 0x0000026e0a019c00 flushing nmethod 0x0000026e721d9790


Dynamic libraries:
0x00007ff652af0000 - 0x00007ff652afa000 	C:\Program Files\Android\Android Studio\jbr\bin\java.exe
0x00007fff28cf0000 - 0x00007fff28ee8000 	C:\Windows\SYSTEM32\ntdll.dll
0x00007fff27640000 - 0x00007fff276fd000 	C:\Windows\System32\KERNEL32.DLL
0x00007fff268b0000 - 0x00007fff26ba6000 	C:\Windows\System32\KERNELBASE.dll
0x00007fff26780000 - 0x00007fff26880000 	C:\Windows\System32\ucrtbase.dll
0x00007ffeda630000 - 0x00007ffeda647000 	C:\Program Files\Android\Android Studio\jbr\bin\jli.dll
0x00007fff10170000 - 0x00007fff1018b000 	C:\Program Files\Android\Android Studio\jbr\bin\VCRUNTIME140.dll
0x00007fff28180000 - 0x00007fff2831f000 	C:\Windows\System32\USER32.dll
0x00007fff26880000 - 0x00007fff268a2000 	C:\Windows\System32\win32u.dll
0x00007fff27e00000 - 0x00007fff27e2b000 	C:\Windows\System32\GDI32.dll
0x00007fff0fb60000 - 0x00007fff0fdfa000 	C:\Windows\WinSxS\amd64_microsoft.windows.common-controls_6595b64144ccf1df_6.0.19041.3636_none_60b6a03d71f818d5\COMCTL32.dll
0x00007fff26bb0000 - 0x00007fff26cc7000 	C:\Windows\System32\gdi32full.dll
0x00007fff26590000 - 0x00007fff2662d000 	C:\Windows\System32\msvcp_win.dll
0x00007fff28c10000 - 0x00007fff28cae000 	C:\Windows\System32\msvcrt.dll
0x00007fff28bd0000 - 0x00007fff28c02000 	C:\Windows\System32\IMM32.DLL
0x00007fff0e510000 - 0x00007fff0e51c000 	C:\Program Files\Android\Android Studio\jbr\bin\vcruntime140_1.dll
0x00007fff09b60000 - 0x00007fff09bed000 	C:\Program Files\Android\Android Studio\jbr\bin\msvcp140.dll
0x00007ffec2070000 - 0x00007ffec2cf3000 	C:\Program Files\Android\Android Studio\jbr\bin\server\jvm.dll
0x00007fff27110000 - 0x00007fff271c0000 	C:\Windows\System32\ADVAPI32.dll
0x00007fff27e30000 - 0x00007fff27ed0000 	C:\Windows\System32\sechost.dll
0x00007fff278d0000 - 0x00007fff279f3000 	C:\Windows\System32\RPCRT4.dll
0x00007fff26750000 - 0x00007fff26777000 	C:\Windows\System32\bcrypt.dll
0x00007fff210c0000 - 0x00007fff210c9000 	C:\Windows\SYSTEM32\WSOCK32.dll
0x00007fff26200000 - 0x00007fff2624b000 	C:\Windows\SYSTEM32\POWRPROF.dll
0x00007fff0e520000 - 0x00007fff0e547000 	C:\Windows\SYSTEM32\WINMM.dll
0x00007fff1f660000 - 0x00007fff1f66a000 	C:\Windows\SYSTEM32\VERSION.dll
0x00007fff28060000 - 0x00007fff280cb000 	C:\Windows\System32\WS2_32.dll
0x00007fff261e0000 - 0x00007fff261f2000 	C:\Windows\SYSTEM32\UMPDC.dll
0x00007fff24230000 - 0x00007fff24242000 	C:\Windows\SYSTEM32\kernel.appcore.dll
0x00007fff210b0000 - 0x00007fff210ba000 	C:\Program Files\Android\Android Studio\jbr\bin\jimage.dll
0x00007fff1cbe0000 - 0x00007fff1cdc4000 	C:\Windows\SYSTEM32\DBGHELP.DLL
0x00007fff07bd0000 - 0x00007fff07c04000 	C:\Windows\SYSTEM32\dbgcore.DLL
0x00007fff263a0000 - 0x00007fff26422000 	C:\Windows\System32\bcryptPrimitives.dll
0x00007fff21080000 - 0x00007fff210a5000 	C:\Program Files\Android\Android Studio\jbr\bin\java.dll
0x00007fff21060000 - 0x00007fff21078000 	C:\Program Files\Android\Android Studio\jbr\bin\zip.dll
0x00007fff28320000 - 0x00007fff28a8b000 	C:\Windows\System32\SHELL32.dll
0x00007fff24430000 - 0x00007fff24bce000 	C:\Windows\SYSTEM32\windows.storage.dll
0x00007fff26d20000 - 0x00007fff27073000 	C:\Windows\System32\combase.dll
0x00007fff25d00000 - 0x00007fff25d2e000 	C:\Windows\SYSTEM32\Wldp.dll
0x00007fff27d30000 - 0x00007fff27dfd000 	C:\Windows\System32\OLEAUT32.dll
0x00007fff280d0000 - 0x00007fff2817d000 	C:\Windows\System32\SHCORE.dll
0x00007fff27ed0000 - 0x00007fff27f25000 	C:\Windows\System32\shlwapi.dll
0x00007fff262d0000 - 0x00007fff262f3000 	C:\Windows\SYSTEM32\profapi.dll
0x00007ffefa920000 - 0x00007ffefa939000 	C:\Program Files\Android\Android Studio\jbr\bin\net.dll
0x00007fff1d620000 - 0x00007fff1d72a000 	C:\Windows\SYSTEM32\WINHTTP.dll
0x00007fff25a60000 - 0x00007fff25aca000 	C:\Windows\system32\mswsock.dll
0x00007ffefa900000 - 0x00007ffefa916000 	C:\Program Files\Android\Android Studio\jbr\bin\nio.dll
0x00007fff0c9f0000 - 0x00007fff0ca00000 	C:\Program Files\Android\Android Studio\jbr\bin\verify.dll

dbghelp: loaded successfully - version: 4.0.5 - missing functions: none
symbol engine: initialized successfully - sym options: 0x614 - pdb path: .;C:\Program Files\Android\Android Studio\jbr\bin;C:\Windows\SYSTEM32;C:\Windows\WinSxS\amd64_microsoft.windows.common-controls_6595b64144ccf1df_6.0.19041.3636_none_60b6a03d71f818d5;C:\Program Files\Android\Android Studio\jbr\bin\server

VM Arguments:
java_command: org.jetbrains.kotlin.cli.jvm.K2JVMCompiler @C:\Users\Javohir\AndroidStudioProjects\IT_Center3\app\build\20240508_3001211301067805887.compiler.options
java_class_path (initial): C:\Users\Javohir\.gradle\caches\modules-2\files-2.1\org.jetbrains.kotlin\kotlin-compiler-embeddable\1.9.0\2c8c3a7402becca891f12739b3e9fd2dc2adbd7a\kotlin-compiler-embeddable-1.9.0.jar;C:\Users\Javohir\.gradle\caches\modules-2\files-2.1\org.jetbrains.kotlin\kotlin-stdlib\1.9.0\8ee15ef0c67dc83d874f412d84378d7f0eb50b63\kotlin-stdlib-1.9.0.jar;C:\Users\Javohir\.gradle\caches\modules-2\files-2.1\org.jetbrains.kotlin\kotlin-script-runtime\1.9.0\4b3102cbbb7e1b58d9d1adf89563f00069ffa7d1\kotlin-script-runtime-1.9.0.jar;C:\Users\Javohir\.gradle\caches\modules-2\files-2.1\org.jetbrains.kotlin\kotlin-reflect\1.6.10\1cbe9c92c12a94eea200d23c2bbaedaf3daf5132\kotlin-reflect-1.6.10.jar;C:\Users\Javohir\.gradle\caches\modules-2\files-2.1\org.jetbrains.kotlin\kotlin-daemon-embeddable\1.9.0\186543f5e28cf8d9a0290fecc2cf34301c40a65c\kotlin-daemon-embeddable-1.9.0.jar;C:\Users\Javohir\.gradle\caches\modules-2\files-2.1\org.jetbrains.intellij.deps\trove4j\1.0.20200330\3afb14d5f9ceb459d724e907a21145e8ff394f02\trove4j-1.0.20200330.jar;C:\Users\Javohir\.gradle\caches\modules-2\files-2.1\org.jetbrains.kotlin\kotlin-stdlib-common\1.9.0\cd65c21cfd1eec4d44ef09f9f52b6d9f8a720636\kotlin-stdlib-common-1.9.0.jar;C:\Users\Javohir\.gradle\caches\modules-2\files-2.1\org.jetbrains\annotations\13.0\919f0dfe192fb4e063e7dacadee7f8bb9a2672a9\annotations-13.0.jar
Launcher Type: SUN_STANDARD

[Global flags]
     intx CICompilerCount                          = 3                                         {product} {ergonomic}
     uint ConcGCThreads                            = 1                                         {product} {ergonomic}
     uint G1ConcRefinementThreads                  = 4                                         {product} {ergonomic}
   size_t G1HeapRegionSize                         = 1048576                                   {product} {ergonomic}
    uintx GCDrainStackTargetSize                   = 64                                        {product} {ergonomic}
   size_t InitialHeapSize                          = 100663296                                 {product} {ergonomic}
   size_t MarkStackSize                            = 4194304                                   {product} {ergonomic}
   size_t MaxHeapSize                              = 1587544064                                {product} {ergonomic}
   size_t MaxNewSize                               = 952107008                                 {product} {ergonomic}
   size_t MinHeapDeltaBytes                        = 1048576                                   {product} {ergonomic}
   size_t MinHeapSize                              = 8388608                                   {product} {ergonomic}
    uintx NonNMethodCodeHeapSize                   = 5832780                                {pd product} {ergonomic}
    uintx NonProfiledCodeHeapSize                  = 122912730                              {pd product} {ergonomic}
    uintx ProfiledCodeHeapSize                     = 122912730                              {pd product} {ergonomic}
    uintx ReservedCodeCacheSize                    = 251658240                              {pd product} {ergonomic}
     bool SegmentedCodeCache                       = true                                      {product} {ergonomic}
   size_t SoftMaxHeapSize                          = 1587544064                             {manageable} {ergonomic}
     bool UseCompressedClassPointers               = true                           {product lp64_product} {ergonomic}
     bool UseCompressedOops                        = true                           {product lp64_product} {ergonomic}
     bool UseG1GC                                  = true                                      {product} {ergonomic}
     bool UseLargePagesIndividualAllocation        = false                                  {pd product} {ergonomic}

Logging:
Log output configuration:
 #0: stdout all=warning uptime,level,tags
 #1: stderr all=off uptime,level,tags

Environment Variables:
PATH=C:\PROGRA~2\Borland\CBUILD~1\Bin;C:\PROGRA~2\Borland\CBUILD~1\Projects\Bpl;C:\Windows\system32;C:\Windows;C:\Windows\System32\Wbem;C:\Windows\System32\WindowsPowerShell\v1.0\;C:\Windows\System32\OpenSSH\;C:\Program Files\Git\cmd;C:\Users\Javohir\AppData\Local\Programs\Python\Launcher\;C:\Users\Javohir\AppData\Local\Microsoft\WindowsApps;
USERNAME=Javohir
OS=Windows_NT
PROCESSOR_IDENTIFIER=Intel64 Family 6 Model 78 Stepping 3, GenuineIntel
TMP=C:\Users\Javohir\AppData\Local\Temp
TEMP=C:\Users\Javohir\AppData\Local\Temp



Periodic native trim disabled

JNI global refs:
JNI global refs: 12, weak refs: 14

JNI global refs memory usage: 843, weak refs: 841

OOME stack traces (most recent first):
Classloader memory used:
Loader jdk.internal.loader.ClassLoaders$AppClassLoader                                 : 9100K
Loader bootstrap                                                                       : 1393K
Loader jdk.internal.reflect.DelegatingClassLoader                                      : 22925B


---------------  S Y S T E M  ---------------

OS:
 Windows 10 , 64 bit Build 19041 (10.0.19041.3636)
OS uptime: 0 days 3:05 hours

CPU: total 4 (initial active 4) (2 cores per cpu, 2 threads per core) family 6 model 78 stepping 3 microcode 0xcc, cx8, cmov, fxsr, ht, mmx, 3dnowpref, sse, sse2, sse3, ssse3, sse4.1, sse4.2, popcnt, lzcnt, tsc, tscinvbit, avx, avx2, aes, erms, clmul, bmi1, bmi2, rtm, adx, fma, vzeroupper, clflush, clflushopt
Processor Information for all 4 processors :
  Max Mhz: 2304, Current Mhz: 2304, Mhz Limit: 2304

Memory: 4k page, system-wide physical 6049M (896M free)
TotalPageFile size 20274M (AvailPageFile size 5M)
current process WorkingSet (physical memory assigned to process): 435M, peak: 435M
current process commit charge ("private bytes"): 551M, peak: 552M

vm_info: OpenJDK 64-Bit Server VM (17.0.9+0--11185874) for windows-amd64 JRE (17.0.9+0--11185874), built on Dec  6 2023 18:57:44 by "androidbuild" with MS VC++ 16.10 / 16.11 (VS2019)

END.
