#
# There is insufficient memory for the Java Runtime Environment to continue.
# Native memory allocation (mmap) failed to map 46137344 bytes for G1 virtual space
# Possible reasons:
#   The system is out of physical RAM or swap space
#   The process is running with CompressedOops enabled, and the Java Heap may be blocking the growth of the native heap
# Possible solutions:
#   Reduce memory load on the system
#   Increase physical memory or swap space
#   Check if swap backing store is full
#   Decrease Java heap size (-Xmx/-Xms)
#   Decrease number of Java threads
#   Decrease Java thread stack sizes (-Xss)
#   Set larger code cache with -XX:ReservedCodeCacheSize=
#   JVM is running with Unscaled Compressed Oops mode in which the Java heap is
#     placed in the first 4GB address space. The Java Heap base address is the
#     maximum limit for the native heap growth. Please use -XX:HeapBaseMinAddress
#     to set the Java Heap base and to place the Java Heap above 4GB virtual address.
# This output file may be truncated or incomplete.
#
#  Out of Memory Error (os_windows.cpp:3825), pid=3112, tid=1620
#
# JRE version: OpenJDK Runtime Environment (17.0.9) (build 17.0.9+0--11185874)
# Java VM: OpenJDK 64-Bit Server VM (17.0.9+0--11185874, mixed mode, tiered, compressed oops, compressed class ptrs, g1 gc, windows-amd64)
# No core dump will be written. Minidumps are not enabled by default on client versions of Windows
#

---------------  S U M M A R Y ------------

Command Line: org.jetbrains.kotlin.cli.jvm.K2JVMCompiler @C:\Users\Javohir\AndroidStudioProjects\IT_Center3\app\build\20240508_2176086678709172095.compiler.options

Host: Intel(R) Core(TM) i3-6100U CPU @ 2.30GHz, 4 cores, 5G,  Windows 10 , 64 bit Build 19041 (10.0.19041.3636)
Time: Wed May  8 12:46:03 2024  Windows 10 , 64 bit Build 19041 (10.0.19041.3636) elapsed time: 7.935090 seconds (0d 0h 0m 7s)

---------------  T H R E A D  ---------------

Current thread (0x000002077d632a30):  VMThread "VM Thread" [stack: 0x000000e41c000000,0x000000e41c100000] [id=1620]

Stack: [0x000000e41c000000,0x000000e41c100000]
Native frames: (J=compiled Java code, j=interpreted, Vv=VM code, C=native code)
V  [jvm.dll+0x6886e9]
V  [jvm.dll+0x841e4a]
V  [jvm.dll+0x843a8e]
V  [jvm.dll+0x8440f3]
V  [jvm.dll+0x24c14f]
V  [jvm.dll+0x685499]
V  [jvm.dll+0x679c2a]
V  [jvm.dll+0x30cf9b]
V  [jvm.dll+0x314446]
V  [jvm.dll+0x36425e]
V  [jvm.dll+0x36448f]
V  [jvm.dll+0x2e2d68]
V  [jvm.dll+0x2e0f44]
V  [jvm.dll+0x2e054c]
V  [jvm.dll+0x3253fb]
V  [jvm.dll+0x8487eb]
V  [jvm.dll+0x849531]
V  [jvm.dll+0x849a4d]
V  [jvm.dll+0x849e24]
V  [jvm.dll+0x849ef0]
V  [jvm.dll+0x7f06aa]
V  [jvm.dll+0x687565]
C  [ucrtbase.dll+0x21bb2]
C  [KERNEL32.DLL+0x17344]
C  [ntdll.dll+0x526b1]

VM_Operation (0x000000e41bafd340): G1CollectForAllocation, mode: safepoint, requested by thread 0x000002076544be50


---------------  P R O C E S S  ---------------

Threads class SMR info:
_java_thread_list=0x00000207043df6c0, length=13, elements={
0x000002076544be50, 0x000002077d6a3620, 0x000002077d6a53e0, 0x000002077d6d2130,
0x000002077d930530, 0x000002077d931790, 0x000002077d9328f0, 0x000002077d92a530,
0x000002077d92b6d0, 0x000002077d939db0, 0x000002077da93010, 0x000002077da9dfd0,
0x0000020704c2ed40
}

Java Threads: ( => current thread )
  0x000002076544be50 JavaThread "main" [_thread_blocked, id=2324, stack(0x000000e41ba00000,0x000000e41bb00000)]
  0x000002077d6a3620 JavaThread "Reference Handler" daemon [_thread_blocked, id=5544, stack(0x000000e41c100000,0x000000e41c200000)]
  0x000002077d6a53e0 JavaThread "Finalizer" daemon [_thread_blocked, id=10212, stack(0x000000e41c200000,0x000000e41c300000)]
  0x000002077d6d2130 JavaThread "Signal Dispatcher" daemon [_thread_blocked, id=6940, stack(0x000000e41c300000,0x000000e41c400000)]
  0x000002077d930530 JavaThread "Attach Listener" daemon [_thread_blocked, id=1108, stack(0x000000e41c400000,0x000000e41c500000)]
  0x000002077d931790 JavaThread "Service Thread" daemon [_thread_blocked, id=4920, stack(0x000000e41c500000,0x000000e41c600000)]
  0x000002077d9328f0 JavaThread "Monitor Deflation Thread" daemon [_thread_blocked, id=8636, stack(0x000000e41c600000,0x000000e41c700000)]
  0x000002077d92a530 JavaThread "C2 CompilerThread0" daemon [_thread_blocked, id=9900, stack(0x000000e41c700000,0x000000e41c800000)]
  0x000002077d92b6d0 JavaThread "C1 CompilerThread0" daemon [_thread_blocked, id=9612, stack(0x000000e41c800000,0x000000e41c900000)]
  0x000002077d939db0 JavaThread "Sweeper thread" daemon [_thread_blocked, id=8340, stack(0x000000e41c900000,0x000000e41ca00000)]
  0x000002077da93010 JavaThread "Notification Thread" daemon [_thread_blocked, id=8592, stack(0x000000e41ca00000,0x000000e41cb00000)]
  0x000002077da9dfd0 JavaThread "Common-Cleaner" daemon [_thread_blocked, id=4100, stack(0x000000e41cc00000,0x000000e41cd00000)]
  0x0000020704c2ed40 JavaThread "C2 CompilerThread1" daemon [_thread_blocked, id=2728, stack(0x000000e41cd00000,0x000000e41ce00000)]

Other Threads:
=>0x000002077d632a30 VMThread "VM Thread" [stack: 0x000000e41c000000,0x000000e41c100000] [id=1620]
  0x000002077da95900 WatcherThread [stack: 0x000000e41cb00000,0x000000e41cc00000] [id=68]
  0x0000020765496fb0 GCTaskThread "GC Thread#0" [stack: 0x000000e41bb00000,0x000000e41bc00000] [id=2476]
  0x000002077dec1330 GCTaskThread "GC Thread#1" [stack: 0x000000e41ce00000,0x000000e41cf00000] [id=4488]
  0x000002077df93010 GCTaskThread "GC Thread#2" [stack: 0x000000e41cf00000,0x000000e41d000000] [id=316]
  0x000002077df932d0 GCTaskThread "GC Thread#3" [stack: 0x000000e41d000000,0x000000e41d100000] [id=1216]
  0x00000207654a4c50 ConcurrentGCThread "G1 Main Marker" [stack: 0x000000e41bc00000,0x000000e41bd00000] [id=7824]
  0x00000207654a5670 ConcurrentGCThread "G1 Conc#0" [stack: 0x000000e41bd00000,0x000000e41be00000] [id=3948]
  0x0000020765504910 ConcurrentGCThread "G1 Refine#0" [stack: 0x000000e41be00000,0x000000e41bf00000] [id=6264]
  0x000002077f0280d0 ConcurrentGCThread "G1 Refine#1" [stack: 0x000000e41d100000,0x000000e41d200000] [id=756]
  0x0000020765505340 ConcurrentGCThread "G1 Service" [stack: 0x000000e41bf00000,0x000000e41c000000] [id=8684]

Threads with active compile tasks:
C2 CompilerThread0     7953 5888       4       kotlin.collections.CollectionsKt__MutableCollectionsKt::addAll (74 bytes)
C1 CompilerThread0     7953 5956       3       org.jetbrains.kotlin.name.FqNamesUtilKt::parentOrNull (22 bytes)
C2 CompilerThread1     7953 5944       4       java.util.regex.Matcher::match (154 bytes)

VM state: at safepoint (normal execution)

VM Mutex/Monitor currently owned by a thread:  ([mutex/lock_event])
[0x00000207654485a0] Threads_lock - owner thread: 0x000002077d632a30
[0x0000020765449440] Heap_lock - owner thread: 0x000002076544be50

Heap address: 0x00000000a1600000, size: 1514 MB, Compressed Oops mode: 32-bit

CDS archive(s) not mapped
Compressed class space mapped at: 0x0000000100000000-0x0000000140000000, reserved size: 1073741824
Narrow klass base: 0x0000000000000000, Narrow klass shift: 3, Narrow klass range: 0x140000000

GC Precious Log:
 CPUs: 4 total, 4 available
 Memory: 6049M
 Large Page Support: Disabled
 NUMA Support: Disabled
 Compressed Oops: Enabled (32-bit)
 Heap Region Size: 1M
 Heap Min Capacity: 8M
 Heap Initial Capacity: 96M
 Heap Max Capacity: 1514M
 Pre-touch: Disabled
 Parallel Workers: 4
 Concurrent Workers: 1
 Concurrent Refinement Workers: 4
 Periodic GC: Disabled

Heap:
 garbage-first heap   total 98304K, used 44032K [0x00000000a1600000, 0x0000000100000000)
  region size 1024K, 2 young (2048K), 2 survivors (2048K)
 Metaspace       used 55453K, committed 55680K, reserved 1114112K
  class space    used 6506K, committed 6592K, reserved 1048576K

Heap Regions: E=young(eden), S=young(survivor), O=old, HS=humongous(starts), HC=humongous(continues), CS=collection set, F=free, OA=open archive, CA=closed archive, TAMS=top-at-mark-start (previous, next)
|   0|0x00000000a1600000, 0x00000000a1700000, 0x00000000a1700000|100%|HS|  |TAMS 0x00000000a1700000, 0x00000000a1700000| Complete 
|   1|0x00000000a1700000, 0x00000000a1800000, 0x00000000a1800000|100%|HC|  |TAMS 0x00000000a1800000, 0x00000000a1800000| Complete 
|   2|0x00000000a1800000, 0x00000000a1900000, 0x00000000a1900000|100%|HC|  |TAMS 0x00000000a1900000, 0x00000000a1900000| Complete 
|   3|0x00000000a1900000, 0x00000000a1a00000, 0x00000000a1a00000|100%|HC|  |TAMS 0x00000000a1a00000, 0x00000000a1a00000| Complete 
|   4|0x00000000a1a00000, 0x00000000a1b00000, 0x00000000a1b00000|100%| O|  |TAMS 0x00000000a1b00000, 0x00000000a1b00000| Untracked 
|   5|0x00000000a1b00000, 0x00000000a1c00000, 0x00000000a1c00000|100%| O|  |TAMS 0x00000000a1c00000, 0x00000000a1c00000| Untracked 
|   6|0x00000000a1c00000, 0x00000000a1d00000, 0x00000000a1d00000|100%| O|  |TAMS 0x00000000a1d00000, 0x00000000a1d00000| Untracked 
|   7|0x00000000a1d00000, 0x00000000a1e00000, 0x00000000a1e00000|100%| O|  |TAMS 0x00000000a1e00000, 0x00000000a1e00000| Untracked 
|   8|0x00000000a1e00000, 0x00000000a1f00000, 0x00000000a1f00000|100%| O|  |TAMS 0x00000000a1f00000, 0x00000000a1f00000| Untracked 
|   9|0x00000000a1f00000, 0x00000000a2000000, 0x00000000a2000000|100%| O|  |TAMS 0x00000000a1f00000, 0x00000000a2000000| Untracked 
|  10|0x00000000a2000000, 0x00000000a2100000, 0x00000000a2100000|100%| O|  |TAMS 0x00000000a2100000, 0x00000000a2100000| Untracked 
|  11|0x00000000a2100000, 0x00000000a2200000, 0x00000000a2200000|100%| O|  |TAMS 0x00000000a2200000, 0x00000000a2200000| Untracked 
|  12|0x00000000a2200000, 0x00000000a2300000, 0x00000000a2300000|100%| O|  |TAMS 0x00000000a2300000, 0x00000000a2300000| Untracked 
|  13|0x00000000a2300000, 0x00000000a2400000, 0x00000000a2400000|100%| O|  |TAMS 0x00000000a2400000, 0x00000000a2400000| Untracked 
|  14|0x00000000a2400000, 0x00000000a2500000, 0x00000000a2500000|100%| O|  |TAMS 0x00000000a2500000, 0x00000000a2500000| Untracked 
|  15|0x00000000a2500000, 0x00000000a2600000, 0x00000000a2600000|100%| O|  |TAMS 0x00000000a2600000, 0x00000000a2600000| Untracked 
|  16|0x00000000a2600000, 0x00000000a2700000, 0x00000000a2700000|100%| O|  |TAMS 0x00000000a2700000, 0x00000000a2700000| Untracked 
|  17|0x00000000a2700000, 0x00000000a2800000, 0x00000000a2800000|100%| O|  |TAMS 0x00000000a2800000, 0x00000000a2800000| Untracked 
|  18|0x00000000a2800000, 0x00000000a2900000, 0x00000000a2900000|100%| O|  |TAMS 0x00000000a2900000, 0x00000000a2900000| Untracked 
|  19|0x00000000a2900000, 0x00000000a2a00000, 0x00000000a2a00000|100%| O|  |TAMS 0x00000000a2a00000, 0x00000000a2a00000| Untracked 
|  20|0x00000000a2a00000, 0x00000000a2b00000, 0x00000000a2b00000|100%|HS|  |TAMS 0x00000000a2b00000, 0x00000000a2b00000| Complete 
|  21|0x00000000a2b00000, 0x00000000a2c00000, 0x00000000a2c00000|100%|HC|  |TAMS 0x00000000a2c00000, 0x00000000a2c00000| Complete 
|  22|0x00000000a2c00000, 0x00000000a2d00000, 0x00000000a2d00000|100%| O|  |TAMS 0x00000000a2d00000, 0x00000000a2d00000| Untracked 
|  23|0x00000000a2d00000, 0x00000000a2e00000, 0x00000000a2e00000|100%| O|  |TAMS 0x00000000a2d00000, 0x00000000a2d00000| Untracked 
|  24|0x00000000a2e00000, 0x00000000a2f00000, 0x00000000a2f00000|100%| O|  |TAMS 0x00000000a2f00000, 0x00000000a2f00000| Untracked 
|  25|0x00000000a2f00000, 0x00000000a3000000, 0x00000000a3000000|100%| O|  |TAMS 0x00000000a3000000, 0x00000000a3000000| Untracked 
|  26|0x00000000a3000000, 0x00000000a3100000, 0x00000000a3100000|100%| O|  |TAMS 0x00000000a3100000, 0x00000000a3100000| Untracked 
|  27|0x00000000a3100000, 0x00000000a3200000, 0x00000000a3200000|100%| O|  |TAMS 0x00000000a3100000, 0x00000000a3200000| Untracked 
|  28|0x00000000a3200000, 0x00000000a3300000, 0x00000000a3300000|100%| O|  |TAMS 0x00000000a3300000, 0x00000000a3300000| Untracked 
|  29|0x00000000a3300000, 0x00000000a3400000, 0x00000000a3400000|100%| O|  |TAMS 0x00000000a3400000, 0x00000000a3400000| Untracked 
|  30|0x00000000a3400000, 0x00000000a3500000, 0x00000000a3500000|100%| O|  |TAMS 0x00000000a3500000, 0x00000000a3500000| Untracked 
|  31|0x00000000a3500000, 0x00000000a3600000, 0x00000000a3600000|100%| O|  |TAMS 0x00000000a3600000, 0x00000000a3600000| Untracked 
|  32|0x00000000a3600000, 0x00000000a3700000, 0x00000000a3700000|100%| O|  |TAMS 0x00000000a3700000, 0x00000000a3700000| Untracked 
|  33|0x00000000a3700000, 0x00000000a3800000, 0x00000000a3800000|100%| O|  |TAMS 0x00000000a3739800, 0x00000000a3800000| Untracked 
|  34|0x00000000a3800000, 0x00000000a3900000, 0x00000000a3900000|100%| O|  |TAMS 0x00000000a3800000, 0x00000000a3900000| Untracked 
|  35|0x00000000a3900000, 0x00000000a3a00000, 0x00000000a3a00000|100%| O|  |TAMS 0x00000000a3900000, 0x00000000a3a00000| Untracked 
|  36|0x00000000a3a00000, 0x00000000a3b00000, 0x00000000a3b00000|100%| O|  |TAMS 0x00000000a3a00000, 0x00000000a3b00000| Untracked 
|  37|0x00000000a3b00000, 0x00000000a3c00000, 0x00000000a3c00000|100%| O|  |TAMS 0x00000000a3b00000, 0x00000000a3c00000| Untracked 
|  38|0x00000000a3c00000, 0x00000000a3d00000, 0x00000000a3d00000|100%| O|  |TAMS 0x00000000a3c00000, 0x00000000a3d00000| Untracked 
|  39|0x00000000a3d00000, 0x00000000a3e00000, 0x00000000a3e00000|100%| O|  |TAMS 0x00000000a3d00000, 0x00000000a3e00000| Untracked 
|  40|0x00000000a3e00000, 0x00000000a3f00000, 0x00000000a3f00000|100%| O|  |TAMS 0x00000000a3e00000, 0x00000000a3ef5608| Untracked 
|  41|0x00000000a3f00000, 0x00000000a3f00000, 0x00000000a4000000|  0%| F|  |TAMS 0x00000000a3f00000, 0x00000000a3f00000| Untracked 
|  42|0x00000000a4000000, 0x00000000a4000000, 0x00000000a4100000|  0%| F|  |TAMS 0x00000000a4000000, 0x00000000a4000000| Untracked 
|  43|0x00000000a4100000, 0x00000000a4100000, 0x00000000a4200000|  0%| F|  |TAMS 0x00000000a4100000, 0x00000000a4100000| Untracked 
|  44|0x00000000a4200000, 0x00000000a4200000, 0x00000000a4300000|  0%| F|  |TAMS 0x00000000a4200000, 0x00000000a4200000| Untracked 
|  45|0x00000000a4300000, 0x00000000a4300000, 0x00000000a4400000|  0%| F|  |TAMS 0x00000000a4300000, 0x00000000a4300000| Untracked 
|  46|0x00000000a4400000, 0x00000000a4400000, 0x00000000a4500000|  0%| F|  |TAMS 0x00000000a4400000, 0x00000000a4400000| Untracked 
|  47|0x00000000a4500000, 0x00000000a4500000, 0x00000000a4600000|  0%| F|  |TAMS 0x00000000a4500000, 0x00000000a4500000| Untracked 
|  48|0x00000000a4600000, 0x00000000a4600000, 0x00000000a4700000|  0%| F|  |TAMS 0x00000000a4600000, 0x00000000a4600000| Untracked 
|  49|0x00000000a4700000, 0x00000000a4700000, 0x00000000a4800000|  0%| F|  |TAMS 0x00000000a4700000, 0x00000000a4700000| Untracked 
|  50|0x00000000a4800000, 0x00000000a4800000, 0x00000000a4900000|  0%| F|  |TAMS 0x00000000a4800000, 0x00000000a4800000| Untracked 
|  51|0x00000000a4900000, 0x00000000a4900000, 0x00000000a4a00000|  0%| F|  |TAMS 0x00000000a4900000, 0x00000000a4900000| Untracked 
|  52|0x00000000a4a00000, 0x00000000a4a00000, 0x00000000a4b00000|  0%| F|  |TAMS 0x00000000a4a00000, 0x00000000a4a00000| Untracked 
|  53|0x00000000a4b00000, 0x00000000a4c00000, 0x00000000a4c00000|100%| S|CS|TAMS 0x00000000a4b00000, 0x00000000a4b00000| Complete 
|  54|0x00000000a4c00000, 0x00000000a4d00000, 0x00000000a4d00000|100%| S|CS|TAMS 0x00000000a4c00000, 0x00000000a4c00000| Complete 
|  55|0x00000000a4d00000, 0x00000000a4d00000, 0x00000000a4e00000|  0%| F|  |TAMS 0x00000000a4d00000, 0x00000000a4d00000| Untracked 
|  56|0x00000000a4e00000, 0x00000000a4e00000, 0x00000000a4f00000|  0%| F|  |TAMS 0x00000000a4e00000, 0x00000000a4e00000| Untracked 
|  57|0x00000000a4f00000, 0x00000000a4f00000, 0x00000000a5000000|  0%| F|  |TAMS 0x00000000a4f00000, 0x00000000a4f00000| Untracked 
|  58|0x00000000a5000000, 0x00000000a5000000, 0x00000000a5100000|  0%| F|  |TAMS 0x00000000a5000000, 0x00000000a5000000| Untracked 
|  59|0x00000000a5100000, 0x00000000a5100000, 0x00000000a5200000|  0%| F|  |TAMS 0x00000000a5100000, 0x00000000a5100000| Untracked 
|  60|0x00000000a5200000, 0x00000000a5200000, 0x00000000a5300000|  0%| F|  |TAMS 0x00000000a5200000, 0x00000000a5200000| Untracked 
|  61|0x00000000a5300000, 0x00000000a5300000, 0x00000000a5400000|  0%| F|  |TAMS 0x00000000a5300000, 0x00000000a5300000| Untracked 
|  62|0x00000000a5400000, 0x00000000a5400000, 0x00000000a5500000|  0%| F|  |TAMS 0x00000000a5400000, 0x00000000a5400000| Untracked 
|  63|0x00000000a5500000, 0x00000000a5500000, 0x00000000a5600000|  0%| F|  |TAMS 0x00000000a5500000, 0x00000000a5500000| Untracked 
|  64|0x00000000a5600000, 0x00000000a5600000, 0x00000000a5700000|  0%| F|  |TAMS 0x00000000a5600000, 0x00000000a5600000| Untracked 
|  65|0x00000000a5700000, 0x00000000a5700000, 0x00000000a5800000|  0%| F|  |TAMS 0x00000000a5700000, 0x00000000a5700000| Untracked 
|  66|0x00000000a5800000, 0x00000000a5800000, 0x00000000a5900000|  0%| F|  |TAMS 0x00000000a5800000, 0x00000000a5800000| Untracked 
|  67|0x00000000a5900000, 0x00000000a5900000, 0x00000000a5a00000|  0%| F|  |TAMS 0x00000000a5900000, 0x00000000a5900000| Untracked 
|  68|0x00000000a5a00000, 0x00000000a5a00000, 0x00000000a5b00000|  0%| F|  |TAMS 0x00000000a5a00000, 0x00000000a5a00000| Untracked 
|  69|0x00000000a5b00000, 0x00000000a5b00000, 0x00000000a5c00000|  0%| F|  |TAMS 0x00000000a5b00000, 0x00000000a5b00000| Untracked 
|  70|0x00000000a5c00000, 0x00000000a5c00000, 0x00000000a5d00000|  0%| F|  |TAMS 0x00000000a5c00000, 0x00000000a5c00000| Untracked 
|  71|0x00000000a5d00000, 0x00000000a5d00000, 0x00000000a5e00000|  0%| F|  |TAMS 0x00000000a5d00000, 0x00000000a5d00000| Untracked 
|  72|0x00000000a5e00000, 0x00000000a5e00000, 0x00000000a5f00000|  0%| F|  |TAMS 0x00000000a5e00000, 0x00000000a5e00000| Untracked 
|  73|0x00000000a5f00000, 0x00000000a5f00000, 0x00000000a6000000|  0%| F|  |TAMS 0x00000000a5f00000, 0x00000000a5f00000| Untracked 
|  74|0x00000000a6000000, 0x00000000a6000000, 0x00000000a6100000|  0%| F|  |TAMS 0x00000000a6000000, 0x00000000a6000000| Untracked 
|  75|0x00000000a6100000, 0x00000000a6100000, 0x00000000a6200000|  0%| F|  |TAMS 0x00000000a6100000, 0x00000000a6100000| Untracked 
|  76|0x00000000a6200000, 0x00000000a6200000, 0x00000000a6300000|  0%| F|  |TAMS 0x00000000a6200000, 0x00000000a6200000| Untracked 
|  77|0x00000000a6300000, 0x00000000a6300000, 0x00000000a6400000|  0%| F|  |TAMS 0x00000000a6300000, 0x00000000a6300000| Untracked 
|  78|0x00000000a6400000, 0x00000000a6400000, 0x00000000a6500000|  0%| F|  |TAMS 0x00000000a6400000, 0x00000000a6400000| Untracked 
|  79|0x00000000a6500000, 0x00000000a6500000, 0x00000000a6600000|  0%| F|  |TAMS 0x00000000a6500000, 0x00000000a6500000| Untracked 
|  80|0x00000000a6600000, 0x00000000a6600000, 0x00000000a6700000|  0%| F|  |TAMS 0x00000000a6600000, 0x00000000a6600000| Untracked 
|  81|0x00000000a6700000, 0x00000000a6700000, 0x00000000a6800000|  0%| F|  |TAMS 0x00000000a6700000, 0x00000000a6700000| Untracked 
|  82|0x00000000a6800000, 0x00000000a6800000, 0x00000000a6900000|  0%| F|  |TAMS 0x00000000a6800000, 0x00000000a6800000| Untracked 
|  83|0x00000000a6900000, 0x00000000a6900000, 0x00000000a6a00000|  0%| F|  |TAMS 0x00000000a6900000, 0x00000000a6900000| Untracked 
|  84|0x00000000a6a00000, 0x00000000a6a00000, 0x00000000a6b00000|  0%| F|  |TAMS 0x00000000a6a00000, 0x00000000a6a00000| Untracked 
|  85|0x00000000a6b00000, 0x00000000a6b00000, 0x00000000a6c00000|  0%| F|  |TAMS 0x00000000a6b00000, 0x00000000a6b00000| Untracked 
|  86|0x00000000a6c00000, 0x00000000a6c00000, 0x00000000a6d00000|  0%| F|  |TAMS 0x00000000a6c00000, 0x00000000a6c00000| Untracked 
|  87|0x00000000a6d00000, 0x00000000a6d00000, 0x00000000a6e00000|  0%| F|  |TAMS 0x00000000a6d00000, 0x00000000a6d00000| Untracked 
|  88|0x00000000a6e00000, 0x00000000a6e00000, 0x00000000a6f00000|  0%| F|  |TAMS 0x00000000a6e00000, 0x00000000a6e00000| Untracked 
|  89|0x00000000a6f00000, 0x00000000a6f00000, 0x00000000a7000000|  0%| F|  |TAMS 0x00000000a6f00000, 0x00000000a6f00000| Untracked 
|  90|0x00000000a7000000, 0x00000000a7000000, 0x00000000a7100000|  0%| F|  |TAMS 0x00000000a7000000, 0x00000000a7000000| Untracked 
|  91|0x00000000a7100000, 0x00000000a7100000, 0x00000000a7200000|  0%| F|  |TAMS 0x00000000a7100000, 0x00000000a7100000| Untracked 
|  92|0x00000000a7200000, 0x00000000a7200000, 0x00000000a7300000|  0%| F|  |TAMS 0x00000000a7200000, 0x00000000a7200000| Untracked 
|  93|0x00000000a7300000, 0x00000000a7300000, 0x00000000a7400000|  0%| F|  |TAMS 0x00000000a7300000, 0x00000000a7300000| Untracked 
|  94|0x00000000a7400000, 0x00000000a7400000, 0x00000000a7500000|  0%| F|  |TAMS 0x00000000a7400000, 0x00000000a7400000| Untracked 
|  95|0x00000000a7500000, 0x00000000a7500000, 0x00000000a7600000|  0%| F|  |TAMS 0x00000000a7500000, 0x00000000a7500000| Untracked 

Card table byte_map: [0x0000020777c30000,0x0000020777f30000] _byte_map_base: 0x0000020777725000

Marking Bits (Prev, Next): (CMBitMap*) 0x0000020765498620, (CMBitMap*) 0x00000207654985e0
 Prev Bits: [0x00000207799e0000, 0x000002077b188000)
 Next Bits: [0x0000020778230000, 0x00000207799d8000)

Polling page: 0x00000207632c0000

Metaspace:

Usage:
  Non-class:     47.80 MB used.
      Class:      6.35 MB used.
       Both:     54.15 MB used.

Virtual space:
  Non-class space:       64.00 MB reserved,      47.94 MB ( 75%) committed,  1 nodes.
      Class space:        1.00 GB reserved,       6.44 MB ( <1%) committed,  1 nodes.
             Both:        1.06 GB reserved,      54.38 MB (  5%) committed. 

Chunk freelists:
   Non-Class:  15.31 MB
       Class:  9.50 MB
        Both:  24.81 MB

MaxMetaspaceSize: unlimited
CompressedClassSpaceSize: 1.00 GB
Initial GC threshold: 21.00 MB
Current GC threshold: 88.44 MB
CDS: off
MetaspaceReclaimPolicy: balanced
 - commit_granule_bytes: 65536.
 - commit_granule_words: 8192.
 - virtual_space_node_default_size: 8388608.
 - enlarge_chunks_in_place: 1.
 - new_chunks_are_fully_committed: 0.
 - uncommit_free_chunks: 1.
 - use_allocation_guard: 0.
 - handle_deallocations: 1.


Internal statistics:

num_allocs_failed_limit: 9.
num_arena_births: 236.
num_arena_deaths: 0.
num_vsnodes_births: 2.
num_vsnodes_deaths: 0.
num_space_committed: 868.
num_space_uncommitted: 0.
num_chunks_returned_to_freelist: 9.
num_chunks_taken_from_freelist: 1891.
num_chunk_merges: 9.
num_chunk_splits: 1570.
num_chunks_enlarged: 1397.
num_inconsistent_stats: 0.

CodeHeap 'non-profiled nmethods': size=120000Kb used=2694Kb max_used=2694Kb free=117305Kb
 bounds [0x0000020770400000, 0x00000207706b0000, 0x0000020777930000]
CodeHeap 'profiled nmethods': size=120000Kb used=12516Kb max_used=12516Kb free=107483Kb
 bounds [0x0000020768930000, 0x0000020769570000, 0x000002076fe60000]
CodeHeap 'non-nmethods': size=5760Kb used=1281Kb max_used=1374Kb free=4478Kb
 bounds [0x000002076fe60000, 0x00000207700d0000, 0x0000020770400000]
 total_blobs=6475 nmethods=5883 adapters=503
 compilation: enabled
              stopped_count=0, restarted_count=0
 full_count=0

Compilation events (20 events):
Event: 7.915 Thread 0x000002077d92b6d0 nmethod 5945 0x0000020769560590 code [0x00000207695607c0, 0x0000020769560dc8]
Event: 7.915 Thread 0x000002077d92b6d0 5946       3       org.jetbrains.kotlin.load.java.typeEnhancement.AbstractSignatureParts::toIndexed (43 bytes)
Event: 7.916 Thread 0x000002077d92b6d0 nmethod 5946 0x0000020769561010 code [0x0000020769561320, 0x00000207695626a8]
Event: 7.917 Thread 0x000002077d92b6d0 5950       3       org.jetbrains.kotlin.storage.LockBasedStorageManager$CacheWithNotNullValuesBasedOnMemoizedFunction::computeIfAbsent (65 bytes)
Event: 7.918 Thread 0x000002077d92b6d0 nmethod 5950 0x0000020769562e90 code [0x0000020769563060, 0x00000207695632a8]
Event: 7.918 Thread 0x000002077d92b6d0 5951       3       javaslang.collection.HashArrayMappedTrieModule$IndexedNode::lookup (58 bytes)
Event: 7.918 Thread 0x000002077d92b6d0 nmethod 5951 0x0000020769563390 code [0x0000020769563580, 0x0000020769563b18]
Event: 7.918 Thread 0x000002077d92b6d0 5952       3       org.jetbrains.kotlin.load.java.components.SignaturePropagator$PropagatedSignature::<init> (72 bytes)
Event: 7.919 Thread 0x000002077d92b6d0 nmethod 5952 0x0000020769563d90 code [0x0000020769563f80, 0x00000207695644b8]
Event: 7.919 Thread 0x000002077d92b6d0 5953       3       org.jetbrains.kotlin.types.checker.ClassicTypeSystemContext$DefaultImpls::asFlexibleType (97 bytes)
Event: 7.920 Thread 0x000002077d92b6d0 nmethod 5953 0x0000020769564610 code [0x00000207695649a0, 0x00000207695660a8]
Event: 7.920 Thread 0x000002077d92b6d0 5954       3       org.jetbrains.kotlin.metadata.ProtoBuf$Class::getEnumEntryCount (10 bytes)
Event: 7.921 Thread 0x000002077d92b6d0 nmethod 5954 0x0000020769566790 code [0x0000020769566940, 0x0000020769566b08]
Event: 7.921 Thread 0x000002077d92b6d0 5955       3       org.jetbrains.kotlin.name.FqNamesUtilKt::isChildOf (21 bytes)
Event: 7.922 Thread 0x000002077d92b6d0 nmethod 5955 0x0000020769566c10 code [0x0000020769566f60, 0x0000020769568238]
Event: 7.922 Thread 0x000002077d92b6d0 5958       3       org.jetbrains.kotlin.util.EmptyArrayMap::get (6 bytes)
Event: 7.922 Thread 0x000002077d92b6d0 nmethod 5958 0x0000020769568910 code [0x0000020769568aa0, 0x0000020769568c18]
Event: 7.922 Thread 0x000002077d92b6d0 5957       3       org.jetbrains.kotlin.utils.SmartList$SingletonIteratorBase::hasNext (13 bytes)
Event: 7.923 Thread 0x000002077d92b6d0 nmethod 5957 0x0000020769568d10 code [0x0000020769568ea0, 0x0000020769569018]
Event: 7.923 Thread 0x000002077d92b6d0 5956       3       org.jetbrains.kotlin.name.FqNamesUtilKt::parentOrNull (22 bytes)

GC Heap History (20 events):
Event: 3.030 GC heap after
{Heap after GC invocations=9 (full 0):
 garbage-first heap   total 59392K, used 20289K [0x00000000a1600000, 0x0000000100000000)
  region size 1024K, 1 young (1024K), 1 survivors (1024K)
 Metaspace       used 35900K, committed 36160K, reserved 1114112K
  class space    used 4523K, committed 4672K, reserved 1048576K
}
Event: 3.430 GC heap before
{Heap before GC invocations=10 (full 0):
 garbage-first heap   total 59392K, used 42817K [0x00000000a1600000, 0x0000000100000000)
  region size 1024K, 24 young (24576K), 1 survivors (1024K)
 Metaspace       used 40602K, committed 40832K, reserved 1114112K
  class space    used 4955K, committed 5056K, reserved 1048576K
}
Event: 3.440 GC heap after
{Heap after GC invocations=11 (full 0):
 garbage-first heap   total 59392K, used 22963K [0x00000000a1600000, 0x0000000100000000)
  region size 1024K, 3 young (3072K), 3 survivors (3072K)
 Metaspace       used 40602K, committed 40832K, reserved 1114112K
  class space    used 4955K, committed 5056K, reserved 1048576K
}
Event: 4.373 GC heap before
{Heap before GC invocations=12 (full 0):
 garbage-first heap   total 59392K, used 45491K [0x00000000a1600000, 0x0000000100000000)
  region size 1024K, 24 young (24576K), 3 survivors (3072K)
 Metaspace       used 46286K, committed 46528K, reserved 1114112K
  class space    used 5613K, committed 5696K, reserved 1048576K
}
Event: 4.386 GC heap after
{Heap after GC invocations=13 (full 0):
 garbage-first heap   total 59392K, used 27563K [0x00000000a1600000, 0x0000000100000000)
  region size 1024K, 3 young (3072K), 3 survivors (3072K)
 Metaspace       used 46286K, committed 46528K, reserved 1114112K
  class space    used 5613K, committed 5696K, reserved 1048576K
}
Event: 4.902 GC heap before
{Heap before GC invocations=13 (full 0):
 garbage-first heap   total 59392K, used 45995K [0x00000000a1600000, 0x0000000100000000)
  region size 1024K, 20 young (20480K), 3 survivors (3072K)
 Metaspace       used 49559K, committed 49728K, reserved 1114112K
  class space    used 6013K, committed 6080K, reserved 1048576K
}
Event: 4.912 GC heap after
{Heap after GC invocations=14 (full 0):
 garbage-first heap   total 59392K, used 31690K [0x00000000a1600000, 0x0000000100000000)
  region size 1024K, 3 young (3072K), 3 survivors (3072K)
 Metaspace       used 49559K, committed 49728K, reserved 1114112K
  class space    used 6013K, committed 6080K, reserved 1048576K
}
Event: 5.016 GC heap before
{Heap before GC invocations=14 (full 0):
 garbage-first heap   total 59392K, used 47050K [0x00000000a1600000, 0x0000000100000000)
  region size 1024K, 18 young (18432K), 3 survivors (3072K)
 Metaspace       used 49682K, committed 49856K, reserved 1114112K
  class space    used 6013K, committed 6080K, reserved 1048576K
}
Event: 5.024 GC heap after
{Heap after GC invocations=15 (full 0):
 garbage-first heap   total 71680K, used 32019K [0x00000000a1600000, 0x0000000100000000)
  region size 1024K, 2 young (2048K), 2 survivors (2048K)
 Metaspace       used 49682K, committed 49856K, reserved 1114112K
  class space    used 6013K, committed 6080K, reserved 1048576K
}
Event: 5.747 GC heap before
{Heap before GC invocations=16 (full 0):
 garbage-first heap   total 71680K, used 53523K [0x00000000a1600000, 0x0000000100000000)
  region size 1024K, 23 young (23552K), 2 survivors (2048K)
 Metaspace       used 50508K, committed 50752K, reserved 1114112K
  class space    used 6090K, committed 6208K, reserved 1048576K
}
Event: 5.756 GC heap after
{Heap after GC invocations=17 (full 0):
 garbage-first heap   total 71680K, used 33246K [0x00000000a1600000, 0x0000000100000000)
  region size 1024K, 3 young (3072K), 3 survivors (3072K)
 Metaspace       used 50508K, committed 50752K, reserved 1114112K
  class space    used 6090K, committed 6208K, reserved 1048576K
}
Event: 5.779 GC heap before
{Heap before GC invocations=17 (full 0):
 garbage-first heap   total 71680K, used 34270K [0x00000000a1600000, 0x0000000100000000)
  region size 1024K, 4 young (4096K), 3 survivors (3072K)
 Metaspace       used 50524K, committed 50816K, reserved 1114112K
  class space    used 6091K, committed 6208K, reserved 1048576K
}
Event: 5.787 GC heap after
{Heap after GC invocations=18 (full 0):
 garbage-first heap   total 71680K, used 32673K [0x00000000a1600000, 0x0000000100000000)
  region size 1024K, 1 young (1024K), 1 survivors (1024K)
 Metaspace       used 50524K, committed 50816K, reserved 1114112K
  class space    used 6091K, committed 6208K, reserved 1048576K
}
Event: 6.501 GC heap before
{Heap before GC invocations=18 (full 0):
 garbage-first heap   total 71680K, used 53153K [0x00000000a1600000, 0x0000000100000000)
  region size 1024K, 22 young (22528K), 1 survivors (1024K)
 Metaspace       used 54034K, committed 54272K, reserved 1114112K
  class space    used 6455K, committed 6592K, reserved 1048576K
}
Event: 6.510 GC heap after
{Heap after GC invocations=19 (full 0):
 garbage-first heap   total 71680K, used 36101K [0x00000000a1600000, 0x0000000100000000)
  region size 1024K, 3 young (3072K), 3 survivors (3072K)
 Metaspace       used 54034K, committed 54272K, reserved 1114112K
  class space    used 6455K, committed 6592K, reserved 1048576K
}
Event: 7.507 GC heap before
{Heap before GC invocations=20 (full 0):
 garbage-first heap   total 71680K, used 54533K [0x00000000a1600000, 0x0000000100000000)
  region size 1024K, 21 young (21504K), 3 survivors (3072K)
 Metaspace       used 55149K, committed 55360K, reserved 1114112K
  class space    used 6497K, committed 6592K, reserved 1048576K
}
Event: 7.523 GC heap after
{Heap after GC invocations=21 (full 0):
 garbage-first heap   total 71680K, used 41092K [0x00000000a1600000, 0x0000000100000000)
  region size 1024K, 3 young (3072K), 3 survivors (3072K)
 Metaspace       used 55149K, committed 55360K, reserved 1114112K
  class space    used 6497K, committed 6592K, reserved 1048576K
}
Event: 7.555 GC heap before
{Heap before GC invocations=21 (full 0):
 garbage-first heap   total 71680K, used 42116K [0x00000000a1600000, 0x0000000100000000)
  region size 1024K, 4 young (4096K), 3 survivors (3072K)
 Metaspace       used 55163K, committed 55360K, reserved 1114112K
  class space    used 6497K, committed 6592K, reserved 1048576K
}
Event: 7.563 GC heap after
{Heap after GC invocations=22 (full 0):
 garbage-first heap   total 71680K, used 41474K [0x00000000a1600000, 0x0000000100000000)
  region size 1024K, 1 young (1024K), 1 survivors (1024K)
 Metaspace       used 55163K, committed 55360K, reserved 1114112K
  class space    used 6497K, committed 6592K, reserved 1048576K
}
Event: 7.923 GC heap before
{Heap before GC invocations=22 (full 0):
 garbage-first heap   total 71680K, used 55810K [0x00000000a1600000, 0x0000000100000000)
  region size 1024K, 15 young (15360K), 1 survivors (1024K)
 Metaspace       used 55453K, committed 55680K, reserved 1114112K
  class space    used 6506K, committed 6592K, reserved 1048576K
}

Dll operation events (2 events):
Event: 0.021 Loaded shared library C:\Program Files\Android\Android Studio\jbr\bin\java.dll
Event: 1.902 Loaded shared library C:\Program Files\Android\Android Studio\jbr\bin\verify.dll

Deoptimization events (20 events):
Event: 7.884 Thread 0x000002076544be50 Uncommon trap: trap_request=0xffffffc6 fr.pc=0x000002077068fe94 relative=0x0000000000001154
Event: 7.884 Thread 0x000002076544be50 Uncommon trap: reason=bimorphic_or_optimized_type_check action=maybe_recompile pc=0x000002077068fe94 method=kotlin.collections.CollectionsKt___CollectionsKt.toList(Ljava/lang/Iterable;)Ljava/util/List; @ 71 c2
Event: 7.884 Thread 0x000002076544be50 DEOPT PACKING pc=0x000002077068fe94 sp=0x000000e41bafaf50
Event: 7.884 Thread 0x000002076544be50 DEOPT UNPACKING pc=0x000002076feb69a3 sp=0x000000e41bafaf20 mode 2
Event: 7.884 Thread 0x000002076544be50 Uncommon trap: trap_request=0xffffffde fr.pc=0x000002077068b380 relative=0x00000000000000e0
Event: 7.884 Thread 0x000002076544be50 Uncommon trap: reason=class_check action=maybe_recompile pc=0x000002077068b380 method=java.util.Collections$UnmodifiableCollection$1.next()Ljava/lang/Object; @ 4 c2
Event: 7.884 Thread 0x000002076544be50 DEOPT PACKING pc=0x000002077068b380 sp=0x000000e41bafaf00
Event: 7.884 Thread 0x000002076544be50 DEOPT UNPACKING pc=0x000002076feb69a3 sp=0x000000e41bafaeb0 mode 2
Event: 7.884 Thread 0x000002076544be50 Uncommon trap: trap_request=0xffffffde fr.pc=0x00000207704eda70 relative=0x0000000000000070
Event: 7.884 Thread 0x000002076544be50 Uncommon trap: reason=class_check action=maybe_recompile pc=0x00000207704eda70 method=java.util.Collections$UnmodifiableCollection.size()I @ 4 c2
Event: 7.884 Thread 0x000002076544be50 DEOPT PACKING pc=0x00000207704eda70 sp=0x000000e41bafb1a0
Event: 7.884 Thread 0x000002076544be50 DEOPT UNPACKING pc=0x000002076feb69a3 sp=0x000000e41bafb128 mode 2
Event: 7.884 Thread 0x000002076544be50 Uncommon trap: trap_request=0xffffff45 fr.pc=0x000002077065eb90 relative=0x00000000000001d0
Event: 7.884 Thread 0x000002076544be50 Uncommon trap: reason=unstable_if action=reinterpret pc=0x000002077065eb90 method=java.util.HashMap.getNode(Ljava/lang/Object;)Ljava/util/HashMap$Node; @ 66 c2
Event: 7.884 Thread 0x000002076544be50 DEOPT PACKING pc=0x000002077065eb90 sp=0x000000e41bafbe90
Event: 7.884 Thread 0x000002076544be50 DEOPT UNPACKING pc=0x000002076feb69a3 sp=0x000000e41bafbd98 mode 2
Event: 7.903 Thread 0x000002076544be50 Uncommon trap: trap_request=0xffffff45 fr.pc=0x000002077044ac24 relative=0x00000000000002e4
Event: 7.903 Thread 0x000002076544be50 Uncommon trap: reason=unstable_if action=reinterpret pc=0x000002077044ac24 method=java.util.HashMap.hash(Ljava/lang/Object;)I @ 1 c2
Event: 7.903 Thread 0x000002076544be50 DEOPT PACKING pc=0x000002077044ac24 sp=0x000000e41bafd550
Event: 7.903 Thread 0x000002076544be50 DEOPT UNPACKING pc=0x000002076feb69a3 sp=0x000000e41bafd448 mode 2

Classes unloaded (0 events):
No events

Classes redefined (0 events):
No events

Internal exceptions (20 events):
Event: 1.757 Thread 0x000002076544be50 Exception <a 'java/lang/NoSuchMethodError'{0x00000000a359b250}: 'void java.lang.invoke.DirectMethodHandle$Holder.invokeStatic(java.lang.Object, java.lang.Object, java.lang.Object, java.lang.Object)'> (0x00000000a359b250) 
thrown [s\src\hotspot\share\interpreter\linkResolver.cpp, line 771]
Event: 1.851 Thread 0x000002076544be50 Exception <a 'java/lang/NoSuchMethodError'{0x00000000a3158200}: 'void java.lang.invoke.DirectMethodHandle$Holder.invokeStaticInit(java.lang.Object, java.lang.Object)'> (0x00000000a3158200) 
thrown [s\src\hotspot\share\interpreter\linkResolver.cpp, line 771]
Event: 1.962 Thread 0x000002076544be50 Exception <a 'java/lang/NoSuchMethodError'{0x00000000a2dd0560}: 'void java.lang.invoke.DirectMethodHandle$Holder.invokeVirtual(java.lang.Object, java.lang.Object)'> (0x00000000a2dd0560) 
thrown [s\src\hotspot\share\interpreter\linkResolver.cpp, line 771]
Event: 1.973 Thread 0x000002076544be50 Exception <a 'java/lang/NoSuchMethodError'{0x00000000a2c4a908}: 'int java.lang.invoke.DirectMethodHandle$Holder.invokeVirtual(java.lang.Object, java.lang.Object)'> (0x00000000a2c4a908) 
thrown [s\src\hotspot\share\interpreter\linkResolver.cpp, line 771]
Event: 1.992 Thread 0x000002076544be50 Exception <a 'java/lang/NoSuchMethodError'{0x00000000a2ce2f80}: 'java.lang.Object java.lang.invoke.Invokers$Holder.invokeExact_MT(java.lang.Object, java.lang.Object, java.lang.Object, java.lang.Object, java.lang.Object, java.lang.Object)'> (0x00000000a2ce2f80) 
thrown [s\src\hotspot\share\interpreter\linkResolver.cpp, line 771]
Event: 2.641 Thread 0x000002076544be50 Implicit null exception at 0x0000020770419c72 to 0x000002077041a28c
Event: 2.771 Thread 0x000002076544be50 Implicit null exception at 0x000002077041b272 to 0x000002077041b8ac
Event: 2.819 Thread 0x000002076544be50 Exception <a 'java/lang/NoSuchMethodError'{0x00000000a41ea488}: 'java.lang.Object java.lang.invoke.DirectMethodHandle$Holder.invokeVirtual(java.lang.Object, java.lang.Object, java.lang.Object)'> (0x00000000a41ea488) 
thrown [s\src\hotspot\share\interpreter\linkResolver.cpp, line 771]
Event: 3.736 Thread 0x000002076544be50 Exception <a 'java/lang/NoSuchMethodError'{0x00000000a48fed88}: 'java.lang.Object java.lang.invoke.DirectMethodHandle$Holder.newInvokeSpecial(java.lang.Object, java.lang.Object, int)'> (0x00000000a48fed88) 
thrown [s\src\hotspot\share\interpreter\linkResolver.cpp, line 771]
Event: 3.908 Thread 0x000002076544be50 Exception <a 'java/lang/NoSuchMethodError'{0x00000000a4417f00}: 'java.lang.Object java.lang.invoke.DirectMethodHandle$Holder.newInvokeSpecial(java.lang.Object, java.lang.Object, java.lang.Object, int)'> (0x00000000a4417f00) 
thrown [s\src\hotspot\share\interpreter\linkResolver.cpp, line 771]
Event: 3.908 Thread 0x000002076544be50 Exception <a 'java/lang/NoSuchMethodError'{0x00000000a441c588}: 'java.lang.Object java.lang.invoke.DirectMethodHandle$Holder.invokeSpecial(java.lang.Object, java.lang.Object, java.lang.Object, java.lang.Object, int)'> (0x00000000a441c588) 
thrown [s\src\hotspot\share\interpreter\linkResolver.cpp, line 771]
Event: 3.909 Thread 0x000002076544be50 Exception <a 'java/lang/NoSuchMethodError'{0x00000000a44203f8}: 'java.lang.Object java.lang.invoke.Invokers$Holder.linkToTargetMethod(java.lang.Object, java.lang.Object, int, java.lang.Object)'> (0x00000000a44203f8) 
thrown [s\src\hotspot\share\interpreter\linkResolver.cpp, line 771]
Event: 6.017 Thread 0x000002076544be50 Exception <a 'java/lang/NoSuchMethodError'{0x00000000a5047718}: 'java.lang.Object java.lang.invoke.DirectMethodHandle$Holder.newInvokeSpecial(java.lang.Object, int, java.lang.Object)'> (0x00000000a5047718) 
thrown [s\src\hotspot\share\interpreter\linkResolver.cpp, line 771]
Event: 6.019 Thread 0x000002076544be50 Exception <a 'java/lang/NoSuchMethodError'{0x00000000a504dd80}: 'int java.lang.invoke.DirectMethodHandle$Holder.invokeInterface(java.lang.Object, java.lang.Object)'> (0x00000000a504dd80) 
thrown [s\src\hotspot\share\interpreter\linkResolver.cpp, line 771]
Event: 6.684 Thread 0x000002076544be50 Exception <a 'java/lang/NoSuchMethodError'{0x00000000a5717658}: 'java.lang.Object java.lang.invoke.DirectMethodHandle$Holder.newInvokeSpecial(java.lang.Object, java.lang.Object, java.lang.Object, java.lang.Object, java.lang.Object, java.lang.Object, java.lang.Object, java.lang.Object)'> (0x00000000a5717658) 
thrown [s\src\hotspot\share\interpreter\linkResolver.cpp, line 771]
Event: 6.684 Thread 0x000002076544be50 Exception <a 'java/lang/NoSuchMethodError'{0x00000000a571cc70}: 'java.lang.Object java.lang.invoke.DirectMethodHandle$Holder.invokeSpecial(java.lang.Object, java.lang.Object, java.lang.Object, java.lang.Object, java.lang.Object, java.lang.Object, java.lang.Object, java.lang.Object, java.lang.Object)'> (0x00000000a571cc70) 
thrown [s\src\hotspot\share\interpreter\linkResolver.cpp, line 771]
Event: 6.686 Thread 0x000002076544be50 Exception <a 'java/lang/NoSuchMethodError'{0x00000000a5721ba0}: 'java.lang.Object java.lang.invoke.Invokers$Holder.linkToTargetMethod(java.lang.Object, java.lang.Object, java.lang.Object, java.lang.Object, java.lang.Object, java.lang.Object, java.lang.Object, java.lang.Object)'> (0x00000000a5721ba0) 
thrown [s\src\hotspot\share\interpreter\linkResolver.cpp, line 771]
Event: 6.793 Thread 0x000002076544be50 Exception <a 'java/lang/NoSuchMethodError'{0x00000000a56e4000}: 'java.lang.Object java.lang.invoke.DirectMethodHandle$Holder.newInvokeSpecial(java.lang.Object, java.lang.Object, java.lang.Object, java.lang.Object, java.lang.Object, java.lang.Object)'> (0x00000000a56e4000) 
thrown [s\src\hotspot\share\interpreter\linkResolver.cpp, line 771]
Event: 6.915 Thread 0x000002076544be50 Exception <a 'java/lang/NoSuchMethodError'{0x00000000a5206170}: 'java.lang.Object java.lang.invoke.DirectMethodHandle$Holder.invokeStaticInit(java.lang.Object, java.lang.Object, java.lang.Object)'> (0x00000000a5206170) 
thrown [s\src\hotspot\share\interpreter\linkResolver.cpp, line 771]
Event: 7.903 Thread 0x000002076544be50 Implicit null exception at 0x000002077044a98e to 0x000002077044ac0c

VM Operations (20 events):
Event: 6.939 Executing VM operation: HandshakeAllThreads done
Event: 6.940 Executing VM operation: HandshakeAllThreads
Event: 6.941 Executing VM operation: HandshakeAllThreads done
Event: 7.013 Executing VM operation: ICBufferFull
Event: 7.013 Executing VM operation: ICBufferFull done
Event: 7.332 Executing VM operation: ICBufferFull
Event: 7.332 Executing VM operation: ICBufferFull done
Event: 7.507 Executing VM operation: G1CollectForAllocation
Event: 7.524 Executing VM operation: G1CollectForAllocation done
Event: 7.555 Executing VM operation: G1CollectForAllocation
Event: 7.563 Executing VM operation: G1CollectForAllocation done
Event: 7.654 Executing VM operation: HandshakeAllThreads
Event: 7.654 Executing VM operation: HandshakeAllThreads done
Event: 7.656 Executing VM operation: HandshakeAllThreads
Event: 7.656 Executing VM operation: HandshakeAllThreads done
Event: 7.710 Executing VM operation: ICBufferFull
Event: 7.710 Executing VM operation: ICBufferFull done
Event: 7.883 Executing VM operation: ICBufferFull
Event: 7.883 Executing VM operation: ICBufferFull done
Event: 7.923 Executing VM operation: G1CollectForAllocation

Events (20 events):
Event: 4.671 loading class java/util/stream/ReduceOps$AccumulatingSink done
Event: 4.671 loading class java/util/stream/ReduceOps$Box
Event: 4.671 loading class java/util/stream/ReduceOps$Box done
Event: 4.671 loading class java/util/stream/ReduceOps$3ReducingSink done
Event: 4.671 loading class java/util/stream/ReferencePipeline$2$1
Event: 4.671 loading class java/util/stream/ReferencePipeline$2$1 done
Event: 4.671 loading class java/util/stream/IntPipeline$1$1
Event: 4.671 loading class java/util/stream/Sink$ChainedInt
Event: 4.671 loading class java/util/stream/Sink$OfInt
Event: 4.671 loading class java/util/function/IntConsumer
Event: 4.671 loading class java/util/function/IntConsumer done
Event: 4.671 loading class java/util/stream/Sink$OfInt done
Event: 4.671 loading class java/util/stream/Sink$ChainedInt done
Event: 4.671 loading class java/util/stream/IntPipeline$1$1 done
Event: 4.856 loading class java/util/ComparableTimSort
Event: 4.856 loading class java/util/ComparableTimSort done
Event: 5.250 loading class java/util/Collections$SingletonMap
Event: 5.251 loading class java/util/Collections$SingletonMap done
Event: 6.801 loading class java/util/RegularEnumSet$EnumSetIterator
Event: 6.801 loading class java/util/RegularEnumSet$EnumSetIterator done


Dynamic libraries:
0x00007ff652af0000 - 0x00007ff652afa000 	C:\Program Files\Android\Android Studio\jbr\bin\java.exe
0x00007fff28cf0000 - 0x00007fff28ee8000 	C:\Windows\SYSTEM32\ntdll.dll
0x00007fff27640000 - 0x00007fff276fd000 	C:\Windows\System32\KERNEL32.DLL
0x00007fff268b0000 - 0x00007fff26ba6000 	C:\Windows\System32\KERNELBASE.dll
0x00007fff26780000 - 0x00007fff26880000 	C:\Windows\System32\ucrtbase.dll
0x00007fff21fb0000 - 0x00007fff21fc7000 	C:\Program Files\Android\Android Studio\jbr\bin\jli.dll
0x00007fff28180000 - 0x00007fff2831f000 	C:\Windows\System32\USER32.dll
0x00007fff26880000 - 0x00007fff268a2000 	C:\Windows\System32\win32u.dll
0x00007fff27e00000 - 0x00007fff27e2b000 	C:\Windows\System32\GDI32.dll
0x00007fff26bb0000 - 0x00007fff26cc7000 	C:\Windows\System32\gdi32full.dll
0x00007fff26590000 - 0x00007fff2662d000 	C:\Windows\System32\msvcp_win.dll
0x00007fff1e0d0000 - 0x00007fff1e0eb000 	C:\Program Files\Android\Android Studio\jbr\bin\VCRUNTIME140.dll
0x00007fff0fb60000 - 0x00007fff0fdfa000 	C:\Windows\WinSxS\amd64_microsoft.windows.common-controls_6595b64144ccf1df_6.0.19041.3636_none_60b6a03d71f818d5\COMCTL32.dll
0x00007fff28c10000 - 0x00007fff28cae000 	C:\Windows\System32\msvcrt.dll
0x00007fff28bd0000 - 0x00007fff28c02000 	C:\Windows\System32\IMM32.DLL
0x00007fff202d0000 - 0x00007fff202dc000 	C:\Program Files\Android\Android Studio\jbr\bin\vcruntime140_1.dll
0x00007fff08d10000 - 0x00007fff08d9d000 	C:\Program Files\Android\Android Studio\jbr\bin\msvcp140.dll
0x00007ffef1c20000 - 0x00007ffef28a3000 	C:\Program Files\Android\Android Studio\jbr\bin\server\jvm.dll
0x00007fff27110000 - 0x00007fff271c0000 	C:\Windows\System32\ADVAPI32.dll
0x00007fff27e30000 - 0x00007fff27ed0000 	C:\Windows\System32\sechost.dll
0x00007fff278d0000 - 0x00007fff279f3000 	C:\Windows\System32\RPCRT4.dll
0x00007fff26750000 - 0x00007fff26777000 	C:\Windows\System32\bcrypt.dll
0x00007fff26200000 - 0x00007fff2624b000 	C:\Windows\SYSTEM32\POWRPROF.dll
0x00007fff0e520000 - 0x00007fff0e547000 	C:\Windows\SYSTEM32\WINMM.dll
0x00007fff1f660000 - 0x00007fff1f66a000 	C:\Windows\SYSTEM32\VERSION.dll
0x00007fff21fa0000 - 0x00007fff21fa9000 	C:\Windows\SYSTEM32\WSOCK32.dll
0x00007fff28060000 - 0x00007fff280cb000 	C:\Windows\System32\WS2_32.dll
0x00007fff261e0000 - 0x00007fff261f2000 	C:\Windows\SYSTEM32\UMPDC.dll
0x00007fff24230000 - 0x00007fff24242000 	C:\Windows\SYSTEM32\kernel.appcore.dll
0x00007fff21f90000 - 0x00007fff21f9a000 	C:\Program Files\Android\Android Studio\jbr\bin\jimage.dll
0x00007fff1cbe0000 - 0x00007fff1cdc4000 	C:\Windows\SYSTEM32\DBGHELP.DLL
0x00007fff07bd0000 - 0x00007fff07c04000 	C:\Windows\SYSTEM32\dbgcore.DLL
0x00007fff263a0000 - 0x00007fff26422000 	C:\Windows\System32\bcryptPrimitives.dll
0x00007fff21eb0000 - 0x00007fff21ed5000 	C:\Program Files\Android\Android Studio\jbr\bin\java.dll
0x00007fff21e70000 - 0x00007fff21e88000 	C:\Program Files\Android\Android Studio\jbr\bin\zip.dll
0x00007fff28320000 - 0x00007fff28a8b000 	C:\Windows\System32\SHELL32.dll
0x00007fff24430000 - 0x00007fff24bce000 	C:\Windows\SYSTEM32\windows.storage.dll
0x00007fff26d20000 - 0x00007fff27073000 	C:\Windows\System32\combase.dll
0x00007fff25d00000 - 0x00007fff25d2e000 	C:\Windows\SYSTEM32\Wldp.dll
0x00007fff27d30000 - 0x00007fff27dfd000 	C:\Windows\System32\OLEAUT32.dll
0x00007fff280d0000 - 0x00007fff2817d000 	C:\Windows\System32\SHCORE.dll
0x00007fff27ed0000 - 0x00007fff27f25000 	C:\Windows\System32\shlwapi.dll
0x00007fff262d0000 - 0x00007fff262f3000 	C:\Windows\SYSTEM32\profapi.dll
0x00007fff21120000 - 0x00007fff21139000 	C:\Program Files\Android\Android Studio\jbr\bin\net.dll
0x00007fff1d620000 - 0x00007fff1d72a000 	C:\Windows\SYSTEM32\WINHTTP.dll
0x00007fff25a60000 - 0x00007fff25aca000 	C:\Windows\system32\mswsock.dll
0x00007fff21100000 - 0x00007fff21116000 	C:\Program Files\Android\Android Studio\jbr\bin\nio.dll
0x00007fff21060000 - 0x00007fff21070000 	C:\Program Files\Android\Android Studio\jbr\bin\verify.dll

dbghelp: loaded successfully - version: 4.0.5 - missing functions: none
symbol engine: initialized successfully - sym options: 0x614 - pdb path: .;C:\Program Files\Android\Android Studio\jbr\bin;C:\Windows\SYSTEM32;C:\Windows\WinSxS\amd64_microsoft.windows.common-controls_6595b64144ccf1df_6.0.19041.3636_none_60b6a03d71f818d5;C:\Program Files\Android\Android Studio\jbr\bin\server

VM Arguments:
java_command: org.jetbrains.kotlin.cli.jvm.K2JVMCompiler @C:\Users\Javohir\AndroidStudioProjects\IT_Center3\app\build\20240508_2176086678709172095.compiler.options
java_class_path (initial): C:\Users\Javohir\.gradle\caches\modules-2\files-2.1\org.jetbrains.kotlin\kotlin-compiler-embeddable\1.9.0\2c8c3a7402becca891f12739b3e9fd2dc2adbd7a\kotlin-compiler-embeddable-1.9.0.jar;C:\Users\Javohir\.gradle\caches\modules-2\files-2.1\org.jetbrains.kotlin\kotlin-stdlib\1.9.0\8ee15ef0c67dc83d874f412d84378d7f0eb50b63\kotlin-stdlib-1.9.0.jar;C:\Users\Javohir\.gradle\caches\modules-2\files-2.1\org.jetbrains.kotlin\kotlin-script-runtime\1.9.0\4b3102cbbb7e1b58d9d1adf89563f00069ffa7d1\kotlin-script-runtime-1.9.0.jar;C:\Users\Javohir\.gradle\caches\modules-2\files-2.1\org.jetbrains.kotlin\kotlin-reflect\1.6.10\1cbe9c92c12a94eea200d23c2bbaedaf3daf5132\kotlin-reflect-1.6.10.jar;C:\Users\Javohir\.gradle\caches\modules-2\files-2.1\org.jetbrains.kotlin\kotlin-daemon-embeddable\1.9.0\186543f5e28cf8d9a0290fecc2cf34301c40a65c\kotlin-daemon-embeddable-1.9.0.jar;C:\Users\Javohir\.gradle\caches\modules-2\files-2.1\org.jetbrains.intellij.deps\trove4j\1.0.20200330\3afb14d5f9ceb459d724e907a21145e8ff394f02\trove4j-1.0.20200330.jar;C:\Users\Javohir\.gradle\caches\modules-2\files-2.1\org.jetbrains.kotlin\kotlin-stdlib-common\1.9.0\cd65c21cfd1eec4d44ef09f9f52b6d9f8a720636\kotlin-stdlib-common-1.9.0.jar;C:\Users\Javohir\.gradle\caches\modules-2\files-2.1\org.jetbrains\annotations\13.0\919f0dfe192fb4e063e7dacadee7f8bb9a2672a9\annotations-13.0.jar
Launcher Type: SUN_STANDARD

[Global flags]
     intx CICompilerCount                          = 3                                         {product} {ergonomic}
     uint ConcGCThreads                            = 1                                         {product} {ergonomic}
     uint G1ConcRefinementThreads                  = 4                                         {product} {ergonomic}
   size_t G1HeapRegionSize                         = 1048576                                   {product} {ergonomic}
    uintx GCDrainStackTargetSize                   = 64                                        {product} {ergonomic}
   size_t InitialHeapSize                          = 100663296                                 {product} {ergonomic}
   size_t MarkStackSize                            = 4194304                                   {product} {ergonomic}
   size_t MaxHeapSize                              = 1587544064                                {product} {ergonomic}
   size_t MaxNewSize                               = 952107008                                 {product} {ergonomic}
   size_t MinHeapDeltaBytes                        = 1048576                                   {product} {ergonomic}
   size_t MinHeapSize                              = 8388608                                   {product} {ergonomic}
    uintx NonNMethodCodeHeapSize                   = 5832780                                {pd product} {ergonomic}
    uintx NonProfiledCodeHeapSize                  = 122912730                              {pd product} {ergonomic}
    uintx ProfiledCodeHeapSize                     = 122912730                              {pd product} {ergonomic}
    uintx ReservedCodeCacheSize                    = 251658240                              {pd product} {ergonomic}
     bool SegmentedCodeCache                       = true                                      {product} {ergonomic}
   size_t SoftMaxHeapSize                          = 1587544064                             {manageable} {ergonomic}
     bool UseCompressedClassPointers               = true                           {product lp64_product} {ergonomic}
     bool UseCompressedOops                        = true                           {product lp64_product} {ergonomic}
     bool UseG1GC                                  = true                                      {product} {ergonomic}
     bool UseLargePagesIndividualAllocation        = false                                  {pd product} {ergonomic}

Logging:
Log output configuration:
 #0: stdout all=warning uptime,level,tags
 #1: stderr all=off uptime,level,tags

Environment Variables:
PATH=C:\PROGRA~2\Borland\CBUILD~1\Bin;C:\PROGRA~2\Borland\CBUILD~1\Projects\Bpl;C:\Windows\system32;C:\Windows;C:\Windows\System32\Wbem;C:\Windows\System32\WindowsPowerShell\v1.0\;C:\Windows\System32\OpenSSH\;C:\Program Files\Git\cmd;C:\Users\Javohir\AppData\Local\Programs\Python\Launcher\;C:\Users\Javohir\AppData\Local\Microsoft\WindowsApps;
USERNAME=Javohir
OS=Windows_NT
PROCESSOR_IDENTIFIER=Intel64 Family 6 Model 78 Stepping 3, GenuineIntel
TMP=C:\Users\Javohir\AppData\Local\Temp
TEMP=C:\Users\Javohir\AppData\Local\Temp



Periodic native trim disabled

JNI global refs:
JNI global refs: 10, weak refs: 4

JNI global refs memory usage: 843, weak refs: 841

OOME stack traces (most recent first):
Classloader memory used:
Loader jdk.internal.loader.ClassLoaders$AppClassLoader                                 : 5610K
Loader bootstrap                                                                       : 1306K
Loader jdk.internal.reflect.DelegatingClassLoader                                      : 15163B


---------------  S Y S T E M  ---------------

OS:
 Windows 10 , 64 bit Build 19041 (10.0.19041.3636)
OS uptime: 0 days 3:28 hours

CPU: total 4 (initial active 4) (2 cores per cpu, 2 threads per core) family 6 model 78 stepping 3 microcode 0xcc, cx8, cmov, fxsr, ht, mmx, 3dnowpref, sse, sse2, sse3, ssse3, sse4.1, sse4.2, popcnt, lzcnt, tsc, tscinvbit, avx, avx2, aes, erms, clmul, bmi1, bmi2, rtm, adx, fma, vzeroupper, clflush, clflushopt
Processor Information for all 4 processors :
  Max Mhz: 2304, Current Mhz: 2304, Mhz Limit: 2304

Memory: 4k page, system-wide physical 6049M (395M free)
TotalPageFile size 20274M (AvailPageFile size 11M)
current process WorkingSet (physical memory assigned to process): 226M, peak: 229M
current process commit charge ("private bytes"): 281M, peak: 326M

vm_info: OpenJDK 64-Bit Server VM (17.0.9+0--11185874) for windows-amd64 JRE (17.0.9+0--11185874), built on Dec  6 2023 18:57:44 by "androidbuild" with MS VC++ 16.10 / 16.11 (VS2019)

END.
