#
# There is insufficient memory for the Java Runtime Environment to continue.
# Native memory allocation (mmap) failed to map 29360128 bytes for G1 virtual space
# Possible reasons:
#   The system is out of physical RAM or swap space
#   The process is running with CompressedOops enabled, and the Java Heap may be blocking the growth of the native heap
# Possible solutions:
#   Reduce memory load on the system
#   Increase physical memory or swap space
#   Check if swap backing store is full
#   Decrease Java heap size (-Xmx/-Xms)
#   Decrease number of Java threads
#   Decrease Java thread stack sizes (-Xss)
#   Set larger code cache with -XX:ReservedCodeCacheSize=
#   JVM is running with Unscaled Compressed Oops mode in which the Java heap is
#     placed in the first 4GB address space. The Java Heap base address is the
#     maximum limit for the native heap growth. Please use -XX:HeapBaseMinAddress
#     to set the Java Heap base and to place the Java Heap above 4GB virtual address.
# This output file may be truncated or incomplete.
#
#  Out of Memory Error (os_windows.cpp:3825), pid=5276, tid=9132
#
# JRE version: OpenJDK Runtime Environment (17.0.9) (build 17.0.9+0--11185874)
# Java VM: OpenJDK 64-Bit Server VM (17.0.9+0--11185874, mixed mode, tiered, compressed oops, compressed class ptrs, g1 gc, windows-amd64)
# No core dump will be written. Minidumps are not enabled by default on client versions of Windows
#

---------------  S U M M A R Y ------------

Command Line: org.jetbrains.kotlin.cli.jvm.K2JVMCompiler @C:\Users\Javohir\AndroidStudioProjects\IT_Center3\app\build\20240513_10186412418936943211.compiler.options

Host: Intel(R) Core(TM) i3-6100U CPU @ 2.30GHz, 4 cores, 5G,  Windows 10 , 64 bit Build 19041 (10.0.19041.3636)
Time: Mon May 13 18:08:50 2024  Windows 10 , 64 bit Build 19041 (10.0.19041.3636) elapsed time: 5.594192 seconds (0d 0h 0m 5s)

---------------  T H R E A D  ---------------

Current thread (0x00000234296b5b10):  VMThread "VM Thread" [stack: 0x000000966bd00000,0x000000966be00000] [id=9132]

Stack: [0x000000966bd00000,0x000000966be00000]
Native frames: (J=compiled Java code, j=interpreted, Vv=VM code, C=native code)
V  [jvm.dll+0x6886e9]
V  [jvm.dll+0x841e4a]
V  [jvm.dll+0x843a8e]
V  [jvm.dll+0x8440f3]
V  [jvm.dll+0x24c14f]
V  [jvm.dll+0x685499]
V  [jvm.dll+0x679c2a]
V  [jvm.dll+0x30cf9b]
V  [jvm.dll+0x314446]
V  [jvm.dll+0x36425e]
V  [jvm.dll+0x36448f]
V  [jvm.dll+0x2e2d68]
V  [jvm.dll+0x2e0f44]
V  [jvm.dll+0x2e054c]
V  [jvm.dll+0x3253fb]
V  [jvm.dll+0x8487eb]
V  [jvm.dll+0x849531]
V  [jvm.dll+0x849a4d]
V  [jvm.dll+0x849e24]
V  [jvm.dll+0x849ef0]
V  [jvm.dll+0x7f06aa]
V  [jvm.dll+0x687565]
C  [ucrtbase.dll+0x21bb2]
C  [KERNEL32.DLL+0x17344]
C  [ntdll.dll+0x526b1]

VM_Operation (0x000000966b7f9e50): G1CollectForAllocation, mode: safepoint, requested by thread 0x000002340f2a9dd0


---------------  P R O C E S S  ---------------

Threads class SMR info:
_java_thread_list=0x000002343045a600, length=13, elements={
0x000002340f2a9dd0, 0x0000023429689a20, 0x000002342968ab20, 0x00000234296e9000,
0x00000234296e9bc0, 0x00000234296ec690, 0x00000234296ed050, 0x00000234296eeb30,
0x0000023429965010, 0x0000023429966100, 0x0000023429ab0610, 0x0000023429adcba0,
0x00000234304ac630
}

Java Threads: ( => current thread )
  0x000002340f2a9dd0 JavaThread "main" [_thread_blocked, id=1472, stack(0x000000966b700000,0x000000966b800000)]
  0x0000023429689a20 JavaThread "Reference Handler" daemon [_thread_blocked, id=10892, stack(0x000000966be00000,0x000000966bf00000)]
  0x000002342968ab20 JavaThread "Finalizer" daemon [_thread_blocked, id=9632, stack(0x000000966bf00000,0x000000966c000000)]
  0x00000234296e9000 JavaThread "Signal Dispatcher" daemon [_thread_blocked, id=12160, stack(0x000000966c000000,0x000000966c100000)]
  0x00000234296e9bc0 JavaThread "Attach Listener" daemon [_thread_blocked, id=2508, stack(0x000000966c100000,0x000000966c200000)]
  0x00000234296ec690 JavaThread "Service Thread" daemon [_thread_blocked, id=7024, stack(0x000000966c200000,0x000000966c300000)]
  0x00000234296ed050 JavaThread "Monitor Deflation Thread" daemon [_thread_blocked, id=6928, stack(0x000000966c300000,0x000000966c400000)]
  0x00000234296eeb30 JavaThread "C2 CompilerThread0" daemon [_thread_blocked, id=6468, stack(0x000000966c400000,0x000000966c500000)]
  0x0000023429965010 JavaThread "C1 CompilerThread0" daemon [_thread_blocked, id=9696, stack(0x000000966c500000,0x000000966c600000)]
  0x0000023429966100 JavaThread "Sweeper thread" daemon [_thread_blocked, id=8728, stack(0x000000966c600000,0x000000966c700000)]
  0x0000023429ab0610 JavaThread "Notification Thread" daemon [_thread_blocked, id=9180, stack(0x000000966c700000,0x000000966c800000)]
  0x0000023429adcba0 JavaThread "Common-Cleaner" daemon [_thread_blocked, id=3804, stack(0x000000966c900000,0x000000966ca00000)]
  0x00000234304ac630 JavaThread "C2 CompilerThread1" daemon [_thread_blocked, id=4568, stack(0x000000966ca00000,0x000000966cb00000)]

Other Threads:
=>0x00000234296b5b10 VMThread "VM Thread" [stack: 0x000000966bd00000,0x000000966be00000] [id=9132]
  0x0000023429628a70 WatcherThread [stack: 0x000000966c800000,0x000000966c900000] [id=8692]
  0x00000234114d8490 GCTaskThread "GC Thread#0" [stack: 0x000000966b800000,0x000000966b900000] [id=9248]
  0x000002342e0e73a0 GCTaskThread "GC Thread#1" [stack: 0x000000966cb00000,0x000000966cc00000] [id=5036]
  0x000002342e212080 GCTaskThread "GC Thread#2" [stack: 0x000000966cc00000,0x000000966cd00000] [id=916]
  0x000002342e212340 GCTaskThread "GC Thread#3" [stack: 0x000000966cd00000,0x000000966ce00000] [id=6000]
  0x00000234114e6130 ConcurrentGCThread "G1 Main Marker" [stack: 0x000000966b900000,0x000000966ba00000] [id=7352]
  0x00000234114e6b50 ConcurrentGCThread "G1 Conc#0" [stack: 0x000000966ba00000,0x000000966bb00000] [id=11840]
  0x00000234115483e0 ConcurrentGCThread "G1 Refine#0" [stack: 0x000000966bb00000,0x000000966bc00000] [id=3040]
  0x000002342efa9e30 ConcurrentGCThread "G1 Refine#1" [stack: 0x000000966ce00000,0x000000966cf00000] [id=5284]
  0x0000023411548e10 ConcurrentGCThread "G1 Service" [stack: 0x000000966bc00000,0x000000966bd00000] [id=5328]

Threads with active compile tasks:
C2 CompilerThread0     5617 3576       4       java.lang.ClassLoader::loadClass (7 bytes)
C1 CompilerThread0     5617 3641       2       org.jetbrains.kotlin.storage.StorageKt::getValue (19 bytes)
C2 CompilerThread1     5617 3279       4       jdk.internal.loader.BuiltinClassLoader::loadClassOrNull (7 bytes)

VM state: at safepoint (normal execution)

VM Mutex/Monitor currently owned by a thread:  ([mutex/lock_event])
[0x000002341148fa10] Threads_lock - owner thread: 0x00000234296b5b10
[0x00000234114903a0] Heap_lock - owner thread: 0x000002340f2a9dd0

Heap address: 0x00000000a1600000, size: 1514 MB, Compressed Oops mode: 32-bit

CDS archive(s) not mapped
Compressed class space mapped at: 0x0000000100000000-0x0000000140000000, reserved size: 1073741824
Narrow klass base: 0x0000000000000000, Narrow klass shift: 3, Narrow klass range: 0x140000000

GC Precious Log:
 CPUs: 4 total, 4 available
 Memory: 6049M
 Large Page Support: Disabled
 NUMA Support: Disabled
 Compressed Oops: Enabled (32-bit)
 Heap Region Size: 1M
 Heap Min Capacity: 8M
 Heap Initial Capacity: 96M
 Heap Max Capacity: 1514M
 Pre-touch: Disabled
 Parallel Workers: 4
 Concurrent Workers: 1
 Concurrent Refinement Workers: 4
 Periodic GC: Disabled

Heap:
 garbage-first heap   total 69632K, used 29347K [0x00000000a1600000, 0x0000000100000000)
  region size 1024K, 2 young (2048K), 2 survivors (2048K)
 Metaspace       used 49492K, committed 49792K, reserved 1114112K
  class space    used 6015K, committed 6144K, reserved 1048576K

Heap Regions: E=young(eden), S=young(survivor), O=old, HS=humongous(starts), HC=humongous(continues), CS=collection set, F=free, OA=open archive, CA=closed archive, TAMS=top-at-mark-start (previous, next)
|   0|0x00000000a1600000, 0x00000000a1700000, 0x00000000a1700000|100%|HS|  |TAMS 0x00000000a1700000, 0x00000000a1700000| Complete 
|   1|0x00000000a1700000, 0x00000000a1800000, 0x00000000a1800000|100%|HC|  |TAMS 0x00000000a1800000, 0x00000000a1800000| Complete 
|   2|0x00000000a1800000, 0x00000000a1900000, 0x00000000a1900000|100%|HC|  |TAMS 0x00000000a1900000, 0x00000000a1900000| Complete 
|   3|0x00000000a1900000, 0x00000000a1a00000, 0x00000000a1a00000|100%|HC|  |TAMS 0x00000000a1a00000, 0x00000000a1a00000| Complete 
|   4|0x00000000a1a00000, 0x00000000a1b00000, 0x00000000a1b00000|100%| O|  |TAMS 0x00000000a1b00000, 0x00000000a1b00000| Untracked 
|   5|0x00000000a1b00000, 0x00000000a1c00000, 0x00000000a1c00000|100%| O|  |TAMS 0x00000000a1c00000, 0x00000000a1c00000| Untracked 
|   6|0x00000000a1c00000, 0x00000000a1d00000, 0x00000000a1d00000|100%| O|  |TAMS 0x00000000a1c00000, 0x00000000a1c94a00| Untracked 
|   7|0x00000000a1d00000, 0x00000000a1e00000, 0x00000000a1e00000|100%| O|  |TAMS 0x00000000a1e00000, 0x00000000a1e00000| Untracked 
|   8|0x00000000a1e00000, 0x00000000a1f00000, 0x00000000a1f00000|100%|HS|  |TAMS 0x00000000a1e00000, 0x00000000a1f00000| Complete 
|   9|0x00000000a1f00000, 0x00000000a2000000, 0x00000000a2000000|100%|HC|  |TAMS 0x00000000a1f00000, 0x00000000a2000000| Complete 
|  10|0x00000000a2000000, 0x00000000a2100000, 0x00000000a2100000|100%| O|  |TAMS 0x00000000a2100000, 0x00000000a2100000| Untracked 
|  11|0x00000000a2100000, 0x00000000a2200000, 0x00000000a2200000|100%| O|  |TAMS 0x00000000a2200000, 0x00000000a2200000| Untracked 
|  12|0x00000000a2200000, 0x00000000a2300000, 0x00000000a2300000|100%| O|  |TAMS 0x00000000a2300000, 0x00000000a2300000| Untracked 
|  13|0x00000000a2300000, 0x00000000a2400000, 0x00000000a2400000|100%| O|  |TAMS 0x00000000a2400000, 0x00000000a2400000| Untracked 
|  14|0x00000000a2400000, 0x00000000a2500000, 0x00000000a2500000|100%| O|  |TAMS 0x00000000a2500000, 0x00000000a2500000| Untracked 
|  15|0x00000000a2500000, 0x00000000a2600000, 0x00000000a2600000|100%| O|  |TAMS 0x00000000a2600000, 0x00000000a2600000| Untracked 
|  16|0x00000000a2600000, 0x00000000a2700000, 0x00000000a2700000|100%| O|  |TAMS 0x00000000a2700000, 0x00000000a2700000| Untracked 
|  17|0x00000000a2700000, 0x00000000a2800000, 0x00000000a2800000|100%| O|  |TAMS 0x00000000a2800000, 0x00000000a2800000| Untracked 
|  18|0x00000000a2800000, 0x00000000a2900000, 0x00000000a2900000|100%| O|  |TAMS 0x00000000a2900000, 0x00000000a2900000| Untracked 
|  19|0x00000000a2900000, 0x00000000a2a00000, 0x00000000a2a00000|100%| O|  |TAMS 0x00000000a2a00000, 0x00000000a2a00000| Untracked 
|  20|0x00000000a2a00000, 0x00000000a2b00000, 0x00000000a2b00000|100%| O|  |TAMS 0x00000000a2b00000, 0x00000000a2b00000| Untracked 
|  21|0x00000000a2b00000, 0x00000000a2c00000, 0x00000000a2c00000|100%| O|  |TAMS 0x00000000a2c00000, 0x00000000a2c00000| Untracked 
|  22|0x00000000a2c00000, 0x00000000a2d00000, 0x00000000a2d00000|100%| O|  |TAMS 0x00000000a2d00000, 0x00000000a2d00000| Untracked 
|  23|0x00000000a2d00000, 0x00000000a2e00000, 0x00000000a2e00000|100%| O|  |TAMS 0x00000000a2de8c00, 0x00000000a2e00000| Untracked 
|  24|0x00000000a2e00000, 0x00000000a2f00000, 0x00000000a2f00000|100%| O|  |TAMS 0x00000000a2e00000, 0x00000000a2e00000| Untracked 
|  25|0x00000000a2f00000, 0x00000000a3000000, 0x00000000a3000000|100%| O|  |TAMS 0x00000000a2f00000, 0x00000000a2f00000| Untracked 
|  26|0x00000000a3000000, 0x00000000a30ac808, 0x00000000a3100000| 67%| O|  |TAMS 0x00000000a3000000, 0x00000000a3000000| Untracked 
|  27|0x00000000a3100000, 0x00000000a3100000, 0x00000000a3200000|  0%| F|  |TAMS 0x00000000a3100000, 0x00000000a3100000| Untracked 
|  28|0x00000000a3200000, 0x00000000a3200000, 0x00000000a3300000|  0%| F|  |TAMS 0x00000000a3200000, 0x00000000a3200000| Untracked 
|  29|0x00000000a3300000, 0x00000000a3300000, 0x00000000a3400000|  0%| F|  |TAMS 0x00000000a3300000, 0x00000000a3300000| Untracked 
|  30|0x00000000a3400000, 0x00000000a3400000, 0x00000000a3500000|  0%| F|  |TAMS 0x00000000a3400000, 0x00000000a3400000| Untracked 
|  31|0x00000000a3500000, 0x00000000a3500000, 0x00000000a3600000|  0%| F|  |TAMS 0x00000000a3500000, 0x00000000a3500000| Untracked 
|  32|0x00000000a3600000, 0x00000000a3600000, 0x00000000a3700000|  0%| F|  |TAMS 0x00000000a3600000, 0x00000000a3600000| Untracked 
|  33|0x00000000a3700000, 0x00000000a3700000, 0x00000000a3800000|  0%| F|  |TAMS 0x00000000a3700000, 0x00000000a3700000| Untracked 
|  34|0x00000000a3800000, 0x00000000a3800000, 0x00000000a3900000|  0%| F|  |TAMS 0x00000000a3800000, 0x00000000a3800000| Untracked 
|  35|0x00000000a3900000, 0x00000000a3900000, 0x00000000a3a00000|  0%| F|  |TAMS 0x00000000a3900000, 0x00000000a3900000| Untracked 
|  36|0x00000000a3a00000, 0x00000000a3a00000, 0x00000000a3b00000|  0%| F|  |TAMS 0x00000000a3a00000, 0x00000000a3a00000| Untracked 
|  37|0x00000000a3b00000, 0x00000000a3b00000, 0x00000000a3c00000|  0%| F|  |TAMS 0x00000000a3b00000, 0x00000000a3b00000| Untracked 
|  38|0x00000000a3c00000, 0x00000000a3cfc530, 0x00000000a3d00000| 98%| S|CS|TAMS 0x00000000a3c00000, 0x00000000a3c00000| Complete 
|  39|0x00000000a3d00000, 0x00000000a3e00000, 0x00000000a3e00000|100%| S|CS|TAMS 0x00000000a3d00000, 0x00000000a3d00000| Complete 
|  40|0x00000000a3e00000, 0x00000000a3e00000, 0x00000000a3f00000|  0%| F|  |TAMS 0x00000000a3e00000, 0x00000000a3e00000| Untracked 
|  41|0x00000000a3f00000, 0x00000000a3f00000, 0x00000000a4000000|  0%| F|  |TAMS 0x00000000a3f00000, 0x00000000a3f00000| Untracked 
|  42|0x00000000a4000000, 0x00000000a4000000, 0x00000000a4100000|  0%| F|  |TAMS 0x00000000a4000000, 0x00000000a4000000| Untracked 
|  43|0x00000000a4100000, 0x00000000a4100000, 0x00000000a4200000|  0%| F|  |TAMS 0x00000000a4100000, 0x00000000a4100000| Untracked 
|  44|0x00000000a4200000, 0x00000000a4200000, 0x00000000a4300000|  0%| F|  |TAMS 0x00000000a4200000, 0x00000000a4200000| Untracked 
|  45|0x00000000a4300000, 0x00000000a4300000, 0x00000000a4400000|  0%| F|  |TAMS 0x00000000a4300000, 0x00000000a4300000| Untracked 
|  46|0x00000000a4400000, 0x00000000a4400000, 0x00000000a4500000|  0%| F|  |TAMS 0x00000000a4400000, 0x00000000a4400000| Untracked 
|  47|0x00000000a4500000, 0x00000000a4500000, 0x00000000a4600000|  0%| F|  |TAMS 0x00000000a4500000, 0x00000000a4500000| Untracked 
|  48|0x00000000a4600000, 0x00000000a4600000, 0x00000000a4700000|  0%| F|  |TAMS 0x00000000a4600000, 0x00000000a4600000| Untracked 
|  49|0x00000000a4700000, 0x00000000a4700000, 0x00000000a4800000|  0%| F|  |TAMS 0x00000000a4700000, 0x00000000a4700000| Untracked 
|  50|0x00000000a4800000, 0x00000000a4800000, 0x00000000a4900000|  0%| F|  |TAMS 0x00000000a4800000, 0x00000000a4800000| Untracked 
|  51|0x00000000a4900000, 0x00000000a4900000, 0x00000000a4a00000|  0%| F|  |TAMS 0x00000000a4900000, 0x00000000a4900000| Untracked 
|  52|0x00000000a4a00000, 0x00000000a4a00000, 0x00000000a4b00000|  0%| F|  |TAMS 0x00000000a4a00000, 0x00000000a4a00000| Untracked 
|  53|0x00000000a4b00000, 0x00000000a4b00000, 0x00000000a4c00000|  0%| F|  |TAMS 0x00000000a4b00000, 0x00000000a4b00000| Untracked 
|  54|0x00000000a4c00000, 0x00000000a4c00000, 0x00000000a4d00000|  0%| F|  |TAMS 0x00000000a4c00000, 0x00000000a4c00000| Untracked 
|  55|0x00000000a4d00000, 0x00000000a4d00000, 0x00000000a4e00000|  0%| F|  |TAMS 0x00000000a4d00000, 0x00000000a4d00000| Untracked 
|  56|0x00000000a4e00000, 0x00000000a4e00000, 0x00000000a4f00000|  0%| F|  |TAMS 0x00000000a4e00000, 0x00000000a4e00000| Untracked 
|  57|0x00000000a4f00000, 0x00000000a4f00000, 0x00000000a5000000|  0%| F|  |TAMS 0x00000000a4f00000, 0x00000000a4f00000| Untracked 
|  58|0x00000000a5000000, 0x00000000a5000000, 0x00000000a5100000|  0%| F|  |TAMS 0x00000000a5000000, 0x00000000a5000000| Untracked 
|  59|0x00000000a5100000, 0x00000000a5100000, 0x00000000a5200000|  0%| F|  |TAMS 0x00000000a5100000, 0x00000000a5100000| Untracked 
|  60|0x00000000a5200000, 0x00000000a5200000, 0x00000000a5300000|  0%| F|  |TAMS 0x00000000a5200000, 0x00000000a5200000| Untracked 
|  61|0x00000000a5300000, 0x00000000a5300000, 0x00000000a5400000|  0%| F|  |TAMS 0x00000000a5300000, 0x00000000a5300000| Untracked 
|  62|0x00000000a5400000, 0x00000000a5400000, 0x00000000a5500000|  0%| F|  |TAMS 0x00000000a5400000, 0x00000000a5400000| Untracked 
|  63|0x00000000a5500000, 0x00000000a5500000, 0x00000000a5600000|  0%| F|  |TAMS 0x00000000a5500000, 0x00000000a5500000| Untracked 
|  64|0x00000000a5600000, 0x00000000a5600000, 0x00000000a5700000|  0%| F|  |TAMS 0x00000000a5600000, 0x00000000a5600000| Untracked 
|  65|0x00000000a5700000, 0x00000000a5700000, 0x00000000a5800000|  0%| F|  |TAMS 0x00000000a5700000, 0x00000000a5700000| Untracked 
|  66|0x00000000a5800000, 0x00000000a5800000, 0x00000000a5900000|  0%| F|  |TAMS 0x00000000a5800000, 0x00000000a5800000| Untracked 
|  95|0x00000000a7500000, 0x00000000a7500000, 0x00000000a7600000|  0%| F|  |TAMS 0x00000000a7500000, 0x00000000a7500000| Untracked 

Card table byte_map: [0x0000023423c70000,0x0000023423f70000] _byte_map_base: 0x0000023423765000

Marking Bits (Prev, Next): (CMBitMap*) 0x00000234114d9b00, (CMBitMap*) 0x00000234114d9ac0
 Prev Bits: [0x0000023425a20000, 0x00000234271c8000)
 Next Bits: [0x0000023424270000, 0x0000023425a18000)

Polling page: 0x000002340f3d0000

Metaspace:

Usage:
  Non-class:     42.46 MB used.
      Class:      5.87 MB used.
       Both:     48.33 MB used.

Virtual space:
  Non-class space:       64.00 MB reserved,      42.62 MB ( 67%) committed,  1 nodes.
      Class space:        1.00 GB reserved,       6.00 MB ( <1%) committed,  1 nodes.
             Both:        1.06 GB reserved,      48.62 MB (  4%) committed. 

Chunk freelists:
   Non-Class:  4.55 MB
       Class:  9.98 MB
        Both:  14.53 MB

MaxMetaspaceSize: unlimited
CompressedClassSpaceSize: 1.00 GB
Initial GC threshold: 21.00 MB
Current GC threshold: 70.75 MB
CDS: off
MetaspaceReclaimPolicy: balanced
 - commit_granule_bytes: 65536.
 - commit_granule_words: 8192.
 - virtual_space_node_default_size: 8388608.
 - enlarge_chunks_in_place: 1.
 - new_chunks_are_fully_committed: 0.
 - uncommit_free_chunks: 1.
 - use_allocation_guard: 0.
 - handle_deallocations: 1.


Internal statistics:

num_allocs_failed_limit: 9.
num_arena_births: 182.
num_arena_deaths: 0.
num_vsnodes_births: 2.
num_vsnodes_deaths: 0.
num_space_committed: 776.
num_space_uncommitted: 0.
num_chunks_returned_to_freelist: 9.
num_chunks_taken_from_freelist: 1583.
num_chunk_merges: 9.
num_chunk_splits: 1351.
num_chunks_enlarged: 1218.
num_inconsistent_stats: 0.

CodeHeap 'non-profiled nmethods': size=120000Kb used=1624Kb max_used=1624Kb free=118375Kb
 bounds [0x000002341c440000, 0x000002341c6b0000, 0x0000023423970000]
CodeHeap 'profiled nmethods': size=120000Kb used=7365Kb max_used=7365Kb free=112634Kb
 bounds [0x0000023414970000, 0x00000234150b0000, 0x000002341bea0000]
CodeHeap 'non-nmethods': size=5760Kb used=1261Kb max_used=1328Kb free=4498Kb
 bounds [0x000002341bea0000, 0x000002341c110000, 0x000002341c440000]
 total_blobs=4194 nmethods=3620 adapters=486
 compilation: enabled
              stopped_count=0, restarted_count=0
 full_count=0

Compilation events (20 events):
Event: 5.547 Thread 0x0000023429965010 nmethod 3629 0x000002341509f110 code [0x000002341509f2e0, 0x000002341509f5d8]
Event: 5.547 Thread 0x0000023429965010 3630       2       org.jetbrains.kotlin.com.intellij.util.keyFMap.OneElementFMap::<init> (31 bytes)
Event: 5.547 Thread 0x0000023429965010 nmethod 3630 0x000002341509f710 code [0x000002341509f8c0, 0x000002341509faf8]
Event: 5.556 Thread 0x0000023429965010 3631       1       org.jetbrains.kotlin.util.slicedMap.RewritePolicy$1::rewriteProcessingNeeded (2 bytes)
Event: 5.556 Thread 0x0000023429965010 nmethod 3631 0x000002341c5d5590 code [0x000002341c5d5720, 0x000002341c5d57f8]
Event: 5.563 Thread 0x0000023429965010 3632       2       org.jetbrains.kotlin.com.intellij.extapi.psi.StubBasedPsiElementBase::getStubOrPsiChild (64 bytes)
Event: 5.564 Thread 0x0000023429965010 nmethod 3632 0x000002341509fc10 code [0x000002341509fe00, 0x00000234150a0028]
Event: 5.575 Thread 0x0000023429965010 3633       1       kotlin.sequences.FilteringSequence::access$getPredicate$p (5 bytes)
Event: 5.575 Thread 0x0000023429965010 nmethod 3633 0x000002341c5d5890 code [0x000002341c5d5a20, 0x000002341c5d5ad8]
Event: 5.575 Thread 0x0000023429965010 3634       1       kotlin.sequences.FilteringSequence::access$getSendWhen$p (5 bytes)
Event: 5.575 Thread 0x0000023429965010 nmethod 3634 0x000002341c5d5b90 code [0x000002341c5d5d20, 0x000002341c5d5dd8]
Event: 5.580 Thread 0x0000023429965010 3635       2       org.jetbrains.kotlin.resolve.lazy.FileScopeFactory$DefaultImportImpl::isAllUnder (8 bytes)
Event: 5.580 Thread 0x0000023429965010 nmethod 3635 0x00000234150a0210 code [0x00000234150a03a0, 0x00000234150a04b8]
Event: 5.580 Thread 0x0000023429965010 3636       2       org.jetbrains.kotlin.com.google.common.collect.CollectPreconditions::checkEntryNotNull (68 bytes)
Event: 5.581 Thread 0x0000023429965010 nmethod 3636 0x00000234150a0590 code [0x00000234150a0800, 0x00000234150a0dc8]
Event: 5.581 Thread 0x0000023429965010 3637       1       org.jetbrains.kotlin.com.google.common.collect.SingletonImmutableList::size (2 bytes)
Event: 5.581 Thread 0x0000023429965010 nmethod 3637 0x000002341c5d5e90 code [0x000002341c5d6020, 0x000002341c5d60f8]
Event: 5.581 Thread 0x0000023429965010 3638       2       org.jetbrains.kotlin.name.Name::equals (52 bytes)
Event: 5.582 Thread 0x0000023429965010 nmethod 3638 0x00000234150a1110 code [0x00000234150a12e0, 0x00000234150a1568]
Event: 5.582 Thread 0x0000023429965010 3641       2       org.jetbrains.kotlin.storage.StorageKt::getValue (19 bytes)

GC Heap History (20 events):
Event: 1.602 GC heap after
{Heap after GC invocations=3 (full 0):
 garbage-first heap   total 98304K, used 10587K [0x00000000a1600000, 0x0000000100000000)
  region size 1024K, 5 young (5120K), 5 survivors (5120K)
 Metaspace       used 21375K, committed 21504K, reserved 1114112K
  class space    used 2330K, committed 2432K, reserved 1048576K
}
Event: 2.246 GC heap before
{Heap before GC invocations=4 (full 0):
 garbage-first heap   total 45056K, used 32091K [0x00000000a1600000, 0x0000000100000000)
  region size 1024K, 26 young (26624K), 5 survivors (5120K)
 Metaspace       used 28333K, committed 28480K, reserved 1114112K
  class space    used 3517K, committed 3584K, reserved 1048576K
}
Event: 2.256 GC heap after
{Heap after GC invocations=5 (full 0):
 garbage-first heap   total 45056K, used 11628K [0x00000000a1600000, 0x0000000100000000)
  region size 1024K, 2 young (2048K), 2 survivors (2048K)
 Metaspace       used 28333K, committed 28480K, reserved 1114112K
  class space    used 3517K, committed 3584K, reserved 1048576K
}
Event: 2.624 GC heap before
{Heap before GC invocations=5 (full 0):
 garbage-first heap   total 45056K, used 33132K [0x00000000a1600000, 0x0000000100000000)
  region size 1024K, 21 young (21504K), 2 survivors (2048K)
 Metaspace       used 29039K, committed 29312K, reserved 1114112K
  class space    used 3555K, committed 3648K, reserved 1048576K
}
Event: 2.637 GC heap after
{Heap after GC invocations=6 (full 0):
 garbage-first heap   total 45056K, used 18927K [0x00000000a1600000, 0x0000000100000000)
  region size 1024K, 3 young (3072K), 3 survivors (3072K)
 Metaspace       used 29039K, committed 29312K, reserved 1114112K
  class space    used 3555K, committed 3648K, reserved 1048576K
}
Event: 2.948 GC heap before
{Heap before GC invocations=6 (full 0):
 garbage-first heap   total 45056K, used 30191K [0x00000000a1600000, 0x0000000100000000)
  region size 1024K, 15 young (15360K), 3 survivors (3072K)
 Metaspace       used 32319K, committed 32512K, reserved 1114112K
  class space    used 4127K, committed 4224K, reserved 1048576K
}
Event: 2.956 GC heap after
{Heap after GC invocations=7 (full 0):
 garbage-first heap   total 54272K, used 20759K [0x00000000a1600000, 0x0000000100000000)
  region size 1024K, 2 young (2048K), 2 survivors (2048K)
 Metaspace       used 32319K, committed 32512K, reserved 1114112K
  class space    used 4127K, committed 4224K, reserved 1048576K
}
Event: 3.872 GC heap before
{Heap before GC invocations=7 (full 0):
 garbage-first heap   total 54272K, used 36119K [0x00000000a1600000, 0x0000000100000000)
  region size 1024K, 18 young (18432K), 2 survivors (2048K)
 Metaspace       used 35626K, committed 35840K, reserved 1114112K
  class space    used 4496K, committed 4608K, reserved 1048576K
}
Event: 3.880 GC heap after
{Heap after GC invocations=8 (full 0):
 garbage-first heap   total 54272K, used 20679K [0x00000000a1600000, 0x0000000100000000)
  region size 1024K, 3 young (3072K), 3 survivors (3072K)
 Metaspace       used 35626K, committed 35840K, reserved 1114112K
  class space    used 4496K, committed 4608K, reserved 1048576K
}
Event: 3.918 GC heap before
{Heap before GC invocations=8 (full 0):
 garbage-first heap   total 54272K, used 21703K [0x00000000a1600000, 0x0000000100000000)
  region size 1024K, 5 young (5120K), 3 survivors (3072K)
 Metaspace       used 35912K, committed 36160K, reserved 1114112K
  class space    used 4523K, committed 4672K, reserved 1048576K
}
Event: 3.923 GC heap after
{Heap after GC invocations=9 (full 0):
 garbage-first heap   total 54272K, used 21363K [0x00000000a1600000, 0x0000000100000000)
  region size 1024K, 1 young (1024K), 1 survivors (1024K)
 Metaspace       used 35912K, committed 36160K, reserved 1114112K
  class space    used 4523K, committed 4672K, reserved 1048576K
}
Event: 4.195 GC heap before
{Heap before GC invocations=10 (full 0):
 garbage-first heap   total 54272K, used 35699K [0x00000000a1600000, 0x0000000100000000)
  region size 1024K, 16 young (16384K), 1 survivors (1024K)
 Metaspace       used 39072K, committed 39296K, reserved 1114112K
  class space    used 4797K, committed 4928K, reserved 1048576K
}
Event: 4.198 GC heap after
{Heap after GC invocations=11 (full 0):
 garbage-first heap   total 54272K, used 22536K [0x00000000a1600000, 0x0000000100000000)
  region size 1024K, 2 young (2048K), 2 survivors (2048K)
 Metaspace       used 39072K, committed 39296K, reserved 1114112K
  class space    used 4797K, committed 4928K, reserved 1048576K
}
Event: 4.214 GC heap before
{Heap before GC invocations=11 (full 0):
 garbage-first heap   total 54272K, used 22536K [0x00000000a1600000, 0x0000000100000000)
  region size 1024K, 3 young (3072K), 2 survivors (2048K)
 Metaspace       used 39269K, committed 39488K, reserved 1114112K
  class space    used 4810K, committed 4928K, reserved 1048576K
}
Event: 4.220 GC heap after
{Heap after GC invocations=12 (full 0):
 garbage-first heap   total 54272K, used 21726K [0x00000000a1600000, 0x0000000100000000)
  region size 1024K, 1 young (1024K), 1 survivors (1024K)
 Metaspace       used 39269K, committed 39488K, reserved 1114112K
  class space    used 4810K, committed 4928K, reserved 1048576K
}
Event: 4.653 GC heap before
{Heap before GC invocations=12 (full 0):
 garbage-first heap   total 54272K, used 38110K [0x00000000a1600000, 0x0000000100000000)
  region size 1024K, 17 young (17408K), 1 survivors (1024K)
 Metaspace       used 43165K, committed 43456K, reserved 1114112K
  class space    used 5228K, committed 5376K, reserved 1048576K
}
Event: 4.657 GC heap after
{Heap after GC invocations=13 (full 0):
 garbage-first heap   total 54272K, used 22934K [0x00000000a1600000, 0x0000000100000000)
  region size 1024K, 2 young (2048K), 2 survivors (2048K)
 Metaspace       used 43165K, committed 43456K, reserved 1114112K
  class space    used 5228K, committed 5376K, reserved 1048576K
}
Event: 5.199 GC heap before
{Heap before GC invocations=14 (full 0):
 garbage-first heap   total 54272K, used 40342K [0x00000000a1600000, 0x0000000100000000)
  region size 1024K, 18 young (18432K), 2 survivors (2048K)
 Metaspace       used 46529K, committed 46784K, reserved 1114112K
  class space    used 5644K, committed 5760K, reserved 1048576K
}
Event: 5.206 GC heap after
{Heap after GC invocations=15 (full 0):
 garbage-first heap   total 54272K, used 27218K [0x00000000a1600000, 0x0000000100000000)
  region size 1024K, 3 young (3072K), 3 survivors (3072K)
 Metaspace       used 46529K, committed 46784K, reserved 1114112K
  class space    used 5644K, committed 5760K, reserved 1048576K
}
Event: 5.582 GC heap before
{Heap before GC invocations=15 (full 0):
 garbage-first heap   total 54272K, used 40530K [0x00000000a1600000, 0x0000000100000000)
  region size 1024K, 16 young (16384K), 3 survivors (3072K)
 Metaspace       used 49492K, committed 49792K, reserved 1114112K
  class space    used 6015K, committed 6144K, reserved 1048576K
}

Dll operation events (2 events):
Event: 0.007 Loaded shared library C:\Program Files\Android\Android Studio\jbr\bin\java.dll
Event: 1.975 Loaded shared library C:\Program Files\Android\Android Studio\jbr\bin\verify.dll

Deoptimization events (20 events):
Event: 5.524 Thread 0x000002340f2a9dd0 Uncommon trap: trap_request=0xffffffde fr.pc=0x000002341c58ae70 relative=0x00000000000002b0
Event: 5.524 Thread 0x000002340f2a9dd0 Uncommon trap: reason=class_check action=maybe_recompile pc=0x000002341c58ae70 method=org.jetbrains.kotlin.com.intellij.psi.impl.source.tree.SharedImplUtil.findFileElement(Lorg/jetbrains/kotlin/com/intellij/lang/ASTNode;)Lorg/jetbrains/kotlin/com/intellij
Event: 5.524 Thread 0x000002340f2a9dd0 DEOPT PACKING pc=0x000002341c58ae70 sp=0x000000966b7fa490
Event: 5.524 Thread 0x000002340f2a9dd0 DEOPT UNPACKING pc=0x000002341bef69a3 sp=0x000000966b7fa378 mode 2
Event: 5.524 Thread 0x000002340f2a9dd0 Uncommon trap: trap_request=0xffffffde fr.pc=0x000002341c58ae70 relative=0x00000000000002b0
Event: 5.524 Thread 0x000002340f2a9dd0 Uncommon trap: reason=class_check action=maybe_recompile pc=0x000002341c58ae70 method=org.jetbrains.kotlin.com.intellij.psi.impl.source.tree.SharedImplUtil.findFileElement(Lorg/jetbrains/kotlin/com/intellij/lang/ASTNode;)Lorg/jetbrains/kotlin/com/intellij
Event: 5.524 Thread 0x000002340f2a9dd0 DEOPT PACKING pc=0x000002341c58ae70 sp=0x000000966b7fa490
Event: 5.524 Thread 0x000002340f2a9dd0 DEOPT UNPACKING pc=0x000002341bef69a3 sp=0x000000966b7fa378 mode 2
Event: 5.524 Thread 0x000002340f2a9dd0 Uncommon trap: trap_request=0xffffffde fr.pc=0x000002341c58ae70 relative=0x00000000000002b0
Event: 5.524 Thread 0x000002340f2a9dd0 Uncommon trap: reason=class_check action=maybe_recompile pc=0x000002341c58ae70 method=org.jetbrains.kotlin.com.intellij.psi.impl.source.tree.SharedImplUtil.findFileElement(Lorg/jetbrains/kotlin/com/intellij/lang/ASTNode;)Lorg/jetbrains/kotlin/com/intellij
Event: 5.524 Thread 0x000002340f2a9dd0 DEOPT PACKING pc=0x000002341c58ae70 sp=0x000000966b7fa490
Event: 5.524 Thread 0x000002340f2a9dd0 DEOPT UNPACKING pc=0x000002341bef69a3 sp=0x000000966b7fa378 mode 2
Event: 5.524 Thread 0x000002340f2a9dd0 Uncommon trap: trap_request=0xffffffde fr.pc=0x000002341c58ae70 relative=0x00000000000002b0
Event: 5.524 Thread 0x000002340f2a9dd0 Uncommon trap: reason=class_check action=maybe_recompile pc=0x000002341c58ae70 method=org.jetbrains.kotlin.com.intellij.psi.impl.source.tree.SharedImplUtil.findFileElement(Lorg/jetbrains/kotlin/com/intellij/lang/ASTNode;)Lorg/jetbrains/kotlin/com/intellij
Event: 5.524 Thread 0x000002340f2a9dd0 DEOPT PACKING pc=0x000002341c58ae70 sp=0x000000966b7fa490
Event: 5.524 Thread 0x000002340f2a9dd0 DEOPT UNPACKING pc=0x000002341bef69a3 sp=0x000000966b7fa378 mode 2
Event: 5.554 Thread 0x000002340f2a9dd0 Uncommon trap: trap_request=0xffffffde fr.pc=0x000002341c533950 relative=0x0000000000000130
Event: 5.554 Thread 0x000002340f2a9dd0 Uncommon trap: reason=class_check action=maybe_recompile pc=0x000002341c533950 method=java.util.ArrayList.hashCodeRange(II)I @ 53 c2
Event: 5.554 Thread 0x000002340f2a9dd0 DEOPT PACKING pc=0x000002341c533950 sp=0x000000966b7fab10
Event: 5.554 Thread 0x000002340f2a9dd0 DEOPT UNPACKING pc=0x000002341bef69a3 sp=0x000000966b7faa70 mode 2

Classes unloaded (0 events):
No events

Classes redefined (0 events):
No events

Internal exceptions (20 events):
Event: 1.654 Thread 0x000002340f2a9dd0 Exception <a 'java/lang/NoSuchMethodError'{0x00000000a3a9b108}: 'java.lang.Object java.lang.invoke.DirectMethodHandle$Holder.invokeSpecial(java.lang.Object, java.lang.Object, java.lang.Object, java.lang.Object, long)'> (0x00000000a3a9b108) 
thrown [s\src\hotspot\share\interpreter\linkResolver.cpp, line 771]
Event: 1.656 Thread 0x000002340f2a9dd0 Exception <a 'java/lang/NoSuchMethodError'{0x00000000a3aaa4c8}: 'int java.lang.invoke.DelegatingMethodHandle$Holder.reinvoke_L(java.lang.Object, java.lang.Object, java.lang.Object, long, java.lang.Object, java.lang.Object)'> (0x00000000a3aaa4c8) 
thrown [s\src\hotspot\share\interpreter\linkResolver.cpp, line 771]
Event: 1.657 Thread 0x000002340f2a9dd0 Exception <a 'java/lang/NoSuchMethodError'{0x00000000a3ab9180}: 'int java.lang.invoke.DelegatingMethodHandle$Holder.reinvoke_L(java.lang.Object, java.lang.Object, java.lang.Object, long, int, int)'> (0x00000000a3ab9180) 
thrown [s\src\hotspot\share\interpreter\linkResolver.cpp, line 771]
Event: 1.660 Thread 0x000002340f2a9dd0 Exception <a 'java/lang/NoSuchMethodError'{0x00000000a3ac7ab8}: 'int java.lang.invoke.DelegatingMethodHandle$Holder.reinvoke_L(java.lang.Object, java.lang.Object, java.lang.Object, long, long, long)'> (0x00000000a3ac7ab8) 
thrown [s\src\hotspot\share\interpreter\linkResolver.cpp, line 771]
Event: 1.662 Thread 0x000002340f2a9dd0 Exception <a 'java/lang/NoSuchMethodError'{0x00000000a3ad60d0}: 'int java.lang.invoke.DelegatingMethodHandle$Holder.reinvoke_L(java.lang.Object, java.lang.Object, java.lang.Object, long, int)'> (0x00000000a3ad60d0) 
thrown [s\src\hotspot\share\interpreter\linkResolver.cpp, line 771]
Event: 1.687 Thread 0x000002340f2a9dd0 Exception <a 'java/lang/NoSuchMethodError'{0x00000000a397d508}: 'int java.lang.invoke.DirectMethodHandle$Holder.invokeStaticInit(java.lang.Object, java.lang.Object, java.lang.Object)'> (0x00000000a397d508) 
thrown [s\src\hotspot\share\interpreter\linkResolver.cpp, line 771]
Event: 1.696 Thread 0x000002340f2a9dd0 Exception <a 'java/lang/NoSuchMethodError'{0x00000000a39a7088}: 'int java.lang.invoke.DirectMethodHandle$Holder.invokeStaticInit(java.lang.Object, java.lang.Object)'> (0x00000000a39a7088) 
thrown [s\src\hotspot\share\interpreter\linkResolver.cpp, line 771]
Event: 1.730 Thread 0x000002340f2a9dd0 Exception <a 'java/lang/NoSuchMethodError'{0x00000000a3886610}: 'void java.lang.invoke.DirectMethodHandle$Holder.invokeSpecial(java.lang.Object, java.lang.Object, java.lang.Object)'> (0x00000000a3886610) 
thrown [s\src\hotspot\share\interpreter\linkResolver.cpp, line 771]
Event: 1.826 Thread 0x000002340f2a9dd0 Exception <a 'java/lang/NoSuchMethodError'{0x00000000a35ae118}: 'void java.lang.invoke.DirectMethodHandle$Holder.invokeStatic(java.lang.Object, java.lang.Object, java.lang.Object, java.lang.Object)'> (0x00000000a35ae118) 
thrown [s\src\hotspot\share\interpreter\linkResolver.cpp, line 771]
Event: 1.925 Thread 0x000002340f2a9dd0 Exception <a 'java/lang/NoSuchMethodError'{0x00000000a316c2e8}: 'void java.lang.invoke.DirectMethodHandle$Holder.invokeStaticInit(java.lang.Object, java.lang.Object)'> (0x00000000a316c2e8) 
thrown [s\src\hotspot\share\interpreter\linkResolver.cpp, line 771]
Event: 2.048 Thread 0x000002340f2a9dd0 Exception <a 'java/lang/NoSuchMethodError'{0x00000000a2de32b0}: 'void java.lang.invoke.DirectMethodHandle$Holder.invokeVirtual(java.lang.Object, java.lang.Object)'> (0x00000000a2de32b0) 
thrown [s\src\hotspot\share\interpreter\linkResolver.cpp, line 771]
Event: 2.058 Thread 0x000002340f2a9dd0 Exception <a 'java/lang/NoSuchMethodError'{0x00000000a2c5d750}: 'int java.lang.invoke.DirectMethodHandle$Holder.invokeVirtual(java.lang.Object, java.lang.Object)'> (0x00000000a2c5d750) 
thrown [s\src\hotspot\share\interpreter\linkResolver.cpp, line 771]
Event: 2.078 Thread 0x000002340f2a9dd0 Exception <a 'java/lang/NoSuchMethodError'{0x00000000a2cf52a8}: 'java.lang.Object java.lang.invoke.Invokers$Holder.invokeExact_MT(java.lang.Object, java.lang.Object, java.lang.Object, java.lang.Object, java.lang.Object, java.lang.Object)'> (0x00000000a2cf52a8) 
thrown [s\src\hotspot\share\interpreter\linkResolver.cpp, line 771]
Event: 2.890 Thread 0x000002340f2a9dd0 Implicit null exception at 0x000002341c4590f2 to 0x000002341c45970c
Event: 3.037 Thread 0x000002340f2a9dd0 Implicit null exception at 0x000002341c45af72 to 0x000002341c45b5ac
Event: 3.091 Thread 0x000002340f2a9dd0 Exception <a 'java/lang/NoSuchMethodError'{0x00000000a448bab8}: 'java.lang.Object java.lang.invoke.DirectMethodHandle$Holder.invokeVirtual(java.lang.Object, java.lang.Object, java.lang.Object)'> (0x00000000a448bab8) 
thrown [s\src\hotspot\share\interpreter\linkResolver.cpp, line 771]
Event: 4.554 Thread 0x000002340f2a9dd0 Exception <a 'java/lang/NoSuchMethodError'{0x00000000a3be6228}: 'java.lang.Object java.lang.invoke.DirectMethodHandle$Holder.newInvokeSpecial(java.lang.Object, java.lang.Object, int)'> (0x00000000a3be6228) 
thrown [s\src\hotspot\share\interpreter\linkResolver.cpp, line 771]
Event: 4.809 Thread 0x000002340f2a9dd0 Exception <a 'java/lang/NoSuchMethodError'{0x00000000a57c7328}: 'java.lang.Object java.lang.invoke.DirectMethodHandle$Holder.newInvokeSpecial(java.lang.Object, java.lang.Object, java.lang.Object, int)'> (0x00000000a57c7328) 
thrown [s\src\hotspot\share\interpreter\linkResolver.cpp, line 771]
Event: 4.810 Thread 0x000002340f2a9dd0 Exception <a 'java/lang/NoSuchMethodError'{0x00000000a57cb9b0}: 'java.lang.Object java.lang.invoke.DirectMethodHandle$Holder.invokeSpecial(java.lang.Object, java.lang.Object, java.lang.Object, java.lang.Object, int)'> (0x00000000a57cb9b0) 
thrown [s\src\hotspot\share\interpreter\linkResolver.cpp, line 771]
Event: 4.810 Thread 0x000002340f2a9dd0 Exception <a 'java/lang/NoSuchMethodError'{0x00000000a57cf820}: 'java.lang.Object java.lang.invoke.Invokers$Holder.linkToTargetMethod(java.lang.Object, java.lang.Object, int, java.lang.Object)'> (0x00000000a57cf820) 
thrown [s\src\hotspot\share\interpreter\linkResolver.cpp, line 771]

VM Operations (20 events):
Event: 4.785 Executing VM operation: HandshakeAllThreads done
Event: 4.903 Executing VM operation: HandshakeAllThreads
Event: 4.903 Executing VM operation: HandshakeAllThreads done
Event: 4.950 Executing VM operation: HandshakeAllThreads
Event: 4.950 Executing VM operation: HandshakeAllThreads done
Event: 5.147 Executing VM operation: HandshakeAllThreads
Event: 5.147 Executing VM operation: HandshakeAllThreads done
Event: 5.173 Executing VM operation: HandshakeAllThreads
Event: 5.173 Executing VM operation: HandshakeAllThreads done
Event: 5.199 Executing VM operation: G1CollectForAllocation
Event: 5.206 Executing VM operation: G1CollectForAllocation done
Event: 5.251 Executing VM operation: HandshakeAllThreads
Event: 5.251 Executing VM operation: HandshakeAllThreads done
Event: 5.307 Executing VM operation: HandshakeAllThreads
Event: 5.308 Executing VM operation: HandshakeAllThreads done
Event: 5.386 Executing VM operation: HandshakeAllThreads
Event: 5.386 Executing VM operation: HandshakeAllThreads done
Event: 5.552 Executing VM operation: HandshakeAllThreads
Event: 5.552 Executing VM operation: HandshakeAllThreads done
Event: 5.582 Executing VM operation: G1CollectForAllocation

Events (20 events):
Event: 5.369 loading class java/util/stream/ReduceOps$ReduceOp done
Event: 5.369 loading class java/util/stream/ReduceOps$3 done
Event: 5.369 loading class java/util/stream/ReduceOps$3ReducingSink
Event: 5.369 loading class java/util/stream/ReduceOps$AccumulatingSink
Event: 5.369 loading class java/util/stream/ReduceOps$AccumulatingSink done
Event: 5.369 loading class java/util/stream/ReduceOps$Box
Event: 5.369 loading class java/util/stream/ReduceOps$Box done
Event: 5.369 loading class java/util/stream/ReduceOps$3ReducingSink done
Event: 5.369 loading class java/util/stream/ReferencePipeline$2$1
Event: 5.369 loading class java/util/stream/ReferencePipeline$2$1 done
Event: 5.370 loading class java/util/stream/IntPipeline$1$1
Event: 5.370 loading class java/util/stream/Sink$ChainedInt
Event: 5.370 loading class java/util/stream/Sink$OfInt
Event: 5.370 loading class java/util/function/IntConsumer
Event: 5.370 loading class java/util/function/IntConsumer done
Event: 5.370 loading class java/util/stream/Sink$OfInt done
Event: 5.370 loading class java/util/stream/Sink$ChainedInt done
Event: 5.370 loading class java/util/stream/IntPipeline$1$1 done
Event: 5.553 loading class java/util/ComparableTimSort
Event: 5.553 loading class java/util/ComparableTimSort done


Dynamic libraries:
0x00007ff6d4db0000 - 0x00007ff6d4dba000 	C:\Program Files\Android\Android Studio\jbr\bin\java.exe
0x00007ff8564f0000 - 0x00007ff8566e8000 	C:\Windows\SYSTEM32\ntdll.dll
0x00007ff8563f0000 - 0x00007ff8564ad000 	C:\Windows\System32\KERNEL32.DLL
0x00007ff854120000 - 0x00007ff854416000 	C:\Windows\System32\KERNELBASE.dll
0x00007ff854420000 - 0x00007ff854520000 	C:\Windows\System32\ucrtbase.dll
0x00007ff831010000 - 0x00007ff831027000 	C:\Program Files\Android\Android Studio\jbr\bin\jli.dll
0x00007ff84f1f0000 - 0x00007ff84f20b000 	C:\Program Files\Android\Android Studio\jbr\bin\VCRUNTIME140.dll
0x00007ff855870000 - 0x00007ff855a0f000 	C:\Windows\System32\USER32.dll
0x00007ff8540a0000 - 0x00007ff8540c2000 	C:\Windows\System32\win32u.dll
0x00007ff83e430000 - 0x00007ff83e6ca000 	C:\Windows\WinSxS\amd64_microsoft.windows.common-controls_6595b64144ccf1df_6.0.19041.3636_none_60b6a03d71f818d5\COMCTL32.dll
0x00007ff8554b0000 - 0x00007ff8554db000 	C:\Windows\System32\GDI32.dll
0x00007ff853c40000 - 0x00007ff853d57000 	C:\Windows\System32\gdi32full.dll
0x00007ff854c60000 - 0x00007ff854cfe000 	C:\Windows\System32\msvcrt.dll
0x00007ff853ba0000 - 0x00007ff853c3d000 	C:\Windows\System32\msvcp_win.dll
0x00007ff854d30000 - 0x00007ff854d62000 	C:\Windows\System32\IMM32.DLL
0x00007ff850800000 - 0x00007ff85080c000 	C:\Program Files\Android\Android Studio\jbr\bin\vcruntime140_1.dll
0x00007ff831ff0000 - 0x00007ff83207d000 	C:\Program Files\Android\Android Studio\jbr\bin\msvcp140.dll
0x00007fffe8900000 - 0x00007fffe9583000 	C:\Program Files\Android\Android Studio\jbr\bin\server\jvm.dll
0x00007ff854ae0000 - 0x00007ff854b90000 	C:\Windows\System32\ADVAPI32.dll
0x00007ff856350000 - 0x00007ff8563f0000 	C:\Windows\System32\sechost.dll
0x00007ff8554e0000 - 0x00007ff855603000 	C:\Windows\System32\RPCRT4.dll
0x00007ff853d60000 - 0x00007ff853d87000 	C:\Windows\System32\bcrypt.dll
0x00007ff853a00000 - 0x00007ff853a4b000 	C:\Windows\SYSTEM32\POWRPROF.dll
0x00007ff834e30000 - 0x00007ff834e39000 	C:\Windows\SYSTEM32\WSOCK32.dll
0x00007ff83e6d0000 - 0x00007ff83e6f7000 	C:\Windows\SYSTEM32\WINMM.dll
0x00007ff84d110000 - 0x00007ff84d11a000 	C:\Windows\SYSTEM32\VERSION.dll
0x00007ff854ea0000 - 0x00007ff854f0b000 	C:\Windows\System32\WS2_32.dll
0x00007ff8539e0000 - 0x00007ff8539f2000 	C:\Windows\SYSTEM32\UMPDC.dll
0x00007ff851a30000 - 0x00007ff851a42000 	C:\Windows\SYSTEM32\kernel.appcore.dll
0x00007ff834e20000 - 0x00007ff834e2a000 	C:\Program Files\Android\Android Studio\jbr\bin\jimage.dll
0x00007ff8495d0000 - 0x00007ff8497b4000 	C:\Windows\SYSTEM32\DBGHELP.DLL
0x00007ff834d00000 - 0x00007ff834d34000 	C:\Windows\SYSTEM32\dbgcore.DLL
0x00007ff853e40000 - 0x00007ff853ec2000 	C:\Windows\System32\bcryptPrimitives.dll
0x00007ff825740000 - 0x00007ff825765000 	C:\Program Files\Android\Android Studio\jbr\bin\java.dll
0x00007ff833060000 - 0x00007ff833078000 	C:\Program Files\Android\Android Studio\jbr\bin\zip.dll
0x00007ff855a70000 - 0x00007ff8561db000 	C:\Windows\System32\SHELL32.dll
0x00007ff851c30000 - 0x00007ff8523ce000 	C:\Windows\SYSTEM32\windows.storage.dll
0x00007ff8545b0000 - 0x00007ff854903000 	C:\Windows\System32\combase.dll
0x00007ff853500000 - 0x00007ff85352e000 	C:\Windows\SYSTEM32\Wldp.dll
0x00007ff854b90000 - 0x00007ff854c5d000 	C:\Windows\System32\OLEAUT32.dll
0x00007ff8557c0000 - 0x00007ff85586d000 	C:\Windows\System32\SHCORE.dll
0x00007ff8561e0000 - 0x00007ff856235000 	C:\Windows\System32\shlwapi.dll
0x00007ff853ad0000 - 0x00007ff853af3000 	C:\Windows\SYSTEM32\profapi.dll
0x00007ff83c500000 - 0x00007ff83c519000 	C:\Program Files\Android\Android Studio\jbr\bin\net.dll
0x00007ff84ab70000 - 0x00007ff84ac7a000 	C:\Windows\SYSTEM32\WINHTTP.dll
0x00007ff853260000 - 0x00007ff8532ca000 	C:\Windows\system32\mswsock.dll
0x00007ff83c4e0000 - 0x00007ff83c4f6000 	C:\Program Files\Android\Android Studio\jbr\bin\nio.dll
0x00007ff833260000 - 0x00007ff833270000 	C:\Program Files\Android\Android Studio\jbr\bin\verify.dll

dbghelp: loaded successfully - version: 4.0.5 - missing functions: none
symbol engine: initialized successfully - sym options: 0x614 - pdb path: .;C:\Program Files\Android\Android Studio\jbr\bin;C:\Windows\SYSTEM32;C:\Windows\WinSxS\amd64_microsoft.windows.common-controls_6595b64144ccf1df_6.0.19041.3636_none_60b6a03d71f818d5;C:\Program Files\Android\Android Studio\jbr\bin\server

VM Arguments:
java_command: org.jetbrains.kotlin.cli.jvm.K2JVMCompiler @C:\Users\Javohir\AndroidStudioProjects\IT_Center3\app\build\20240513_10186412418936943211.compiler.options
java_class_path (initial): C:\Users\Javohir\.gradle\caches\modules-2\files-2.1\org.jetbrains.kotlin\kotlin-compiler-embeddable\1.9.0\2c8c3a7402becca891f12739b3e9fd2dc2adbd7a\kotlin-compiler-embeddable-1.9.0.jar;C:\Users\Javohir\.gradle\caches\modules-2\files-2.1\org.jetbrains.kotlin\kotlin-stdlib\1.9.0\8ee15ef0c67dc83d874f412d84378d7f0eb50b63\kotlin-stdlib-1.9.0.jar;C:\Users\Javohir\.gradle\caches\modules-2\files-2.1\org.jetbrains.kotlin\kotlin-script-runtime\1.9.0\4b3102cbbb7e1b58d9d1adf89563f00069ffa7d1\kotlin-script-runtime-1.9.0.jar;C:\Users\Javohir\.gradle\caches\modules-2\files-2.1\org.jetbrains.kotlin\kotlin-reflect\1.6.10\1cbe9c92c12a94eea200d23c2bbaedaf3daf5132\kotlin-reflect-1.6.10.jar;C:\Users\Javohir\.gradle\caches\modules-2\files-2.1\org.jetbrains.kotlin\kotlin-daemon-embeddable\1.9.0\186543f5e28cf8d9a0290fecc2cf34301c40a65c\kotlin-daemon-embeddable-1.9.0.jar;C:\Users\Javohir\.gradle\caches\modules-2\files-2.1\org.jetbrains.intellij.deps\trove4j\1.0.20200330\3afb14d5f9ceb459d724e907a21145e8ff394f02\trove4j-1.0.20200330.jar;C:\Users\Javohir\.gradle\caches\modules-2\files-2.1\org.jetbrains.kotlin\kotlin-stdlib-common\1.9.0\cd65c21cfd1eec4d44ef09f9f52b6d9f8a720636\kotlin-stdlib-common-1.9.0.jar;C:\Users\Javohir\.gradle\caches\modules-2\files-2.1\org.jetbrains\annotations\13.0\919f0dfe192fb4e063e7dacadee7f8bb9a2672a9\annotations-13.0.jar
Launcher Type: SUN_STANDARD

[Global flags]
     intx CICompilerCount                          = 3                                         {product} {ergonomic}
     uint ConcGCThreads                            = 1                                         {product} {ergonomic}
     uint G1ConcRefinementThreads                  = 4                                         {product} {ergonomic}
   size_t G1HeapRegionSize                         = 1048576                                   {product} {ergonomic}
    uintx GCDrainStackTargetSize                   = 64                                        {product} {ergonomic}
   size_t InitialHeapSize                          = 100663296                                 {product} {ergonomic}
   size_t MarkStackSize                            = 4194304                                   {product} {ergonomic}
   size_t MaxHeapSize                              = 1587544064                                {product} {ergonomic}
   size_t MaxNewSize                               = 952107008                                 {product} {ergonomic}
   size_t MinHeapDeltaBytes                        = 1048576                                   {product} {ergonomic}
   size_t MinHeapSize                              = 8388608                                   {product} {ergonomic}
    uintx NonNMethodCodeHeapSize                   = 5832780                                {pd product} {ergonomic}
    uintx NonProfiledCodeHeapSize                  = 122912730                              {pd product} {ergonomic}
    uintx ProfiledCodeHeapSize                     = 122912730                              {pd product} {ergonomic}
    uintx ReservedCodeCacheSize                    = 251658240                              {pd product} {ergonomic}
     bool SegmentedCodeCache                       = true                                      {product} {ergonomic}
   size_t SoftMaxHeapSize                          = 1587544064                             {manageable} {ergonomic}
     bool UseCompressedClassPointers               = true                           {product lp64_product} {ergonomic}
     bool UseCompressedOops                        = true                           {product lp64_product} {ergonomic}
     bool UseG1GC                                  = true                                      {product} {ergonomic}
     bool UseLargePagesIndividualAllocation        = false                                  {pd product} {ergonomic}

Logging:
Log output configuration:
 #0: stdout all=warning uptime,level,tags
 #1: stderr all=off uptime,level,tags

Environment Variables:
PATH=C:\PROGRA~2\Borland\CBUILD~1\Bin;C:\PROGRA~2\Borland\CBUILD~1\Projects\Bpl;C:\Windows\system32;C:\Windows;C:\Windows\System32\Wbem;C:\Windows\System32\WindowsPowerShell\v1.0\;C:\Windows\System32\OpenSSH\;C:\Program Files\Git\cmd;C:\Users\Javohir\AppData\Local\Programs\Python\Launcher\;C:\Users\Javohir\AppData\Local\Microsoft\WindowsApps;
USERNAME=Javohir
OS=Windows_NT
PROCESSOR_IDENTIFIER=Intel64 Family 6 Model 78 Stepping 3, GenuineIntel
TMP=C:\Users\Javohir\AppData\Local\Temp
TEMP=C:\Users\Javohir\AppData\Local\Temp



Periodic native trim disabled

JNI global refs:
JNI global refs: 9, weak refs: 11

JNI global refs memory usage: 843, weak refs: 841

OOME stack traces (most recent first):
Classloader memory used:
Loader jdk.internal.loader.ClassLoaders$AppClassLoader                                 : 4892K
Loader bootstrap                                                                       : 1286K
Loader jdk.internal.reflect.DelegatingClassLoader                                      : 8167B


---------------  S Y S T E M  ---------------

OS:
 Windows 10 , 64 bit Build 19041 (10.0.19041.3636)
OS uptime: 1 days 18:30 hours

CPU: total 4 (initial active 4) (2 cores per cpu, 2 threads per core) family 6 model 78 stepping 3 microcode 0xcc, cx8, cmov, fxsr, ht, mmx, 3dnowpref, sse, sse2, sse3, ssse3, sse4.1, sse4.2, popcnt, lzcnt, tsc, tscinvbit, avx, avx2, aes, erms, clmul, bmi1, bmi2, rtm, adx, fma, vzeroupper, clflush, clflushopt
Processor Information for all 4 processors :
  Max Mhz: 2304, Current Mhz: 2304, Mhz Limit: 2304

Memory: 4k page, system-wide physical 6049M (379M free)
TotalPageFile size 20274M (AvailPageFile size 16M)
current process WorkingSet (physical memory assigned to process): 193M, peak: 197M
current process commit charge ("private bytes"): 238M, peak: 271M

vm_info: OpenJDK 64-Bit Server VM (17.0.9+0--11185874) for windows-amd64 JRE (17.0.9+0--11185874), built on Dec  6 2023 18:57:44 by "androidbuild" with MS VC++ 16.10 / 16.11 (VS2019)

END.
