#
# There is insufficient memory for the Java Runtime Environment to continue.
# Native memory allocation (malloc) failed to allocate 32744 bytes for ChunkPool::allocate
# Possible reasons:
#   The system is out of physical RAM or swap space
#   The process is running with CompressedOops enabled, and the Java Heap may be blocking the growth of the native heap
# Possible solutions:
#   Reduce memory load on the system
#   Increase physical memory or swap space
#   Check if swap backing store is full
#   Decrease Java heap size (-Xmx/-Xms)
#   Decrease number of Java threads
#   Decrease Java thread stack sizes (-Xss)
#   Set larger code cache with -XX:ReservedCodeCacheSize=
#   JVM is running with Unscaled Compressed Oops mode in which the Java heap is
#     placed in the first 4GB address space. The Java Heap base address is the
#     maximum limit for the native heap growth. Please use -XX:HeapBaseMinAddress
#     to set the Java Heap base and to place the Java Heap above 4GB virtual address.
# This output file may be truncated or incomplete.
#
#  Out of Memory Error (arena.cpp:79), pid=7192, tid=3308
#
# JRE version: OpenJDK Runtime Environment (17.0.9) (build 17.0.9+0--11185874)
# Java VM: OpenJDK 64-Bit Server VM (17.0.9+0--11185874, mixed mode, tiered, compressed oops, compressed class ptrs, g1 gc, windows-amd64)
# No core dump will be written. Minidumps are not enabled by default on client versions of Windows
#

---------------  S U M M A R Y ------------

Command Line: org.jetbrains.kotlin.cli.jvm.K2JVMCompiler @C:\Users\Javohir\AndroidStudioProjects\IT_Center3\app\build\20240508_5690996510582398459.compiler.options

Host: Intel(R) Core(TM) i3-6100U CPU @ 2.30GHz, 4 cores, 5G,  Windows 10 , 64 bit Build 19041 (10.0.19041.3636)
Time: Wed May  8 12:48:15 2024  Windows 10 , 64 bit Build 19041 (10.0.19041.3636) elapsed time: 0.210035 seconds (0d 0h 0m 0s)

---------------  T H R E A D  ---------------

Current thread (0x0000017bfa76be70):  JavaThread "C2 CompilerThread0" daemon [_thread_in_native, id=3308, stack(0x0000002f66500000,0x0000002f66600000)]


Current CompileTask:
C2:    210   93   !   4       java.util.zip.ZipFile$Source::checkAndAddEntry (262 bytes)

Stack: [0x0000002f66500000,0x0000002f66600000]
Native frames: (J=compiled Java code, j=interpreted, Vv=VM code, C=native code)
V  [jvm.dll+0x6886e9]
V  [jvm.dll+0x841e4a]
V  [jvm.dll+0x843a8e]
V  [jvm.dll+0x8440f3]
V  [jvm.dll+0x24c14f]
V  [jvm.dll+0xac66c]
V  [jvm.dll+0xaca9c]
V  [jvm.dll+0x613d40]
V  [jvm.dll+0x613ed9]
V  [jvm.dll+0x613ed9]
V  [jvm.dll+0x613ed9]
V  [jvm.dll+0x613ed9]
V  [jvm.dll+0x619aa7]
V  [jvm.dll+0x61a932]
V  [jvm.dll+0x618e84]
V  [jvm.dll+0x21dc28]
V  [jvm.dll+0x21d1d1]
V  [jvm.dll+0x1a674d]
V  [jvm.dll+0x22d088]
V  [jvm.dll+0x22b1c0]
V  [jvm.dll+0x7f62f7]
V  [jvm.dll+0x7f06aa]
V  [jvm.dll+0x687565]
C  [ucrtbase.dll+0x21bb2]
C  [KERNEL32.DLL+0x17344]
C  [ntdll.dll+0x526b1]


---------------  P R O C E S S  ---------------

Threads class SMR info:
_java_thread_list=0x0000017bfa8e1f70, length=12, elements={
0x0000017be22bc1e0, 0x0000017bfa4faa70, 0x0000017bfa4fb8f0, 0x0000017bfa4e6aa0,
0x0000017bfa524700, 0x0000017bfa5271d0, 0x0000017bfa768070, 0x0000017bfa76be70,
0x0000017bfa76d740, 0x0000017bfa76ed30, 0x0000017bfa8dbb10, 0x0000017bfa8ea170
}

Java Threads: ( => current thread )
  0x0000017be22bc1e0 JavaThread "main" [_thread_in_vm, id=9316, stack(0x0000002f65800000,0x0000002f65900000)]
  0x0000017bfa4faa70 JavaThread "Reference Handler" daemon [_thread_blocked, id=1504, stack(0x0000002f65f00000,0x0000002f66000000)]
  0x0000017bfa4fb8f0 JavaThread "Finalizer" daemon [_thread_blocked, id=2616, stack(0x0000002f66000000,0x0000002f66100000)]
  0x0000017bfa4e6aa0 JavaThread "Signal Dispatcher" daemon [_thread_blocked, id=1184, stack(0x0000002f66100000,0x0000002f66200000)]
  0x0000017bfa524700 JavaThread "Attach Listener" daemon [_thread_blocked, id=5376, stack(0x0000002f66200000,0x0000002f66300000)]
  0x0000017bfa5271d0 JavaThread "Service Thread" daemon [_thread_blocked, id=9688, stack(0x0000002f66300000,0x0000002f66400000)]
  0x0000017bfa768070 JavaThread "Monitor Deflation Thread" daemon [_thread_blocked, id=3640, stack(0x0000002f66400000,0x0000002f66500000)]
=>0x0000017bfa76be70 JavaThread "C2 CompilerThread0" daemon [_thread_in_native, id=3308, stack(0x0000002f66500000,0x0000002f66600000)]
  0x0000017bfa76d740 JavaThread "C1 CompilerThread0" daemon [_thread_blocked, id=1204, stack(0x0000002f66600000,0x0000002f66700000)]
  0x0000017bfa76ed30 JavaThread "Sweeper thread" daemon [_thread_blocked, id=716, stack(0x0000002f66700000,0x0000002f66800000)]
  0x0000017bfa8dbb10 JavaThread "Notification Thread" daemon [_thread_blocked, id=7800, stack(0x0000002f66800000,0x0000002f66900000)]
  0x0000017bfa8ea170 JavaThread "Common-Cleaner" daemon [_thread_blocked, id=1496, stack(0x0000002f66a00000,0x0000002f66b00000)]

Other Threads:
  0x0000017bfa4d4cd0 VMThread "VM Thread" [stack: 0x0000002f65e00000,0x0000002f65f00000] [id=7888]
  0x0000017bfa8dc200 WatcherThread [stack: 0x0000002f66900000,0x0000002f66a00000] [id=9700]
  0x0000017be23081f0 GCTaskThread "GC Thread#0" [stack: 0x0000002f65900000,0x0000002f65a00000] [id=2952]
  0x0000017be2315e90 ConcurrentGCThread "G1 Main Marker" [stack: 0x0000002f65a00000,0x0000002f65b00000] [id=2712]
  0x0000017be2317050 ConcurrentGCThread "G1 Conc#0" [stack: 0x0000002f65b00000,0x0000002f65c00000] [id=2884]
  0x0000017be23793d0 ConcurrentGCThread "G1 Refine#0" [stack: 0x0000002f65c00000,0x0000002f65d00000] [id=7232]
  0x0000017be2379e00 ConcurrentGCThread "G1 Service" [stack: 0x0000002f65d00000,0x0000002f65e00000] [id=9944]

Threads with active compile tasks:
C2 CompilerThread0      235   93   !   4       java.util.zip.ZipFile$Source::checkAndAddEntry (262 bytes)

VM state: not at safepoint (normal execution)

VM Mutex/Monitor currently owned by a thread:  ([mutex/lock_event])
[0x0000017be22b66f0] Metaspace_lock - owner thread: 0x0000017be22bc1e0

Heap address: 0x00000000a1600000, size: 1514 MB, Compressed Oops mode: 32-bit

CDS archive(s) not mapped
Compressed class space mapped at: 0x0000000100000000-0x0000000140000000, reserved size: 1073741824
Narrow klass base: 0x0000000000000000, Narrow klass shift: 3, Narrow klass range: 0x140000000

GC Precious Log:
 CPUs: 4 total, 4 available
 Memory: 6049M
 Large Page Support: Disabled
 NUMA Support: Disabled
 Compressed Oops: Enabled (32-bit)
 Heap Region Size: 1M
 Heap Min Capacity: 8M
 Heap Initial Capacity: 96M
 Heap Max Capacity: 1514M
 Pre-touch: Disabled
 Parallel Workers: 4
 Concurrent Workers: 1
 Concurrent Refinement Workers: 4
 Periodic GC: Disabled

Heap:
 garbage-first heap   total 98304K, used 5120K [0x00000000a1600000, 0x0000000100000000)
  region size 1024K, 2 young (2048K), 0 survivors (0K)
 Metaspace       used 4544K, committed 4608K, reserved 1114112K
  class space    used 384K, committed 448K, reserved 1048576K

Heap Regions: E=young(eden), S=young(survivor), O=old, HS=humongous(starts), HC=humongous(continues), CS=collection set, F=free, OA=open archive, CA=closed archive, TAMS=top-at-mark-start (previous, next)
|   0|0x00000000a1600000, 0x00000000a1700000, 0x00000000a1700000|100%|HS|  |TAMS 0x00000000a1600000, 0x00000000a1600000| Complete 
|   1|0x00000000a1700000, 0x00000000a1800000, 0x00000000a1800000|100%|HC|  |TAMS 0x00000000a1700000, 0x00000000a1700000| Complete 
|   2|0x00000000a1800000, 0x00000000a1900000, 0x00000000a1900000|100%|HC|  |TAMS 0x00000000a1800000, 0x00000000a1800000| Complete 
|   3|0x00000000a1900000, 0x00000000a1a00000, 0x00000000a1a00000|100%|HC|  |TAMS 0x00000000a1900000, 0x00000000a1900000| Complete 
|   4|0x00000000a1a00000, 0x00000000a1a00000, 0x00000000a1b00000|  0%| F|  |TAMS 0x00000000a1a00000, 0x00000000a1a00000| Untracked 
|   5|0x00000000a1b00000, 0x00000000a1b00000, 0x00000000a1c00000|  0%| F|  |TAMS 0x00000000a1b00000, 0x00000000a1b00000| Untracked 
|   6|0x00000000a1c00000, 0x00000000a1c00000, 0x00000000a1d00000|  0%| F|  |TAMS 0x00000000a1c00000, 0x00000000a1c00000| Untracked 
|   7|0x00000000a1d00000, 0x00000000a1d00000, 0x00000000a1e00000|  0%| F|  |TAMS 0x00000000a1d00000, 0x00000000a1d00000| Untracked 
|   8|0x00000000a1e00000, 0x00000000a1e00000, 0x00000000a1f00000|  0%| F|  |TAMS 0x00000000a1e00000, 0x00000000a1e00000| Untracked 
|   9|0x00000000a1f00000, 0x00000000a1f00000, 0x00000000a2000000|  0%| F|  |TAMS 0x00000000a1f00000, 0x00000000a1f00000| Untracked 
|  10|0x00000000a2000000, 0x00000000a2000000, 0x00000000a2100000|  0%| F|  |TAMS 0x00000000a2000000, 0x00000000a2000000| Untracked 
|  11|0x00000000a2100000, 0x00000000a2100000, 0x00000000a2200000|  0%| F|  |TAMS 0x00000000a2100000, 0x00000000a2100000| Untracked 
|  12|0x00000000a2200000, 0x00000000a2200000, 0x00000000a2300000|  0%| F|  |TAMS 0x00000000a2200000, 0x00000000a2200000| Untracked 
|  13|0x00000000a2300000, 0x00000000a2300000, 0x00000000a2400000|  0%| F|  |TAMS 0x00000000a2300000, 0x00000000a2300000| Untracked 
|  14|0x00000000a2400000, 0x00000000a2400000, 0x00000000a2500000|  0%| F|  |TAMS 0x00000000a2400000, 0x00000000a2400000| Untracked 
|  15|0x00000000a2500000, 0x00000000a2500000, 0x00000000a2600000|  0%| F|  |TAMS 0x00000000a2500000, 0x00000000a2500000| Untracked 
|  16|0x00000000a2600000, 0x00000000a2600000, 0x00000000a2700000|  0%| F|  |TAMS 0x00000000a2600000, 0x00000000a2600000| Untracked 
|  17|0x00000000a2700000, 0x00000000a2700000, 0x00000000a2800000|  0%| F|  |TAMS 0x00000000a2700000, 0x00000000a2700000| Untracked 
|  18|0x00000000a2800000, 0x00000000a2800000, 0x00000000a2900000|  0%| F|  |TAMS 0x00000000a2800000, 0x00000000a2800000| Untracked 
|  19|0x00000000a2900000, 0x00000000a2900000, 0x00000000a2a00000|  0%| F|  |TAMS 0x00000000a2900000, 0x00000000a2900000| Untracked 
|  20|0x00000000a2a00000, 0x00000000a2a00000, 0x00000000a2b00000|  0%| F|  |TAMS 0x00000000a2a00000, 0x00000000a2a00000| Untracked 
|  21|0x00000000a2b00000, 0x00000000a2b00000, 0x00000000a2c00000|  0%| F|  |TAMS 0x00000000a2b00000, 0x00000000a2b00000| Untracked 
|  22|0x00000000a2c00000, 0x00000000a2c00000, 0x00000000a2d00000|  0%| F|  |TAMS 0x00000000a2c00000, 0x00000000a2c00000| Untracked 
|  23|0x00000000a2d00000, 0x00000000a2d00000, 0x00000000a2e00000|  0%| F|  |TAMS 0x00000000a2d00000, 0x00000000a2d00000| Untracked 
|  24|0x00000000a2e00000, 0x00000000a2e00000, 0x00000000a2f00000|  0%| F|  |TAMS 0x00000000a2e00000, 0x00000000a2e00000| Untracked 
|  25|0x00000000a2f00000, 0x00000000a2f00000, 0x00000000a3000000|  0%| F|  |TAMS 0x00000000a2f00000, 0x00000000a2f00000| Untracked 
|  26|0x00000000a3000000, 0x00000000a3000000, 0x00000000a3100000|  0%| F|  |TAMS 0x00000000a3000000, 0x00000000a3000000| Untracked 
|  27|0x00000000a3100000, 0x00000000a3100000, 0x00000000a3200000|  0%| F|  |TAMS 0x00000000a3100000, 0x00000000a3100000| Untracked 
|  28|0x00000000a3200000, 0x00000000a3200000, 0x00000000a3300000|  0%| F|  |TAMS 0x00000000a3200000, 0x00000000a3200000| Untracked 
|  29|0x00000000a3300000, 0x00000000a3300000, 0x00000000a3400000|  0%| F|  |TAMS 0x00000000a3300000, 0x00000000a3300000| Untracked 
|  30|0x00000000a3400000, 0x00000000a3400000, 0x00000000a3500000|  0%| F|  |TAMS 0x00000000a3400000, 0x00000000a3400000| Untracked 
|  31|0x00000000a3500000, 0x00000000a3500000, 0x00000000a3600000|  0%| F|  |TAMS 0x00000000a3500000, 0x00000000a3500000| Untracked 
|  32|0x00000000a3600000, 0x00000000a3600000, 0x00000000a3700000|  0%| F|  |TAMS 0x00000000a3600000, 0x00000000a3600000| Untracked 
|  33|0x00000000a3700000, 0x00000000a3700000, 0x00000000a3800000|  0%| F|  |TAMS 0x00000000a3700000, 0x00000000a3700000| Untracked 
|  34|0x00000000a3800000, 0x00000000a3800000, 0x00000000a3900000|  0%| F|  |TAMS 0x00000000a3800000, 0x00000000a3800000| Untracked 
|  35|0x00000000a3900000, 0x00000000a3900000, 0x00000000a3a00000|  0%| F|  |TAMS 0x00000000a3900000, 0x00000000a3900000| Untracked 
|  36|0x00000000a3a00000, 0x00000000a3a00000, 0x00000000a3b00000|  0%| F|  |TAMS 0x00000000a3a00000, 0x00000000a3a00000| Untracked 
|  37|0x00000000a3b00000, 0x00000000a3b00000, 0x00000000a3c00000|  0%| F|  |TAMS 0x00000000a3b00000, 0x00000000a3b00000| Untracked 
|  38|0x00000000a3c00000, 0x00000000a3c00000, 0x00000000a3d00000|  0%| F|  |TAMS 0x00000000a3c00000, 0x00000000a3c00000| Untracked 
|  39|0x00000000a3d00000, 0x00000000a3d00000, 0x00000000a3e00000|  0%| F|  |TAMS 0x00000000a3d00000, 0x00000000a3d00000| Untracked 
|  40|0x00000000a3e00000, 0x00000000a3e00000, 0x00000000a3f00000|  0%| F|  |TAMS 0x00000000a3e00000, 0x00000000a3e00000| Untracked 
|  41|0x00000000a3f00000, 0x00000000a3f00000, 0x00000000a4000000|  0%| F|  |TAMS 0x00000000a3f00000, 0x00000000a3f00000| Untracked 
|  42|0x00000000a4000000, 0x00000000a4000000, 0x00000000a4100000|  0%| F|  |TAMS 0x00000000a4000000, 0x00000000a4000000| Untracked 
|  43|0x00000000a4100000, 0x00000000a4100000, 0x00000000a4200000|  0%| F|  |TAMS 0x00000000a4100000, 0x00000000a4100000| Untracked 
|  44|0x00000000a4200000, 0x00000000a4200000, 0x00000000a4300000|  0%| F|  |TAMS 0x00000000a4200000, 0x00000000a4200000| Untracked 
|  45|0x00000000a4300000, 0x00000000a4300000, 0x00000000a4400000|  0%| F|  |TAMS 0x00000000a4300000, 0x00000000a4300000| Untracked 
|  46|0x00000000a4400000, 0x00000000a4400000, 0x00000000a4500000|  0%| F|  |TAMS 0x00000000a4400000, 0x00000000a4400000| Untracked 
|  47|0x00000000a4500000, 0x00000000a4500000, 0x00000000a4600000|  0%| F|  |TAMS 0x00000000a4500000, 0x00000000a4500000| Untracked 
|  48|0x00000000a4600000, 0x00000000a4600000, 0x00000000a4700000|  0%| F|  |TAMS 0x00000000a4600000, 0x00000000a4600000| Untracked 
|  49|0x00000000a4700000, 0x00000000a4700000, 0x00000000a4800000|  0%| F|  |TAMS 0x00000000a4700000, 0x00000000a4700000| Untracked 
|  50|0x00000000a4800000, 0x00000000a4800000, 0x00000000a4900000|  0%| F|  |TAMS 0x00000000a4800000, 0x00000000a4800000| Untracked 
|  51|0x00000000a4900000, 0x00000000a4900000, 0x00000000a4a00000|  0%| F|  |TAMS 0x00000000a4900000, 0x00000000a4900000| Untracked 
|  52|0x00000000a4a00000, 0x00000000a4a00000, 0x00000000a4b00000|  0%| F|  |TAMS 0x00000000a4a00000, 0x00000000a4a00000| Untracked 
|  53|0x00000000a4b00000, 0x00000000a4b00000, 0x00000000a4c00000|  0%| F|  |TAMS 0x00000000a4b00000, 0x00000000a4b00000| Untracked 
|  54|0x00000000a4c00000, 0x00000000a4c00000, 0x00000000a4d00000|  0%| F|  |TAMS 0x00000000a4c00000, 0x00000000a4c00000| Untracked 
|  55|0x00000000a4d00000, 0x00000000a4d00000, 0x00000000a4e00000|  0%| F|  |TAMS 0x00000000a4d00000, 0x00000000a4d00000| Untracked 
|  56|0x00000000a4e00000, 0x00000000a4e00000, 0x00000000a4f00000|  0%| F|  |TAMS 0x00000000a4e00000, 0x00000000a4e00000| Untracked 
|  57|0x00000000a4f00000, 0x00000000a4f00000, 0x00000000a5000000|  0%| F|  |TAMS 0x00000000a4f00000, 0x00000000a4f00000| Untracked 
|  58|0x00000000a5000000, 0x00000000a5000000, 0x00000000a5100000|  0%| F|  |TAMS 0x00000000a5000000, 0x00000000a5000000| Untracked 
|  59|0x00000000a5100000, 0x00000000a5100000, 0x00000000a5200000|  0%| F|  |TAMS 0x00000000a5100000, 0x00000000a5100000| Untracked 
|  60|0x00000000a5200000, 0x00000000a5200000, 0x00000000a5300000|  0%| F|  |TAMS 0x00000000a5200000, 0x00000000a5200000| Untracked 
|  61|0x00000000a5300000, 0x00000000a5300000, 0x00000000a5400000|  0%| F|  |TAMS 0x00000000a5300000, 0x00000000a5300000| Untracked 
|  62|0x00000000a5400000, 0x00000000a5400000, 0x00000000a5500000|  0%| F|  |TAMS 0x00000000a5400000, 0x00000000a5400000| Untracked 
|  63|0x00000000a5500000, 0x00000000a5500000, 0x00000000a5600000|  0%| F|  |TAMS 0x00000000a5500000, 0x00000000a5500000| Untracked 
|  64|0x00000000a5600000, 0x00000000a5600000, 0x00000000a5700000|  0%| F|  |TAMS 0x00000000a5600000, 0x00000000a5600000| Untracked 
|  65|0x00000000a5700000, 0x00000000a5700000, 0x00000000a5800000|  0%| F|  |TAMS 0x00000000a5700000, 0x00000000a5700000| Untracked 
|  66|0x00000000a5800000, 0x00000000a5800000, 0x00000000a5900000|  0%| F|  |TAMS 0x00000000a5800000, 0x00000000a5800000| Untracked 
|  67|0x00000000a5900000, 0x00000000a5900000, 0x00000000a5a00000|  0%| F|  |TAMS 0x00000000a5900000, 0x00000000a5900000| Untracked 
|  68|0x00000000a5a00000, 0x00000000a5a00000, 0x00000000a5b00000|  0%| F|  |TAMS 0x00000000a5a00000, 0x00000000a5a00000| Untracked 
|  69|0x00000000a5b00000, 0x00000000a5b00000, 0x00000000a5c00000|  0%| F|  |TAMS 0x00000000a5b00000, 0x00000000a5b00000| Untracked 
|  70|0x00000000a5c00000, 0x00000000a5c00000, 0x00000000a5d00000|  0%| F|  |TAMS 0x00000000a5c00000, 0x00000000a5c00000| Untracked 
|  71|0x00000000a5d00000, 0x00000000a5d00000, 0x00000000a5e00000|  0%| F|  |TAMS 0x00000000a5d00000, 0x00000000a5d00000| Untracked 
|  72|0x00000000a5e00000, 0x00000000a5e00000, 0x00000000a5f00000|  0%| F|  |TAMS 0x00000000a5e00000, 0x00000000a5e00000| Untracked 
|  73|0x00000000a5f00000, 0x00000000a5f00000, 0x00000000a6000000|  0%| F|  |TAMS 0x00000000a5f00000, 0x00000000a5f00000| Untracked 
|  74|0x00000000a6000000, 0x00000000a6000000, 0x00000000a6100000|  0%| F|  |TAMS 0x00000000a6000000, 0x00000000a6000000| Untracked 
|  75|0x00000000a6100000, 0x00000000a6100000, 0x00000000a6200000|  0%| F|  |TAMS 0x00000000a6100000, 0x00000000a6100000| Untracked 
|  76|0x00000000a6200000, 0x00000000a6200000, 0x00000000a6300000|  0%| F|  |TAMS 0x00000000a6200000, 0x00000000a6200000| Untracked 
|  77|0x00000000a6300000, 0x00000000a6300000, 0x00000000a6400000|  0%| F|  |TAMS 0x00000000a6300000, 0x00000000a6300000| Untracked 
|  78|0x00000000a6400000, 0x00000000a6400000, 0x00000000a6500000|  0%| F|  |TAMS 0x00000000a6400000, 0x00000000a6400000| Untracked 
|  79|0x00000000a6500000, 0x00000000a6500000, 0x00000000a6600000|  0%| F|  |TAMS 0x00000000a6500000, 0x00000000a6500000| Untracked 
|  80|0x00000000a6600000, 0x00000000a6600000, 0x00000000a6700000|  0%| F|  |TAMS 0x00000000a6600000, 0x00000000a6600000| Untracked 
|  81|0x00000000a6700000, 0x00000000a6700000, 0x00000000a6800000|  0%| F|  |TAMS 0x00000000a6700000, 0x00000000a6700000| Untracked 
|  82|0x00000000a6800000, 0x00000000a6800000, 0x00000000a6900000|  0%| F|  |TAMS 0x00000000a6800000, 0x00000000a6800000| Untracked 
|  83|0x00000000a6900000, 0x00000000a6900000, 0x00000000a6a00000|  0%| F|  |TAMS 0x00000000a6900000, 0x00000000a6900000| Untracked 
|  84|0x00000000a6a00000, 0x00000000a6a00000, 0x00000000a6b00000|  0%| F|  |TAMS 0x00000000a6a00000, 0x00000000a6a00000| Untracked 
|  85|0x00000000a6b00000, 0x00000000a6b00000, 0x00000000a6c00000|  0%| F|  |TAMS 0x00000000a6b00000, 0x00000000a6b00000| Untracked 
|  86|0x00000000a6c00000, 0x00000000a6c00000, 0x00000000a6d00000|  0%| F|  |TAMS 0x00000000a6c00000, 0x00000000a6c00000| Untracked 
|  87|0x00000000a6d00000, 0x00000000a6d00000, 0x00000000a6e00000|  0%| F|  |TAMS 0x00000000a6d00000, 0x00000000a6d00000| Untracked 
|  88|0x00000000a6e00000, 0x00000000a6e00000, 0x00000000a6f00000|  0%| F|  |TAMS 0x00000000a6e00000, 0x00000000a6e00000| Untracked 
|  89|0x00000000a6f00000, 0x00000000a6f00000, 0x00000000a7000000|  0%| F|  |TAMS 0x00000000a6f00000, 0x00000000a6f00000| Untracked 
|  90|0x00000000a7000000, 0x00000000a7000000, 0x00000000a7100000|  0%| F|  |TAMS 0x00000000a7000000, 0x00000000a7000000| Untracked 
|  91|0x00000000a7100000, 0x00000000a7100000, 0x00000000a7200000|  0%| F|  |TAMS 0x00000000a7100000, 0x00000000a7100000| Untracked 
|  92|0x00000000a7200000, 0x00000000a7200000, 0x00000000a7300000|  0%| F|  |TAMS 0x00000000a7200000, 0x00000000a7200000| Untracked 
|  93|0x00000000a7300000, 0x00000000a7300000, 0x00000000a7400000|  0%| F|  |TAMS 0x00000000a7300000, 0x00000000a7300000| Untracked 
|  94|0x00000000a7400000, 0x00000000a7495de8, 0x00000000a7500000| 58%| E|  |TAMS 0x00000000a7400000, 0x00000000a7400000| Complete 
|  95|0x00000000a7500000, 0x00000000a7600000, 0x00000000a7600000|100%| E|CS|TAMS 0x00000000a7500000, 0x00000000a7500000| Complete 

Card table byte_map: [0x0000017bf4aa0000,0x0000017bf4da0000] _byte_map_base: 0x0000017bf4595000

Marking Bits (Prev, Next): (CMBitMap*) 0x0000017be2309820, (CMBitMap*) 0x0000017be2309860
 Prev Bits: [0x0000017bf50a0000, 0x0000017bf6848000)
 Next Bits: [0x0000017bf6850000, 0x0000017bf7ff8000)

Polling page: 0x0000017be1a80000

Metaspace:

Usage:
  Non-class:      4.06 MB used.
      Class:    384.96 KB used.
       Both:      4.44 MB used.

Virtual space:
  Non-class space:       64.00 MB reserved,       4.06 MB (  6%) committed,  1 nodes.
      Class space:        1.00 GB reserved,     448.00 KB ( <1%) committed,  1 nodes.
             Both:        1.06 GB reserved,       4.50 MB ( <1%) committed. 

Chunk freelists:
   Non-Class:  11.00 MB
       Class:  15.56 MB
        Both:  26.56 MB

MaxMetaspaceSize: unlimited
CompressedClassSpaceSize: 1.00 GB
Initial GC threshold: 21.00 MB
Current GC threshold: 21.00 MB
CDS: off
MetaspaceReclaimPolicy: balanced
 - commit_granule_bytes: 65536.
 - commit_granule_words: 8192.
 - virtual_space_node_default_size: 8388608.
 - enlarge_chunks_in_place: 1.
 - new_chunks_are_fully_committed: 0.
 - uncommit_free_chunks: 1.
 - use_allocation_guard: 0.
 - handle_deallocations: 1.


Internal statistics:

num_allocs_failed_limit: 0.
num_arena_births: 2.
num_arena_deaths: 0.
num_vsnodes_births: 2.
num_vsnodes_deaths: 0.
num_space_committed: 72.
num_space_uncommitted: 0.
num_chunks_returned_to_freelist: 0.
num_chunks_taken_from_freelist: 6.
num_chunk_merges: 0.
num_chunk_splits: 3.
num_chunks_enlarged: 0.
num_inconsistent_stats: 0.

CodeHeap 'non-profiled nmethods': size=120000Kb used=20Kb max_used=20Kb free=119980Kb
 bounds [0x0000017bed270000, 0x0000017bed4e0000, 0x0000017bf47a0000]
CodeHeap 'profiled nmethods': size=120000Kb used=122Kb max_used=122Kb free=119877Kb
 bounds [0x0000017be57a0000, 0x0000017be5a10000, 0x0000017beccd0000]
CodeHeap 'non-nmethods': size=5760Kb used=1049Kb max_used=1061Kb free=4710Kb
 bounds [0x0000017beccd0000, 0x0000017becf40000, 0x0000017bed270000]
 total_blobs=402 nmethods=93 adapters=222
 compilation: enabled
              stopped_count=0, restarted_count=0
 full_count=0

Compilation events (20 events):
Event: 0.183 Thread 0x0000017bfa76d740   84       3       java.util.zip.ZipUtils::CENFLG (9 bytes)
Event: 0.184 Thread 0x0000017bfa76d740 nmethod 84 0x0000017be57bc010 code [0x0000017be57bc1a0, 0x0000017be57bc358]
Event: 0.184 Thread 0x0000017bfa76d740   85       3       java.util.zip.ZipUtils::CENSIG (8 bytes)
Event: 0.184 Thread 0x0000017bfa76d740 nmethod 85 0x0000017be57bc490 code [0x0000017be57bc640, 0x0000017be57bc918]
Event: 0.184 Thread 0x0000017bfa76d740   86       3       java.util.zip.ZipUtils::CENNAM (9 bytes)
Event: 0.184 Thread 0x0000017bfa76d740 nmethod 86 0x0000017be57bca90 code [0x0000017be57bcc20, 0x0000017be57bcdd8]
Event: 0.184 Thread 0x0000017bfa76d740   87       3       java.util.zip.ZipFile$Source::zipCoderForPos (39 bytes)
Event: 0.184 Thread 0x0000017bfa76d740 nmethod 87 0x0000017be57bcf10 code [0x0000017be57bd0e0, 0x0000017be57bd4c8]
Event: 0.184 Thread 0x0000017bfa76d740   88       3       java.util.zip.ZipFile$Source::isMetaName (141 bytes)
Event: 0.185 Thread 0x0000017bfa76d740 nmethod 88 0x0000017be57bd690 code [0x0000017be57bd840, 0x0000017be57bdd58]
Event: 0.185 Thread 0x0000017bfa76d740   89       3       java.util.zip.ZipFile$Source::nextEntryPos (22 bytes)
Event: 0.185 Thread 0x0000017bfa76d740 nmethod 89 0x0000017be57bdf10 code [0x0000017be57be0c0, 0x0000017be57be3f8]
Event: 0.185 Thread 0x0000017bfa76d740   90       3       java.util.zip.ZipUtils::CENCOM (9 bytes)
Event: 0.185 Thread 0x0000017bfa76d740 nmethod 90 0x0000017be57be590 code [0x0000017be57be720, 0x0000017be57be8d8]
Event: 0.190 Thread 0x0000017bfa76be70 nmethod 91% 0x0000017bed273e10 code [0x0000017bed273fa0, 0x0000017bed274338]
Event: 0.190 Thread 0x0000017bfa76be70   92       4       java.util.zip.ZipCoder$UTF8ZipCoder::checkedHash (91 bytes)
Event: 0.196 Thread 0x0000017bfa76be70 nmethod 92 0x0000017bed274510 code [0x0000017bed2746a0, 0x0000017bed2749d8]
Event: 0.196 Thread 0x0000017bfa76be70   95       4       java.util.zip.ZipFile$Source::isMetaName (141 bytes)
Event: 0.198 Thread 0x0000017bfa76be70 nmethod 95 0x0000017bed274b90 code [0x0000017bed274d00, 0x0000017bed274eb8]
Event: 0.198 Thread 0x0000017bfa76be70   93   !   4       java.util.zip.ZipFile$Source::checkAndAddEntry (262 bytes)

GC Heap History (0 events):
No events

Dll operation events (1 events):
Event: 0.008 Loaded shared library C:\Program Files\Android\Android Studio\jbr\bin\java.dll

Deoptimization events (20 events):
Event: 0.195 Thread 0x0000017be22bc1e0 DEOPT PACKING pc=0x0000017be57b878c sp=0x0000002f658fd650
Event: 0.195 Thread 0x0000017be22bc1e0 DEOPT UNPACKING pc=0x0000017becd27143 sp=0x0000002f658fcae0 mode 0
Event: 0.195 Thread 0x0000017be22bc1e0 DEOPT PACKING pc=0x0000017be57b878c sp=0x0000002f658fd650
Event: 0.195 Thread 0x0000017be22bc1e0 DEOPT UNPACKING pc=0x0000017becd27143 sp=0x0000002f658fcae0 mode 0
Event: 0.195 Thread 0x0000017be22bc1e0 DEOPT PACKING pc=0x0000017be57b878c sp=0x0000002f658fd650
Event: 0.195 Thread 0x0000017be22bc1e0 DEOPT UNPACKING pc=0x0000017becd27143 sp=0x0000002f658fcae0 mode 0
Event: 0.195 Thread 0x0000017be22bc1e0 DEOPT PACKING pc=0x0000017be57b878c sp=0x0000002f658fd650
Event: 0.195 Thread 0x0000017be22bc1e0 DEOPT UNPACKING pc=0x0000017becd27143 sp=0x0000002f658fcae0 mode 0
Event: 0.195 Thread 0x0000017be22bc1e0 DEOPT PACKING pc=0x0000017be57b878c sp=0x0000002f658fd650
Event: 0.195 Thread 0x0000017be22bc1e0 DEOPT UNPACKING pc=0x0000017becd27143 sp=0x0000002f658fcae0 mode 0
Event: 0.195 Thread 0x0000017be22bc1e0 DEOPT PACKING pc=0x0000017be57b878c sp=0x0000002f658fd650
Event: 0.195 Thread 0x0000017be22bc1e0 DEOPT UNPACKING pc=0x0000017becd27143 sp=0x0000002f658fcae0 mode 0
Event: 0.195 Thread 0x0000017be22bc1e0 DEOPT PACKING pc=0x0000017be57b878c sp=0x0000002f658fd650
Event: 0.195 Thread 0x0000017be22bc1e0 DEOPT UNPACKING pc=0x0000017becd27143 sp=0x0000002f658fcae0 mode 0
Event: 0.196 Thread 0x0000017be22bc1e0 DEOPT PACKING pc=0x0000017be57b878c sp=0x0000002f658fd650
Event: 0.196 Thread 0x0000017be22bc1e0 DEOPT UNPACKING pc=0x0000017becd27143 sp=0x0000002f658fcae0 mode 0
Event: 0.196 Thread 0x0000017be22bc1e0 DEOPT PACKING pc=0x0000017be57b878c sp=0x0000002f658fd650
Event: 0.196 Thread 0x0000017be22bc1e0 DEOPT UNPACKING pc=0x0000017becd27143 sp=0x0000002f658fcae0 mode 0
Event: 0.196 Thread 0x0000017be22bc1e0 DEOPT PACKING pc=0x0000017be57b878c sp=0x0000002f658fd650
Event: 0.196 Thread 0x0000017be22bc1e0 DEOPT UNPACKING pc=0x0000017becd27143 sp=0x0000002f658fcae0 mode 0

Classes unloaded (0 events):
No events

Classes redefined (0 events):
No events

Internal exceptions (0 events):
No events

VM Operations (0 events):
No events

Events (20 events):
Event: 0.171 loading class sun/nio/fs/WindowsNativeDispatcher$AclInformation
Event: 0.171 loading class sun/nio/fs/WindowsNativeDispatcher$AclInformation done
Event: 0.171 loading class sun/nio/fs/WindowsNativeDispatcher$CompletionStatus
Event: 0.171 loading class sun/nio/fs/WindowsNativeDispatcher$CompletionStatus done
Event: 0.171 loading class java/io/RandomAccessFile
Event: 0.172 loading class java/io/DataOutput
Event: 0.172 loading class java/io/DataOutput done
Event: 0.172 loading class java/io/DataInput
Event: 0.172 loading class java/io/DataInput done
Event: 0.172 loading class java/io/RandomAccessFile done
Event: 0.172 loading class java/io/RandomAccessFile$2
Event: 0.172 loading class jdk/internal/access/JavaIORandomAccessFileAccess
Event: 0.172 loading class jdk/internal/access/JavaIORandomAccessFileAccess done
Event: 0.172 loading class java/io/RandomAccessFile$2 done
Event: 0.172 loading class java/io/FileCleanable
Event: 0.172 loading class java/io/FileCleanable done
Event: 0.172 loading class java/util/zip/ZipFile$Source$End
Event: 0.172 loading class java/util/zip/ZipFile$Source$End done
Event: 0.173 loading class java/util/zip/ZipUtils
Event: 0.173 loading class java/util/zip/ZipUtils done


Dynamic libraries:
0x00007ff652af0000 - 0x00007ff652afa000 	C:\Program Files\Android\Android Studio\jbr\bin\java.exe
0x00007fff28cf0000 - 0x00007fff28ee8000 	C:\Windows\SYSTEM32\ntdll.dll
0x00007fff27640000 - 0x00007fff276fd000 	C:\Windows\System32\KERNEL32.DLL
0x00007fff268b0000 - 0x00007fff26ba6000 	C:\Windows\System32\KERNELBASE.dll
0x00007fff26780000 - 0x00007fff26880000 	C:\Windows\System32\ucrtbase.dll
0x00007fff21fb0000 - 0x00007fff21fc7000 	C:\Program Files\Android\Android Studio\jbr\bin\jli.dll
0x00007fff1e0d0000 - 0x00007fff1e0eb000 	C:\Program Files\Android\Android Studio\jbr\bin\VCRUNTIME140.dll
0x00007fff28180000 - 0x00007fff2831f000 	C:\Windows\System32\USER32.dll
0x00007fff26880000 - 0x00007fff268a2000 	C:\Windows\System32\win32u.dll
0x00007fff27e00000 - 0x00007fff27e2b000 	C:\Windows\System32\GDI32.dll
0x00007fff0fb60000 - 0x00007fff0fdfa000 	C:\Windows\WinSxS\amd64_microsoft.windows.common-controls_6595b64144ccf1df_6.0.19041.3636_none_60b6a03d71f818d5\COMCTL32.dll
0x00007fff26bb0000 - 0x00007fff26cc7000 	C:\Windows\System32\gdi32full.dll
0x00007fff26590000 - 0x00007fff2662d000 	C:\Windows\System32\msvcp_win.dll
0x00007fff28c10000 - 0x00007fff28cae000 	C:\Windows\System32\msvcrt.dll
0x00007fff28bd0000 - 0x00007fff28c02000 	C:\Windows\System32\IMM32.DLL
0x00007fff202d0000 - 0x00007fff202dc000 	C:\Program Files\Android\Android Studio\jbr\bin\vcruntime140_1.dll
0x00007fff08d10000 - 0x00007fff08d9d000 	C:\Program Files\Android\Android Studio\jbr\bin\msvcp140.dll
0x00007ffef1c20000 - 0x00007ffef28a3000 	C:\Program Files\Android\Android Studio\jbr\bin\server\jvm.dll
0x00007fff27110000 - 0x00007fff271c0000 	C:\Windows\System32\ADVAPI32.dll
0x00007fff27e30000 - 0x00007fff27ed0000 	C:\Windows\System32\sechost.dll
0x00007fff278d0000 - 0x00007fff279f3000 	C:\Windows\System32\RPCRT4.dll
0x00007fff26750000 - 0x00007fff26777000 	C:\Windows\System32\bcrypt.dll
0x00007fff26200000 - 0x00007fff2624b000 	C:\Windows\SYSTEM32\POWRPROF.dll
0x00007fff0e520000 - 0x00007fff0e547000 	C:\Windows\SYSTEM32\WINMM.dll
0x00007fff21fa0000 - 0x00007fff21fa9000 	C:\Windows\SYSTEM32\WSOCK32.dll
0x00007fff28060000 - 0x00007fff280cb000 	C:\Windows\System32\WS2_32.dll
0x00007fff1f660000 - 0x00007fff1f66a000 	C:\Windows\SYSTEM32\VERSION.dll
0x00007fff261e0000 - 0x00007fff261f2000 	C:\Windows\SYSTEM32\UMPDC.dll
0x00007fff24230000 - 0x00007fff24242000 	C:\Windows\SYSTEM32\kernel.appcore.dll
0x00007fff21f90000 - 0x00007fff21f9a000 	C:\Program Files\Android\Android Studio\jbr\bin\jimage.dll
0x00007fff1cbe0000 - 0x00007fff1cdc4000 	C:\Windows\SYSTEM32\DBGHELP.DLL
0x00007fff07bd0000 - 0x00007fff07c04000 	C:\Windows\SYSTEM32\dbgcore.DLL
0x00007fff263a0000 - 0x00007fff26422000 	C:\Windows\System32\bcryptPrimitives.dll
0x00007fff21eb0000 - 0x00007fff21ed5000 	C:\Program Files\Android\Android Studio\jbr\bin\java.dll
0x00007fff21e70000 - 0x00007fff21e88000 	C:\Program Files\Android\Android Studio\jbr\bin\zip.dll
0x00007fff28320000 - 0x00007fff28a8b000 	C:\Windows\System32\SHELL32.dll
0x00007fff24430000 - 0x00007fff24bce000 	C:\Windows\SYSTEM32\windows.storage.dll
0x00007fff26d20000 - 0x00007fff27073000 	C:\Windows\System32\combase.dll
0x00007fff25d00000 - 0x00007fff25d2e000 	C:\Windows\SYSTEM32\Wldp.dll
0x00007fff27d30000 - 0x00007fff27dfd000 	C:\Windows\System32\OLEAUT32.dll
0x00007fff280d0000 - 0x00007fff2817d000 	C:\Windows\System32\SHCORE.dll
0x00007fff27ed0000 - 0x00007fff27f25000 	C:\Windows\System32\shlwapi.dll
0x00007fff262d0000 - 0x00007fff262f3000 	C:\Windows\SYSTEM32\profapi.dll
0x00007fff21120000 - 0x00007fff21139000 	C:\Program Files\Android\Android Studio\jbr\bin\net.dll
0x00007fff1d620000 - 0x00007fff1d72a000 	C:\Windows\SYSTEM32\WINHTTP.dll
0x00007fff25a60000 - 0x00007fff25aca000 	C:\Windows\system32\mswsock.dll
0x00007fff21100000 - 0x00007fff21116000 	C:\Program Files\Android\Android Studio\jbr\bin\nio.dll

dbghelp: loaded successfully - version: 4.0.5 - missing functions: none
symbol engine: initialized successfully - sym options: 0x614 - pdb path: .;C:\Program Files\Android\Android Studio\jbr\bin;C:\Windows\SYSTEM32;C:\Windows\WinSxS\amd64_microsoft.windows.common-controls_6595b64144ccf1df_6.0.19041.3636_none_60b6a03d71f818d5;C:\Program Files\Android\Android Studio\jbr\bin\server

VM Arguments:
java_command: org.jetbrains.kotlin.cli.jvm.K2JVMCompiler @C:\Users\Javohir\AndroidStudioProjects\IT_Center3\app\build\20240508_5690996510582398459.compiler.options
java_class_path (initial): C:\Users\Javohir\.gradle\caches\modules-2\files-2.1\org.jetbrains.kotlin\kotlin-compiler-embeddable\1.9.0\2c8c3a7402becca891f12739b3e9fd2dc2adbd7a\kotlin-compiler-embeddable-1.9.0.jar;C:\Users\Javohir\.gradle\caches\modules-2\files-2.1\org.jetbrains.kotlin\kotlin-stdlib\1.9.0\8ee15ef0c67dc83d874f412d84378d7f0eb50b63\kotlin-stdlib-1.9.0.jar;C:\Users\Javohir\.gradle\caches\modules-2\files-2.1\org.jetbrains.kotlin\kotlin-script-runtime\1.9.0\4b3102cbbb7e1b58d9d1adf89563f00069ffa7d1\kotlin-script-runtime-1.9.0.jar;C:\Users\Javohir\.gradle\caches\modules-2\files-2.1\org.jetbrains.kotlin\kotlin-reflect\1.6.10\1cbe9c92c12a94eea200d23c2bbaedaf3daf5132\kotlin-reflect-1.6.10.jar;C:\Users\Javohir\.gradle\caches\modules-2\files-2.1\org.jetbrains.kotlin\kotlin-daemon-embeddable\1.9.0\186543f5e28cf8d9a0290fecc2cf34301c40a65c\kotlin-daemon-embeddable-1.9.0.jar;C:\Users\Javohir\.gradle\caches\modules-2\files-2.1\org.jetbrains.intellij.deps\trove4j\1.0.20200330\3afb14d5f9ceb459d724e907a21145e8ff394f02\trove4j-1.0.20200330.jar;C:\Users\Javohir\.gradle\caches\modules-2\files-2.1\org.jetbrains.kotlin\kotlin-stdlib-common\1.9.0\cd65c21cfd1eec4d44ef09f9f52b6d9f8a720636\kotlin-stdlib-common-1.9.0.jar;C:\Users\Javohir\.gradle\caches\modules-2\files-2.1\org.jetbrains\annotations\13.0\919f0dfe192fb4e063e7dacadee7f8bb9a2672a9\annotations-13.0.jar
Launcher Type: SUN_STANDARD

[Global flags]
     intx CICompilerCount                          = 3                                         {product} {ergonomic}
     uint ConcGCThreads                            = 1                                         {product} {ergonomic}
     uint G1ConcRefinementThreads                  = 4                                         {product} {ergonomic}
   size_t G1HeapRegionSize                         = 1048576                                   {product} {ergonomic}
    uintx GCDrainStackTargetSize                   = 64                                        {product} {ergonomic}
   size_t InitialHeapSize                          = 100663296                                 {product} {ergonomic}
   size_t MarkStackSize                            = 4194304                                   {product} {ergonomic}
   size_t MaxHeapSize                              = 1587544064                                {product} {ergonomic}
   size_t MaxNewSize                               = 952107008                                 {product} {ergonomic}
   size_t MinHeapDeltaBytes                        = 1048576                                   {product} {ergonomic}
   size_t MinHeapSize                              = 8388608                                   {product} {ergonomic}
    uintx NonNMethodCodeHeapSize                   = 5832780                                {pd product} {ergonomic}
    uintx NonProfiledCodeHeapSize                  = 122912730                              {pd product} {ergonomic}
    uintx ProfiledCodeHeapSize                     = 122912730                              {pd product} {ergonomic}
    uintx ReservedCodeCacheSize                    = 251658240                              {pd product} {ergonomic}
     bool SegmentedCodeCache                       = true                                      {product} {ergonomic}
   size_t SoftMaxHeapSize                          = 1587544064                             {manageable} {ergonomic}
     bool UseCompressedClassPointers               = true                           {product lp64_product} {ergonomic}
     bool UseCompressedOops                        = true                           {product lp64_product} {ergonomic}
     bool UseG1GC                                  = true                                      {product} {ergonomic}
     bool UseLargePagesIndividualAllocation        = false                                  {pd product} {ergonomic}

Logging:
Log output configuration:
 #0: stdout all=warning uptime,level,tags
 #1: stderr all=off uptime,level,tags

Environment Variables:
PATH=C:\PROGRA~2\Borland\CBUILD~1\Bin;C:\PROGRA~2\Borland\CBUILD~1\Projects\Bpl;C:\Windows\system32;C:\Windows;C:\Windows\System32\Wbem;C:\Windows\System32\WindowsPowerShell\v1.0\;C:\Windows\System32\OpenSSH\;C:\Program Files\Git\cmd;C:\Users\Javohir\AppData\Local\Programs\Python\Launcher\;C:\Users\Javohir\AppData\Local\Microsoft\WindowsApps;
USERNAME=Javohir
OS=Windows_NT
PROCESSOR_IDENTIFIER=Intel64 Family 6 Model 78 Stepping 3, GenuineIntel
TMP=C:\Users\Javohir\AppData\Local\Temp
TEMP=C:\Users\Javohir\AppData\Local\Temp



Periodic native trim disabled

JNI global refs:
JNI global refs: 8, weak refs: 0

JNI global refs memory usage: 843, weak refs: 209

OOME stack traces (most recent first):
Classloader memory used:
