#
# There is insufficient memory for the Java Runtime Environment to continue.
# Native memory allocation (mmap) failed to map 65536 bytes for Failed to commit metaspace.
# Possible reasons:
#   The system is out of physical RAM or swap space
#   The process is running with CompressedOops enabled, and the Java Heap may be blocking the growth of the native heap
# Possible solutions:
#   Reduce memory load on the system
#   Increase physical memory or swap space
#   Check if swap backing store is full
#   Decrease Java heap size (-Xmx/-Xms)
#   Decrease number of Java threads
#   Decrease Java thread stack sizes (-Xss)
#   Set larger code cache with -XX:ReservedCodeCacheSize=
#   JVM is running with Unscaled Compressed Oops mode in which the Java heap is
#     placed in the first 4GB address space. The Java Heap base address is the
#     maximum limit for the native heap growth. Please use -XX:HeapBaseMinAddress
#     to set the Java Heap base and to place the Java Heap above 4GB virtual address.
# This output file may be truncated or incomplete.
#
#  Out of Memory Error (virtualSpaceNode.cpp:110), pid=7420, tid=4472
#
# JRE version: OpenJDK Runtime Environment (17.0.9) (build 17.0.9+0--11185874)
# Java VM: OpenJDK 64-Bit Server VM (17.0.9+0--11185874, mixed mode, tiered, compressed oops, compressed class ptrs, g1 gc, windows-amd64)
# No core dump will be written. Minidumps are not enabled by default on client versions of Windows
#

---------------  S U M M A R Y ------------

Command Line: org.jetbrains.kotlin.cli.jvm.K2JVMCompiler @C:\Users\Javohir\AndroidStudioProjects\IT_Center3\app\build\20240508_11343325576934447717.compiler.options

Host: Intel(R) Core(TM) i3-6100U CPU @ 2.30GHz, 4 cores, 5G,  Windows 10 , 64 bit Build 19041 (10.0.19041.3636)
Time: Wed May  8 12:46:56 2024  Windows 10 , 64 bit Build 19041 (10.0.19041.3636) elapsed time: 1.326813 seconds (0d 0h 0m 1s)

---------------  T H R E A D  ---------------

Current thread (0x0000025ab191ca00):  JavaThread "main" [_thread_in_vm, id=4472, stack(0x000000b23e800000,0x000000b23e900000)]

Stack: [0x000000b23e800000,0x000000b23e900000]
Native frames: (J=compiled Java code, j=interpreted, Vv=VM code, C=native code)
V  [jvm.dll+0x6886e9]
V  [jvm.dll+0x841e4a]
V  [jvm.dll+0x843a8e]
V  [jvm.dll+0x8440f3]
V  [jvm.dll+0x24c14f]
V  [jvm.dll+0x83ce2b]
V  [jvm.dll+0x62cae6]
V  [jvm.dll+0x1c2f6e]
V  [jvm.dll+0x62f441]
V  [jvm.dll+0x62d486]
V  [jvm.dll+0x374492]
V  [jvm.dll+0x1e6d8b]
V  [jvm.dll+0x54e1e5]
V  [jvm.dll+0x7bb175]
V  [jvm.dll+0x7bb28e]
V  [jvm.dll+0x4166fa]
V  [jvm.dll+0x41c899]
C  [java.dll+0x17ec]

Java frames: (J=compiled Java code, j=interpreted, Vv=VM code)
J 500  java.lang.ClassLoader.defineClass1(Ljava/lang/ClassLoader;Ljava/lang/String;[BIILjava/security/ProtectionDomain;Ljava/lang/String;)Ljava/lang/Class; java.base@17.0.9 (0 bytes) @ 0x0000025abc8f095b [0x0000025abc8f08a0+0x00000000000000bb]
J 513 c1 java.lang.ClassLoader.defineClass(Ljava/lang/String;[BIILjava/security/ProtectionDomain;)Ljava/lang/Class; java.base@17.0.9 (43 bytes) @ 0x0000025ab4eec444 [0x0000025ab4eec100+0x0000000000000344]
J 483 c1 java.security.SecureClassLoader.defineClass(Ljava/lang/String;[BIILjava/security/CodeSource;)Ljava/lang/Class; java.base@17.0.9 (16 bytes) @ 0x0000025ab4ed940c [0x0000025ab4ed9340+0x00000000000000cc]
J 436 c1 jdk.internal.loader.BuiltinClassLoader.defineClass(Ljava/lang/String;Ljdk/internal/loader/Resource;)Ljava/lang/Class; java.base@17.0.9 (121 bytes) @ 0x0000025ab4ebfcac [0x0000025ab4ebea20+0x000000000000128c]
J 335 c1 jdk.internal.loader.BuiltinClassLoader.findClassOnClassPathOrNull(Ljava/lang/String;)Ljava/lang/Class; java.base@17.0.9 (64 bytes) @ 0x0000025ab4e7defc [0x0000025ab4e7ce80+0x000000000000107c]
J 224 c1 jdk.internal.loader.BuiltinClassLoader.loadClassOrNull(Ljava/lang/String;Z)Ljava/lang/Class; java.base@17.0.9 (143 bytes) @ 0x0000025ab4e4b504 [0x0000025ab4e4a640+0x0000000000000ec4]
J 308 c1 jdk.internal.loader.ClassLoaders$AppClassLoader.loadClass(Ljava/lang/String;Z)Ljava/lang/Class; java.base@17.0.9 (40 bytes) @ 0x0000025ab4e65474 [0x0000025ab4e64e60+0x0000000000000614]
J 307 c1 java.lang.ClassLoader.loadClass(Ljava/lang/String;)Ljava/lang/Class; java.base@17.0.9 (7 bytes) @ 0x0000025ab4e64abc [0x0000025ab4e649c0+0x00000000000000fc]
v  ~StubRoutines::call_stub
j  org.jetbrains.kotlin.cli.common.CLIConfigurationKeys.<clinit>()V+2
v  ~StubRoutines::call_stub
j  org.jetbrains.kotlin.cli.common.CLICompiler.execImpl(Lorg/jetbrains/kotlin/cli/common/messages/MessageCollector;Lorg/jetbrains/kotlin/config/Services;Lorg/jetbrains/kotlin/cli/common/arguments/CommonCompilerArguments;)Lorg/jetbrains/kotlin/cli/common/ExitCode;+56
j  org.jetbrains.kotlin.cli.common.CLICompiler.execImpl(Lorg/jetbrains/kotlin/cli/common/messages/MessageCollector;Lorg/jetbrains/kotlin/config/Services;Lorg/jetbrains/kotlin/cli/common/arguments/CommonToolArguments;)Lorg/jetbrains/kotlin/cli/common/ExitCode;+7
j  org.jetbrains.kotlin.cli.common.CLITool.exec(Lorg/jetbrains/kotlin/cli/common/messages/MessageCollector;Lorg/jetbrains/kotlin/config/Services;Lorg/jetbrains/kotlin/cli/common/arguments/CommonToolArguments;)Lorg/jetbrains/kotlin/cli/common/ExitCode;+76
j  org.jetbrains.kotlin.cli.common.CLITool.exec(Ljava/io/PrintStream;Lorg/jetbrains/kotlin/config/Services;Lorg/jetbrains/kotlin/cli/common/messages/MessageRenderer;[Ljava/lang/String;)Lorg/jetbrains/kotlin/cli/common/ExitCode;+239
j  org.jetbrains.kotlin.cli.common.CLITool.exec(Ljava/io/PrintStream;Lorg/jetbrains/kotlin/cli/common/messages/MessageRenderer;[Ljava/lang/String;)Lorg/jetbrains/kotlin/cli/common/ExitCode;+25
j  org.jetbrains.kotlin.cli.common.CLITool$Companion.doMainNoExit(Lorg/jetbrains/kotlin/cli/common/CLITool;[Ljava/lang/String;Lorg/jetbrains/kotlin/cli/common/messages/MessageRenderer;)Lorg/jetbrains/kotlin/cli/common/ExitCode;+39
j  org.jetbrains.kotlin.cli.common.CLITool$Companion.doMainNoExit$default(Lorg/jetbrains/kotlin/cli/common/CLITool$Companion;Lorg/jetbrains/kotlin/cli/common/CLITool;[Ljava/lang/String;Lorg/jetbrains/kotlin/cli/common/messages/MessageRenderer;ILjava/lang/Object;)Lorg/jetbrains/kotlin/cli/common/ExitCode;+16
j  org.jetbrains.kotlin.cli.common.CLITool$Companion.doMain(Lorg/jetbrains/kotlin/cli/common/CLITool;[Ljava/lang/String;)V+57
j  org.jetbrains.kotlin.cli.jvm.K2JVMCompiler$Companion.main([Ljava/lang/String;)V+20
j  org.jetbrains.kotlin.cli.jvm.K2JVMCompiler.main([Ljava/lang/String;)V+4
v  ~StubRoutines::call_stub

Compiled method (n/a)    1357  500     n 0       java.lang.ClassLoader::defineClass1 (native)
 total in heap  [0x0000025abc8f0710,0x0000025abc8f0be8] = 1240
 relocation     [0x0000025abc8f0868,0x0000025abc8f08a0] = 56
 main code      [0x0000025abc8f08a0,0x0000025abc8f0be8] = 840

[Constant Pool (empty)]

[MachCode]
[Entry Point]
  # {method} {0x0000025aca024f38} 'defineClass1' '(Ljava/lang/ClassLoader;Ljava/lang/String;[BIILjava/security/ProtectionDomain;Ljava/lang/String;)Ljava/lang/Class;' in 'java/lang/ClassLoader'
  # parm0:    rdx:rdx   = 'java/lang/ClassLoader'
  # parm1:    r8:r8     = 'java/lang/String'
  # parm2:    r9:r9     = '[B'
  # parm3:    rdi       = int
  # parm4:    rsi       = int
  # parm5:    rcx:rcx   = 'java/security/ProtectionDomain'
  # parm6:    [sp+0xa0]   = 'java/lang/String'  (sp of caller)
  0x0000025abc8f08a0: 448b 5208 | 49c1 e203 | 493b c20f | 8407 0000 

  0x0000025abc8f08b0: ;   {runtime_call ic_miss_stub}
  0x0000025abc8f08b0: 00e9 ca07 | a9ff 6690 
[Verified Entry Point]
  0x0000025abc8f08b8: 8984 2400 | 90ff ff55 | 488b ec48 | 81ec 9000 | 0000 4881 | 7d10 0000 | 0000 488d | 4510 480f 
  0x0000025abc8f08d8: 4445 1048 | 8944 2440 | 4889 4c24 | 7048 83f9 | 0048 8d44 | 2470 480f | 4444 2470 | 4889 4424 
  0x0000025abc8f08f8: 3848 8974 | 2430 4889 | 7c24 284c | 894c 2458 | 4983 f900 | 488d 4424 | 5848 0f44 | 4424 5848 
  0x0000025abc8f0918: 8944 2420 | 4c89 4424 | 5049 83f8 | 004c 8d4c | 2450 4c0f | 444c 2450 | 4889 5424 | 4848 83fa 
  0x0000025abc8f0938: 004c 8d44 | 2448 4c0f | 4444 2448 

  0x0000025abc8f0944: ;   {oop(a 'java/lang/Class'{0x00000000a1b3c068} = 'java/lang/ClassLoader')}
  0x0000025abc8f0944: 49be 68c0 | b3a1 0000 | 0000 4c89 | 7424 784c | 8d74 2478 | 498b d6c5 

  0x0000025abc8f095c: ;   {internal_word}
  0x0000025abc8f095c: f877 49ba | 5b09 8fbc | 5a02 0000 | 4d89 97a0 | 0200 0049 | 89a7 9802 

  0x0000025abc8f0974: ;   {external_word}
  0x0000025abc8f0974: 0000 49ba | 3d39 7bf2 | fe7f 0000 | 4180 3a00 | 0f84 5200 | 0000 5241 

  0x0000025abc8f098c: ;   {metadata({method} {0x0000025aca024f38} 'defineClass1' '(Ljava/lang/ClassLoader;Ljava/lang/String;[BIILjava/security/ProtectionDomain;Ljava/lang/String;)Ljava/lang/Class;' in 'java/lang/ClassLoader')}
  0x0000025abc8f098c: 5041 5148 | ba30 4f02 | ca5a 0200 | 0049 8bcf | 4883 ec20 | f7c4 0f00 | 0000 0f84 | 1a00 0000 
  0x0000025abc8f09ac: 4883 ec08 

  0x0000025abc8f09b0: ;   {runtime_call}
  0x0000025abc8f09b0: 49ba d0ec | 30f2 fe7f | 0000 41ff | d248 83c4 | 08e9 0d00 

  0x0000025abc8f09c4: ;   {runtime_call}
  0x0000025abc8f09c4: 0000 49ba | d0ec 30f2 | fe7f 0000 | 41ff d248 | 83c4 2041 | 5941 585a | 498d 8fb8 | 0200 0041 
  0x0000025abc8f09e4: c787 4803 | 0000 0400 

  0x0000025abc8f09ec: ;   {runtime_call}
  0x0000025abc8f09ec: 0000 49ba | ac16 eb21 | ff7f 0000 | 41ff d2c5 | f877 41c7 | 8748 0300 | 0005 0000 | 00f0 8344 
  0x0000025abc8f0a0c: 24c0 0049 | 3baf 5003 | 0000 0f87 | 1100 0000 | 4181 bf38 | 0300 0000 | 0000 000f | 842c 0000 
  0x0000025abc8f0a2c: 00c5 f877 | 4889 45f8 | 498b cf4c | 8be4 4883 | ec20 4883 

  0x0000025abc8f0a40: ;   {runtime_call}
  0x0000025abc8f0a40: e4f0 49ba | 600b 41f2 | fe7f 0000 | 41ff d249 | 8be4 4d33 | e448 8b45 | f841 c787 | 4803 0000 
  0x0000025abc8f0a60: 0800 0000 | 4181 bfb8 | 0300 0002 | 0000 000f | 843f 0100 

  0x0000025abc8f0a74: ;   {external_word}
  0x0000025abc8f0a74: 0049 ba3d | 397b f2fe | 7f00 0041 | 803a 000f | 8450 0000 | 0048 8945 

  0x0000025abc8f0a8c: ;   {metadata({method} {0x0000025aca024f38} 'defineClass1' '(Ljava/lang/ClassLoader;Ljava/lang/String;[BIILjava/security/ProtectionDomain;Ljava/lang/String;)Ljava/lang/Class;' in 'java/lang/ClassLoader')}
  0x0000025abc8f0a8c: f848 ba30 | 4f02 ca5a | 0200 0049 | 8bcf 4883 | ec20 f7c4 | 0f00 0000 | 0f84 1a00 | 0000 4883 
  0x0000025abc8f0aac: ;   {runtime_call}
  0x0000025abc8f0aac: ec08 49ba | d0ec 30f2 | fe7f 0000 | 41ff d248 | 83c4 08e9 | 0d00 0000 

  0x0000025abc8f0ac4: ;   {runtime_call}
  0x0000025abc8f0ac4: 49ba d0ec | 30f2 fe7f | 0000 41ff | d248 83c4 | 2048 8b45 | f849 c787 | 9802 0000 | 0000 0000 
  0x0000025abc8f0ae4: 49c7 87a0 | 0200 0000 | 0000 00c5 | f877 4885 | c00f 8493 | 0000 0048 | f7c0 0100 | 0000 0f84 
  0x0000025abc8f0b04: 8300 0000 | 488b 40ff | 4180 7f38 | 000f 846f | 0000 0048 | 83f8 000f | 8465 0000 | 0049 8b4f 
  0x0000025abc8f0b24: 2048 83f9 | 000f 8414 | 0000 0048 | 83e9 0849 | 894f 2049 | 034f 3048 | 8901 e943 | 0000 0050 
  0x0000025abc8f0b44: 498b d748 | 8bc8 4883 | ec20 f7c4 | 0f00 0000 | 0f84 1a00 | 0000 4883 

  0x0000025abc8f0b5c: ;   {runtime_call}
  0x0000025abc8f0b5c: ec08 49ba | 7093 eff1 | fe7f 0000 | 41ff d248 | 83c4 08e9 | 0d00 0000 

  0x0000025abc8f0b74: ;   {runtime_call}
  0x0000025abc8f0b74: 49ba 7093 | eff1 fe7f | 0000 41ff | d248 83c4 | 2058 e903 | 0000 0048 | 8b00 498b | 8fd8 0000 
  0x0000025abc8f0b94: 00c7 8100 | 0100 0000 | 0000 00c9 | 4981 7f08 | 0000 0000 | 0f85 0100 

  0x0000025abc8f0bac: ;   {runtime_call StubRoutines (1)}
  0x0000025abc8f0bac: 0000 c3e9 | 4c03 a4ff | c5f8 7748 | 8945 f84c | 8be4 4883 | ec20 4883 

  0x0000025abc8f0bc4: ;   {runtime_call}
  0x0000025abc8f0bc4: e4f0 49ba | 601d 31f2 | fe7f 0000 | 41ff d249 | 8be4 4d33 | e448 8b45 | f8e9 93fe | ffff f4f4 
  0x0000025abc8f0be4: f4f4 f4f4 
[/MachCode]


Compiled method (c1)    1365  513       3       java.lang.ClassLoader::defineClass (43 bytes)
 total in heap  [0x0000025ab4eebf10,0x0000025ab4eec828] = 2328
 relocation     [0x0000025ab4eec068,0x0000025ab4eec0f8] = 144
 main code      [0x0000025ab4eec100,0x0000025ab4eec580] = 1152
 stub code      [0x0000025ab4eec580,0x0000025ab4eec5f8] = 120
 metadata       [0x0000025ab4eec5f8,0x0000025ab4eec628] = 48
 scopes data    [0x0000025ab4eec628,0x0000025ab4eec718] = 240
 scopes pcs     [0x0000025ab4eec718,0x0000025ab4eec7f8] = 224
 dependencies   [0x0000025ab4eec7f8,0x0000025ab4eec800] = 8
 nul chk table  [0x0000025ab4eec800,0x0000025ab4eec828] = 40

[Constant Pool (empty)]

[MachCode]
[Entry Point]
  # {method} {0x0000025aca024d18} 'defineClass' '(Ljava/lang/String;[BIILjava/security/ProtectionDomain;)Ljava/lang/Class;' in 'java/lang/ClassLoader'
  # this:     rdx:rdx   = 'java/lang/ClassLoader'
  # parm0:    r8:r8     = 'java/lang/String'
  # parm1:    r9:r9     = '[B'
  # parm2:    rdi       = int
  # parm3:    rsi       = int
  # parm4:    rcx:rcx   = 'java/security/ProtectionDomain'
  #           [sp+0xc0]  (sp of caller)
  0x0000025ab4eec100: 448b 5208 | 49c1 e203 

  0x0000025ab4eec108: ;   {runtime_call ic_miss_stub}
  0x0000025ab4eec108: 4c3b d00f | 856f 4f49 | 0766 6666 | 0f1f 8400 | 0000 0000 | 6666 6690 
[Verified Entry Point]
  0x0000025ab4eec120: 8984 2400 | 90ff ff55 | 4881 ecb0 | 0000 0048 | 8954 2478 

  0x0000025ab4eec134: ;   {metadata(method data for {method} {0x0000025aca024d18} 'defineClass' '(Ljava/lang/String;[BIILjava/security/ProtectionDomain;)Ljava/lang/Class;' in 'java/lang/ClassLoader')}
  0x0000025ab4eec134: 48bb 98b2 | 7fca 5a02 | 0000 8b83 | cc00 0000 | 83c0 0289 | 83cc 0000 | 0081 e0fe | 0700 0083 
  0x0000025ab4eec154: f800 0f84 | 3e03 0000 | 89b4 2494 | 0000 0089 | bc24 9000 | 0000 4c89 | 8c24 8800 | 0000 488b 
  0x0000025ab4eec174: ;   {metadata(method data for {method} {0x0000025aca024d18} 'defineClass' '(Ljava/lang/String;[BIILjava/security/ProtectionDomain;)Ljava/lang/Class;' in 'java/lang/ClassLoader')}
  0x0000025ab4eec174: da48 b898 | b27f ca5a | 0200 0048 | 8380 1001 | 0000 0149 | 8bd8 4c8b | c34c 8bc9 | 488b ca48 
  0x0000025ab4eec194: 8bd1 4889 | 9c24 8000 

  0x0000025ab4eec19c: ;   {optimized virtual_call}
  0x0000025ab4eec19c: 0000 90e8 

  0x0000025ab4eec1a0: ; ImmutableOopMap {[120]=Oop [136]=Oop [128]=Oop }
                      ;*invokevirtual preDefineClass {reexecute=0 rethrow=0 return_oop=0}
                      ; - java.lang.ClassLoader::defineClass@4 (line 1015)
  0x0000025ab4eec1a0: fca4 ffff | 4889 8424 | 9800 0000 | 488b 5424 

  0x0000025ab4eec1b0: ;   {metadata(method data for {method} {0x0000025aca024d18} 'defineClass' '(Ljava/lang/String;[BIILjava/security/ProtectionDomain;)Ljava/lang/Class;' in 'java/lang/ClassLoader')}
  0x0000025ab4eec1b0: 7849 b898 | b27f ca5a | 0200 0049 | 8380 4801 

  0x0000025ab4eec1c0: ;   {metadata(method data for {method} {0x0000025aca024ae0} 'defineClassSourceLocation' '(Ljava/security/ProtectionDomain;)Ljava/lang/String;' in 'java/lang/ClassLoader')}
  0x0000025ab4eec1c0: 0000 0149 | b8f8 dd7f | ca5a 0200 | 0041 8b90 | cc00 0000 | 83c2 0241 | 8990 cc00 | 0000 81e2 
  0x0000025ab4eec1e0: feff 1f00 | 83fa 000f | 84ce 0200 | 0048 3b00 

  0x0000025ab4eec1f0: ;   {metadata(method data for {method} {0x0000025aca024ae0} 'defineClassSourceLocation' '(Ljava/security/ProtectionDomain;)Ljava/lang/String;' in 'java/lang/ClassLoader')}
  0x0000025ab4eec1f0: 4c8b c048 | baf8 dd7f | ca5a 0200 | 0048 8382 | 1001 0000 | 0144 8b40 | 1049 83f8 

  0x0000025ab4eec20c: ;   {metadata(method data for {method} {0x0000025aca024ae0} 'defineClassSourceLocation' '(Ljava/security/ProtectionDomain;)Ljava/lang/String;' in 'java/lang/ClassLoader')}
  0x0000025ab4eec20c: 0048 baf8 | dd7f ca5a | 0200 0048 | be58 0100 | 0000 0000 | 000f 850a | 0000 0048 | be48 0100 
  0x0000025ab4eec22c: 0000 0000 | 0048 8b3c | 3248 8d7f | 0148 893c | 320f 850f 

  0x0000025ab4eec240: ;   {oop(NULL)}
  0x0000025ab4eec240: 0000 0048 | bb00 0000 | 0000 0000 | 00e9 9d01 | 0000 493b | 0049 8bd0 

  0x0000025ab4eec258: ;   {metadata(method data for {method} {0x0000025aca024ae0} 'defineClassSourceLocation' '(Ljava/security/ProtectionDomain;)Ljava/lang/String;' in 'java/lang/ClassLoader')}
  0x0000025ab4eec258: 48be f8dd | 7fca 5a02 | 0000 4883 | 8668 0100 | 0001 418b | 500c 4883 

  0x0000025ab4eec270: ;   {metadata(method data for {method} {0x0000025aca024ae0} 'defineClassSourceLocation' '(Ljava/security/ProtectionDomain;)Ljava/lang/String;' in 'java/lang/ClassLoader')}
  0x0000025ab4eec270: fa00 48be | f8dd 7fca | 5a02 0000 | 48bf b001 | 0000 0000 | 0000 0f85 | 0a00 0000 | 48bf a001 
  0x0000025ab4eec290: 0000 0000 | 0000 488b | 1c3e 488d | 5b01 4889 | 1c3e 0f85 | 0f00 0000 

  0x0000025ab4eec2a8: ;   {oop(NULL)}
  0x0000025ab4eec2a8: 48bb 0000 | 0000 0000 | 0000 e938 

  0x0000025ab4eec2b4: ;   {metadata(method data for {method} {0x0000025aca024ae0} 'defineClassSourceLocation' '(Ljava/security/ProtectionDomain;)Ljava/lang/String;' in 'java/lang/ClassLoader')}
  0x0000025ab4eec2b4: 0100 0048 | bef8 dd7f | ca5a 0200 | 0048 8386 | c001 0000 | 0148 3b02 

  0x0000025ab4eec2cc: ;   {metadata(method data for {method} {0x0000025aca024ae0} 'defineClassSourceLocation' '(Ljava/security/ProtectionDomain;)Ljava/lang/String;' in 'java/lang/ClassLoader')}
  0x0000025ab4eec2cc: 4c8b c248 | bef8 dd7f | ca5a 0200 | 0048 8386 | f801 0000 

  0x0000025ab4eec2e0: ;   {metadata(method data for {method} {0x0000025aca0e87e8} 'toString' '()Ljava/lang/String;' in 'java/net/URL')}
  0x0000025ab4eec2e0: 0149 b818 | 787f ca5a | 0200 0041 | 8bb0 cc00 | 0000 83c6 | 0241 89b0 | cc00 0000 | 81e6 feff 
  0x0000025ab4eec300: 1f00 83fe | 000f 84e0 | 0100 004c 

  0x0000025ab4eec30c: ;   {metadata(method data for {method} {0x0000025aca0e87e8} 'toString' '()Ljava/lang/String;' in 'java/net/URL')}
  0x0000025ab4eec30c: 8bc2 48be | 1878 7fca | 5a02 0000 | 4883 8610 | 0100 0001 

  0x0000025ab4eec320: ;   {metadata(method data for {method} {0x0000025aca0e88a0} 'toExternalForm' '()Ljava/lang/String;' in 'java/net/URL')}
  0x0000025ab4eec320: 49b8 a079 | 7fca 5a02 | 0000 418b | b0cc 0000 | 0083 c602 | 4189 b0cc | 0000 0081 | e6fe ff1f 
  0x0000025ab4eec340: 0083 fe00 | 0f84 c201 | 0000 8b72 | 3848 3b06 

  0x0000025ab4eec350: ;   {metadata(method data for {method} {0x0000025aca0e88a0} 'toExternalForm' '()Ljava/lang/String;' in 'java/net/URL')}
  0x0000025ab4eec350: 4c8b c648 | bfa0 797f | ca5a 0200 | 0045 8b40 | 0849 c1e0 | 034c 3b87 | 2001 0000 | 750d 4883 
  0x0000025ab4eec370: 8728 0100 | 0001 e966 | 0000 004c | 3b87 3001 | 0000 750d | 4883 8738 | 0100 0001 | e950 0000 
  0x0000025ab4eec390: 0048 81bf | 2001 0000 | 0000 0000 | 7517 4c89 | 8720 0100 | 0048 c787 | 2801 0000 | 0100 0000 
  0x0000025ab4eec3b0: e92c 0000 | 0048 81bf | 3001 0000 | 0000 0000 | 7517 4c89 | 8730 0100 | 0048 c787 | 3801 0000 
  0x0000025ab4eec3d0: 0100 0000 | e908 0000 | 0048 8387 | 1001 0000 | 014c 8bc2 

  0x0000025ab4eec3e4: ;   {optimized virtual_call}
  0x0000025ab4eec3e4: 488b d6e8 

  0x0000025ab4eec3e8: ; ImmutableOopMap {[120]=Oop [136]=Oop [128]=Oop [152]=Oop }
                      ;*invokevirtual toExternalForm {reexecute=0 rethrow=0 return_oop=0}
                      ; - java.net.URL::toExternalForm@5 (line 1039)
                      ; - java.net.URL::toString@1 (line 1025)
                      ; - java.lang.ClassLoader::defineClassSourceLocation@22 (line 917)
                      ; - java.lang.ClassLoader::defineClass@12 (line 1016)
  0x0000025ab4eec3e8: d4f4 feff | 488b d848 | 8b84 2498 | 0000 008b | b424 9400 | 0000 8bbc | 2490 0000 | 004c 8b8c 
  0x0000025ab4eec408: 2488 0000 | 004c 8b84 | 2480 0000 | 0048 8b54 

  0x0000025ab4eec418: ;   {metadata(method data for {method} {0x0000025aca024d18} 'defineClass' '(Ljava/lang/String;[BIILjava/security/ProtectionDomain;)Ljava/lang/Class;' in 'java/lang/ClassLoader')}
  0x0000025ab4eec418: 2478 48b9 | 98b2 7fca | 5a02 0000 | 4883 8180 | 0100 0001 | 4c8b da49 | 8bd3 488b | c848 891c 
  0x0000025ab4eec438: 2466 0f1f 

  0x0000025ab4eec43c: ;   {static_call}
  0x0000025ab4eec43c: 4400 00e8 

  0x0000025ab4eec440: ; ImmutableOopMap {[152]=Oop [120]=Oop }
                      ;*invokestatic defineClass1 {reexecute=0 rethrow=0 return_oop=0}
                      ; - java.lang.ClassLoader::defineClass@27 (line 1017)
  0x0000025ab4eec440: 7444 a007 | 488b 5424 

  0x0000025ab4eec448: ;   {metadata(method data for {method} {0x0000025aca024d18} 'defineClass' '(Ljava/lang/String;[BIILjava/security/ProtectionDomain;)Ljava/lang/Class;' in 'java/lang/ClassLoader')}
  0x0000025ab4eec448: 7849 b898 | b27f ca5a | 0200 0049 | 8380 9001 | 0000 014c | 8bc0 4c8b | 8c24 9800 | 0000 488b 
  0x0000025ab4eec468: 5424 7848 | 8984 24a0 | 0000 000f 

  0x0000025ab4eec474: ;   {optimized virtual_call}
  0x0000025ab4eec474: 1f40 00e8 

  0x0000025ab4eec478: ; ImmutableOopMap {[160]=Oop }
                      ;*invokevirtual postDefineClass {reexecute=0 rethrow=0 return_oop=0}
                      ; - java.lang.ClassLoader::defineClass@37 (line 1018)
  0x0000025ab4eec478: a4e6 f9ff | 488b 8424 | a000 0000 | 4881 c4b0 | 0000 005d 

  0x0000025ab4eec48c: ;   {poll_return}
  0x0000025ab4eec48c: 493b a750 | 0300 000f | 8799 0000 

  0x0000025ab4eec498: ;   {metadata({method} {0x0000025aca024d18} 'defineClass' '(Ljava/lang/String;[BIILjava/security/ProtectionDomain;)Ljava/lang/Class;' in 'java/lang/ClassLoader')}
  0x0000025ab4eec498: 00c3 49ba | 104d 02ca | 5a02 0000 | 4c89 5424 | 0848 c704 | 24ff ffff 

  0x0000025ab4eec4b0: ;   {runtime_call counter_overflow Runtime1 stub}
  0x0000025ab4eec4b0: ffe8 cad5 

  0x0000025ab4eec4b4: ; ImmutableOopMap {rdx=Oop [120]=Oop r8=Oop r9=Oop rcx=Oop }
                      ;*synchronization entry
                      ; - java.lang.ClassLoader::defineClass@-1 (line 1015)
  0x0000025ab4eec4b4: 5307 e9a1 

  0x0000025ab4eec4b8: ;   {metadata({method} {0x0000025aca024ae0} 'defineClassSourceLocation' '(Ljava/security/ProtectionDomain;)Ljava/lang/String;' in 'java/lang/ClassLoader')}
  0x0000025ab4eec4b8: fcff ff49 | bad8 4a02 | ca5a 0200 | 004c 8954 | 2408 48c7 | 0424 ffff 

  0x0000025ab4eec4d0: ;   {runtime_call counter_overflow Runtime1 stub}
  0x0000025ab4eec4d0: ffff e8a9 

  0x0000025ab4eec4d4: ; ImmutableOopMap {[120]=Oop [136]=Oop [128]=Oop rax=Oop [152]=Oop }
                      ;*synchronization entry
                      ; - java.lang.ClassLoader::defineClassSourceLocation@-1 (line 914)
                      ; - java.lang.ClassLoader::defineClass@12 (line 1016)
  0x0000025ab4eec4d4: d553 07e9 | 11fd ffff 

  0x0000025ab4eec4dc: ;   {runtime_call throw_null_pointer_exception Runtime1 stub}
  0x0000025ab4eec4dc: e8bf 8453 

  0x0000025ab4eec4e0: ; ImmutableOopMap {[120]=Oop [136]=Oop [128]=Oop rax=Oop [152]=Oop }
                      ;*invokevirtual getCodeSource {reexecute=0 rethrow=0 return_oop=0}
                      ; - java.lang.ClassLoader::defineClassSourceLocation@1 (line 914)
                      ; - java.lang.ClassLoader::defineClass@12 (line 1016)
                      ;   {runtime_call throw_null_pointer_exception Runtime1 stub}
  0x0000025ab4eec4e0: 07e8 ba84 

  0x0000025ab4eec4e4: ; ImmutableOopMap {[120]=Oop [136]=Oop [128]=Oop rax=Oop [152]=Oop r8=Oop }
                      ;*invokevirtual getLocation {reexecute=0 rethrow=0 return_oop=0}
                      ; - java.lang.ClassLoader::defineClassSourceLocation@12 (line 916)
                      ; - java.lang.ClassLoader::defineClass@12 (line 1016)
                      ;   {runtime_call throw_null_pointer_exception Runtime1 stub}
  0x0000025ab4eec4e4: 5307 e8b5 

  0x0000025ab4eec4e8: ; ImmutableOopMap {[120]=Oop [136]=Oop [128]=Oop [152]=Oop rdx=Oop }
                      ;*invokevirtual toString {reexecute=0 rethrow=0 return_oop=0}
                      ; - java.lang.ClassLoader::defineClassSourceLocation@22 (line 917)
                      ; - java.lang.ClassLoader::defineClass@12 (line 1016)
                      ;   {metadata({method} {0x0000025aca0e87e8} 'toString' '()Ljava/lang/String;' in 'java/net/URL')}
  0x0000025ab4eec4e8: 8453 0749 | bae0 870e | ca5a 0200 | 004c 8954 | 2408 48c7 | 0424 ffff 

  0x0000025ab4eec500: ;   {runtime_call counter_overflow Runtime1 stub}
  0x0000025ab4eec500: ffff e879 

  0x0000025ab4eec504: ; ImmutableOopMap {[120]=Oop [136]=Oop [128]=Oop [152]=Oop rdx=Oop }
                      ;*synchronization entry
                      ; - java.net.URL::toString@-1 (line 1025)
                      ; - java.lang.ClassLoader::defineClassSourceLocation@22 (line 917)
                      ; - java.lang.ClassLoader::defineClass@12 (line 1016)
  0x0000025ab4eec504: d553 07e9 | fffd ffff 

  0x0000025ab4eec50c: ;   {metadata({method} {0x0000025aca0e88a0} 'toExternalForm' '()Ljava/lang/String;' in 'java/net/URL')}
  0x0000025ab4eec50c: 49ba 9888 | 0eca 5a02 | 0000 4c89 | 5424 0848 | c704 24ff 

  0x0000025ab4eec520: ;   {runtime_call counter_overflow Runtime1 stub}
  0x0000025ab4eec520: ffff ffe8 

  0x0000025ab4eec524: ; ImmutableOopMap {[120]=Oop [136]=Oop [128]=Oop [152]=Oop rdx=Oop }
                      ;*synchronization entry
                      ; - java.net.URL::toExternalForm@-1 (line 1039)
                      ; - java.net.URL::toString@1 (line 1025)
                      ; - java.lang.ClassLoader::defineClassSourceLocation@22 (line 917)
                      ; - java.lang.ClassLoader::defineClass@12 (line 1016)
  0x0000025ab4eec524: 58d5 5307 | e91d feff 

  0x0000025ab4eec52c: ;   {runtime_call throw_null_pointer_exception Runtime1 stub}
  0x0000025ab4eec52c: ffe8 6e84 

  0x0000025ab4eec530: ; ImmutableOopMap {[120]=Oop [136]=Oop [128]=Oop [152]=Oop rdx=Oop rsi=Oop }
                      ;*invokevirtual toExternalForm {reexecute=0 rethrow=0 return_oop=0}
                      ; - java.net.URL::toExternalForm@5 (line 1039)
                      ; - java.net.URL::toString@1 (line 1025)
                      ; - java.lang.ClassLoader::defineClassSourceLocation@22 (line 917)
                      ; - java.lang.ClassLoader::defineClass@12 (line 1016)
                      ;   {internal_word}
  0x0000025ab4eec530: 5307 49ba | 8cc4 eeb4 | 5a02 0000 | 4d89 9768 

  0x0000025ab4eec540: ;   {runtime_call SafepointBlob}
  0x0000025ab4eec540: 0300 00e9 | b8b4 4907 | 9090 498b | 87e0 0300 | 0049 c787 | e003 0000 | 0000 0000 | 49c7 87e8 
  0x0000025ab4eec560: 0300 0000 | 0000 0048 | 81c4 b000 

  0x0000025ab4eec56c: ;   {runtime_call unwind_exception Runtime1 stub}
  0x0000025ab4eec56c: 0000 5de9 | 8ca4 4a07 | f4f4 f4f4 | f4f4 f4f4 | f4f4 f4f4 
[Stub Code]
  0x0000025ab4eec580: ;   {no_reloc}
  0x0000025ab4eec580: 0f1f 4400 

  0x0000025ab4eec584: ;   {static_stub}
  0x0000025ab4eec584: 0048 bb00 | 0000 0000 

  0x0000025ab4eec58c: ;   {runtime_call}
  0x0000025ab4eec58c: 0000 00e9 | fbff ffff 

  0x0000025ab4eec594: ;   {static_stub}
  0x0000025ab4eec594: 9048 bb00 | 0000 0000 

  0x0000025ab4eec59c: ;   {runtime_call}
  0x0000025ab4eec59c: 0000 00e9 | fbff ffff 

  0x0000025ab4eec5a4: ;   {static_stub}
  0x0000025ab4eec5a4: 9048 bb00 | 0000 0000 

  0x0000025ab4eec5ac: ;   {runtime_call}
  0x0000025ab4eec5ac: 0000 00e9 | fbff ffff 

  0x0000025ab4eec5b4: ;   {static_stub}
  0x0000025ab4eec5b4: 9048 bb00 | 0000 0000 

  0x0000025ab4eec5bc: ;   {runtime_call}
  0x0000025ab4eec5bc: 0000 00e9 | fbff ffff 
[Exception Handler]
  0x0000025ab4eec5c4: ;   {runtime_call handle_exception_from_callee Runtime1 stub}
  0x0000025ab4eec5c4: e8b7 a153 

  0x0000025ab4eec5c8: ;   {external_word}
  0x0000025ab4eec5c8: 0748 b9a0 | 7d55 f2fe | 7f00 0048 

  0x0000025ab4eec5d4: ;   {runtime_call}
  0x0000025ab4eec5d4: 83e4 f049 | bad0 e21d | f2fe 7f00 | 0041 ffd2 

  0x0000025ab4eec5e4: ;   {section_word}
  0x0000025ab4eec5e4: f449 bae5 | c5ee b45a | 0200 0041 

  0x0000025ab4eec5f0: ;   {runtime_call DeoptimizationBlob}
  0x0000025ab4eec5f0: 52e9 aaa6 | 4907 f4f4 
[/MachCode]


Compiled method (c1)    1378  483       3       java.security.SecureClassLoader::defineClass (16 bytes)
 total in heap  [0x0000025ab4ed9190,0x0000025ab4ed9580] = 1008
 relocation     [0x0000025ab4ed92e8,0x0000025ab4ed9330] = 72
 main code      [0x0000025ab4ed9340,0x0000025ab4ed9480] = 320
 stub code      [0x0000025ab4ed9480,0x0000025ab4ed94d8] = 88
 metadata       [0x0000025ab4ed94d8,0x0000025ab4ed94e0] = 8
 scopes data    [0x0000025ab4ed94e0,0x0000025ab4ed9528] = 72
 scopes pcs     [0x0000025ab4ed9528,0x0000025ab4ed9578] = 80
 dependencies   [0x0000025ab4ed9578,0x0000025ab4ed9580] = 8

[Constant Pool (empty)]

[MachCode]
[Entry Point]
  # {method} {0x0000025aca03da68} 'defineClass' '(Ljava/lang/String;[BIILjava/security/CodeSource;)Ljava/lang/Class;' in 'java/security/SecureClassLoader'
  # this:     rdx:rdx   = 'java/security/SecureClassLoader'
  # parm0:    r8:r8     = 'java/lang/String'
  # parm1:    r9:r9     = '[B'
  # parm2:    rdi       = int
  # parm3:    rsi       = int
  # parm4:    rcx:rcx   = 'java/security/CodeSource'
  #           [sp+0x80]  (sp of caller)
  0x0000025ab4ed9340: 448b 5208 | 49c1 e203 

  0x0000025ab4ed9348: ;   {runtime_call ic_miss_stub}
  0x0000025ab4ed9348: 4c3b d00f | 852f 7d4a | 0766 6666 | 0f1f 8400 | 0000 0000 | 6666 6690 
[Verified Entry Point]
  0x0000025ab4ed9360: 8984 2400 | 90ff ff55 | 4883 ec70 

  0x0000025ab4ed936c: ;   {metadata(method data for {method} {0x0000025aca03da68} 'defineClass' '(Ljava/lang/String;[BIILjava/security/CodeSource;)Ljava/lang/Class;' in 'java/security/SecureClassLoader')}
  0x0000025ab4ed936c: 48bb 78e0 | 79ca 5a02 | 0000 8b83 | cc00 0000 | 83c0 0289 | 83cc 0000 | 0081 e0fe | 0700 0083 
  0x0000025ab4ed938c: f800 0f84 | 8b00 0000 | 8974 245c | 897c 2458 | 4c89 4c24 | 504c 8944 | 2448 488b 

  0x0000025ab4ed93a8: ;   {metadata(method data for {method} {0x0000025aca03da68} 'defineClass' '(Ljava/lang/String;[BIILjava/security/CodeSource;)Ljava/lang/Class;' in 'java/security/SecureClassLoader')}
  0x0000025ab4ed93a8: da48 b878 | e079 ca5a | 0200 0048 | 8380 1001 | 0000 014c | 8bc1 488b | c248 8bd0 | 4889 4424 
  0x0000025ab4ed93c8: 4066 0f1f 

  0x0000025ab4ed93cc: ;   {optimized virtual_call}
  0x0000025ab4ed93cc: 4400 00e8 

  0x0000025ab4ed93d0: ; ImmutableOopMap {[80]=Oop [64]=Oop [72]=Oop }
                      ;*invokevirtual getProtectionDomain {reexecute=0 rethrow=0 return_oop=0}
                      ; - java.security.SecureClassLoader::defineClass@9 (line 150)
  0x0000025ab4ed93d0: 4c23 0100 | 488b 5424 

  0x0000025ab4ed93d8: ;   {metadata(method data for {method} {0x0000025aca03da68} 'defineClass' '(Ljava/lang/String;[BIILjava/security/CodeSource;)Ljava/lang/Class;' in 'java/security/SecureClassLoader')}
  0x0000025ab4ed93d8: 4049 b878 | e079 ca5a | 0200 0049 | 8380 4801 | 0000 014c | 8b44 2448 | 4c8b 4c24 | 508b 7c24 
  0x0000025ab4ed93f8: 588b 7424 | 5c48 8bc8 | 488b 5424 

  0x0000025ab4ed9404: ;   {optimized virtual_call}
  0x0000025ab4ed9404: 4066 90e8 

  0x0000025ab4ed9408: ; ImmutableOopMap {}
                      ;*invokevirtual defineClass {reexecute=0 rethrow=0 return_oop=0}
                      ; - java.security.SecureClassLoader::defineClass@12 (line 150)
  0x0000025ab4ed9408: 142d 0100 | 4883 c470 

  0x0000025ab4ed9410: ;   {poll_return}
  0x0000025ab4ed9410: 5d49 3ba7 | 5003 0000 | 0f87 2200 

  0x0000025ab4ed941c: ;   {metadata({method} {0x0000025aca03da68} 'defineClass' '(Ljava/lang/String;[BIILjava/security/CodeSource;)Ljava/lang/Class;' in 'java/security/SecureClassLoader')}
  0x0000025ab4ed941c: 0000 c349 | ba60 da03 | ca5a 0200 | 004c 8954 | 2408 48c7 | 0424 ffff 

  0x0000025ab4ed9434: ;   {runtime_call counter_overflow Runtime1 stub}
  0x0000025ab4ed9434: ffff e845 

  0x0000025ab4ed9438: ; ImmutableOopMap {rdx=Oop r8=Oop r9=Oop rcx=Oop }
                      ;*synchronization entry
                      ; - java.security.SecureClassLoader::defineClass@-1 (line 150)
  0x0000025ab4ed9438: 0655 07e9 | 54ff ffff 

  0x0000025ab4ed9440: ;   {internal_word}
  0x0000025ab4ed9440: 49ba 1194 | edb4 5a02 | 0000 4d89 | 9768 0300 

  0x0000025ab4ed9450: ;   {runtime_call SafepointBlob}
  0x0000025ab4ed9450: 00e9 aae5 | 4a07 9090 | 498b 87e0 | 0300 0049 | c787 e003 | 0000 0000 | 0000 49c7 | 87e8 0300 
  0x0000025ab4ed9470: 0000 0000 | 0048 83c4 

  0x0000025ab4ed9478: ;   {runtime_call unwind_exception Runtime1 stub}
  0x0000025ab4ed9478: 705d e981 | d54b 07f4 
[Stub Code]
  0x0000025ab4ed9480: ;   {no_reloc}
  0x0000025ab4ed9480: 0f1f 4400 

  0x0000025ab4ed9484: ;   {static_stub}
  0x0000025ab4ed9484: 0048 bbf0 | dc03 ca5a 

  0x0000025ab4ed948c: ;   {runtime_call I2C/C2I adapters}
  0x0000025ab4ed948c: 0200 00e9 | c0d1 4a07 

  0x0000025ab4ed9494: ;   {static_stub}
  0x0000025ab4ed9494: 9048 bb10 | 4d02 ca5a 

  0x0000025ab4ed949c: ;   {runtime_call I2C/C2I adapters}
  0x0000025ab4ed949c: 0200 00e9 | 3edf 4907 
[Exception Handler]
  0x0000025ab4ed94a4: ;   {runtime_call handle_exception_from_callee Runtime1 stub}
  0x0000025ab4ed94a4: e8d7 d254 

  0x0000025ab4ed94a8: ;   {external_word}
  0x0000025ab4ed94a8: 0748 b9a0 | 7d55 f2fe | 7f00 0048 

  0x0000025ab4ed94b4: ;   {runtime_call}
  0x0000025ab4ed94b4: 83e4 f049 | bad0 e21d | f2fe 7f00 | 0041 ffd2 

  0x0000025ab4ed94c4: ;   {section_word}
  0x0000025ab4ed94c4: f449 bac5 | 94ed b45a | 0200 0041 

  0x0000025ab4ed94d0: ;   {runtime_call DeoptimizationBlob}
  0x0000025ab4ed94d0: 52e9 cad7 | 4a07 f4f4 
[/MachCode]


---------------  P R O C E S S  ---------------

Threads class SMR info:
_java_thread_list=0x0000025ace40fda0, length=13, elements={
0x0000025ab191ca00, 0x0000025ac9b1ffb0, 0x0000025ac9b20f70, 0x0000025ac9b68040,
0x0000025ac9b68910, 0x0000025ac9b6b2e0, 0x0000025ac9b6bca0, 0x0000025ace0007a0,
0x0000025ace001850, 0x0000025ace004d10, 0x0000025ace166910, 0x0000025ace16a0c0,
0x0000025ace37f100
}

Java Threads: ( => current thread )
=>0x0000025ab191ca00 JavaThread "main" [_thread_in_vm, id=4472, stack(0x000000b23e800000,0x000000b23e900000)]
  0x0000025ac9b1ffb0 JavaThread "Reference Handler" daemon [_thread_blocked, id=8156, stack(0x000000b23ef00000,0x000000b23f000000)]
  0x0000025ac9b20f70 JavaThread "Finalizer" daemon [_thread_blocked, id=5140, stack(0x000000b23f000000,0x000000b23f100000)]
  0x0000025ac9b68040 JavaThread "Signal Dispatcher" daemon [_thread_blocked, id=8060, stack(0x000000b23f100000,0x000000b23f200000)]
  0x0000025ac9b68910 JavaThread "Attach Listener" daemon [_thread_blocked, id=5064, stack(0x000000b23f200000,0x000000b23f300000)]
  0x0000025ac9b6b2e0 JavaThread "Service Thread" daemon [_thread_blocked, id=4768, stack(0x000000b23f300000,0x000000b23f400000)]
  0x0000025ac9b6bca0 JavaThread "Monitor Deflation Thread" daemon [_thread_blocked, id=7156, stack(0x000000b23f400000,0x000000b23f500000)]
  0x0000025ace0007a0 JavaThread "C2 CompilerThread0" daemon [_thread_blocked, id=2240, stack(0x000000b23f500000,0x000000b23f600000)]
  0x0000025ace001850 JavaThread "C1 CompilerThread0" daemon [_thread_blocked, id=5816, stack(0x000000b23f600000,0x000000b23f700000)]
  0x0000025ace004d10 JavaThread "Sweeper thread" daemon [_thread_blocked, id=1536, stack(0x000000b23f700000,0x000000b23f800000)]
  0x0000025ace166910 JavaThread "Notification Thread" daemon [_thread_blocked, id=9744, stack(0x000000b23f800000,0x000000b23f900000)]
  0x0000025ace16a0c0 JavaThread "Common-Cleaner" daemon [_thread_blocked, id=7316, stack(0x000000b23fa00000,0x000000b23fb00000)]
  0x0000025ace37f100 JavaThread "C2 CompilerThread1" daemon [_thread_blocked, id=7224, stack(0x000000b23fb00000,0x000000b23fc00000)]

Other Threads:
  0x0000025ac9b3ab00 VMThread "VM Thread" [stack: 0x000000b23ee00000,0x000000b23ef00000] [id=3900]
  0x0000025ace167600 WatcherThread [stack: 0x000000b23f900000,0x000000b23fa00000] [id=9856]
  0x0000025ab1968850 GCTaskThread "GC Thread#0" [stack: 0x000000b23e900000,0x000000b23ea00000] [id=2456]
  0x0000025ace362c40 GCTaskThread "GC Thread#1" [stack: 0x000000b23fc00000,0x000000b23fd00000] [id=7244]
  0x0000025ace5a59d0 GCTaskThread "GC Thread#2" [stack: 0x000000b23fd00000,0x000000b23fe00000] [id=6704]
  0x0000025ace5a6090 GCTaskThread "GC Thread#3" [stack: 0x000000b23fe00000,0x000000b23ff00000] [id=6756]
  0x0000025ab19764f0 ConcurrentGCThread "G1 Main Marker" [stack: 0x000000b23ea00000,0x000000b23eb00000] [id=6300]
  0x0000025ab1977dd0 ConcurrentGCThread "G1 Conc#0" [stack: 0x000000b23eb00000,0x000000b23ec00000] [id=8420]
  0x0000025ab19da4f0 ConcurrentGCThread "G1 Refine#0" [stack: 0x000000b23ec00000,0x000000b23ed00000] [id=8456]
  0x0000025ab19dc810 ConcurrentGCThread "G1 Service" [stack: 0x000000b23ed00000,0x000000b23ee00000] [id=3896]

Threads with active compile tasks:

VM state: not at safepoint (normal execution)

VM Mutex/Monitor currently owned by a thread:  ([mutex/lock_event])
[0x0000025ab1919090] Metaspace_lock - owner thread: 0x0000025ab191ca00

Heap address: 0x00000000a1600000, size: 1514 MB, Compressed Oops mode: 32-bit

CDS archive(s) not mapped
Compressed class space mapped at: 0x0000000100000000-0x0000000140000000, reserved size: 1073741824
Narrow klass base: 0x0000000000000000, Narrow klass shift: 3, Narrow klass range: 0x140000000

GC Precious Log:
 CPUs: 4 total, 4 available
 Memory: 6049M
 Large Page Support: Disabled
 NUMA Support: Disabled
 Compressed Oops: Enabled (32-bit)
 Heap Region Size: 1M
 Heap Min Capacity: 8M
 Heap Initial Capacity: 96M
 Heap Max Capacity: 1514M
 Pre-touch: Disabled
 Parallel Workers: 4
 Concurrent Workers: 1
 Concurrent Refinement Workers: 4
 Periodic GC: Disabled

Heap:
 garbage-first heap   total 98304K, used 19231K [0x00000000a1600000, 0x0000000100000000)
  region size 1024K, 14 young (14336K), 2 survivors (2048K)
 Metaspace       used 16194K, committed 16320K, reserved 1114112K
  class space    used 1626K, committed 1664K, reserved 1048576K

Heap Regions: E=young(eden), S=young(survivor), O=old, HS=humongous(starts), HC=humongous(continues), CS=collection set, F=free, OA=open archive, CA=closed archive, TAMS=top-at-mark-start (previous, next)
|   0|0x00000000a1600000, 0x00000000a1700000, 0x00000000a1700000|100%|HS|  |TAMS 0x00000000a1600000, 0x00000000a1600000| Complete 
|   1|0x00000000a1700000, 0x00000000a1800000, 0x00000000a1800000|100%|HC|  |TAMS 0x00000000a1700000, 0x00000000a1700000| Complete 
|   2|0x00000000a1800000, 0x00000000a1900000, 0x00000000a1900000|100%|HC|  |TAMS 0x00000000a1800000, 0x00000000a1800000| Complete 
|   3|0x00000000a1900000, 0x00000000a1a00000, 0x00000000a1a00000|100%|HC|  |TAMS 0x00000000a1900000, 0x00000000a1900000| Complete 
|   4|0x00000000a1a00000, 0x00000000a1b00000, 0x00000000a1b00000|100%| O|  |TAMS 0x00000000a1a00000, 0x00000000a1a00000| Untracked 
|   5|0x00000000a1b00000, 0x00000000a1c00000, 0x00000000a1c00000|100%| O|  |TAMS 0x00000000a1b00000, 0x00000000a1b00000| Untracked 
|   6|0x00000000a1c00000, 0x00000000a1c04200, 0x00000000a1d00000|  1%| O|  |TAMS 0x00000000a1c00000, 0x00000000a1c00000| Untracked 
|   7|0x00000000a1d00000, 0x00000000a1d00000, 0x00000000a1e00000|  0%| F|  |TAMS 0x00000000a1d00000, 0x00000000a1d00000| Untracked 
|   8|0x00000000a1e00000, 0x00000000a1e00000, 0x00000000a1f00000|  0%| F|  |TAMS 0x00000000a1e00000, 0x00000000a1e00000| Untracked 
|   9|0x00000000a1f00000, 0x00000000a1f00000, 0x00000000a2000000|  0%| F|  |TAMS 0x00000000a1f00000, 0x00000000a1f00000| Untracked 
|  10|0x00000000a2000000, 0x00000000a2000000, 0x00000000a2100000|  0%| F|  |TAMS 0x00000000a2000000, 0x00000000a2000000| Untracked 
|  11|0x00000000a2100000, 0x00000000a2100000, 0x00000000a2200000|  0%| F|  |TAMS 0x00000000a2100000, 0x00000000a2100000| Untracked 
|  12|0x00000000a2200000, 0x00000000a2200000, 0x00000000a2300000|  0%| F|  |TAMS 0x00000000a2200000, 0x00000000a2200000| Untracked 
|  13|0x00000000a2300000, 0x00000000a2300000, 0x00000000a2400000|  0%| F|  |TAMS 0x00000000a2300000, 0x00000000a2300000| Untracked 
|  14|0x00000000a2400000, 0x00000000a2400000, 0x00000000a2500000|  0%| F|  |TAMS 0x00000000a2400000, 0x00000000a2400000| Untracked 
|  15|0x00000000a2500000, 0x00000000a2500000, 0x00000000a2600000|  0%| F|  |TAMS 0x00000000a2500000, 0x00000000a2500000| Untracked 
|  16|0x00000000a2600000, 0x00000000a2600000, 0x00000000a2700000|  0%| F|  |TAMS 0x00000000a2600000, 0x00000000a2600000| Untracked 
|  17|0x00000000a2700000, 0x00000000a2700000, 0x00000000a2800000|  0%| F|  |TAMS 0x00000000a2700000, 0x00000000a2700000| Untracked 
|  18|0x00000000a2800000, 0x00000000a2800000, 0x00000000a2900000|  0%| F|  |TAMS 0x00000000a2800000, 0x00000000a2800000| Untracked 
|  19|0x00000000a2900000, 0x00000000a2900000, 0x00000000a2a00000|  0%| F|  |TAMS 0x00000000a2900000, 0x00000000a2900000| Untracked 
|  20|0x00000000a2a00000, 0x00000000a2a00000, 0x00000000a2b00000|  0%| F|  |TAMS 0x00000000a2a00000, 0x00000000a2a00000| Untracked 
|  21|0x00000000a2b00000, 0x00000000a2b00000, 0x00000000a2c00000|  0%| F|  |TAMS 0x00000000a2b00000, 0x00000000a2b00000| Untracked 
|  22|0x00000000a2c00000, 0x00000000a2c00000, 0x00000000a2d00000|  0%| F|  |TAMS 0x00000000a2c00000, 0x00000000a2c00000| Untracked 
|  23|0x00000000a2d00000, 0x00000000a2d00000, 0x00000000a2e00000|  0%| F|  |TAMS 0x00000000a2d00000, 0x00000000a2d00000| Untracked 
|  24|0x00000000a2e00000, 0x00000000a2e00000, 0x00000000a2f00000|  0%| F|  |TAMS 0x00000000a2e00000, 0x00000000a2e00000| Untracked 
|  25|0x00000000a2f00000, 0x00000000a2f00000, 0x00000000a3000000|  0%| F|  |TAMS 0x00000000a2f00000, 0x00000000a2f00000| Untracked 
|  26|0x00000000a3000000, 0x00000000a3000000, 0x00000000a3100000|  0%| F|  |TAMS 0x00000000a3000000, 0x00000000a3000000| Untracked 
|  27|0x00000000a3100000, 0x00000000a3100000, 0x00000000a3200000|  0%| F|  |TAMS 0x00000000a3100000, 0x00000000a3100000| Untracked 
|  28|0x00000000a3200000, 0x00000000a3200000, 0x00000000a3300000|  0%| F|  |TAMS 0x00000000a3200000, 0x00000000a3200000| Untracked 
|  29|0x00000000a3300000, 0x00000000a3300000, 0x00000000a3400000|  0%| F|  |TAMS 0x00000000a3300000, 0x00000000a3300000| Untracked 
|  30|0x00000000a3400000, 0x00000000a3400000, 0x00000000a3500000|  0%| F|  |TAMS 0x00000000a3400000, 0x00000000a3400000| Untracked 
|  31|0x00000000a3500000, 0x00000000a3500000, 0x00000000a3600000|  0%| F|  |TAMS 0x00000000a3500000, 0x00000000a3500000| Untracked 
|  32|0x00000000a3600000, 0x00000000a3600000, 0x00000000a3700000|  0%| F|  |TAMS 0x00000000a3600000, 0x00000000a3600000| Untracked 
|  33|0x00000000a3700000, 0x00000000a3700000, 0x00000000a3800000|  0%| F|  |TAMS 0x00000000a3700000, 0x00000000a3700000| Untracked 
|  34|0x00000000a3800000, 0x00000000a3800000, 0x00000000a3900000|  0%| F|  |TAMS 0x00000000a3800000, 0x00000000a3800000| Untracked 
|  35|0x00000000a3900000, 0x00000000a3900000, 0x00000000a3a00000|  0%| F|  |TAMS 0x00000000a3900000, 0x00000000a3900000| Untracked 
|  36|0x00000000a3a00000, 0x00000000a3a00000, 0x00000000a3b00000|  0%| F|  |TAMS 0x00000000a3a00000, 0x00000000a3a00000| Untracked 
|  37|0x00000000a3b00000, 0x00000000a3b00000, 0x00000000a3c00000|  0%| F|  |TAMS 0x00000000a3b00000, 0x00000000a3b00000| Untracked 
|  38|0x00000000a3c00000, 0x00000000a3c00000, 0x00000000a3d00000|  0%| F|  |TAMS 0x00000000a3c00000, 0x00000000a3c00000| Untracked 
|  39|0x00000000a3d00000, 0x00000000a3d00000, 0x00000000a3e00000|  0%| F|  |TAMS 0x00000000a3d00000, 0x00000000a3d00000| Untracked 
|  40|0x00000000a3e00000, 0x00000000a3e00000, 0x00000000a3f00000|  0%| F|  |TAMS 0x00000000a3e00000, 0x00000000a3e00000| Untracked 
|  41|0x00000000a3f00000, 0x00000000a3f00000, 0x00000000a4000000|  0%| F|  |TAMS 0x00000000a3f00000, 0x00000000a3f00000| Untracked 
|  42|0x00000000a4000000, 0x00000000a4000000, 0x00000000a4100000|  0%| F|  |TAMS 0x00000000a4000000, 0x00000000a4000000| Untracked 
|  43|0x00000000a4100000, 0x00000000a4100000, 0x00000000a4200000|  0%| F|  |TAMS 0x00000000a4100000, 0x00000000a4100000| Untracked 
|  44|0x00000000a4200000, 0x00000000a4200000, 0x00000000a4300000|  0%| F|  |TAMS 0x00000000a4200000, 0x00000000a4200000| Untracked 
|  45|0x00000000a4300000, 0x00000000a4300000, 0x00000000a4400000|  0%| F|  |TAMS 0x00000000a4300000, 0x00000000a4300000| Untracked 
|  46|0x00000000a4400000, 0x00000000a4400000, 0x00000000a4500000|  0%| F|  |TAMS 0x00000000a4400000, 0x00000000a4400000| Untracked 
|  47|0x00000000a4500000, 0x00000000a4500000, 0x00000000a4600000|  0%| F|  |TAMS 0x00000000a4500000, 0x00000000a4500000| Untracked 
|  48|0x00000000a4600000, 0x00000000a4600000, 0x00000000a4700000|  0%| F|  |TAMS 0x00000000a4600000, 0x00000000a4600000| Untracked 
|  49|0x00000000a4700000, 0x00000000a4700000, 0x00000000a4800000|  0%| F|  |TAMS 0x00000000a4700000, 0x00000000a4700000| Untracked 
|  50|0x00000000a4800000, 0x00000000a4800000, 0x00000000a4900000|  0%| F|  |TAMS 0x00000000a4800000, 0x00000000a4800000| Untracked 
|  51|0x00000000a4900000, 0x00000000a4900000, 0x00000000a4a00000|  0%| F|  |TAMS 0x00000000a4900000, 0x00000000a4900000| Untracked 
|  52|0x00000000a4a00000, 0x00000000a4a00000, 0x00000000a4b00000|  0%| F|  |TAMS 0x00000000a4a00000, 0x00000000a4a00000| Untracked 
|  53|0x00000000a4b00000, 0x00000000a4b00000, 0x00000000a4c00000|  0%| F|  |TAMS 0x00000000a4b00000, 0x00000000a4b00000| Untracked 
|  54|0x00000000a4c00000, 0x00000000a4c00000, 0x00000000a4d00000|  0%| F|  |TAMS 0x00000000a4c00000, 0x00000000a4c00000| Untracked 
|  55|0x00000000a4d00000, 0x00000000a4d00000, 0x00000000a4e00000|  0%| F|  |TAMS 0x00000000a4d00000, 0x00000000a4d00000| Untracked 
|  56|0x00000000a4e00000, 0x00000000a4e00000, 0x00000000a4f00000|  0%| F|  |TAMS 0x00000000a4e00000, 0x00000000a4e00000| Untracked 
|  57|0x00000000a4f00000, 0x00000000a4f00000, 0x00000000a5000000|  0%| F|  |TAMS 0x00000000a4f00000, 0x00000000a4f00000| Untracked 
|  58|0x00000000a5000000, 0x00000000a5000000, 0x00000000a5100000|  0%| F|  |TAMS 0x00000000a5000000, 0x00000000a5000000| Untracked 
|  59|0x00000000a5100000, 0x00000000a5100000, 0x00000000a5200000|  0%| F|  |TAMS 0x00000000a5100000, 0x00000000a5100000| Untracked 
|  60|0x00000000a5200000, 0x00000000a5200000, 0x00000000a5300000|  0%| F|  |TAMS 0x00000000a5200000, 0x00000000a5200000| Untracked 
|  61|0x00000000a5300000, 0x00000000a5300000, 0x00000000a5400000|  0%| F|  |TAMS 0x00000000a5300000, 0x00000000a5300000| Untracked 
|  62|0x00000000a5400000, 0x00000000a5400000, 0x00000000a5500000|  0%| F|  |TAMS 0x00000000a5400000, 0x00000000a5400000| Untracked 
|  63|0x00000000a5500000, 0x00000000a5500000, 0x00000000a5600000|  0%| F|  |TAMS 0x00000000a5500000, 0x00000000a5500000| Untracked 
|  64|0x00000000a5600000, 0x00000000a5600000, 0x00000000a5700000|  0%| F|  |TAMS 0x00000000a5600000, 0x00000000a5600000| Untracked 
|  65|0x00000000a5700000, 0x00000000a5700000, 0x00000000a5800000|  0%| F|  |TAMS 0x00000000a5700000, 0x00000000a5700000| Untracked 
|  66|0x00000000a5800000, 0x00000000a5800000, 0x00000000a5900000|  0%| F|  |TAMS 0x00000000a5800000, 0x00000000a5800000| Untracked 
|  67|0x00000000a5900000, 0x00000000a5900000, 0x00000000a5a00000|  0%| F|  |TAMS 0x00000000a5900000, 0x00000000a5900000| Untracked 
|  68|0x00000000a5a00000, 0x00000000a5a00000, 0x00000000a5b00000|  0%| F|  |TAMS 0x00000000a5a00000, 0x00000000a5a00000| Untracked 
|  69|0x00000000a5b00000, 0x00000000a5b00000, 0x00000000a5c00000|  0%| F|  |TAMS 0x00000000a5b00000, 0x00000000a5b00000| Untracked 
|  70|0x00000000a5c00000, 0x00000000a5c00000, 0x00000000a5d00000|  0%| F|  |TAMS 0x00000000a5c00000, 0x00000000a5c00000| Untracked 
|  71|0x00000000a5d00000, 0x00000000a5d00000, 0x00000000a5e00000|  0%| F|  |TAMS 0x00000000a5d00000, 0x00000000a5d00000| Untracked 
|  72|0x00000000a5e00000, 0x00000000a5e00000, 0x00000000a5f00000|  0%| F|  |TAMS 0x00000000a5e00000, 0x00000000a5e00000| Untracked 
|  73|0x00000000a5f00000, 0x00000000a5f00000, 0x00000000a6000000|  0%| F|  |TAMS 0x00000000a5f00000, 0x00000000a5f00000| Untracked 
|  74|0x00000000a6000000, 0x00000000a6000000, 0x00000000a6100000|  0%| F|  |TAMS 0x00000000a6000000, 0x00000000a6000000| Untracked 
|  75|0x00000000a6100000, 0x00000000a61c3b68, 0x00000000a6200000| 76%| S|CS|TAMS 0x00000000a6100000, 0x00000000a6100000| Complete 
|  76|0x00000000a6200000, 0x00000000a6300000, 0x00000000a6300000|100%| S|CS|TAMS 0x00000000a6200000, 0x00000000a6200000| Complete 
|  77|0x00000000a6300000, 0x00000000a6300000, 0x00000000a6400000|  0%| F|  |TAMS 0x00000000a6300000, 0x00000000a6300000| Untracked 
|  78|0x00000000a6400000, 0x00000000a6400000, 0x00000000a6500000|  0%| F|  |TAMS 0x00000000a6400000, 0x00000000a6400000| Untracked 
|  79|0x00000000a6500000, 0x00000000a6500000, 0x00000000a6600000|  0%| F|  |TAMS 0x00000000a6500000, 0x00000000a6500000| Untracked 
|  80|0x00000000a6600000, 0x00000000a6600000, 0x00000000a6700000|  0%| F|  |TAMS 0x00000000a6600000, 0x00000000a6600000| Untracked 
|  81|0x00000000a6700000, 0x00000000a6700000, 0x00000000a6800000|  0%| F|  |TAMS 0x00000000a6700000, 0x00000000a6700000| Untracked 
|  82|0x00000000a6800000, 0x00000000a6800000, 0x00000000a6900000|  0%| F|  |TAMS 0x00000000a6800000, 0x00000000a6800000| Untracked 
|  83|0x00000000a6900000, 0x00000000a6900000, 0x00000000a6a00000|  0%| F|  |TAMS 0x00000000a6900000, 0x00000000a6900000| Untracked 
|  84|0x00000000a6a00000, 0x00000000a6a80800, 0x00000000a6b00000| 50%| E|  |TAMS 0x00000000a6a00000, 0x00000000a6a00000| Complete 
|  85|0x00000000a6b00000, 0x00000000a6c00000, 0x00000000a6c00000|100%| E|CS|TAMS 0x00000000a6b00000, 0x00000000a6b00000| Complete 
|  86|0x00000000a6c00000, 0x00000000a6d00000, 0x00000000a6d00000|100%| E|CS|TAMS 0x00000000a6c00000, 0x00000000a6c00000| Complete 
|  87|0x00000000a6d00000, 0x00000000a6e00000, 0x00000000a6e00000|100%| E|CS|TAMS 0x00000000a6d00000, 0x00000000a6d00000| Complete 
|  88|0x00000000a6e00000, 0x00000000a6f00000, 0x00000000a6f00000|100%| E|CS|TAMS 0x00000000a6e00000, 0x00000000a6e00000| Complete 
|  89|0x00000000a6f00000, 0x00000000a7000000, 0x00000000a7000000|100%| E|CS|TAMS 0x00000000a6f00000, 0x00000000a6f00000| Complete 
|  90|0x00000000a7000000, 0x00000000a7100000, 0x00000000a7100000|100%| E|CS|TAMS 0x00000000a7000000, 0x00000000a7000000| Complete 
|  91|0x00000000a7100000, 0x00000000a7200000, 0x00000000a7200000|100%| E|CS|TAMS 0x00000000a7100000, 0x00000000a7100000| Complete 
|  92|0x00000000a7200000, 0x00000000a7300000, 0x00000000a7300000|100%| E|CS|TAMS 0x00000000a7200000, 0x00000000a7200000| Complete 
|  93|0x00000000a7300000, 0x00000000a7400000, 0x00000000a7400000|100%| E|CS|TAMS 0x00000000a7300000, 0x00000000a7300000| Complete 
|  94|0x00000000a7400000, 0x00000000a7500000, 0x00000000a7500000|100%| E|CS|TAMS 0x00000000a7400000, 0x00000000a7400000| Complete 
|  95|0x00000000a7500000, 0x00000000a7600000, 0x00000000a7600000|100%| E|CS|TAMS 0x00000000a7500000, 0x00000000a7500000| Complete 

Card table byte_map: [0x0000025ac4100000,0x0000025ac4400000] _byte_map_base: 0x0000025ac3bf5000

Marking Bits (Prev, Next): (CMBitMap*) 0x0000025ab1969e80, (CMBitMap*) 0x0000025ab1969ec0
 Prev Bits: [0x0000025ac4700000, 0x0000025ac5ea8000)
 Next Bits: [0x0000025ac5eb0000, 0x0000025ac7658000)

Polling page: 0x0000025aaf8b0000

Metaspace:

Usage:
  Non-class:     14.23 MB used.
      Class:      1.59 MB used.
       Both:     15.81 MB used.

Virtual space:
  Non-class space:       64.00 MB reserved,      14.31 MB ( 22%) committed,  1 nodes.
      Class space:        1.00 GB reserved,       1.62 MB ( <1%) committed,  1 nodes.
             Both:        1.06 GB reserved,      15.94 MB (  1%) committed. 

Chunk freelists:
   Non-Class:  1.42 MB
       Class:  14.36 MB
        Both:  15.78 MB

MaxMetaspaceSize: unlimited
CompressedClassSpaceSize: 1.00 GB
Initial GC threshold: 21.00 MB
Current GC threshold: 21.00 MB
CDS: off
MetaspaceReclaimPolicy: balanced
 - commit_granule_bytes: 65536.
 - commit_granule_words: 8192.
 - virtual_space_node_default_size: 8388608.
 - enlarge_chunks_in_place: 1.
 - new_chunks_are_fully_committed: 0.
 - uncommit_free_chunks: 1.
 - use_allocation_guard: 0.
 - handle_deallocations: 1.


Internal statistics:

num_allocs_failed_limit: 0.
num_arena_births: 40.
num_arena_deaths: 0.
num_vsnodes_births: 2.
num_vsnodes_deaths: 0.
num_space_committed: 255.
num_space_uncommitted: 0.
num_chunks_returned_to_freelist: 0.
num_chunks_taken_from_freelist: 336.
num_chunk_merges: 0.
num_chunk_splits: 279.
num_chunks_enlarged: 250.
num_inconsistent_stats: 0.

CodeHeap 'non-profiled nmethods': size=120000Kb used=455Kb max_used=455Kb free=119544Kb
 bounds [0x0000025abc8d0000, 0x0000025abcb40000, 0x0000025ac3e00000]
CodeHeap 'profiled nmethods': size=120000Kb used=2718Kb max_used=2718Kb free=117281Kb
 bounds [0x0000025ab4e00000, 0x0000025ab50b0000, 0x0000025abc330000]
CodeHeap 'non-nmethods': size=5760Kb used=1165Kb max_used=1201Kb free=4594Kb
 bounds [0x0000025abc330000, 0x0000025abc5a0000, 0x0000025abc8d0000]
 total_blobs=1910 nmethods=1454 adapters=369
 compilation: enabled
              stopped_count=0, restarted_count=0
 full_count=0

Compilation events (20 events):
Event: 1.306 Thread 0x0000025ace001850 1441       3       kotlin.reflect.jvm.internal.impl.descriptors.impl.PropertyDescriptorImpl::getOriginal (31 bytes)
Event: 1.306 Thread 0x0000025ace001850 nmethod 1441 0x0000025ab50a1490 code [0x0000025ab50a1660, 0x0000025ab50a1ae8]
Event: 1.306 Thread 0x0000025ace001850 1442   !   3       jdk.proxy2.$Proxy3::deprecatedName (29 bytes)
Event: 1.307 Thread 0x0000025ace001850 nmethod 1442 0x0000025ab50a1c90 code [0x0000025ab50a1e60, 0x0000025ab50a21f8]
Event: 1.307 Thread 0x0000025ace001850 1443   !   3       jdk.proxy2.$Proxy3::shortName (29 bytes)
Event: 1.307 Thread 0x0000025ace001850 nmethod 1443 0x0000025ab50a2410 code [0x0000025ab50a25e0, 0x0000025ab50a2978]
Event: 1.307 Thread 0x0000025ace001850 1444       3       kotlin.reflect.jvm.internal.impl.metadata.jvm.JvmProtoBuf$JvmPropertySignature::hasSetter (18 bytes)
Event: 1.307 Thread 0x0000025ace001850 nmethod 1444 0x0000025ab50a2b90 code [0x0000025ab50a2d20, 0x0000025ab50a2e98]
Event: 1.307 Thread 0x0000025ace001850 1446       3       kotlin.text.StringsKt__StringsJVMKt::startsWith$default (15 bytes)
Event: 1.307 Thread 0x0000025ace37f100 1448       4       java.util.LinkedHashMap::get (29 bytes)
Event: 1.307 Thread 0x0000025ace001850 nmethod 1446 0x0000025ab50a2f10 code [0x0000025ab50a30a0, 0x0000025ab50a3208]
Event: 1.307 Thread 0x0000025ace001850 1447       3       kotlin.text.StringsKt__StringsJVMKt::startsWith (36 bytes)
Event: 1.308 Thread 0x0000025ace001850 nmethod 1447 0x0000025ab50a3310 code [0x0000025ab50a35e0, 0x0000025ab50a4278]
Event: 1.308 Thread 0x0000025ace0007a0 1449       4       kotlin.jvm.internal.Intrinsics::areEqual (22 bytes)
Event: 1.308 Thread 0x0000025ace001850 1445       3       org.jetbrains.kotlin.cli.common.arguments.ParseCommandLineArgumentsKt::parsePreprocessedCommandLineArguments$matches (256 bytes)
Event: 1.309 Thread 0x0000025ace0007a0 nmethod 1449 0x0000025abc93be90 code [0x0000025abc93c000, 0x0000025abc93c098]
Event: 1.309 Thread 0x0000025ace0007a0 1450       4       sun.reflect.annotation.AnnotationInvocationHandler::invoke (178 bytes)
Event: 1.311 Thread 0x0000025ace001850 nmethod 1445 0x0000025ab50a4790 code [0x0000025ab50a4c80, 0x0000025ab50a6f68]
Event: 1.314 Thread 0x0000025ace37f100 nmethod 1448 0x0000025abc93c190 code [0x0000025abc93c340, 0x0000025abc93c6d8]
Event: 1.314 Thread 0x0000025ace37f100 1451   !   4       jdk.proxy2.$Proxy3::value (29 bytes)

GC Heap History (4 events):
Event: 0.689 GC heap before
{Heap before GC invocations=0 (full 0):
 garbage-first heap   total 98304K, used 17408K [0x00000000a1600000, 0x0000000100000000)
  region size 1024K, 13 young (13312K), 0 survivors (0K)
 Metaspace       used 10526K, committed 10688K, reserved 1114112K
  class space    used 911K, committed 1024K, reserved 1048576K
}
Event: 0.693 GC heap after
{Heap after GC invocations=1 (full 0):
 garbage-first heap   total 98304K, used 6122K [0x00000000a1600000, 0x0000000100000000)
  region size 1024K, 2 young (2048K), 2 survivors (2048K)
 Metaspace       used 10526K, committed 10688K, reserved 1114112K
  class space    used 911K, committed 1024K, reserved 1048576K
}
Event: 1.044 GC heap before
{Heap before GC invocations=1 (full 0):
 garbage-first heap   total 98304K, used 23530K [0x00000000a1600000, 0x0000000100000000)
  region size 1024K, 19 young (19456K), 2 survivors (2048K)
 Metaspace       used 14655K, committed 14784K, reserved 1114112K
  class space    used 1460K, committed 1536K, reserved 1048576K
}
Event: 1.049 GC heap after
{Heap after GC invocations=2 (full 0):
 garbage-first heap   total 98304K, used 7967K [0x00000000a1600000, 0x0000000100000000)
  region size 1024K, 2 young (2048K), 2 survivors (2048K)
 Metaspace       used 14655K, committed 14784K, reserved 1114112K
  class space    used 1460K, committed 1536K, reserved 1048576K
}

Dll operation events (1 events):
Event: 0.007 Loaded shared library C:\Program Files\Android\Android Studio\jbr\bin\java.dll

Deoptimization events (20 events):
Event: 0.943 Thread 0x0000025ab191ca00 DEOPT PACKING pc=0x0000025abc902c78 sp=0x000000b23e8fb8e0
Event: 0.943 Thread 0x0000025ab191ca00 DEOPT UNPACKING pc=0x0000025abc3869a3 sp=0x000000b23e8fb7c8 mode 2
Event: 0.952 Thread 0x0000025ab191ca00 Uncommon trap: trap_request=0xffffffc6 fr.pc=0x0000025abc902c78 relative=0x00000000000004f8
Event: 0.952 Thread 0x0000025ab191ca00 Uncommon trap: reason=bimorphic_or_optimized_type_check action=maybe_recompile pc=0x0000025abc902c78 method=kotlin.reflect.jvm.internal.impl.protobuf.CodedInputStream.tryRefillBuffer(I)Z @ 175 c2
Event: 0.952 Thread 0x0000025ab191ca00 DEOPT PACKING pc=0x0000025abc902c78 sp=0x000000b23e8fb8e0
Event: 0.952 Thread 0x0000025ab191ca00 DEOPT UNPACKING pc=0x0000025abc3869a3 sp=0x000000b23e8fb7c8 mode 2
Event: 0.955 Thread 0x0000025ab191ca00 Uncommon trap: trap_request=0xffffffc6 fr.pc=0x0000025abc902c78 relative=0x00000000000004f8
Event: 0.955 Thread 0x0000025ab191ca00 Uncommon trap: reason=bimorphic_or_optimized_type_check action=maybe_recompile pc=0x0000025abc902c78 method=kotlin.reflect.jvm.internal.impl.protobuf.CodedInputStream.tryRefillBuffer(I)Z @ 175 c2
Event: 0.955 Thread 0x0000025ab191ca00 DEOPT PACKING pc=0x0000025abc902c78 sp=0x000000b23e8fbe80
Event: 0.955 Thread 0x0000025ab191ca00 DEOPT UNPACKING pc=0x0000025abc3869a3 sp=0x000000b23e8fbd68 mode 2
Event: 0.973 Thread 0x0000025ab191ca00 Uncommon trap: trap_request=0xffffff45 fr.pc=0x0000025abc8fb2cc relative=0x000000000000040c
Event: 0.973 Thread 0x0000025ab191ca00 Uncommon trap: reason=unstable_if action=reinterpret pc=0x0000025abc8fb2cc method=java.util.concurrent.ConcurrentHashMap.get(Ljava/lang/Object;)Ljava/lang/Object; @ 152 c2
Event: 0.973 Thread 0x0000025ab191ca00 DEOPT PACKING pc=0x0000025abc8fb2cc sp=0x000000b23e8fc350
Event: 0.973 Thread 0x0000025ab191ca00 DEOPT UNPACKING pc=0x0000025abc3869a3 sp=0x000000b23e8fc2d8 mode 2
Event: 1.058 Thread 0x0000025ab191ca00 Uncommon trap: trap_request=0xffffff45 fr.pc=0x0000025abc905910 relative=0x0000000000000550
Event: 1.058 Thread 0x0000025ab191ca00 Uncommon trap: reason=unstable_if action=reinterpret pc=0x0000025abc905910 method=java.util.ArrayList.grow(I)[Ljava/lang/Object; @ 17 c2
Event: 1.058 Thread 0x0000025ab191ca00 DEOPT PACKING pc=0x0000025abc905910 sp=0x000000b23e8fdb90
Event: 1.058 Thread 0x0000025ab191ca00 DEOPT UNPACKING pc=0x0000025abc3869a3 sp=0x000000b23e8fda18 mode 2
Event: 1.273 Thread 0x0000025ab191ca00 DEOPT PACKING pc=0x0000025ab5053534 sp=0x000000b23e8fdf30
Event: 1.273 Thread 0x0000025ab191ca00 DEOPT UNPACKING pc=0x0000025abc387143 sp=0x000000b23e8fd500 mode 0

Classes unloaded (0 events):
No events

Classes redefined (0 events):
No events

Internal exceptions (1 events):
Event: 1.218 Thread 0x0000025ab191ca00 Exception <a 'java/lang/NoSuchMethodError'{0x00000000a6fd5210}: 'java.lang.Object java.lang.invoke.DirectMethodHandle$Holder.newInvokeSpecial(java.lang.Object, java.lang.Object, java.lang.Object, java.lang.Object, java.lang.Object)'> (0x00000000a6fd5210) 
thrown [s\src\hotspot\share\interpreter\linkResolver.cpp, line 771]

VM Operations (14 events):
Event: 0.342 Executing VM operation: HandshakeAllThreads
Event: 0.342 Executing VM operation: HandshakeAllThreads done
Event: 0.677 Executing VM operation: HandshakeAllThreads
Event: 0.677 Executing VM operation: HandshakeAllThreads done
Event: 0.689 Executing VM operation: G1CollectForAllocation
Event: 0.693 Executing VM operation: G1CollectForAllocation done
Event: 0.960 Executing VM operation: HandshakeAllThreads
Event: 0.960 Executing VM operation: HandshakeAllThreads done
Event: 1.044 Executing VM operation: G1CollectForAllocation
Event: 1.049 Executing VM operation: G1CollectForAllocation done
Event: 1.273 Executing VM operation: HandshakeAllThreads
Event: 1.273 Executing VM operation: HandshakeAllThreads done
Event: 1.314 Executing VM operation: ICBufferFull
Event: 1.314 Executing VM operation: ICBufferFull done

Events (20 events):
Event: 1.166 loading class jdk/internal/reflect/UTF8
Event: 1.166 loading class jdk/internal/reflect/UTF8 done
Event: 1.167 loading class jdk/internal/reflect/Label
Event: 1.167 loading class jdk/internal/reflect/Label done
Event: 1.167 loading class jdk/internal/reflect/Label$PatchInfo
Event: 1.167 loading class jdk/internal/reflect/Label$PatchInfo done
Event: 1.167 loading class jdk/internal/reflect/MethodAccessorGenerator$1
Event: 1.167 loading class jdk/internal/reflect/MethodAccessorGenerator$1 done
Event: 1.167 loading class jdk/internal/reflect/ClassDefiner
Event: 1.167 loading class jdk/internal/reflect/ClassDefiner done
Event: 1.167 loading class jdk/internal/reflect/ClassDefiner$1
Event: 1.167 loading class jdk/internal/reflect/ClassDefiner$1 done
Event: 1.168 loading class jdk/internal/reflect/BootstrapConstructorAccessorImpl
Event: 1.168 loading class jdk/internal/reflect/BootstrapConstructorAccessorImpl done
Event: 1.176 loading class sun/reflect/generics/tree/TypeVariableSignature
Event: 1.176 loading class sun/reflect/generics/tree/TypeVariableSignature done
Event: 1.176 loading class sun/reflect/generics/reflectiveObjects/TypeVariableImpl
Event: 1.177 loading class sun/reflect/generics/reflectiveObjects/LazyReflectiveObjectGenerator
Event: 1.177 loading class sun/reflect/generics/reflectiveObjects/LazyReflectiveObjectGenerator done
Event: 1.177 loading class sun/reflect/generics/reflectiveObjects/TypeVariableImpl done


Dynamic libraries:
0x00007ff652af0000 - 0x00007ff652afa000 	C:\Program Files\Android\Android Studio\jbr\bin\java.exe
0x00007fff28cf0000 - 0x00007fff28ee8000 	C:\Windows\SYSTEM32\ntdll.dll
0x00007fff27640000 - 0x00007fff276fd000 	C:\Windows\System32\KERNEL32.DLL
0x00007fff268b0000 - 0x00007fff26ba6000 	C:\Windows\System32\KERNELBASE.dll
0x00007fff26780000 - 0x00007fff26880000 	C:\Windows\System32\ucrtbase.dll
0x00007fff21fb0000 - 0x00007fff21fc7000 	C:\Program Files\Android\Android Studio\jbr\bin\jli.dll
0x00007fff1e0d0000 - 0x00007fff1e0eb000 	C:\Program Files\Android\Android Studio\jbr\bin\VCRUNTIME140.dll
0x00007fff28180000 - 0x00007fff2831f000 	C:\Windows\System32\USER32.dll
0x00007fff26880000 - 0x00007fff268a2000 	C:\Windows\System32\win32u.dll
0x00007fff0fb60000 - 0x00007fff0fdfa000 	C:\Windows\WinSxS\amd64_microsoft.windows.common-controls_6595b64144ccf1df_6.0.19041.3636_none_60b6a03d71f818d5\COMCTL32.dll
0x00007fff27e00000 - 0x00007fff27e2b000 	C:\Windows\System32\GDI32.dll
0x00007fff28c10000 - 0x00007fff28cae000 	C:\Windows\System32\msvcrt.dll
0x00007fff26bb0000 - 0x00007fff26cc7000 	C:\Windows\System32\gdi32full.dll
0x00007fff26590000 - 0x00007fff2662d000 	C:\Windows\System32\msvcp_win.dll
0x00007fff28bd0000 - 0x00007fff28c02000 	C:\Windows\System32\IMM32.DLL
0x00007fff202d0000 - 0x00007fff202dc000 	C:\Program Files\Android\Android Studio\jbr\bin\vcruntime140_1.dll
0x00007fff08d10000 - 0x00007fff08d9d000 	C:\Program Files\Android\Android Studio\jbr\bin\msvcp140.dll
0x00007ffef1c20000 - 0x00007ffef28a3000 	C:\Program Files\Android\Android Studio\jbr\bin\server\jvm.dll
0x00007fff27110000 - 0x00007fff271c0000 	C:\Windows\System32\ADVAPI32.dll
0x00007fff27e30000 - 0x00007fff27ed0000 	C:\Windows\System32\sechost.dll
0x00007fff278d0000 - 0x00007fff279f3000 	C:\Windows\System32\RPCRT4.dll
0x00007fff26750000 - 0x00007fff26777000 	C:\Windows\System32\bcrypt.dll
0x00007fff26200000 - 0x00007fff2624b000 	C:\Windows\SYSTEM32\POWRPROF.dll
0x00007fff21fa0000 - 0x00007fff21fa9000 	C:\Windows\SYSTEM32\WSOCK32.dll
0x00007fff0e520000 - 0x00007fff0e547000 	C:\Windows\SYSTEM32\WINMM.dll
0x00007fff28060000 - 0x00007fff280cb000 	C:\Windows\System32\WS2_32.dll
0x00007fff1f660000 - 0x00007fff1f66a000 	C:\Windows\SYSTEM32\VERSION.dll
0x00007fff261e0000 - 0x00007fff261f2000 	C:\Windows\SYSTEM32\UMPDC.dll
0x00007fff24230000 - 0x00007fff24242000 	C:\Windows\SYSTEM32\kernel.appcore.dll
0x00007fff21f90000 - 0x00007fff21f9a000 	C:\Program Files\Android\Android Studio\jbr\bin\jimage.dll
0x00007fff1cbe0000 - 0x00007fff1cdc4000 	C:\Windows\SYSTEM32\DBGHELP.DLL
0x00007fff07bd0000 - 0x00007fff07c04000 	C:\Windows\SYSTEM32\dbgcore.DLL
0x00007fff263a0000 - 0x00007fff26422000 	C:\Windows\System32\bcryptPrimitives.dll
0x00007fff21eb0000 - 0x00007fff21ed5000 	C:\Program Files\Android\Android Studio\jbr\bin\java.dll
0x00007fff21e70000 - 0x00007fff21e88000 	C:\Program Files\Android\Android Studio\jbr\bin\zip.dll
0x00007fff28320000 - 0x00007fff28a8b000 	C:\Windows\System32\SHELL32.dll
0x00007fff24430000 - 0x00007fff24bce000 	C:\Windows\SYSTEM32\windows.storage.dll
0x00007fff26d20000 - 0x00007fff27073000 	C:\Windows\System32\combase.dll
0x00007fff25d00000 - 0x00007fff25d2e000 	C:\Windows\SYSTEM32\Wldp.dll
0x00007fff27d30000 - 0x00007fff27dfd000 	C:\Windows\System32\OLEAUT32.dll
0x00007fff280d0000 - 0x00007fff2817d000 	C:\Windows\System32\SHCORE.dll
0x00007fff27ed0000 - 0x00007fff27f25000 	C:\Windows\System32\shlwapi.dll
0x00007fff262d0000 - 0x00007fff262f3000 	C:\Windows\SYSTEM32\profapi.dll
0x00007fff21120000 - 0x00007fff21139000 	C:\Program Files\Android\Android Studio\jbr\bin\net.dll
0x00007fff1d620000 - 0x00007fff1d72a000 	C:\Windows\SYSTEM32\WINHTTP.dll
0x00007fff25a60000 - 0x00007fff25aca000 	C:\Windows\system32\mswsock.dll
0x00007fff21100000 - 0x00007fff21116000 	C:\Program Files\Android\Android Studio\jbr\bin\nio.dll

dbghelp: loaded successfully - version: 4.0.5 - missing functions: none
symbol engine: initialized successfully - sym options: 0x614 - pdb path: .;C:\Program Files\Android\Android Studio\jbr\bin;C:\Windows\SYSTEM32;C:\Windows\WinSxS\amd64_microsoft.windows.common-controls_6595b64144ccf1df_6.0.19041.3636_none_60b6a03d71f818d5;C:\Program Files\Android\Android Studio\jbr\bin\server

VM Arguments:
java_command: org.jetbrains.kotlin.cli.jvm.K2JVMCompiler @C:\Users\Javohir\AndroidStudioProjects\IT_Center3\app\build\20240508_11343325576934447717.compiler.options
java_class_path (initial): C:\Users\Javohir\.gradle\caches\modules-2\files-2.1\org.jetbrains.kotlin\kotlin-compiler-embeddable\1.9.0\2c8c3a7402becca891f12739b3e9fd2dc2adbd7a\kotlin-compiler-embeddable-1.9.0.jar;C:\Users\Javohir\.gradle\caches\modules-2\files-2.1\org.jetbrains.kotlin\kotlin-stdlib\1.9.0\8ee15ef0c67dc83d874f412d84378d7f0eb50b63\kotlin-stdlib-1.9.0.jar;C:\Users\Javohir\.gradle\caches\modules-2\files-2.1\org.jetbrains.kotlin\kotlin-script-runtime\1.9.0\4b3102cbbb7e1b58d9d1adf89563f00069ffa7d1\kotlin-script-runtime-1.9.0.jar;C:\Users\Javohir\.gradle\caches\modules-2\files-2.1\org.jetbrains.kotlin\kotlin-reflect\1.6.10\1cbe9c92c12a94eea200d23c2bbaedaf3daf5132\kotlin-reflect-1.6.10.jar;C:\Users\Javohir\.gradle\caches\modules-2\files-2.1\org.jetbrains.kotlin\kotlin-daemon-embeddable\1.9.0\186543f5e28cf8d9a0290fecc2cf34301c40a65c\kotlin-daemon-embeddable-1.9.0.jar;C:\Users\Javohir\.gradle\caches\modules-2\files-2.1\org.jetbrains.intellij.deps\trove4j\1.0.20200330\3afb14d5f9ceb459d724e907a21145e8ff394f02\trove4j-1.0.20200330.jar;C:\Users\Javohir\.gradle\caches\modules-2\files-2.1\org.jetbrains.kotlin\kotlin-stdlib-common\1.9.0\cd65c21cfd1eec4d44ef09f9f52b6d9f8a720636\kotlin-stdlib-common-1.9.0.jar;C:\Users\Javohir\.gradle\caches\modules-2\files-2.1\org.jetbrains\annotations\13.0\919f0dfe192fb4e063e7dacadee7f8bb9a2672a9\annotations-13.0.jar
Launcher Type: SUN_STANDARD

[Global flags]
     intx CICompilerCount                          = 3                                         {product} {ergonomic}
     uint ConcGCThreads                            = 1                                         {product} {ergonomic}
     uint G1ConcRefinementThreads                  = 4                                         {product} {ergonomic}
   size_t G1HeapRegionSize                         = 1048576                                   {product} {ergonomic}
    uintx GCDrainStackTargetSize                   = 64                                        {product} {ergonomic}
   size_t InitialHeapSize                          = 100663296                                 {product} {ergonomic}
   size_t MarkStackSize                            = 4194304                                   {product} {ergonomic}
   size_t MaxHeapSize                              = 1587544064                                {product} {ergonomic}
   size_t MaxNewSize                               = 952107008                                 {product} {ergonomic}
   size_t MinHeapDeltaBytes                        = 1048576                                   {product} {ergonomic}
   size_t MinHeapSize                              = 8388608                                   {product} {ergonomic}
    uintx NonNMethodCodeHeapSize                   = 5832780                                {pd product} {ergonomic}
    uintx NonProfiledCodeHeapSize                  = 122912730                              {pd product} {ergonomic}
    uintx ProfiledCodeHeapSize                     = 122912730                              {pd product} {ergonomic}
    uintx ReservedCodeCacheSize                    = 251658240                              {pd product} {ergonomic}
     bool SegmentedCodeCache                       = true                                      {product} {ergonomic}
   size_t SoftMaxHeapSize                          = 1587544064                             {manageable} {ergonomic}
     bool UseCompressedClassPointers               = true                           {product lp64_product} {ergonomic}
     bool UseCompressedOops                        = true                           {product lp64_product} {ergonomic}
     bool UseG1GC                                  = true                                      {product} {ergonomic}
     bool UseLargePagesIndividualAllocation        = false                                  {pd product} {ergonomic}

Logging:
Log output configuration:
 #0: stdout all=warning uptime,level,tags
 #1: stderr all=off uptime,level,tags

Environment Variables:
PATH=C:\PROGRA~2\Borland\CBUILD~1\Bin;C:\PROGRA~2\Borland\CBUILD~1\Projects\Bpl;C:\Windows\system32;C:\Windows;C:\Windows\System32\Wbem;C:\Windows\System32\WindowsPowerShell\v1.0\;C:\Windows\System32\OpenSSH\;C:\Program Files\Git\cmd;C:\Users\Javohir\AppData\Local\Programs\Python\Launcher\;C:\Users\Javohir\AppData\Local\Microsoft\WindowsApps;
USERNAME=Javohir
OS=Windows_NT
PROCESSOR_IDENTIFIER=Intel64 Family 6 Model 78 Stepping 3, GenuineIntel
TMP=C:\Users\Javohir\AppData\Local\Temp
TEMP=C:\Users\Javohir\AppData\Local\Temp



Periodic native trim disabled

JNI global refs:
JNI global refs: 8, weak refs: 0

JNI global refs memory usage: 843, weak refs: 841

OOME stack traces (most recent first):
Classloader memory used:
Loader jdk.internal.loader.ClassLoaders$AppClassLoader                                 : 1014K
Loader bootstrap                                                                       : 1004K
Loader jdk.internal.reflect.DelegatingClassLoader                                      : 4685B


---------------  S Y S T E M  ---------------

OS:
 Windows 10 , 64 bit Build 19041 (10.0.19041.3636)
OS uptime: 0 days 3:29 hours

CPU: total 4 (initial active 4) (2 cores per cpu, 2 threads per core) family 6 model 78 stepping 3 microcode 0xcc, cx8, cmov, fxsr, ht, mmx, 3dnowpref, sse, sse2, sse3, ssse3, sse4.1, sse4.2, popcnt, lzcnt, tsc, tscinvbit, avx, avx2, aes, erms, clmul, bmi1, bmi2, rtm, adx, fma, vzeroupper, clflush, clflushopt
Processor Information for all 4 processors :
  Max Mhz: 2304, Current Mhz: 2304, Mhz Limit: 2304

Memory: 4k page, system-wide physical 6049M (397M free)
TotalPageFile size 20274M (AvailPageFile size 2M)
current process WorkingSet (physical memory assigned to process): 80M, peak: 80M
current process commit charge ("private bytes"): 182M, peak: 183M

vm_info: OpenJDK 64-Bit Server VM (17.0.9+0--11185874) for windows-amd64 JRE (17.0.9+0--11185874), built on Dec  6 2023 18:57:44 by "androidbuild" with MS VC++ 16.10 / 16.11 (VS2019)

END.
