#
# There is insufficient memory for the Java Runtime Environment to continue.
# Native memory allocation (mmap) failed to map 34603008 bytes for G1 virtual space
# Possible reasons:
#   The system is out of physical RAM or swap space
#   The process is running with CompressedOops enabled, and the Java Heap may be blocking the growth of the native heap
# Possible solutions:
#   Reduce memory load on the system
#   Increase physical memory or swap space
#   Check if swap backing store is full
#   Decrease Java heap size (-Xmx/-Xms)
#   Decrease number of Java threads
#   Decrease Java thread stack sizes (-Xss)
#   Set larger code cache with -XX:ReservedCodeCacheSize=
#   JVM is running with Unscaled Compressed Oops mode in which the Java heap is
#     placed in the first 4GB address space. The Java Heap base address is the
#     maximum limit for the native heap growth. Please use -XX:HeapBaseMinAddress
#     to set the Java Heap base and to place the Java Heap above 4GB virtual address.
# This output file may be truncated or incomplete.
#
#  Out of Memory Error (os_windows.cpp:3825), pid=8920, tid=11388
#
# JRE version: OpenJDK Runtime Environment (17.0.9) (build 17.0.9+0--11185874)
# Java VM: OpenJDK 64-Bit Server VM (17.0.9+0--11185874, mixed mode, tiered, compressed oops, compressed class ptrs, g1 gc, windows-amd64)
# No core dump will be written. Minidumps are not enabled by default on client versions of Windows
#

---------------  S U M M A R Y ------------

Command Line: org.jetbrains.kotlin.cli.jvm.K2JVMCompiler @C:\Users\Javohir\AndroidStudioProjects\IT_Center3\app\build\20240514_8399967761806710111.compiler.options

Host: Intel(R) Core(TM) i3-6100U CPU @ 2.30GHz, 4 cores, 5G,  Windows 10 , 64 bit Build 19041 (10.0.19041.3636)
Time: Tue May 14 16:11:49 2024  Windows 10 , 64 bit Build 19041 (10.0.19041.3636) elapsed time: 28.856698 seconds (0d 0h 0m 28s)

---------------  T H R E A D  ---------------

Current thread (0x00000123f9848b00):  VMThread "VM Thread" [stack: 0x00000018f2a00000,0x00000018f2b00000] [id=11388]

Stack: [0x00000018f2a00000,0x00000018f2b00000]
Native frames: (J=compiled Java code, j=interpreted, Vv=VM code, C=native code)
V  [jvm.dll+0x6886e9]
V  [jvm.dll+0x841e4a]
V  [jvm.dll+0x843a8e]
V  [jvm.dll+0x8440f3]
V  [jvm.dll+0x24c14f]
V  [jvm.dll+0x685499]
V  [jvm.dll+0x679c2a]
V  [jvm.dll+0x30cf9b]
V  [jvm.dll+0x314446]
V  [jvm.dll+0x36425e]
V  [jvm.dll+0x36448f]
V  [jvm.dll+0x2e2d68]
V  [jvm.dll+0x2e0f44]
V  [jvm.dll+0x2e054c]
V  [jvm.dll+0x334cbc]
V  [jvm.dll+0x8487eb]
V  [jvm.dll+0x849531]
V  [jvm.dll+0x849a4d]
V  [jvm.dll+0x849e24]
V  [jvm.dll+0x849ef0]
V  [jvm.dll+0x7f06aa]
V  [jvm.dll+0x687565]
C  [ucrtbase.dll+0x21bb2]
C  [KERNEL32.DLL+0x17344]
C  [ntdll.dll+0x526b1]

VM_Operation (0x00000018f24fcc50): CollectForMetadataAllocation, mode: safepoint, requested by thread 0x00000123f062d650


---------------  P R O C E S S  ---------------

Threads class SMR info:
_java_thread_list=0x000001238fab3da0, length=13, elements={
0x00000123f062d650, 0x00000123f9831ff0, 0x00000123f9833890, 0x00000123f9879e40,
0x00000123f9896410, 0x00000123f9899680, 0x00000123f989a7e0, 0x00000123f9af2340,
0x00000123f9af34e0, 0x00000123f9af6e70, 0x00000123f9c427b0, 0x00000123f9c4cf60,
0x000001238f7e6010
}

Java Threads: ( => current thread )
  0x00000123f062d650 JavaThread "main" [_thread_blocked, id=6572, stack(0x00000018f2400000,0x00000018f2500000)]
  0x00000123f9831ff0 JavaThread "Reference Handler" daemon [_thread_blocked, id=1408, stack(0x00000018f2b00000,0x00000018f2c00000)]
  0x00000123f9833890 JavaThread "Finalizer" daemon [_thread_blocked, id=9608, stack(0x00000018f2c00000,0x00000018f2d00000)]
  0x00000123f9879e40 JavaThread "Signal Dispatcher" daemon [_thread_blocked, id=11232, stack(0x00000018f2d00000,0x00000018f2e00000)]
  0x00000123f9896410 JavaThread "Attach Listener" daemon [_thread_blocked, id=6032, stack(0x00000018f2e00000,0x00000018f2f00000)]
  0x00000123f9899680 JavaThread "Service Thread" daemon [_thread_blocked, id=10576, stack(0x00000018f2f00000,0x00000018f3000000)]
  0x00000123f989a7e0 JavaThread "Monitor Deflation Thread" daemon [_thread_blocked, id=10516, stack(0x00000018f3000000,0x00000018f3100000)]
  0x00000123f9af2340 JavaThread "C2 CompilerThread0" daemon [_thread_blocked, id=1812, stack(0x00000018f3100000,0x00000018f3200000)]
  0x00000123f9af34e0 JavaThread "C1 CompilerThread0" daemon [_thread_blocked, id=8492, stack(0x00000018f3200000,0x00000018f3300000)]
  0x00000123f9af6e70 JavaThread "Sweeper thread" daemon [_thread_blocked, id=7436, stack(0x00000018f3300000,0x00000018f3400000)]
  0x00000123f9c427b0 JavaThread "Notification Thread" daemon [_thread_blocked, id=8952, stack(0x00000018f3400000,0x00000018f3500000)]
  0x00000123f9c4cf60 JavaThread "Common-Cleaner" daemon [_thread_blocked, id=11564, stack(0x00000018f3600000,0x00000018f3700000)]
  0x000001238f7e6010 JavaThread "C2 CompilerThread1" daemon [_thread_blocked, id=7564, stack(0x00000018f3700000,0x00000018f3800000)]

Other Threads:
=>0x00000123f9848b00 VMThread "VM Thread" [stack: 0x00000018f2a00000,0x00000018f2b00000] [id=11388]
  0x00000123f9c42c90 WatcherThread [stack: 0x00000018f3500000,0x00000018f3600000] [id=6860]
  0x00000123f06781c0 GCTaskThread "GC Thread#0" [stack: 0x00000018f2500000,0x00000018f2600000] [id=1612]
  0x00000123fe1668f0 GCTaskThread "GC Thread#1" [stack: 0x00000018f3800000,0x00000018f3900000] [id=6640]
  0x00000123fe1becc0 GCTaskThread "GC Thread#2" [stack: 0x00000018f3900000,0x00000018f3a00000] [id=6900]
  0x00000123fe1d5860 GCTaskThread "GC Thread#3" [stack: 0x00000018f3a00000,0x00000018f3b00000] [id=11444]
  0x00000123f0685e60 ConcurrentGCThread "G1 Main Marker" [stack: 0x00000018f2600000,0x00000018f2700000] [id=11584]
  0x00000123f0687020 ConcurrentGCThread "G1 Conc#0" [stack: 0x00000018f2700000,0x00000018f2800000] [id=7748]
  0x00000123f06e7d10 ConcurrentGCThread "G1 Refine#0" [stack: 0x00000018f2800000,0x00000018f2900000] [id=8488]
  0x000001238ffe53e0 ConcurrentGCThread "G1 Refine#1" [stack: 0x00000018f3b00000,0x00000018f3c00000] [id=11012]
  0x000001238ffe5cb0 ConcurrentGCThread "G1 Refine#2" [stack: 0x00000018f3c00000,0x00000018f3d00000] [id=11492]
  0x00000123f06e8740 ConcurrentGCThread "G1 Service" [stack: 0x00000018f2900000,0x00000018f2a00000] [id=1016]

Threads with active compile tasks:
C2 CompilerThread1    28898 17424       4       jdk.internal.loader.BuiltinClassLoader::isSealed (71 bytes)

VM state: at safepoint (normal execution)

VM Mutex/Monitor currently owned by a thread:  ([mutex/lock_event])
[0x00000123f062abb0] Threads_lock - owner thread: 0x00000123f9848b00
[0x00000123f0629ec0] Heap_lock - owner thread: 0x00000123f062d650

Heap address: 0x00000000a1600000, size: 1514 MB, Compressed Oops mode: 32-bit

CDS archive(s) not mapped
Compressed class space mapped at: 0x0000000100000000-0x0000000140000000, reserved size: 1073741824
Narrow klass base: 0x0000000000000000, Narrow klass shift: 3, Narrow klass range: 0x140000000

GC Precious Log:
 CPUs: 4 total, 4 available
 Memory: 6049M
 Large Page Support: Disabled
 NUMA Support: Disabled
 Compressed Oops: Enabled (32-bit)
 Heap Region Size: 1M
 Heap Min Capacity: 8M
 Heap Initial Capacity: 96M
 Heap Max Capacity: 1514M
 Pre-touch: Disabled
 Parallel Workers: 4
 Concurrent Workers: 1
 Concurrent Refinement Workers: 4
 Periodic GC: Disabled

Heap:
 garbage-first heap   total 164864K, used 104462K [0x00000000a1600000, 0x0000000100000000)
  region size 1024K, 3 young (3072K), 3 survivors (3072K)
 Metaspace       used 88844K, committed 89088K, reserved 1179648K
  class space    used 9647K, committed 9792K, reserved 1048576K

Heap Regions: E=young(eden), S=young(survivor), O=old, HS=humongous(starts), HC=humongous(continues), CS=collection set, F=free, OA=open archive, CA=closed archive, TAMS=top-at-mark-start (previous, next)
|   0|0x00000000a1600000, 0x00000000a1700000, 0x00000000a1700000|100%|HS|  |TAMS 0x00000000a1700000, 0x00000000a1700000| Complete 
|   1|0x00000000a1700000, 0x00000000a1800000, 0x00000000a1800000|100%|HC|  |TAMS 0x00000000a1800000, 0x00000000a1800000| Complete 
|   2|0x00000000a1800000, 0x00000000a1900000, 0x00000000a1900000|100%|HC|  |TAMS 0x00000000a1900000, 0x00000000a1900000| Complete 
|   3|0x00000000a1900000, 0x00000000a1a00000, 0x00000000a1a00000|100%|HC|  |TAMS 0x00000000a1a00000, 0x00000000a1a00000| Complete 
|   4|0x00000000a1a00000, 0x00000000a1af2c00, 0x00000000a1b00000| 94%| O|  |TAMS 0x00000000a1af2c00, 0x00000000a1af2c00| Untracked 
|   5|0x00000000a1b00000, 0x00000000a1c00000, 0x00000000a1c00000|100%| O|  |TAMS 0x00000000a1c00000, 0x00000000a1c00000| Untracked 
|   6|0x00000000a1c00000, 0x00000000a1d00000, 0x00000000a1d00000|100%| O|  |TAMS 0x00000000a1d00000, 0x00000000a1d00000| Untracked 
|   7|0x00000000a1d00000, 0x00000000a1e00000, 0x00000000a1e00000|100%| O|  |TAMS 0x00000000a1e00000, 0x00000000a1e00000| Untracked 
|   8|0x00000000a1e00000, 0x00000000a1f00000, 0x00000000a1f00000|100%| O|  |TAMS 0x00000000a1f00000, 0x00000000a1f00000| Untracked 
|   9|0x00000000a1f00000, 0x00000000a2000000, 0x00000000a2000000|100%| O|  |TAMS 0x00000000a2000000, 0x00000000a2000000| Untracked 
|  10|0x00000000a2000000, 0x00000000a2100000, 0x00000000a2100000|100%| O|  |TAMS 0x00000000a2100000, 0x00000000a2100000| Untracked 
|  11|0x00000000a2100000, 0x00000000a2200000, 0x00000000a2200000|100%| O|  |TAMS 0x00000000a2200000, 0x00000000a2200000| Untracked 
|  12|0x00000000a2200000, 0x00000000a2300000, 0x00000000a2300000|100%| O|  |TAMS 0x00000000a2300000, 0x00000000a2300000| Untracked 
|  13|0x00000000a2300000, 0x00000000a2400000, 0x00000000a2400000|100%| O|  |TAMS 0x00000000a2400000, 0x00000000a2400000| Untracked 
|  14|0x00000000a2400000, 0x00000000a2500000, 0x00000000a2500000|100%| O|  |TAMS 0x00000000a2400000, 0x00000000a2500000| Untracked 
|  15|0x00000000a2500000, 0x00000000a2600000, 0x00000000a2600000|100%| O|  |TAMS 0x00000000a2500000, 0x00000000a2600000| Untracked 
|  16|0x00000000a2600000, 0x00000000a2700000, 0x00000000a2700000|100%| O|  |TAMS 0x00000000a2700000, 0x00000000a2700000| Untracked 
|  17|0x00000000a2700000, 0x00000000a2800000, 0x00000000a2800000|100%| O|  |TAMS 0x00000000a2800000, 0x00000000a2800000| Untracked 
|  18|0x00000000a2800000, 0x00000000a2900000, 0x00000000a2900000|100%| O|  |TAMS 0x00000000a2900000, 0x00000000a2900000| Untracked 
|  19|0x00000000a2900000, 0x00000000a2a00000, 0x00000000a2a00000|100%| O|  |TAMS 0x00000000a2a00000, 0x00000000a2a00000| Untracked 
|  20|0x00000000a2a00000, 0x00000000a2b00000, 0x00000000a2b00000|100%| O|  |TAMS 0x00000000a2b00000, 0x00000000a2b00000| Untracked 
|  21|0x00000000a2b00000, 0x00000000a2c00000, 0x00000000a2c00000|100%| O|  |TAMS 0x00000000a2c00000, 0x00000000a2c00000| Untracked 
|  22|0x00000000a2c00000, 0x00000000a2d00000, 0x00000000a2d00000|100%|HS|  |TAMS 0x00000000a2d00000, 0x00000000a2d00000| Complete 
|  23|0x00000000a2d00000, 0x00000000a2e00000, 0x00000000a2e00000|100%|HC|  |TAMS 0x00000000a2e00000, 0x00000000a2e00000| Complete 
|  24|0x00000000a2e00000, 0x00000000a2f00000, 0x00000000a2f00000|100%| O|  |TAMS 0x00000000a2f00000, 0x00000000a2f00000| Untracked 
|  25|0x00000000a2f00000, 0x00000000a3000000, 0x00000000a3000000|100%| O|  |TAMS 0x00000000a3000000, 0x00000000a3000000| Untracked 
|  26|0x00000000a3000000, 0x00000000a3100000, 0x00000000a3100000|100%| O|  |TAMS 0x00000000a3100000, 0x00000000a3100000| Untracked 
|  27|0x00000000a3100000, 0x00000000a3200000, 0x00000000a3200000|100%| O|  |TAMS 0x00000000a3200000, 0x00000000a3200000| Untracked 
|  28|0x00000000a3200000, 0x00000000a3300000, 0x00000000a3300000|100%| O|  |TAMS 0x00000000a3300000, 0x00000000a3300000| Untracked 
|  29|0x00000000a3300000, 0x00000000a3400000, 0x00000000a3400000|100%| O|  |TAMS 0x00000000a3400000, 0x00000000a3400000| Untracked 
|  30|0x00000000a3400000, 0x00000000a3500000, 0x00000000a3500000|100%| O|  |TAMS 0x00000000a3500000, 0x00000000a3500000| Untracked 
|  31|0x00000000a3500000, 0x00000000a3600000, 0x00000000a3600000|100%| O|  |TAMS 0x00000000a3600000, 0x00000000a3600000| Untracked 
|  32|0x00000000a3600000, 0x00000000a3700000, 0x00000000a3700000|100%| O|  |TAMS 0x00000000a36be200, 0x00000000a3700000| Untracked 
|  33|0x00000000a3700000, 0x00000000a378f200, 0x00000000a3800000| 55%| O|  |TAMS 0x00000000a3700000, 0x00000000a378f200| Untracked 
|  34|0x00000000a3800000, 0x00000000a3900000, 0x00000000a3900000|100%| O|  |TAMS 0x00000000a3800000, 0x00000000a3900000| Untracked 
|  35|0x00000000a3900000, 0x00000000a3a00000, 0x00000000a3a00000|100%| O|  |TAMS 0x00000000a3900000, 0x00000000a3a00000| Untracked 
|  36|0x00000000a3a00000, 0x00000000a3b00000, 0x00000000a3b00000|100%| O|  |TAMS 0x00000000a3a00000, 0x00000000a3b00000| Untracked 
|  37|0x00000000a3b00000, 0x00000000a3c00000, 0x00000000a3c00000|100%| O|  |TAMS 0x00000000a3b00000, 0x00000000a3c00000| Untracked 
|  38|0x00000000a3c00000, 0x00000000a3d00000, 0x00000000a3d00000|100%| O|  |TAMS 0x00000000a3c00000, 0x00000000a3d00000| Untracked 
|  39|0x00000000a3d00000, 0x00000000a3e00000, 0x00000000a3e00000|100%| O|  |TAMS 0x00000000a3d00000, 0x00000000a3e00000| Untracked 
|  40|0x00000000a3e00000, 0x00000000a3f00000, 0x00000000a3f00000|100%| O|  |TAMS 0x00000000a3e00000, 0x00000000a3f00000| Untracked 
|  41|0x00000000a3f00000, 0x00000000a4000000, 0x00000000a4000000|100%| O|  |TAMS 0x00000000a3f00000, 0x00000000a4000000| Untracked 
|  42|0x00000000a4000000, 0x00000000a4100000, 0x00000000a4100000|100%| O|  |TAMS 0x00000000a4000000, 0x00000000a4100000| Untracked 
|  43|0x00000000a4100000, 0x00000000a4200000, 0x00000000a4200000|100%| O|  |TAMS 0x00000000a4100000, 0x00000000a4200000| Untracked 
|  44|0x00000000a4200000, 0x00000000a4300000, 0x00000000a4300000|100%| O|  |TAMS 0x00000000a4200000, 0x00000000a4300000| Untracked 
|  45|0x00000000a4300000, 0x00000000a4400000, 0x00000000a4400000|100%| O|  |TAMS 0x00000000a4300000, 0x00000000a4400000| Untracked 
|  46|0x00000000a4400000, 0x00000000a4500000, 0x00000000a4500000|100%| O|  |TAMS 0x00000000a4400000, 0x00000000a4500000| Untracked 
|  47|0x00000000a4500000, 0x00000000a4600000, 0x00000000a4600000|100%| O|  |TAMS 0x00000000a4500000, 0x00000000a4600000| Untracked 
|  48|0x00000000a4600000, 0x00000000a4700000, 0x00000000a4700000|100%| O|  |TAMS 0x00000000a4600000, 0x00000000a4700000| Untracked 
|  49|0x00000000a4700000, 0x00000000a4800000, 0x00000000a4800000|100%| O|  |TAMS 0x00000000a4700000, 0x00000000a4800000| Untracked 
|  50|0x00000000a4800000, 0x00000000a4900000, 0x00000000a4900000|100%| O|  |TAMS 0x00000000a4800000, 0x00000000a4900000| Untracked 
|  51|0x00000000a4900000, 0x00000000a4a00000, 0x00000000a4a00000|100%| O|  |TAMS 0x00000000a4900000, 0x00000000a4a00000| Untracked 
|  52|0x00000000a4a00000, 0x00000000a4b00000, 0x00000000a4b00000|100%| O|  |TAMS 0x00000000a4a00000, 0x00000000a4b00000| Untracked 
|  53|0x00000000a4b00000, 0x00000000a4c00000, 0x00000000a4c00000|100%| O|  |TAMS 0x00000000a4b00000, 0x00000000a4c00000| Untracked 
|  54|0x00000000a4c00000, 0x00000000a4d00000, 0x00000000a4d00000|100%| O|  |TAMS 0x00000000a4c00000, 0x00000000a4d00000| Untracked 
|  55|0x00000000a4d00000, 0x00000000a4e00000, 0x00000000a4e00000|100%| O|  |TAMS 0x00000000a4d00000, 0x00000000a4e00000| Untracked 
|  56|0x00000000a4e00000, 0x00000000a4f00000, 0x00000000a4f00000|100%| O|  |TAMS 0x00000000a4e00000, 0x00000000a4f00000| Untracked 
|  57|0x00000000a4f00000, 0x00000000a5000000, 0x00000000a5000000|100%| O|  |TAMS 0x00000000a4f00000, 0x00000000a5000000| Untracked 
|  58|0x00000000a5000000, 0x00000000a5100000, 0x00000000a5100000|100%| O|  |TAMS 0x00000000a5000000, 0x00000000a5100000| Untracked 
|  59|0x00000000a5100000, 0x00000000a5200000, 0x00000000a5200000|100%| O|  |TAMS 0x00000000a5100000, 0x00000000a5200000| Untracked 
|  60|0x00000000a5200000, 0x00000000a5300000, 0x00000000a5300000|100%| O|  |TAMS 0x00000000a5200000, 0x00000000a5300000| Untracked 
|  61|0x00000000a5300000, 0x00000000a5400000, 0x00000000a5400000|100%| O|  |TAMS 0x00000000a5300000, 0x00000000a5400000| Untracked 
|  62|0x00000000a5400000, 0x00000000a5500000, 0x00000000a5500000|100%|HS|  |TAMS 0x00000000a5400000, 0x00000000a5500000| Complete 
|  63|0x00000000a5500000, 0x00000000a5600000, 0x00000000a5600000|100%|HC|  |TAMS 0x00000000a5500000, 0x00000000a5600000| Complete 
|  64|0x00000000a5600000, 0x00000000a5700000, 0x00000000a5700000|100%| O|  |TAMS 0x00000000a5600000, 0x00000000a5700000| Untracked 
|  65|0x00000000a5700000, 0x00000000a5800000, 0x00000000a5800000|100%| O|  |TAMS 0x00000000a5700000, 0x00000000a5800000| Untracked 
|  66|0x00000000a5800000, 0x00000000a5900000, 0x00000000a5900000|100%| O|  |TAMS 0x00000000a5800000, 0x00000000a5900000| Untracked 
|  67|0x00000000a5900000, 0x00000000a5a00000, 0x00000000a5a00000|100%| O|  |TAMS 0x00000000a5900000, 0x00000000a5a00000| Untracked 
|  68|0x00000000a5a00000, 0x00000000a5b00000, 0x00000000a5b00000|100%| O|  |TAMS 0x00000000a5a00000, 0x00000000a5b00000| Untracked 
|  69|0x00000000a5b00000, 0x00000000a5c00000, 0x00000000a5c00000|100%| O|  |TAMS 0x00000000a5b00000, 0x00000000a5c00000| Untracked 
|  70|0x00000000a5c00000, 0x00000000a5d00000, 0x00000000a5d00000|100%| O|  |TAMS 0x00000000a5c00000, 0x00000000a5d00000| Untracked 
|  71|0x00000000a5d00000, 0x00000000a5e00000, 0x00000000a5e00000|100%| O|  |TAMS 0x00000000a5d00000, 0x00000000a5e00000| Untracked 
|  72|0x00000000a5e00000, 0x00000000a5f00000, 0x00000000a5f00000|100%| O|  |TAMS 0x00000000a5e00000, 0x00000000a5f00000| Untracked 
|  73|0x00000000a5f00000, 0x00000000a6000000, 0x00000000a6000000|100%| O|  |TAMS 0x00000000a5f00000, 0x00000000a6000000| Untracked 
|  74|0x00000000a6000000, 0x00000000a6100000, 0x00000000a6100000|100%| O|  |TAMS 0x00000000a6000000, 0x00000000a6100000| Untracked 
|  75|0x00000000a6100000, 0x00000000a6200000, 0x00000000a6200000|100%| O|  |TAMS 0x00000000a6100000, 0x00000000a6200000| Untracked 
|  76|0x00000000a6200000, 0x00000000a6300000, 0x00000000a6300000|100%| O|  |TAMS 0x00000000a6200000, 0x00000000a6300000| Untracked 
|  77|0x00000000a6300000, 0x00000000a6400000, 0x00000000a6400000|100%| O|  |TAMS 0x00000000a6300000, 0x00000000a6400000| Untracked 
|  78|0x00000000a6400000, 0x00000000a6500000, 0x00000000a6500000|100%| O|  |TAMS 0x00000000a6400000, 0x00000000a6500000| Untracked 
|  79|0x00000000a6500000, 0x00000000a6600000, 0x00000000a6600000|100%| O|  |TAMS 0x00000000a6500000, 0x00000000a6600000| Untracked 
|  80|0x00000000a6600000, 0x00000000a6700000, 0x00000000a6700000|100%| O|  |TAMS 0x00000000a6600000, 0x00000000a6700000| Untracked 
|  81|0x00000000a6700000, 0x00000000a6800000, 0x00000000a6800000|100%| O|  |TAMS 0x00000000a6700000, 0x00000000a6800000| Untracked 
|  82|0x00000000a6800000, 0x00000000a6900000, 0x00000000a6900000|100%| O|  |TAMS 0x00000000a6800000, 0x00000000a6900000| Untracked 
|  83|0x00000000a6900000, 0x00000000a6a00000, 0x00000000a6a00000|100%| O|  |TAMS 0x00000000a6900000, 0x00000000a6a00000| Untracked 
|  84|0x00000000a6a00000, 0x00000000a6b00000, 0x00000000a6b00000|100%| O|  |TAMS 0x00000000a6a00000, 0x00000000a6b00000| Untracked 
|  85|0x00000000a6b00000, 0x00000000a6c00000, 0x00000000a6c00000|100%| O|  |TAMS 0x00000000a6b00000, 0x00000000a6c00000| Untracked 
|  86|0x00000000a6c00000, 0x00000000a6d00000, 0x00000000a6d00000|100%| O|  |TAMS 0x00000000a6c00000, 0x00000000a6d00000| Untracked 
|  87|0x00000000a6d00000, 0x00000000a6e00000, 0x00000000a6e00000|100%| O|  |TAMS 0x00000000a6d00000, 0x00000000a6e00000| Untracked 
|  88|0x00000000a6e00000, 0x00000000a6f00000, 0x00000000a6f00000|100%| O|  |TAMS 0x00000000a6e00000, 0x00000000a6f00000| Untracked 
|  89|0x00000000a6f00000, 0x00000000a7000000, 0x00000000a7000000|100%| O|  |TAMS 0x00000000a6f00000, 0x00000000a7000000| Untracked 
|  90|0x00000000a7000000, 0x00000000a7100000, 0x00000000a7100000|100%| O|  |TAMS 0x00000000a7000000, 0x00000000a7100000| Untracked 
|  91|0x00000000a7100000, 0x00000000a7200000, 0x00000000a7200000|100%| O|  |TAMS 0x00000000a7100000, 0x00000000a7200000| Untracked 
|  92|0x00000000a7200000, 0x00000000a7300000, 0x00000000a7300000|100%| O|  |TAMS 0x00000000a7200000, 0x00000000a7300000| Untracked 
|  93|0x00000000a7300000, 0x00000000a7400000, 0x00000000a7400000|100%| O|  |TAMS 0x00000000a7300000, 0x00000000a7400000| Untracked 
|  94|0x00000000a7400000, 0x00000000a7500000, 0x00000000a7500000|100%| O|  |TAMS 0x00000000a7400000, 0x00000000a7500000| Untracked 
|  95|0x00000000a7500000, 0x00000000a7600000, 0x00000000a7600000|100%| O|  |TAMS 0x00000000a7500000, 0x00000000a7600000| Untracked 
|  96|0x00000000a7600000, 0x00000000a7700000, 0x00000000a7700000|100%| O|  |TAMS 0x00000000a7600000, 0x00000000a7700000| Untracked 
|  97|0x00000000a7700000, 0x00000000a7800000, 0x00000000a7800000|100%| O|  |TAMS 0x00000000a7700000, 0x00000000a7800000| Untracked 
|  98|0x00000000a7800000, 0x00000000a78b9000, 0x00000000a7900000| 72%| O|  |TAMS 0x00000000a7800000, 0x00000000a78b9000| Untracked 
|  99|0x00000000a7900000, 0x00000000a7900000, 0x00000000a7a00000|  0%| F|  |TAMS 0x00000000a7900000, 0x00000000a7900000| Untracked 
| 100|0x00000000a7a00000, 0x00000000a7a00000, 0x00000000a7b00000|  0%| F|  |TAMS 0x00000000a7a00000, 0x00000000a7a00000| Untracked 
| 101|0x00000000a7b00000, 0x00000000a7b00000, 0x00000000a7c00000|  0%| F|  |TAMS 0x00000000a7b00000, 0x00000000a7b00000| Untracked 
| 102|0x00000000a7c00000, 0x00000000a7c00000, 0x00000000a7d00000|  0%| F|  |TAMS 0x00000000a7c00000, 0x00000000a7c00000| Untracked 
| 103|0x00000000a7d00000, 0x00000000a7d00000, 0x00000000a7e00000|  0%| F|  |TAMS 0x00000000a7d00000, 0x00000000a7d00000| Untracked 
| 104|0x00000000a7e00000, 0x00000000a7e00000, 0x00000000a7f00000|  0%| F|  |TAMS 0x00000000a7e00000, 0x00000000a7e00000| Untracked 
| 105|0x00000000a7f00000, 0x00000000a7f00000, 0x00000000a8000000|  0%| F|  |TAMS 0x00000000a7f00000, 0x00000000a7f00000| Untracked 
| 106|0x00000000a8000000, 0x00000000a8000000, 0x00000000a8100000|  0%| F|  |TAMS 0x00000000a8000000, 0x00000000a8000000| Untracked 
| 107|0x00000000a8100000, 0x00000000a8100000, 0x00000000a8200000|  0%| F|  |TAMS 0x00000000a8100000, 0x00000000a8100000| Untracked 
| 108|0x00000000a8200000, 0x00000000a8200000, 0x00000000a8300000|  0%| F|  |TAMS 0x00000000a8200000, 0x00000000a8200000| Untracked 
| 109|0x00000000a8300000, 0x00000000a8300000, 0x00000000a8400000|  0%| F|  |TAMS 0x00000000a8300000, 0x00000000a8300000| Untracked 
| 110|0x00000000a8400000, 0x00000000a8400000, 0x00000000a8500000|  0%| F|  |TAMS 0x00000000a8400000, 0x00000000a8400000| Untracked 
| 111|0x00000000a8500000, 0x00000000a8500000, 0x00000000a8600000|  0%| F|  |TAMS 0x00000000a8500000, 0x00000000a8500000| Untracked 
| 112|0x00000000a8600000, 0x00000000a8600000, 0x00000000a8700000|  0%| F|  |TAMS 0x00000000a8600000, 0x00000000a8600000| Untracked 
| 113|0x00000000a8700000, 0x00000000a8700000, 0x00000000a8800000|  0%| F|  |TAMS 0x00000000a8700000, 0x00000000a8700000| Untracked 
| 114|0x00000000a8800000, 0x00000000a8800000, 0x00000000a8900000|  0%| F|  |TAMS 0x00000000a8800000, 0x00000000a8800000| Untracked 
| 115|0x00000000a8900000, 0x00000000a8900000, 0x00000000a8a00000|  0%| F|  |TAMS 0x00000000a8900000, 0x00000000a8900000| Untracked 
| 116|0x00000000a8a00000, 0x00000000a8a00000, 0x00000000a8b00000|  0%| F|  |TAMS 0x00000000a8a00000, 0x00000000a8a00000| Untracked 
| 117|0x00000000a8b00000, 0x00000000a8b00000, 0x00000000a8c00000|  0%| F|  |TAMS 0x00000000a8b00000, 0x00000000a8b00000| Untracked 
| 118|0x00000000a8c00000, 0x00000000a8c00000, 0x00000000a8d00000|  0%| F|  |TAMS 0x00000000a8c00000, 0x00000000a8c00000| Untracked 
| 119|0x00000000a8d00000, 0x00000000a8d00000, 0x00000000a8e00000|  0%| F|  |TAMS 0x00000000a8d00000, 0x00000000a8d00000| Untracked 
| 120|0x00000000a8e00000, 0x00000000a8e00000, 0x00000000a8f00000|  0%| F|  |TAMS 0x00000000a8e00000, 0x00000000a8e00000| Untracked 
| 121|0x00000000a8f00000, 0x00000000a8f00000, 0x00000000a9000000|  0%| F|  |TAMS 0x00000000a8f00000, 0x00000000a8f00000| Untracked 
| 122|0x00000000a9000000, 0x00000000a9000000, 0x00000000a9100000|  0%| F|  |TAMS 0x00000000a9000000, 0x00000000a9000000| Untracked 
| 123|0x00000000a9100000, 0x00000000a9100000, 0x00000000a9200000|  0%| F|  |TAMS 0x00000000a9100000, 0x00000000a9100000| Untracked 
| 124|0x00000000a9200000, 0x00000000a9200000, 0x00000000a9300000|  0%| F|  |TAMS 0x00000000a9200000, 0x00000000a9200000| Untracked 
| 125|0x00000000a9300000, 0x00000000a9300000, 0x00000000a9400000|  0%| F|  |TAMS 0x00000000a9300000, 0x00000000a9300000| Untracked 
| 126|0x00000000a9400000, 0x00000000a9400000, 0x00000000a9500000|  0%| F|  |TAMS 0x00000000a9400000, 0x00000000a9400000| Untracked 
| 127|0x00000000a9500000, 0x00000000a9500000, 0x00000000a9600000|  0%| F|  |TAMS 0x00000000a9500000, 0x00000000a9500000| Untracked 
| 128|0x00000000a9600000, 0x00000000a9600000, 0x00000000a9700000|  0%| F|  |TAMS 0x00000000a9600000, 0x00000000a9600000| Untracked 
| 129|0x00000000a9700000, 0x00000000a9700000, 0x00000000a9800000|  0%| F|  |TAMS 0x00000000a9700000, 0x00000000a9700000| Untracked 
| 130|0x00000000a9800000, 0x00000000a9800000, 0x00000000a9900000|  0%| F|  |TAMS 0x00000000a9800000, 0x00000000a9800000| Untracked 
| 131|0x00000000a9900000, 0x00000000a9900000, 0x00000000a9a00000|  0%| F|  |TAMS 0x00000000a9900000, 0x00000000a9900000| Untracked 
| 132|0x00000000a9a00000, 0x00000000a9a00000, 0x00000000a9b00000|  0%| F|  |TAMS 0x00000000a9a00000, 0x00000000a9a00000| Untracked 
| 133|0x00000000a9b00000, 0x00000000a9bc8d90, 0x00000000a9c00000| 78%| S|CS|TAMS 0x00000000a9b00000, 0x00000000a9b00000| Complete 
| 134|0x00000000a9c00000, 0x00000000a9d00000, 0x00000000a9d00000|100%| S|CS|TAMS 0x00000000a9c00000, 0x00000000a9c00000| Complete 
| 135|0x00000000a9d00000, 0x00000000a9e00000, 0x00000000a9e00000|100%| S|CS|TAMS 0x00000000a9d00000, 0x00000000a9d00000| Complete 
| 136|0x00000000a9e00000, 0x00000000a9e00000, 0x00000000a9f00000|  0%| F|  |TAMS 0x00000000a9e00000, 0x00000000a9e00000| Untracked 
| 137|0x00000000a9f00000, 0x00000000a9f00000, 0x00000000aa000000|  0%| F|  |TAMS 0x00000000a9f00000, 0x00000000a9f00000| Untracked 
| 138|0x00000000aa000000, 0x00000000aa000000, 0x00000000aa100000|  0%| F|  |TAMS 0x00000000aa000000, 0x00000000aa000000| Untracked 
| 139|0x00000000aa100000, 0x00000000aa100000, 0x00000000aa200000|  0%| F|  |TAMS 0x00000000aa100000, 0x00000000aa100000| Untracked 
| 140|0x00000000aa200000, 0x00000000aa200000, 0x00000000aa300000|  0%| F|  |TAMS 0x00000000aa200000, 0x00000000aa200000| Untracked 
| 141|0x00000000aa300000, 0x00000000aa300000, 0x00000000aa400000|  0%| F|  |TAMS 0x00000000aa300000, 0x00000000aa300000| Untracked 
| 142|0x00000000aa400000, 0x00000000aa400000, 0x00000000aa500000|  0%| F|  |TAMS 0x00000000aa400000, 0x00000000aa400000| Untracked 
| 143|0x00000000aa500000, 0x00000000aa500000, 0x00000000aa600000|  0%| F|  |TAMS 0x00000000aa500000, 0x00000000aa500000| Untracked 
| 144|0x00000000aa600000, 0x00000000aa600000, 0x00000000aa700000|  0%| F|  |TAMS 0x00000000aa600000, 0x00000000aa600000| Untracked 
| 145|0x00000000aa700000, 0x00000000aa700000, 0x00000000aa800000|  0%| F|  |TAMS 0x00000000aa700000, 0x00000000aa700000| Untracked 
| 146|0x00000000aa800000, 0x00000000aa800000, 0x00000000aa900000|  0%| F|  |TAMS 0x00000000aa800000, 0x00000000aa800000| Untracked 
| 147|0x00000000aa900000, 0x00000000aa900000, 0x00000000aaa00000|  0%| F|  |TAMS 0x00000000aa900000, 0x00000000aa900000| Untracked 
| 148|0x00000000aaa00000, 0x00000000aaa00000, 0x00000000aab00000|  0%| F|  |TAMS 0x00000000aaa00000, 0x00000000aaa00000| Untracked 
| 149|0x00000000aab00000, 0x00000000aab00000, 0x00000000aac00000|  0%| F|  |TAMS 0x00000000aab00000, 0x00000000aab00000| Untracked 
| 150|0x00000000aac00000, 0x00000000aac00000, 0x00000000aad00000|  0%| F|  |TAMS 0x00000000aac00000, 0x00000000aac00000| Untracked 
| 151|0x00000000aad00000, 0x00000000aad00000, 0x00000000aae00000|  0%| F|  |TAMS 0x00000000aad00000, 0x00000000aad00000| Untracked 
| 152|0x00000000aae00000, 0x00000000aae00000, 0x00000000aaf00000|  0%| F|  |TAMS 0x00000000aae00000, 0x00000000aae00000| Untracked 
| 153|0x00000000aaf00000, 0x00000000aaf00000, 0x00000000ab000000|  0%| F|  |TAMS 0x00000000aaf00000, 0x00000000aaf00000| Untracked 
| 154|0x00000000ab000000, 0x00000000ab000000, 0x00000000ab100000|  0%| F|  |TAMS 0x00000000ab000000, 0x00000000ab000000| Untracked 
| 155|0x00000000ab100000, 0x00000000ab100000, 0x00000000ab200000|  0%| F|  |TAMS 0x00000000ab100000, 0x00000000ab100000| Untracked 
| 156|0x00000000ab200000, 0x00000000ab200000, 0x00000000ab300000|  0%| F|  |TAMS 0x00000000ab200000, 0x00000000ab200000| Untracked 
| 157|0x00000000ab300000, 0x00000000ab300000, 0x00000000ab400000|  0%| F|  |TAMS 0x00000000ab300000, 0x00000000ab300000| Untracked 
| 158|0x00000000ab400000, 0x00000000ab400000, 0x00000000ab500000|  0%| F|  |TAMS 0x00000000ab400000, 0x00000000ab400000| Untracked 
| 159|0x00000000ab500000, 0x00000000ab500000, 0x00000000ab600000|  0%| F|  |TAMS 0x00000000ab500000, 0x00000000ab500000| Untracked 
|1513|0x00000000fff00000, 0x0000000100000000, 0x0000000100000000|100%| O|  |TAMS 0x0000000100000000, 0x0000000100000000| Untracked 

Card table byte_map: [0x00000123f3e10000,0x00000123f4110000] _byte_map_base: 0x00000123f3905000

Marking Bits (Prev, Next): (CMBitMap*) 0x00000123f06797f0, (CMBitMap*) 0x00000123f0679830
 Prev Bits: [0x00000123f4410000, 0x00000123f5bb8000)
 Next Bits: [0x00000123f5bc0000, 0x00000123f7368000)

Polling page: 0x00000123ee3d0000

Metaspace:

Usage:
  Non-class:     77.34 MB used.
      Class:      9.42 MB used.
       Both:     86.76 MB used.

Virtual space:
  Non-class space:      128.00 MB reserved,      77.44 MB ( 60%) committed,  2 nodes.
      Class space:        1.00 GB reserved,       9.56 MB ( <1%) committed,  1 nodes.
             Both:        1.12 GB reserved,      87.00 MB (  8%) committed. 

Chunk freelists:
   Non-Class:  2.31 MB
       Class:  6.44 MB
        Both:  8.75 MB

MaxMetaspaceSize: unlimited
CompressedClassSpaceSize: 1.00 GB
Initial GC threshold: 21.00 MB
Current GC threshold: 87.00 MB
CDS: off
MetaspaceReclaimPolicy: balanced
 - commit_granule_bytes: 65536.
 - commit_granule_words: 8192.
 - virtual_space_node_default_size: 8388608.
 - enlarge_chunks_in_place: 1.
 - new_chunks_are_fully_committed: 0.
 - uncommit_free_chunks: 1.
 - use_allocation_guard: 0.
 - handle_deallocations: 1.


Internal statistics:

num_allocs_failed_limit: 6.
num_arena_births: 364.
num_arena_deaths: 0.
num_vsnodes_births: 3.
num_vsnodes_deaths: 0.
num_space_committed: 1390.
num_space_uncommitted: 0.
num_chunks_returned_to_freelist: 6.
num_chunks_taken_from_freelist: 3239.
num_chunk_merges: 6.
num_chunk_splits: 2676.
num_chunks_enlarged: 2392.
num_inconsistent_stats: 0.

CodeHeap 'non-profiled nmethods': size=120000Kb used=7436Kb max_used=7436Kb free=112563Kb
 bounds [0x0000012387ad0000, 0x0000012388220000, 0x000001238f000000]
CodeHeap 'profiled nmethods': size=120000Kb used=40858Kb max_used=40858Kb free=79141Kb
 bounds [0x0000012380000000, 0x00000123827f0000, 0x0000012387530000]
CodeHeap 'non-nmethods': size=5760Kb used=1402Kb max_used=1482Kb free=4357Kb
 bounds [0x0000012387530000, 0x00000123877a0000, 0x0000012387ad0000]
 total_blobs=14854 nmethods=14123 adapters=639
 compilation: enabled
              stopped_count=0, restarted_count=0
 full_count=0

Compilation events (20 events):
Event: 28.804 Thread 0x00000123f9af34e0 17426       3       org.jetbrains.org.objectweb.asm.SymbolTable::get (13 bytes)
Event: 28.805 Thread 0x00000123f9af34e0 nmethod 17426 0x00000123827e3810 code [0x00000123827e39a0, 0x00000123827e3af8]
Event: 28.808 Thread 0x00000123f9af2340 17427       4       org.jetbrains.org.objectweb.asm.MethodVisitor::visitVarInsn (17 bytes)
Event: 28.808 Thread 0x00000123f9af34e0 17428       3       org.jetbrains.kotlin.codegen.optimization.transformer.MethodTransformer::<init> (5 bytes)
Event: 28.808 Thread 0x00000123f9af2340 nmethod 17427 0x0000012388212790 code [0x0000012388212900, 0x00000123882129b8]
Event: 28.808 Thread 0x00000123f9af34e0 nmethod 17428 0x00000123827e3c10 code [0x00000123827e3da0, 0x00000123827e3ef8]
Event: 28.810 Thread 0x00000123f9af34e0 17429       3       org.jetbrains.org.objectweb.asm.tree.AbstractInsnNode::<init> (15 bytes)
Event: 28.810 Thread 0x00000123f9af34e0 nmethod 17429 0x00000123827e3f90 code [0x00000123827e4120, 0x00000123827e4298]
Event: 28.811 Thread 0x00000123f9af34e0 17430       3       org.jetbrains.kotlin.backend.jvm.mapping.IrTypeMapper::classInternalName (101 bytes)
Event: 28.813 Thread 0x00000123f9af34e0 nmethod 17430 0x00000123827e4390 code [0x00000123827e4740, 0x00000123827e5cc8]
Event: 28.813 Thread 0x00000123f9af34e0 17431       3       org.jetbrains.org.objectweb.asm.tree.InsnList::add (62 bytes)
Event: 28.814 Thread 0x00000123f9af34e0 nmethod 17431 0x00000123827e6490 code [0x00000123827e6640, 0x00000123827e69b8]
Event: 28.815 Thread 0x00000123f9af34e0 17432       3       org.jetbrains.kotlin.codegen.optimization.common.UtilKt::isStoreOperation (33 bytes)
Event: 28.815 Thread 0x00000123f9af34e0 nmethod 17432 0x00000123827e6b10 code [0x00000123827e6d20, 0x00000123827e73d8]
Event: 28.816 Thread 0x00000123f9af34e0 17433       3       org.jetbrains.org.objectweb.asm.ByteVector::putUTF8 (144 bytes)
Event: 28.818 Thread 0x00000123f9af34e0 nmethod 17433 0x00000123827e7690 code [0x00000123827e7900, 0x00000123827e8408]
Event: 28.819 Thread 0x00000123f9af34e0 17434       3       org.jetbrains.org.objectweb.asm.tree.InsnList::toArray (41 bytes)
Event: 28.820 Thread 0x00000123f9af34e0 nmethod 17434 0x00000123827e8910 code [0x00000123827e8ac0, 0x00000123827e8eb8]
Event: 28.821 Thread 0x00000123f9af2340 17435       4       gnu.trove.TObjectHash::index (146 bytes)
Event: 28.826 Thread 0x00000123f9af2340 nmethod 17435 0x0000012388212a90 code [0x0000012388212c20, 0x0000012388212f18]

GC Heap History (20 events):
Event: 20.775 GC heap after
{Heap after GC invocations=34 (full 0):
 garbage-first heap   total 137216K, used 81210K [0x00000000a1600000, 0x0000000100000000)
  region size 1024K, 4 young (4096K), 4 survivors (4096K)
 Metaspace       used 68245K, committed 68608K, reserved 1114112K
  class space    used 7707K, committed 7872K, reserved 1048576K
}
Event: 21.930 GC heap before
{Heap before GC invocations=34 (full 0):
 garbage-first heap   total 137216K, used 110906K [0x00000000a1600000, 0x0000000100000000)
  region size 1024K, 33 young (33792K), 4 survivors (4096K)
 Metaspace       used 68815K, committed 69184K, reserved 1114112K
  class space    used 7742K, committed 7936K, reserved 1048576K
}
Event: 21.940 GC heap after
{Heap after GC invocations=35 (full 0):
 garbage-first heap   total 137216K, used 82704K [0x00000000a1600000, 0x0000000100000000)
  region size 1024K, 2 young (2048K), 2 survivors (2048K)
 Metaspace       used 68815K, committed 69184K, reserved 1114112K
  class space    used 7742K, committed 7936K, reserved 1048576K
}
Event: 22.671 GC heap before
{Heap before GC invocations=35 (full 0):
 garbage-first heap   total 137216K, used 112400K [0x00000000a1600000, 0x0000000100000000)
  region size 1024K, 31 young (31744K), 2 survivors (2048K)
 Metaspace       used 72581K, committed 72896K, reserved 1114112K
  class space    used 8112K, committed 8256K, reserved 1048576K
}
Event: 22.681 GC heap after
{Heap after GC invocations=36 (full 0):
 garbage-first heap   total 137216K, used 85380K [0x00000000a1600000, 0x0000000100000000)
  region size 1024K, 4 young (4096K), 4 survivors (4096K)
 Metaspace       used 72581K, committed 72896K, reserved 1114112K
  class space    used 8112K, committed 8256K, reserved 1048576K
}
Event: 23.466 GC heap before
{Heap before GC invocations=36 (full 0):
 garbage-first heap   total 137216K, used 113028K [0x00000000a1600000, 0x0000000100000000)
  region size 1024K, 31 young (31744K), 4 survivors (4096K)
 Metaspace       used 74894K, committed 75264K, reserved 1179648K
  class space    used 8324K, committed 8512K, reserved 1048576K
}
Event: 23.482 GC heap after
{Heap after GC invocations=37 (full 0):
 garbage-first heap   total 137216K, used 89074K [0x00000000a1600000, 0x0000000100000000)
  region size 1024K, 4 young (4096K), 4 survivors (4096K)
 Metaspace       used 74894K, committed 75264K, reserved 1179648K
  class space    used 8324K, committed 8512K, reserved 1048576K
}
Event: 24.021 GC heap before
{Heap before GC invocations=37 (full 0):
 garbage-first heap   total 137216K, used 113650K [0x00000000a1600000, 0x0000000100000000)
  region size 1024K, 28 young (28672K), 4 survivors (4096K)
 Metaspace       used 75070K, committed 75392K, reserved 1179648K
  class space    used 8334K, committed 8512K, reserved 1048576K
}
Event: 24.038 GC heap after
{Heap after GC invocations=38 (full 0):
 garbage-first heap   total 164864K, used 93068K [0x00000000a1600000, 0x0000000100000000)
  region size 1024K, 4 young (4096K), 4 survivors (4096K)
 Metaspace       used 75070K, committed 75392K, reserved 1179648K
  class space    used 8334K, committed 8512K, reserved 1048576K
}
Event: 25.351 GC heap before
{Heap before GC invocations=38 (full 0):
 garbage-first heap   total 164864K, used 131980K [0x00000000a1600000, 0x0000000100000000)
  region size 1024K, 42 young (43008K), 4 survivors (4096K)
 Metaspace       used 82319K, committed 82624K, reserved 1179648K
  class space    used 9109K, committed 9280K, reserved 1048576K
}
Event: 25.367 GC heap after
{Heap after GC invocations=39 (full 0):
 garbage-first heap   total 164864K, used 96162K [0x00000000a1600000, 0x0000000100000000)
  region size 1024K, 3 young (3072K), 3 survivors (3072K)
 Metaspace       used 82319K, committed 82624K, reserved 1179648K
  class space    used 9109K, committed 9280K, reserved 1048576K
}
Event: 26.166 GC heap before
{Heap before GC invocations=39 (full 0):
 garbage-first heap   total 164864K, used 134050K [0x00000000a1600000, 0x0000000100000000)
  region size 1024K, 40 young (40960K), 3 survivors (3072K)
 Metaspace       used 84676K, committed 84928K, reserved 1179648K
  class space    used 9336K, committed 9472K, reserved 1048576K
}
Event: 26.183 GC heap after
{Heap after GC invocations=40 (full 0):
 garbage-first heap   total 164864K, used 101376K [0x00000000a1600000, 0x0000000100000000)
  region size 1024K, 5 young (5120K), 5 survivors (5120K)
 Metaspace       used 84676K, committed 84928K, reserved 1179648K
  class space    used 9336K, committed 9472K, reserved 1048576K
}
Event: 27.035 GC heap before
{Heap before GC invocations=40 (full 0):
 garbage-first heap   total 164864K, used 134144K [0x00000000a1600000, 0x0000000100000000)
  region size 1024K, 37 young (37888K), 5 survivors (5120K)
 Metaspace       used 85211K, committed 85568K, reserved 1179648K
  class space    used 9344K, committed 9536K, reserved 1048576K
}
Event: 27.049 GC heap after
{Heap after GC invocations=41 (full 0):
 garbage-first heap   total 164864K, used 102504K [0x00000000a1600000, 0x0000000100000000)
  region size 1024K, 1 young (1024K), 1 survivors (1024K)
 Metaspace       used 85211K, committed 85568K, reserved 1179648K
  class space    used 9344K, committed 9536K, reserved 1048576K
}
Event: 27.530 GC heap before
{Heap before GC invocations=41 (full 0):
 garbage-first heap   total 164864K, used 136296K [0x00000000a1600000, 0x0000000100000000)
  region size 1024K, 34 young (34816K), 1 survivors (1024K)
 Metaspace       used 85508K, committed 85824K, reserved 1179648K
  class space    used 9357K, committed 9536K, reserved 1048576K
}
Event: 27.538 GC heap after
{Heap after GC invocations=42 (full 0):
 garbage-first heap   total 164864K, used 103137K [0x00000000a1600000, 0x0000000100000000)
  region size 1024K, 2 young (2048K), 2 survivors (2048K)
 Metaspace       used 85508K, committed 85824K, reserved 1179648K
  class space    used 9357K, committed 9536K, reserved 1048576K
}
Event: 28.075 GC heap before
{Heap before GC invocations=42 (full 0):
 garbage-first heap   total 164864K, used 136929K [0x00000000a1600000, 0x0000000100000000)
  region size 1024K, 35 young (35840K), 2 survivors (2048K)
 Metaspace       used 85899K, committed 86208K, reserved 1179648K
  class space    used 9381K, committed 9536K, reserved 1048576K
}
Event: 28.086 GC heap after
{Heap after GC invocations=43 (full 0):
 garbage-first heap   total 164864K, used 104012K [0x00000000a1600000, 0x0000000100000000)
  region size 1024K, 3 young (3072K), 3 survivors (3072K)
 Metaspace       used 85899K, committed 86208K, reserved 1179648K
  class space    used 9381K, committed 9536K, reserved 1048576K
}
Event: 28.829 GC heap before
{Heap before GC invocations=43 (full 0):
 garbage-first heap   total 164864K, used 127564K [0x00000000a1600000, 0x0000000100000000)
  region size 1024K, 27 young (27648K), 3 survivors (3072K)
 Metaspace       used 88844K, committed 89088K, reserved 1179648K
  class space    used 9647K, committed 9792K, reserved 1048576K
}

Dll operation events (2 events):
Event: 0.038 Loaded shared library C:\Program Files\Android\Android Studio\jbr\bin\java.dll
Event: 2.976 Loaded shared library C:\Program Files\Android\Android Studio\jbr\bin\verify.dll

Deoptimization events (20 events):
Event: 28.768 Thread 0x00000123f062d650 Uncommon trap: trap_request=0xffffffc6 fr.pc=0x0000012387c2b360 relative=0x00000000000010e0
Event: 28.768 Thread 0x00000123f062d650 Uncommon trap: reason=bimorphic_or_optimized_type_check action=maybe_recompile pc=0x0000012387c2b360 method=org.jetbrains.kotlin.util.slicedMap.SlicedMapImpl.put(Lorg/jetbrains/kotlin/util/slicedMap/WritableSlice;Ljava/lang/Object;Ljava/lang/Object;)V @ 3
Event: 28.768 Thread 0x00000123f062d650 DEOPT PACKING pc=0x0000012387c2b360 sp=0x00000018f24fdbe0
Event: 28.768 Thread 0x00000123f062d650 DEOPT UNPACKING pc=0x00000123875869a3 sp=0x00000018f24fdbe0 mode 2
Event: 28.768 Thread 0x00000123f062d650 Uncommon trap: trap_request=0xffffffc6 fr.pc=0x0000012387c2b360 relative=0x00000000000010e0
Event: 28.769 Thread 0x00000123f062d650 Uncommon trap: reason=bimorphic_or_optimized_type_check action=maybe_recompile pc=0x0000012387c2b360 method=org.jetbrains.kotlin.util.slicedMap.SlicedMapImpl.put(Lorg/jetbrains/kotlin/util/slicedMap/WritableSlice;Ljava/lang/Object;Ljava/lang/Object;)V @ 3
Event: 28.769 Thread 0x00000123f062d650 DEOPT PACKING pc=0x0000012387c2b360 sp=0x00000018f24fdbe0
Event: 28.769 Thread 0x00000123f062d650 DEOPT UNPACKING pc=0x00000123875869a3 sp=0x00000018f24fdbe0 mode 2
Event: 28.771 Thread 0x00000123f062d650 Uncommon trap: trap_request=0xffffff45 fr.pc=0x0000012388164d10 relative=0x00000000000000f0
Event: 28.771 Thread 0x00000123f062d650 Uncommon trap: reason=unstable_if action=reinterpret pc=0x0000012388164d10 method=java.lang.StringLatin1.lastIndexOf([BI[BII)I @ 32 c2
Event: 28.771 Thread 0x00000123f062d650 DEOPT PACKING pc=0x0000012388164d10 sp=0x00000018f24fda50
Event: 28.771 Thread 0x00000123f062d650 DEOPT UNPACKING pc=0x00000123875869a3 sp=0x00000018f24fd930 mode 2
Event: 28.781 Thread 0x00000123f062d650 Uncommon trap: trap_request=0xffffff45 fr.pc=0x0000012387c158c0 relative=0x00000000000000a0
Event: 28.781 Thread 0x00000123f062d650 Uncommon trap: reason=unstable_if action=reinterpret pc=0x0000012387c158c0 method=java.lang.StringLatin1.lastIndexOf([BI[BII)I @ 32 c2
Event: 28.781 Thread 0x00000123f062d650 DEOPT PACKING pc=0x0000012387c158c0 sp=0x00000018f24fd9b0
Event: 28.781 Thread 0x00000123f062d650 DEOPT UNPACKING pc=0x00000123875869a3 sp=0x00000018f24fd930 mode 2
Event: 28.826 Thread 0x00000123f062d650 Uncommon trap: trap_request=0xffffffde fr.pc=0x00000123881b346c relative=0x00000000000000cc
Event: 28.826 Thread 0x00000123f062d650 Uncommon trap: reason=class_check action=maybe_recompile pc=0x00000123881b346c method=org.jetbrains.kotlin.resolve.descriptorUtil.DescriptorUtilsKt.getPropertyIfAccessor(Lorg/jetbrains/kotlin/descriptors/CallableMemberDescriptor;)Lorg/jetbrains/kotlin/des
Event: 28.826 Thread 0x00000123f062d650 DEOPT PACKING pc=0x00000123881b346c sp=0x00000018f24fd450
Event: 28.826 Thread 0x00000123f062d650 DEOPT UNPACKING pc=0x00000123875869a3 sp=0x00000018f24fd3f0 mode 2

Classes unloaded (0 events):
No events

Classes redefined (0 events):
No events

Internal exceptions (20 events):
Event: 11.508 Thread 0x00000123f062d650 Implicit null exception at 0x0000012387c05fcc to 0x0000012387c060c0
Event: 12.162 Thread 0x00000123f062d650 Implicit null exception at 0x0000012387b58567 to 0x0000012387b59fc0
Event: 12.162 Thread 0x00000123f062d650 Implicit null exception at 0x0000012387bdfa14 to 0x0000012387bdfb0c
Event: 12.167 Thread 0x00000123f062d650 Implicit null exception at 0x0000012387b362e0 to 0x0000012387b3637a
Event: 12.498 Thread 0x00000123f062d650 Exception <a 'java/lang/NoSuchMethodError'{0x00000000a92c7070}: 'int java.lang.invoke.DirectMethodHandle$Holder.invokeStaticInit(java.lang.Object, int)'> (0x00000000a92c7070) 
thrown [s\src\hotspot\share\interpreter\linkResolver.cpp, line 771]
Event: 12.876 Thread 0x00000123f062d650 Implicit null exception at 0x0000012387be12c0 to 0x0000012387be1a7c
Event: 12.983 Thread 0x00000123f062d650 Exception <a 'java/lang/NoSuchMethodError'{0x00000000a87a8e00}: 'java.lang.Object java.lang.invoke.DirectMethodHandle$Holder.invokeInterface(java.lang.Object, java.lang.Object, java.lang.Object)'> (0x00000000a87a8e00) 
thrown [s\src\hotspot\share\interpreter\linkResolver.cpp, line 771]
Event: 12.984 Thread 0x00000123f062d650 Exception <a 'java/lang/IncompatibleClassChangeError'{0x00000000a87ac770}: Found class java.lang.Object, but interface was expected> (0x00000000a87ac770) 
thrown [s\src\hotspot\share\interpreter\linkResolver.cpp, line 838]
Event: 13.030 Thread 0x00000123f062d650 Exception <a 'java/lang/NoSuchMethodError'{0x00000000a85b0b98}: 'java.lang.Object java.lang.invoke.DirectMethodHandle$Holder.newInvokeSpecial(java.lang.Object, int, java.lang.Object, java.lang.Object)'> (0x00000000a85b0b98) 
thrown [s\src\hotspot\share\interpreter\linkResolver.cpp, line 771]
Event: 13.888 Thread 0x00000123f062d650 Exception <a 'java/lang/NoSuchMethodError'{0x00000000a7019a98}: 'java.lang.Object java.lang.invoke.DirectMethodHandle$Holder.newInvokeSpecial(java.lang.Object, java.lang.Object, java.lang.Object, java.lang.Object, java.lang.Object, java.lang.Object, java.lang.Object)'> (0x00000000a7019a98) 
thrown [s\src\hotspot\share\interpreter\linkResolver.cpp, line 771]
Event: 13.889 Thread 0x00000123f062d650 Exception <a 'java/lang/NoSuchMethodError'{0x00000000a701ea10}: 'java.lang.Object java.lang.invoke.Invokers$Holder.linkToTargetMethod(java.lang.Object, java.lang.Object, java.lang.Object, java.lang.Object, java.lang.Object, java.lang.Object, java.lang.Object)'> (0x00000000a701ea10) 
thrown [s\src\hotspot\share\interpreter\linkResolver.cpp, line 771]
Event: 15.256 Thread 0x00000123f062d650 Implicit null exception at 0x0000012387d50e60 to 0x0000012387d52908
Event: 17.102 Thread 0x00000123f062d650 Implicit null exception at 0x0000012387d32b94 to 0x0000012387d343ec
Event: 18.523 Thread 0x00000123f062d650 Exception <a 'java/lang/NoSuchMethodError'{0x00000000a8cfe848}: 'java.lang.Object java.lang.invoke.DirectMethodHandle$Holder.invokeStatic(java.lang.Object, int, java.lang.Object)'> (0x00000000a8cfe848) 
thrown [s\src\hotspot\share\interpreter\linkResolver.cpp, line 771]
Event: 22.220 Thread 0x00000123f062d650 Implicit null exception at 0x0000012387f5ab2c to 0x0000012387f5ab78
Event: 22.379 Thread 0x00000123f062d650 Exception <a 'java/lang/NoSuchMethodError'{0x00000000a8a25548}: 'java.lang.Object java.lang.invoke.DirectMethodHandle$Holder.invokeStaticInit(java.lang.Object, java.lang.Object, java.lang.Object, java.lang.Object)'> (0x00000000a8a25548) 
thrown [s\src\hotspot\share\interpreter\linkResolver.cpp, line 771]
Event: 22.790 Thread 0x00000123f062d650 Exception <a 'java/lang/NoSuchMethodError'{0x00000000a9608c98}: 'java.lang.Object java.lang.invoke.DirectMethodHandle$Holder.newInvokeSpecial(java.lang.Object, java.lang.Object, java.lang.Object, int, int)'> (0x00000000a9608c98) 
thrown [s\src\hotspot\share\interpreter\linkResolver.cpp, line 771]
Event: 22.790 Thread 0x00000123f062d650 Exception <a 'java/lang/NoSuchMethodError'{0x00000000a960cad8}: 'java.lang.Object java.lang.invoke.DirectMethodHandle$Holder.invokeSpecial(java.lang.Object, java.lang.Object, java.lang.Object, java.lang.Object, int, int)'> (0x00000000a960cad8) 
thrown [s\src\hotspot\share\interpreter\linkResolver.cpp, line 771]
Event: 22.815 Thread 0x00000123f062d650 Exception <a 'java/lang/NoSuchMethodError'{0x00000000a950e9c0}: 'java.lang.Object java.lang.invoke.Invokers$Holder.linkToTargetMethod(java.lang.Object, java.lang.Object, int, int, java.lang.Object, java.lang.Object, java.lang.Object, java.lang.Object, java.lang.Object)'> (0x00000000a950e9c0) 
thrown [s\src\hotspot\share\interpreter\linkResolver.cpp, line 771]
Event: 22.842 Thread 0x00000123f062d650 Implicit null exception at 0x0000012387b3bd96 to 0x0000012387b3c05c

VM Operations (20 events):
Event: 27.914 Executing VM operation: ICBufferFull done
Event: 28.075 Executing VM operation: G1CollectForAllocation
Event: 28.086 Executing VM operation: G1CollectForAllocation done
Event: 28.437 Executing VM operation: ICBufferFull
Event: 28.437 Executing VM operation: ICBufferFull done
Event: 28.448 Executing VM operation: HandshakeAllThreads
Event: 28.448 Executing VM operation: HandshakeAllThreads done
Event: 28.464 Executing VM operation: HandshakeAllThreads
Event: 28.464 Executing VM operation: HandshakeAllThreads done
Event: 28.487 Executing VM operation: HandshakeAllThreads
Event: 28.487 Executing VM operation: HandshakeAllThreads done
Event: 28.490 Executing VM operation: HandshakeAllThreads
Event: 28.490 Executing VM operation: HandshakeAllThreads done
Event: 28.511 Executing VM operation: HandshakeAllThreads
Event: 28.511 Executing VM operation: HandshakeAllThreads done
Event: 28.735 Executing VM operation: HandshakeAllThreads
Event: 28.735 Executing VM operation: HandshakeAllThreads done
Event: 28.807 Executing VM operation: HandshakeAllThreads
Event: 28.807 Executing VM operation: HandshakeAllThreads done
Event: 28.828 Executing VM operation: CollectForMetadataAllocation

Events (20 events):
Event: 26.794 Thread 0x00000123f9af6e70 flushing nmethod 0x000001238220d710
Event: 26.794 Thread 0x00000123f9af6e70 flushing nmethod 0x000001238220fd90
Event: 26.794 Thread 0x00000123f9af6e70 flushing nmethod 0x0000012382210710
Event: 26.794 Thread 0x00000123f9af6e70 flushing nmethod 0x0000012382211990
Event: 26.794 Thread 0x00000123f9af6e70 flushing nmethod 0x0000012382212810
Event: 26.794 Thread 0x00000123f9af6e70 flushing nmethod 0x0000012382212e90
Event: 26.794 Thread 0x00000123f9af6e70 flushing nmethod 0x0000012382214290
Event: 26.794 Thread 0x00000123f9af6e70 flushing nmethod 0x0000012382219590
Event: 26.794 Thread 0x00000123f9af6e70 flushing nmethod 0x0000012382220910
Event: 26.794 Thread 0x00000123f9af6e70 flushing nmethod 0x0000012382221d10
Event: 26.794 Thread 0x00000123f9af6e70 flushing nmethod 0x00000123822cc210
Event: 26.794 Thread 0x00000123f9af6e70 flushing nmethod 0x00000123822f3410
Event: 26.794 Thread 0x00000123f9af6e70 flushing nmethod 0x0000012382303e90
Event: 26.795 Thread 0x00000123f9af6e70 flushing nmethod 0x000001238237fa90
Event: 26.795 Thread 0x00000123f9af6e70 flushing nmethod 0x0000012382384890
Event: 26.795 Thread 0x00000123f9af6e70 flushing nmethod 0x0000012382387190
Event: 26.795 Thread 0x00000123f9af6e70 flushing nmethod 0x0000012382388190
Event: 26.795 Thread 0x00000123f9af6e70 flushing nmethod 0x0000012382395f90
Event: 28.790 loading class java/util/Vector$Itr
Event: 28.790 loading class java/util/Vector$Itr done


Dynamic libraries:
0x00007ff623260000 - 0x00007ff62326a000 	C:\Program Files\Android\Android Studio\jbr\bin\java.exe
0x00007ff8564f0000 - 0x00007ff8566e8000 	C:\Windows\SYSTEM32\ntdll.dll
0x00007ff8563f0000 - 0x00007ff8564ad000 	C:\Windows\System32\KERNEL32.DLL
0x00007ff854120000 - 0x00007ff854416000 	C:\Windows\System32\KERNELBASE.dll
0x00007ff854420000 - 0x00007ff854520000 	C:\Windows\System32\ucrtbase.dll
0x00007ff84f830000 - 0x00007ff84f84b000 	C:\Program Files\Android\Android Studio\jbr\bin\VCRUNTIME140.dll
0x00007fffef0a0000 - 0x00007fffef0b7000 	C:\Program Files\Android\Android Studio\jbr\bin\jli.dll
0x00007ff855870000 - 0x00007ff855a0f000 	C:\Windows\System32\USER32.dll
0x00007ff8540a0000 - 0x00007ff8540c2000 	C:\Windows\System32\win32u.dll
0x00007ff83e430000 - 0x00007ff83e6ca000 	C:\Windows\WinSxS\amd64_microsoft.windows.common-controls_6595b64144ccf1df_6.0.19041.3636_none_60b6a03d71f818d5\COMCTL32.dll
0x00007ff8554b0000 - 0x00007ff8554db000 	C:\Windows\System32\GDI32.dll
0x00007ff854c60000 - 0x00007ff854cfe000 	C:\Windows\System32\msvcrt.dll
0x00007ff853c40000 - 0x00007ff853d57000 	C:\Windows\System32\gdi32full.dll
0x00007ff853ba0000 - 0x00007ff853c3d000 	C:\Windows\System32\msvcp_win.dll
0x00007ff854d30000 - 0x00007ff854d62000 	C:\Windows\System32\IMM32.DLL
0x00007ff84f820000 - 0x00007ff84f82c000 	C:\Program Files\Android\Android Studio\jbr\bin\vcruntime140_1.dll
0x00007ff831a80000 - 0x00007ff831b0d000 	C:\Program Files\Android\Android Studio\jbr\bin\msvcp140.dll
0x00007fffe9b10000 - 0x00007fffea793000 	C:\Program Files\Android\Android Studio\jbr\bin\server\jvm.dll
0x00007ff854ae0000 - 0x00007ff854b90000 	C:\Windows\System32\ADVAPI32.dll
0x00007ff856350000 - 0x00007ff8563f0000 	C:\Windows\System32\sechost.dll
0x00007ff8554e0000 - 0x00007ff855603000 	C:\Windows\System32\RPCRT4.dll
0x00007ff853d60000 - 0x00007ff853d87000 	C:\Windows\System32\bcrypt.dll
0x00007ff83e6d0000 - 0x00007ff83e6f7000 	C:\Windows\SYSTEM32\WINMM.dll
0x00007ff836ac0000 - 0x00007ff836ac9000 	C:\Windows\SYSTEM32\WSOCK32.dll
0x00007ff84d110000 - 0x00007ff84d11a000 	C:\Windows\SYSTEM32\VERSION.dll
0x00007ff854ea0000 - 0x00007ff854f0b000 	C:\Windows\System32\WS2_32.dll
0x00007ff853a00000 - 0x00007ff853a4b000 	C:\Windows\SYSTEM32\POWRPROF.dll
0x00007ff8539e0000 - 0x00007ff8539f2000 	C:\Windows\SYSTEM32\UMPDC.dll
0x00007ff851a30000 - 0x00007ff851a42000 	C:\Windows\SYSTEM32\kernel.appcore.dll
0x00007ff836960000 - 0x00007ff83696a000 	C:\Program Files\Android\Android Studio\jbr\bin\jimage.dll
0x00007ff8495d0000 - 0x00007ff8497b4000 	C:\Windows\SYSTEM32\DBGHELP.DLL
0x00007ff834d00000 - 0x00007ff834d34000 	C:\Windows\SYSTEM32\dbgcore.DLL
0x00007ff853e40000 - 0x00007ff853ec2000 	C:\Windows\System32\bcryptPrimitives.dll
0x00007ff830840000 - 0x00007ff830865000 	C:\Program Files\Android\Android Studio\jbr\bin\java.dll
0x00007ff830820000 - 0x00007ff830838000 	C:\Program Files\Android\Android Studio\jbr\bin\zip.dll
0x00007ff855a70000 - 0x00007ff8561db000 	C:\Windows\System32\SHELL32.dll
0x00007ff851c30000 - 0x00007ff8523ce000 	C:\Windows\SYSTEM32\windows.storage.dll
0x00007ff8545b0000 - 0x00007ff854903000 	C:\Windows\System32\combase.dll
0x00007ff853500000 - 0x00007ff85352e000 	C:\Windows\SYSTEM32\Wldp.dll
0x00007ff854b90000 - 0x00007ff854c5d000 	C:\Windows\System32\OLEAUT32.dll
0x00007ff8557c0000 - 0x00007ff85586d000 	C:\Windows\System32\SHCORE.dll
0x00007ff8561e0000 - 0x00007ff856235000 	C:\Windows\System32\shlwapi.dll
0x00007ff853ad0000 - 0x00007ff853af3000 	C:\Windows\SYSTEM32\profapi.dll
0x00007ff830800000 - 0x00007ff830819000 	C:\Program Files\Android\Android Studio\jbr\bin\net.dll
0x00007ff84ab70000 - 0x00007ff84ac7a000 	C:\Windows\SYSTEM32\WINHTTP.dll
0x00007ff853260000 - 0x00007ff8532ca000 	C:\Windows\system32\mswsock.dll
0x00007ff800050000 - 0x00007ff800066000 	C:\Program Files\Android\Android Studio\jbr\bin\nio.dll
0x00007ff8362e0000 - 0x00007ff8362f0000 	C:\Program Files\Android\Android Studio\jbr\bin\verify.dll

dbghelp: loaded successfully - version: 4.0.5 - missing functions: none
symbol engine: initialized successfully - sym options: 0x614 - pdb path: .;C:\Program Files\Android\Android Studio\jbr\bin;C:\Windows\SYSTEM32;C:\Windows\WinSxS\amd64_microsoft.windows.common-controls_6595b64144ccf1df_6.0.19041.3636_none_60b6a03d71f818d5;C:\Program Files\Android\Android Studio\jbr\bin\server

VM Arguments:
java_command: org.jetbrains.kotlin.cli.jvm.K2JVMCompiler @C:\Users\Javohir\AndroidStudioProjects\IT_Center3\app\build\20240514_8399967761806710111.compiler.options
java_class_path (initial): C:\Users\Javohir\.gradle\caches\modules-2\files-2.1\org.jetbrains.kotlin\kotlin-compiler-embeddable\1.9.0\2c8c3a7402becca891f12739b3e9fd2dc2adbd7a\kotlin-compiler-embeddable-1.9.0.jar;C:\Users\Javohir\.gradle\caches\modules-2\files-2.1\org.jetbrains.kotlin\kotlin-stdlib\1.9.0\8ee15ef0c67dc83d874f412d84378d7f0eb50b63\kotlin-stdlib-1.9.0.jar;C:\Users\Javohir\.gradle\caches\modules-2\files-2.1\org.jetbrains.kotlin\kotlin-script-runtime\1.9.0\4b3102cbbb7e1b58d9d1adf89563f00069ffa7d1\kotlin-script-runtime-1.9.0.jar;C:\Users\Javohir\.gradle\caches\modules-2\files-2.1\org.jetbrains.kotlin\kotlin-reflect\1.6.10\1cbe9c92c12a94eea200d23c2bbaedaf3daf5132\kotlin-reflect-1.6.10.jar;C:\Users\Javohir\.gradle\caches\modules-2\files-2.1\org.jetbrains.kotlin\kotlin-daemon-embeddable\1.9.0\186543f5e28cf8d9a0290fecc2cf34301c40a65c\kotlin-daemon-embeddable-1.9.0.jar;C:\Users\Javohir\.gradle\caches\modules-2\files-2.1\org.jetbrains.intellij.deps\trove4j\1.0.20200330\3afb14d5f9ceb459d724e907a21145e8ff394f02\trove4j-1.0.20200330.jar;C:\Users\Javohir\.gradle\caches\modules-2\files-2.1\org.jetbrains.kotlin\kotlin-stdlib-common\1.9.0\cd65c21cfd1eec4d44ef09f9f52b6d9f8a720636\kotlin-stdlib-common-1.9.0.jar;C:\Users\Javohir\.gradle\caches\modules-2\files-2.1\org.jetbrains\annotations\13.0\919f0dfe192fb4e063e7dacadee7f8bb9a2672a9\annotations-13.0.jar
Launcher Type: SUN_STANDARD

[Global flags]
     intx CICompilerCount                          = 3                                         {product} {ergonomic}
     uint ConcGCThreads                            = 1                                         {product} {ergonomic}
     uint G1ConcRefinementThreads                  = 4                                         {product} {ergonomic}
   size_t G1HeapRegionSize                         = 1048576                                   {product} {ergonomic}
    uintx GCDrainStackTargetSize                   = 64                                        {product} {ergonomic}
   size_t InitialHeapSize                          = 100663296                                 {product} {ergonomic}
   size_t MarkStackSize                            = 4194304                                   {product} {ergonomic}
   size_t MaxHeapSize                              = 1587544064                                {product} {ergonomic}
   size_t MaxNewSize                               = 952107008                                 {product} {ergonomic}
   size_t MinHeapDeltaBytes                        = 1048576                                   {product} {ergonomic}
   size_t MinHeapSize                              = 8388608                                   {product} {ergonomic}
    uintx NonNMethodCodeHeapSize                   = 5832780                                {pd product} {ergonomic}
    uintx NonProfiledCodeHeapSize                  = 122912730                              {pd product} {ergonomic}
    uintx ProfiledCodeHeapSize                     = 122912730                              {pd product} {ergonomic}
    uintx ReservedCodeCacheSize                    = 251658240                              {pd product} {ergonomic}
     bool SegmentedCodeCache                       = true                                      {product} {ergonomic}
   size_t SoftMaxHeapSize                          = 1587544064                             {manageable} {ergonomic}
     bool UseCompressedClassPointers               = true                           {product lp64_product} {ergonomic}
     bool UseCompressedOops                        = true                           {product lp64_product} {ergonomic}
     bool UseG1GC                                  = true                                      {product} {ergonomic}
     bool UseLargePagesIndividualAllocation        = false                                  {pd product} {ergonomic}

Logging:
Log output configuration:
 #0: stdout all=warning uptime,level,tags
 #1: stderr all=off uptime,level,tags

Environment Variables:
PATH=C:\PROGRA~2\Borland\CBUILD~1\Bin;C:\PROGRA~2\Borland\CBUILD~1\Projects\Bpl;C:\Windows\system32;C:\Windows;C:\Windows\System32\Wbem;C:\Windows\System32\WindowsPowerShell\v1.0\;C:\Windows\System32\OpenSSH\;C:\Program Files\Git\cmd;C:\Users\Javohir\AppData\Local\Programs\Python\Launcher\;C:\Users\Javohir\AppData\Local\Microsoft\WindowsApps;C:\Users\Javohir\AppData\Local\Programs\Microsoft VS Code\bin
USERNAME=Javohir
OS=Windows_NT
PROCESSOR_IDENTIFIER=Intel64 Family 6 Model 78 Stepping 3, GenuineIntel
TMP=C:\Users\Javohir\AppData\Local\Temp
TEMP=C:\Users\Javohir\AppData\Local\Temp



Periodic native trim disabled

JNI global refs:
JNI global refs: 9, weak refs: 0

JNI global refs memory usage: 843, weak refs: 841

OOME stack traces (most recent first):
Classloader memory used:
Loader jdk.internal.loader.ClassLoaders$AppClassLoader                                 : 9687K
Loader bootstrap                                                                       : 1394K
Loader jdk.internal.reflect.DelegatingClassLoader                                      : 24224B


---------------  S Y S T E M  ---------------

OS:
 Windows 10 , 64 bit Build 19041 (10.0.19041.3636)
OS uptime: 2 days 16:33 hours

CPU: total 4 (initial active 4) (2 cores per cpu, 2 threads per core) family 6 model 78 stepping 3 microcode 0xcc, cx8, cmov, fxsr, ht, mmx, 3dnowpref, sse, sse2, sse3, ssse3, sse4.1, sse4.2, popcnt, lzcnt, tsc, tscinvbit, avx, avx2, aes, erms, clmul, bmi1, bmi2, rtm, adx, fma, vzeroupper, clflush, clflushopt
Processor Information for all 4 processors :
  Max Mhz: 2304, Current Mhz: 2304, Mhz Limit: 2304

Memory: 4k page, system-wide physical 6049M (345M free)
TotalPageFile size 20274M (AvailPageFile size 22M)
current process WorkingSet (physical memory assigned to process): 400M, peak: 408M
current process commit charge ("private bytes"): 430M, peak: 463M

vm_info: OpenJDK 64-Bit Server VM (17.0.9+0--11185874) for windows-amd64 JRE (17.0.9+0--11185874), built on Dec  6 2023 18:57:44 by "androidbuild" with MS VC++ 16.10 / 16.11 (VS2019)

END.
